234.8767978667359472313032684549712413489503272785006531136562096314418295842444449255594766430679743373
173.5294117647058823529411764705882352941176470588235294117647058823529411764705882352941176470588235294
125.1928908952568049803301072671875648644754516132956881374674194270204232309255313536181768753542079874
68.4715481568850934526618796631201787202082080129485887582582103795922370168324669077866223044389296867
63.1405240214341902495241449940678307531121305574731298481129262144398354019964451609215577903516719555
1784.1272912673841466411125853850312054646419971497370878175831736203253231117008206791488525234655265615
1949.6302029583763329893360853113175094599243206054351565187478500171998624011007911936704506363949088407
550.3124653124653124653124653124653124653124653124653124653124653124653124653124653124653124653124653125
1021.2041192746184489235405232165738578681347549855195280562955017956360803331867567303070324343804346801
32.9906076482184694515475379585017888351082210003451844917726734386723722254013492220547997968918357062
53.9754138414918363013942044611271444478045393528557806789176383140519642289514879022386085951699720027
564.0625000000000000000000000000000000000000000000000000000000000000000000000000000000000000000000000000
317.6884798321689460785929158133058921523388048560936593866452994423687964036453181128287942946446293258
350.7752753800444993383534981585175907025587547292309824422333479707829223671394806366152127300931727518
1960.0000000000000000000000000000000000000000000000000000000000000000000000000000000000000000000000000000
110.5698600536617649624445740899453623415448601299292398534941013033870773235014856370824980603891648588
241.0055369798838080903022053036072732168898363885545232810691230434841146639851775174640288960242092725
1270.0000000000000000000000000000000000000000000000000000000000000000000000000000000000000000000000000000
57.8325774754346182917611489040060468631897203325774754346182917611489040060468631897203325774754346183
1296.5151515151515151515151515151515151515151515151515151515151515151515151515151515151515151515151515152
316.2798010550149674898995141492054088166402955742666765817740673645147472546686777855445938782084592654
137.9450683996138541593087047632502177956723411268865814320359774905229450683996138541593087047632502178
36.8294548419320527598449904138509817505017093355984903660067101256622765289102364869501040312628129525
53.1220049355380145378230289585964386117292608153346288191306349794921645331628712595888452978395674408
393.1568596468307704523198824383886857595998534155542355613301159780364938982961670529666051367275059388
71.6125541125541125541125541125541125541125541125541125541125541125541125541125541125541125541125541126
1625.9259259259259259259259259259259259259259259259259259259259259259259259259259259259259259259259259259
1128.0948136508867378297419109925140719250346109732537937676790582587591773470540764670681952672733136795
299.5108078196313490431137489961019372784078666431607608078196313490431137489961019372784078666431607608
243.3376235236111542902672666348563307476964147430740533599936171947579302209984181766250031201899579500
