584434.2030139479040227413833627659869260943543655108520731052383026787834285676007529495369940073754238617
14068.2042668528618504231141343506032798028161316534569674282618800415750277192598764616279386131805367343
26157.7661681892627523998807779660935411719644633267869690971546661973241178519937265300059538284994292945
21643.4156741056886871076545161144223866816353432857823918338390860282610280938254724075433599521390666352
4557972.9917932628502730447409218069769496372455575280199043963362857608807463867475479579133071604942842615
663286.6355534146572151448616236933111071470907604312707830440518655203414377515152370455612012869494591874
3161524.4613097500134887401706493049954016129429117208067795028409677433865864818303184245427492765767274724
154908.0980915878174622966140107145816315576337641263937088664683940486161915795740512155767188210291223173
13295.9460027318008570340548529416008711830700852456774234812950978998768633935752518000280853475847240351
45190.5981680494064581586080622261146747788224642186960619583022251383741211221920317283251062992611439007
608611.8800530522208605549834789263888292532842787259646609711343123199246151578646326219437155166596284610
9253.1700856773931803398343127639580175031616974094628090586004868307727951365209679296757478441489580064
209138.3601099909638847085041772592043917627761535793783465730865881864732220567669492442578023556578505062
2558.4474557526952647152251999688182988089332660665843441973772180032328254951372866190699227029925353689
25513.0571153920719065099510369480156111750298478226770714437474703539856047370493947825684156626483652366
6316.7262728389709121575541965603855424038775676827748444394075269923421057753400780518022984339206148998
4558982.2738817333632272812212234870182172049328501607641376421031845126572757059354161239883443572689503673
39284.7442402433615565162006753062644139241162854804598936896740411514524444095410545005467675819051311821
1923700.7867209357346244386354704857690396145561322525603642283760140257117338464633493482321154726260504676
178702.7263821243080845122589599058563272140619482170862783432440127868589344353622095464302596280564238270
120965.8738567727900611444507698159387183019970861233932470535471461300338711998426111958601579761815498165
1473486.2479833410440611851165678730719672952011205478084223627898403327665149912776032952795713686920385010
1658514.2312780311012418648412940170890448697009451137303757023920619569096843058407718706925752203841271810
839843.2400473592998969226209508721813122598754434366656454395828152112862989613179739674679337999866654514
16396.3895619878130321133258436749042209793814700332006415732978764185570730428007859439681168141256143685
4556693.9710325124164897020174566440181918305477168877681609357580210163707881033198037636946244709679997598
11875.3873084399378256977416801351386854271374591430098428517916530242930413147817204803198609673265555865
840039.8563145386413233465196161822646743593924334414450512302601540199922048751277600723894994992531805111
673534.6510859913447964880767518014115881469080735322895413407653203577961973356994366180908413157702434890
69697.1541915877300299403056156258527359036699974062175595428132602118572720397268690702984420985528519918
