194861.9143049492012259197734286235585701266434420073143454388002522718915682633158523984621409748635458352
1353701.0725452583357202922287686900551478906765678536862839551395912505637679846355928431546128471784423433
4533175.1417417704295581194953942978485271205705893327712837544284677904464115608889071717501881860580649187
148298791.8630984503761868928158940174974376238053425889313627641208228513012342145092271835622402065264519166
642551688.6329239037893931242463862343233822815469761941459754166503765375491116387176122718966722118422565901
76836225.5460175550114358013614095881631327463406258613972094014490793734122671874009097563003937161300698988
76648977.9602611885808091251794634129142443370169358349334498644963869940837890681886866567491519383855925287
676184.3565065707949510494546770270330966156599351736683650996181979853838968719404273170252123342864093149
173748255.1107814674084535131236349768864982622892231470779134323544345763452243818538613160872189390945237780
583321.0405192171845987427963096303450190570691052378702122029358850391913650385998726398247693513283313299
463734.2279742317281702297396086856850940277321292332228845783041687800532067207704485247958110083654604069
2794597.2493538079190011195297930468620206408546162245323697622758168330821292187328624805459275051725910564
342327711.5836469004987098362334153432139857352852418825213766212196367173358928390200261064714195445365612861
167883635.8902971956130863282088064878602921420582068479414700696079605403400928301841128957782876385604444941
558075929.9618797270711080042194369368002155640913680979450980158860963072506410141580030444273324260458651101
17292886.5073521452878083755438161422533801203574032458302282982253650336398768071660790298234934009745465244
275796109.7037249270078135720980086095862827631908463091035301620973683082219898212568518791688284676537616814
7531809.2270919127918904669683584940985991311992447443095406666017698535793252578611463354054810462780510352
335836213.6962135634814135014485763411849440121103117114186068377510741216425383575499444702058461714984597075
445398326.0349331837282640287305708343812463625199841538326088916339417820826406757322083538449785703279231039
475016.3453876943809021684603469325549200679591963986539322443228889353581015844223445461037554211488528398
311706.5492170064545129708628664616916291933678062988279253872208274967583421324056731074413181919164453095
3546248.7780726822850138405488858237180673429931072879813443977599888676986429447144223574239921836754353282
177515804.7984849689150975890769678303005495564440237266635641429658976843295184532311951183355012354095079354
4327940.3839090861754410041602057530885523555192673308367510064573210810323245985280409494813607797430195857
1567118.4054678567834660641582893020520156028967049131799839585395839893568539688407613264861873492470539712
642545341.5904993709834385544311501799089865877415800718471201751984924238118532988764536296874850238451426549
683986.8233833523478177836167266336892287401872490261562646903638242879325746272366027279364520949411311601
10202605.4111597814318540293084527487628049083561010062401888359439081009890042535444387653557003893295436044
642561433.2440372949118789871805123864221432143507036814081579193885269024193300637697328927710456994802259852
