2443
0 0 6 6 BRT
0 1 41 45 LRT
0 1 78 79 A
0 1 90 91 A
0 2 27 27 BLT
0 3 33 34 LRT
0 4 58 62 BLT
0 6 31 31 RT
0 6 137 145 A
1 1 10 82 LR
1 1 11 25 LR
1 1 82 83 LRT
1 2 14 15 BR
1 2 17 185 LR
1 2 55 56 BRT
1 2 64 64 BR
1 2 70 70 BLR
1 3 31 33 BRT
1 3 36 55 LR
1 3 74 75 A
1 4 7 8 A
1 4 24 27 BT
1 5 33 36 BLRT
1 7 58 60 RT
1 9 25 26 BLRT
1 18 161 188 BR
1 68 9 10 BT
1 73 16 17 BT
1 98 79 82 BT
2 2 6 9 BLT
2 2 18 21 LR
2 2 19 25 BLR
2 2 24 36 LRT
2 2 67 71 LRT
2 2 68 78 LR
2 2 69 92 LR
2 2 78 79 BLT
2 3 56 59 A
2 3 85 87 A
2 6 14 20 LRT
2 6 15 87 LR
2 6 20 22 LR
2 6 40 40 A
2 9 55 55 BT
2 19 103 105 A
2 28 84 84 BT
2 63 184 198 LT
2 83 40 41 BT
2 86 44 45 BT
2 158 105 109 BT
3 4 10 10 LR
3 4 12 56 LR
3 4 40 43 A
3 4 74 74 LRT
3 5 31 37 BRT
3 5 39 41 LRT
3 6 13 86 LR
3 6 61 61 A
3 11 182 200 BRT
3 62 71 71 BT
3 71 142 200 BT
4 4 13 15 A
4 4 17 17 LR
4 4 76 83 LR
4 5 47 48 BRT
4 5 50 50 LRT
4 5 78 79 A
4 5 87 88 A
4 6 19 32 LR
4 6 45 52 LT
4 7 24 51 LR
4 9 60 81 BR
4 10 47 47 BRT
4 13 161 167 A
4 24 5 13 BT
4 47 36 37 BT
4 52 70 70 BT
4 61 61 62 BT
4 70 24 25 BT
4 79 27 27 BT
4 95 19 20 BT
5 5 55 59 LR
5 5 85 85 BLRT
5 6 5 5 A
5 6 22 96 LR
5 6 27 30 A
5 6 47 51 LRT
5 6 72 72 BLR
5 7 24 25 A
5 8 1 2 BLR
5 8 4 28 LR
5 9 79 82 A
5 12 69 70 A
5 15 2 29 LR
5 16 105 118 A
5 29 95 96 BT
5 33 18 22 BT
5 37 38 38 BT
5 54 31 32 BT
5 133 151 157 BT
6 6 1 7 A
6 7 92 92 LR
6 9 40 41 BLRT
6 10 42 45 BR
6 10 75 81 BL
6 13 175 178 A
6 13 183 199 A
6 35 13 15 BT
6 38 18 21 BT
6 46 71 72 BT
6 75 60 62 BT
7 7 9 9 BT
7 7 13 15 A
7 7 36 36 BRT
7 7 55 55 BLR
7 7 57 58 LRT
7 7 58 61 LR
7 7 89 90 BR
7 7 94 95 BLT
7 8 18 19 BLT
7 9 28 94 LR
7 10 76 78 A
7 11 38 179 LR
7 12 43 43 BR
7 13 70 71 BLT
7 14 17 38 LR
7 16 87 89 BT
7 33 91 93 BT
7 96 46 48 BT
8 8 1 4 LRT
8 8 14 17 A
8 9 25 29 A
8 9 68 72 A
8 9 74 95 LR
8 10 36 40 BLR
8 12 45 67 LR
8 12 60 66 BR
8 14 35 62 LR
8 14 57 63 BR
8 14 65 96 LR
8 14 66 89 LR
8 17 38 40 BT
8 42 103 152 LRT
8 79 46 46 BT
8 92 25 30 BT
9 10 4 6 BRT
9 10 19 88 LR
9 10 88 90 BLT
9 11 1 5 BR
9 11 28 32 A
9 11 181 181 LR
9 12 7 8 BRT
9 12 8 85 LR
9 12 10 10 BLR
9 21 94 95 BT
9 45 34 35 BT
9 69 55 55 BT
9 75 38 41 BT
9 91 62 74 BT
9 163 135 139 BT
10 10 14 19 BLT
10 10 72 84 LR
10 11 37 83 LR
10 11 41 46 BR
10 11 57 57 BLT
10 12 14 18 A
10 12 34 35 BLT
10 12 88 90 BT
10 12 94 96 BRT
10 13 1 9 RT
10 14 61 75 LRT
10 29 10 11 BT
10 35 43 47 BT
10 67 37 40 BT
10 130 137 139 BT
11 11 7 11 BLT
11 11 22 24 BT
11 11 27 35 BRT
11 11 60 71 BT
11 12 43 99 LR
11 12 57 57 BLT
11 12 95 97 A
11 12 96 98 LRT
11 13 14 22 LR
11 14 24 39 LR
11 14 104 155 A
11 17 61 61 BLRT
11 33 27 28 BT
11 68 83 86 BT
12 12 26 30 A
12 12 173 179 BT
12 14 12 78 LR
12 14 46 49 A
12 14 75 81 BR
12 14 88 90 LRT
12 15 78 88 LR
12 15 80 80 A
12 17 27 29 BLRT
12 18 77 79 BL
12 29 19 19 BT
12 36 49 50 BT
12 39 98 98 BT
12 43 104 170 BT
12 44 38 39 BT
12 58 54 54 BT
12 61 75 75 BT
13 13 22 24 LT
13 13 29 31 BLR
13 13 37 37 BLR
13 13 38 39 A
13 13 46 50 A
13 13 52 52 BR
13 13 75 79 BRT
13 13 93 93 BLR
13 14 4 5 LT
13 14 13 20 BR
13 14 16 19 A
13 14 82 86 BLRT
13 14 83 84 A
13 15 0 3 BLT
13 15 33 34 LRT
13 16 71 71 BLT
13 37 124 170 BLT
13 55 54 54 BT
13 63 182 182 RT
13 69 102 108 BRT
13 82 12 16 BT
14 15 94 97 A
14 17 57 57 BRT
14 17 60 66 LRT
14 18 59 68 LR
14 18 88 91 BRT
14 19 68 79 BL
14 23 16 20 BLT
14 25 9 13 BL
14 28 8 10 BRT
14 64 166 167 LRT
14 84 2 3 BT
14 94 86 86 BT
14 96 24 24 BT
14 113 176 179 BT
14 141 182 193 BT
14 153 160 163 BT
15 15 15 33 LR
15 15 24 24 BRT
15 15 52 53 A
15 15 88 89 BLT
15 17 79 79 BRT
15 20 85 85 A
15 21 7 10 BRT
15 21 10 49 LR
15 22 68 70 A
15 24 49 50 BRT
15 25 8 12 BLR
15 26 66 71 BT
15 67 29 29 BT
16 16 16 16 BLRT
16 16 18 19 LR
16 16 57 60 A
16 17 19 43 LR
16 17 66 71 BT
16 17 79 81 RT
16 19 6 37 LR
16 19 7 38 LR
16 19 45 45 A
16 19 75 77 A
16 20 7 10 BRT
16 20 40 41 A
16 28 74 74 RT
16 30 50 53 BT
16 52 13 14 BT
16 65 44 44 BT
16 180 124 141 BT
17 17 29 42 LR
17 17 38 46 LRT
17 17 48 51 BLT
17 17 81 88 LR
17 18 3 3 A
17 18 4 4 BLR
17 18 17 17 BT
17 18 58 62 A
17 19 6 10 A
17 19 94 94 A
17 25 83 87 BRT
17 32 46 48 BLT
17 82 66 66 BT
18 19 22 23 BRT
18 19 95 95 BLT
18 20 85 89 A
18 21 23 36 LR
18 22 4 8 BLRT
18 24 31 78 LR
18 61 19 19 BT
18 65 14 14 BT
19 19 50 54 A
19 19 65 73 LR
19 21 37 39 A
19 22 96 96 LR
19 24 34 72 LR
19 25 72 75 BLR
19 30 52 52 A
19 30 67 71 BT
19 58 14 14 BT
19 61 22 23 BT
20 20 14 57 LR
20 21 62 64 LT
20 21 67 83 BLR
20 23 29 59 LR
20 23 31 32 A
20 26 54 63 LR
20 32 161 187 A
20 44 160 160 LR
20 58 31 33 BT
20 148 4 8 BT
21 22 26 29 BLRT
21 23 13 13 A
21 23 15 17 A
21 23 79 83 A
21 24 32 34 LR
21 25 64 64 A
21 26 47 60 LRT
21 26 59 65 LR
21 27 83 86 BLR
21 31 23 24 A
21 34 20 23 BT
21 64 174 174 LR
21 77 51 61 BT
22 23 85 90 A
22 24 42 57 LR
22 24 74 77 A
22 28 56 56 A
22 31 26 85 LR
22 86 53 61 BT
22 98 21 22 BT
23 23 20 26 A
23 23 28 29 LRT
23 23 46 48 A
23 23 63 68 BL
23 24 18 18 BRT
23 24 40 40 LRT
23 24 95 95 LT
23 25 61 61 A
23 27 67 80 RT
23 74 55 62 BT
24 24 19 25 A
24 24 55 59 BLT
24 24 80 87 BLRT
24 25 5 6 BLR
24 26 96 97 BRT
24 27 82 84 LRT
24 28 6 12 BLR
24 28 93 96 LR
24 29 33 33 LRT
24 30 56 59 BLT
24 35 2 2 BLT
24 37 67 67 A
24 73 40 41 BT
24 78 73 82 BT
24 80 7 9 BT
24 166 102 113 BT
25 25 22 26 BLT
25 25 32 32 BRT
25 26 60 64 LR
25 26 63 68 LT
25 26 101 136 A
25 27 91 92 A
25 28 12 83 LR
25 28 49 54 LR
25 30 10 13 BLT
25 30 50 52 A
25 32 4 4 A
25 37 90 91 BRT
25 45 96 97 BT
25 63 176 176 LR
25 69 45 46 BT
26 26 80 86 BRT
26 27 96 97 BT
26 29 45 68 LT
26 29 70 73 BLT
26 30 43 43 BLR
26 33 34 34 BT
26 35 2 3 A
26 47 90 93 BT
27 27 6 6 BLT
27 27 74 76 A
27 27 90 93 BT
27 28 45 57 LRT
27 31 22 26 RT
27 31 28 28 BLR
27 35 72 75 BL
27 36 4 72 LR
27 43 9 13 BT
27 52 42 43 BT
27 53 76 77 BT
27 82 32 34 BT
28 28 69 73 A
28 29 7 7 BLR
28 29 9 13 LT
28 29 59 97 LR
28 31 54 58 LT
28 36 72 77 BT
28 51 42 50 BT
28 60 22 34 BT
28 89 87 88 BT
29 29 22 34 RT
29 29 36 37 LR
29 29 50 54 A
29 30 36 36 BR
29 31 96 97 A
29 32 90 91 A
29 33 17 94 LR
29 62 42 45 BT
29 66 58 61 BT
29 87 42 42 BT
30 30 42 46 LT
30 30 57 57 BLR
30 31 7 7 BLT
30 33 11 79 LR
30 33 83 84 A
30 34 93 93 BLR
30 35 21 82 LR
30 35 22 22 LRT
30 35 81 81 A
30 49 56 56 BT
30 87 86 86 BT
30 114 14 16 BT
31 31 30 99 LR
31 31 77 77 BRT
31 32 5 5 LRT
31 32 90 95 A
31 33 62 62 LRT
31 33 64 65 A
31 34 16 19 A
31 35 17 18 A
31 36 41 44 BT
31 36 80 80 A
31 37 63 65 BRT
31 45 21 25 BT
31 61 86 87 BT
31 64 7 7 BT
31 81 73 73 BT
32 32 62 73 BLT
32 32 78 78 LR
32 33 9 11 LR
32 33 10 23 LRT
32 33 13 13 BLRT
32 35 82 84 LRT
32 37 19 42 LR
32 74 95 99 BT
32 86 128 185 LRT
32 90 27 30 BT
32 93 44 44 BT
32 96 5 5 BT
33 33 86 86 LRT
33 34 42 43 LRT
33 34 58 59 LR
33 34 88 97 BR
33 35 28 29 BLRT
33 35 61 66 BL
33 36 30 36 BLR
33 37 34 40 LR
33 42 9 12 BT
33 85 85 85 BT
33 89 58 58 BT
33 97 24 24 BT
33 119 15 22 BT
33 137 110 118 BT
34 34 25 199 LR
34 34 41 48 LRT
34 34 43 49 BLR
34 34 60 61 BLT
34 34 173 176 BRT
34 35 2 4 BLT
34 36 32 32 A
34 36 96 99 BLR
34 37 44 45 A
34 37 96 96 LRT
34 39 72 73 BT
34 41 8 34 LR
34 46 65 68 BLT
34 60 164 170 BLT
34 79 7 8 BT
34 96 79 83 BT
34 142 117 118 BT
34 183 187 199 BT
35 35 7 8 BT
35 35 20 58 LR
35 36 38 38 LR
35 36 57 74 LR
35 38 36 61 LR
35 38 63 65 BL
35 38 73 73 BRT
35 39 31 31 LRT
35 46 64 67 LRT
35 62 167 170 BLT
35 63 79 80 BT
35 85 31 34 BT
35 91 25 25 BT
35 91 83 83 BT
35 146 113 118 BT
36 36 79 81 BLT
36 37 50 50 LT
36 37 78 78 LR
36 38 91 91 LRT
36 39 29 29 A
36 40 76 76 LR
36 51 30 38 BT
36 56 173 190 BT
36 61 163 170 BLT
36 92 96 96 BT
36 135 116 118 BT
37 37 3 4 LRT
37 37 18 18 BRT
37 37 27 31 A
37 37 40 41 LRT
37 37 106 118 BT
37 38 93 93 BR
37 39 7 8 LT
37 39 75 76 A
37 41 6 48 LR
37 42 61 66 BT
37 58 173 188 BT
37 63 170 170 BLT
37 63 180 180 LR
37 73 90 92 BT
38 38 98 98 BLR
38 39 15 15 BLT
38 40 173 186 BT
38 41 7 9 BR
38 41 22 98 LR
38 41 70 70 A
38 43 37 72 LR
38 54 23 23 BT
38 64 165 168 LR
38 71 26 26 BT
38 75 68 69 BT
38 93 72 72 BT
38 150 5 8 BT
39 39 5 8 LT
39 39 14 16 LR
39 40 2 40 LR
39 41 16 82 LR
39 41 18 20 LRT
39 41 42 48 BLR
39 41 82 83 LR
39 41 108 170 A
39 41 171 195 BLRT
39 42 24 25 A
39 42 28 42 LR
39 42 33 38 A
39 42 70 70 LRT
39 43 72 72 BLRT
39 45 40 84 LR
39 49 57 57 BLT
39 55 66 66 LR
39 61 15 15 BT
39 69 67 68 BT
39 89 13 13 BT
39 93 29 31 BT
39 115 195 199 BT
40 40 46 47 BLR
40 40 47 51 LR
40 40 81 89 BL
40 42 15 17 A
40 43 25 52 LR
40 43 54 66 BLR
40 46 40 42 BT
40 47 80 85 BRT
40 48 56 57 BLT
40 49 21 21 BT
40 53 173 186 BT
40 55 16 18 BT
40 55 63 63 BT
40 55 77 77 BT
40 56 6 7 BT
40 89 65 68 BT
41 41 19 22 LRT
41 41 20 28 LRT
41 41 52 57 BRT
41 41 61 62 LRT
41 42 27 29 BLR
41 42 40 45 A
41 42 60 68 LRT
41 44 54 58 BR
41 45 29 86 LR
41 48 24 54 LR
41 51 32 177 LR
41 59 9 9 BT
41 107 93 93 BT
42 43 23 29 BRT
42 43 62 73 LR
42 43 83 87 BT
42 43 92 92 BRT
42 44 55 59 A
42 44 75 184 LR
42 45 11 19 BL
42 95 63 75 BT
43 43 173 186 BT
43 44 85 87 BLT
43 45 92 93 BT
43 46 10 62 LR
43 47 12 13 A
43 47 51 51 BLR
43 50 45 46 A
43 55 108 170 BT
43 57 23 26 BT
43 63 179 181 LR
43 67 71 75 BT
43 89 52 56 BT
44 44 41 47 A
44 44 71 75 RT
44 44 77 80 BLR
44 45 44 93 LR
44 45 60 60 A
44 46 9 42 LR
44 46 18 18 A
44 46 30 34 A
44 46 50 60 BR
44 48 23 40 LR
44 49 16 84 LR
44 51 47 47 A
44 61 50 51 BT
44 70 162 167 BL
44 92 39 39 BT
45 45 27 88 LR
45 45 28 38 LR
45 45 72 72 BLT
45 47 0 1 BLT
45 47 1 87 LR
45 47 19 25 BLR
45 48 15 16 A
45 48 20 21 BR
45 48 25 49 LR
45 48 83 83 LRT
45 49 21 77 LR
45 50 42 83 LR
45 50 80 80 BLRT
45 52 63 67 BRT
45 72 21 29 BT
45 87 8 19 BT
46 46 0 1 BLT
46 46 8 9 BRT
46 47 53 89 LR
46 48 40 43 BT
46 48 54 57 LT
46 56 72 95 LR
46 57 50 50 BT
46 60 85 90 BT
46 79 63 68 BT
47 47 28 93 LR
47 47 78 85 A
47 47 87 88 LRT
47 48 92 95 LRT
47 49 20 76 LR
47 52 49 75 LR
47 52 87 90 BRT
47 53 31 74 LR
47 56 73 73 BLR
47 57 37 47 BLR
47 81 28 30 BT
47 85 12 25 BT
48 48 2 81 LR
48 48 3 3 LR
48 48 30 32 BT
48 48 65 68 BRT
48 48 71 79 BLRT
48 49 57 60 A
48 51 3 4 BR
48 53 48 48 A
48 55 8 8 BLR
48 58 10 12 BL
48 58 39 42 BLT
48 58 50 50 BT
48 70 53 59 BT
49 49 15 78 LR
49 49 90 90 BRT
49 50 59 59 BLT
49 52 5 9 A
49 52 14 70 LR
49 52 66 69 A
49 53 34 34 LRT
49 53 44 46 BL
49 55 36 42 LR
49 57 35 37 BRT
49 64 84 85 BT
50 50 30 43 BRT
50 50 65 76 BT
50 52 96 98 BLRT
50 53 31 32 BLRT
50 53 87 91 BR
50 56 93 94 BLR
50 56 94 96 BLR
51 51 56 56 BT
51 52 0 0 BLT
51 52 90 99 BRT
51 55 64 64 LR
51 82 45 49 BT
52 52 48 53 BLR
52 52 55 55 LR
52 52 58 58 BRT
52 52 72 76 A
52 53 0 0 BLT
52 53 18 18 BLRT
52 53 50 52 BLR
52 53 52 79 LR
52 53 78 88 LR
52 53 79 80 LRT
52 54 17 19 BR
52 54 63 74 BLRT
52 55 3 12 LR
52 55 86 87 BR
52 56 48 50 BLRT
52 58 91 96 BRT
52 63 178 184 LR
52 64 20 20 BT
52 70 80 81 BT
52 70 160 160 LR
53 53 25 25 LR
53 53 28 59 LR
53 54 89 90 A
53 55 4 18 LR
53 55 31 31 BRT
53 57 110 170 BT
53 57 173 190 BT
53 65 34 39 RT
53 83 30 32 BT
53 94 78 81 BT
54 54 111 170 BT
54 55 35 41 BRT
54 56 59 60 RT
54 56 60 67 LR
54 57 9 13 A
54 57 69 71 A
54 58 41 99 LR
54 58 61 61 BRT
54 59 42 69 LR
54 88 63 74 BT
55 55 5 62 LR
55 55 59 61 BRT
55 55 173 194 BT
55 56 24 24 A
55 56 35 41 BRT
55 57 45 48 A
55 58 45 46 A
55 63 36 102 LR
55 80 82 82 BT
56 56 59 86 LR
56 56 67 74 BLT
56 57 97 99 A
56 61 7 8 BLT
56 75 6 8 BT
56 95 23 24 BT
57 57 8 13 A
57 57 54 54 BT
57 57 61 63 BT
57 57 86 88 A
57 58 63 98 LR
57 58 65 67 A
57 58 117 170 BT
57 59 78 83 A
57 62 78 80 A
57 94 23 24 BT
57 95 91 91 BT
58 58 96 97 LRT
58 59 17 70 LR
58 59 43 43 A
58 59 91 92 A
58 60 86 89 BLRT
58 61 24 24 A
58 61 26 84 LR
58 61 82 83 LRT
58 62 18 32 LR
58 62 31 33 BRT
58 64 32 162 LR
58 67 81 94 BR
58 74 17 18 BT
58 97 155 156 LR
59 59 19 20 LR
59 59 22 27 BLR
59 59 56 56 LRT
59 59 69 71 BRT
59 59 70 83 A
59 60 52 93 LR
59 61 23 26 LRT
59 61 29 29 LR
59 61 31 82 LR
59 61 70 72 A
59 62 13 19 BLR
59 62 38 43 LT
59 63 4 7 A
59 74 35 36 BT
59 93 17 18 BT
60 60 3 36 LR
60 60 4 8 A
60 60 10 10 LRT
60 60 12 16 BLT
60 60 88 89 A
60 60 173 194 BT
60 61 54 54 BLT
60 61 66 66 LR
60 62 14 14 BLRT
60 64 16 166 LR
60 64 43 46 BT
60 69 71 84 BT
60 90 61 61 BT
60 96 29 33 BT
60 132 169 170 BT
61 61 46 46 LT
61 61 55 64 LR
61 61 84 85 LRT
61 62 35 36 A
61 62 61 61 BRT
61 62 107 107 BLT
61 64 48 55 BLT
61 64 63 163 LR
61 68 48 50 A
61 71 76 106 LR
61 84 66 67 BT
61 93 34 37 BT
61 97 77 82 BT
62 62 173 194 BT
62 63 44 45 BL
62 64 45 169 LR
62 66 18 18 A
62 66 76 77 A
62 67 12 13 BT
62 83 31 34 BT
62 92 43 44 BT
62 96 53 55 BT
62 180 107 107 BT
63 63 9 10 BLR
63 63 10 88 LR
63 63 12 13 A
63 63 86 86 RT
63 64 17 72 LR
63 64 74 77 A
63 65 62 64 BLRT
63 65 64 71 LR
63 66 53 79 LR
63 66 55 55 BLT
63 66 64 70 BR
63 68 47 51 BRT
63 77 41 41 BL
64 64 61 65 BRT
64 65 1 2 LT
64 65 18 19 A
64 65 23 23 LR
64 65 47 55 BT
64 65 68 72 BRT
64 66 29 33 A
64 69 39 40 BRT
64 69 50 53 BLRT
64 69 79 84 BLR
64 72 15 17 BT
64 75 35 36 BT
64 78 22 22 BT
64 84 11 12 BT
64 116 173 175 BT
64 131 101 107 BT
65 65 6 60 LR
65 65 7 59 LR
65 65 10 12 A
65 65 22 24 LT
65 65 39 41 BT
65 65 57 58 BLR
65 65 74 81 BRT
65 66 56 64 LR
65 68 66 69 BR
65 69 91 94 A
65 71 90 92 BRT
65 73 58 81 LR
65 96 70 72 BT
66 66 9 10 A
66 66 12 13 A
66 66 15 26 LR
66 66 66 80 LR
66 67 46 51 BLR
66 68 16 17 A
66 68 58 58 A
66 69 28 82 LR
66 70 90 93 BRT
66 71 29 43 LR
66 72 84 85 LT
67 67 13 87 LR
67 67 37 41 LT
67 67 90 194 LR
67 68 10 86 LR
67 68 38 40 A
67 68 81 85 BRT
67 69 27 27 A
67 71 74 88 LR
67 74 90 92 BT
67 83 47 56 BT
68 68 55 55 BLR
68 68 59 60 LRT
68 68 60 61 BLT
68 69 2 3 BLT
68 69 18 19 A
68 69 52 54 LR
68 70 9 10 BT
68 70 24 38 LR
68 73 3 95 LR
68 74 57 91 LR
68 92 187 191 A
69 69 2 4 BLT
69 69 26 29 RT
69 69 36 38 A
69 69 51 79 LR
69 70 31 33 A
69 70 45 46 BL
69 71 75 76 LRT
69 72 3 3 A
69 72 46 63 LR
69 73 0 3 BLT
69 74 69 80 BR
69 76 17 31 BR
69 78 26 30 BR
69 90 74 77 BRT
69 94 91 96 BT
70 71 68 68 BLT
70 74 58 58 BRT
70 77 72 72 LRT
70 81 60 60 BL
70 91 27 31 BT
71 71 3 4 A
71 71 28 28 LRT
71 71 65 89 LR
71 73 10 47 LR
71 74 7 8 BLR
71 74 16 46 LR
71 75 96 96 A
71 76 61 61 BL
71 76 71 76 BT
71 81 88 90 BRT
71 97 42 43 BT
71 97 103 158 LR
72 72 5 62 LR
72 72 9 10 BLT
72 73 57 60 A
72 73 77 82 BR
72 73 96 97 BLRT
72 74 15 79 LR
72 74 19 24 BLR
72 74 46 48 A
72 75 71 78 BR
72 76 62 63 LT
72 77 17 22 BR
72 77 73 73 BLT
72 79 22 23 LR
72 94 88 88 BT
72 108 15 16 BT
72 110 79 84 BT
73 73 57 62 BLT
73 74 17 99 LR
73 74 40 41 BRT
73 76 42 70 LR
73 79 90 92 BLT
73 81 68 73 LT
73 95 77 83 BT
73 113 142 142 BT
74 74 34 69 LR
74 74 50 51 BLT
74 74 66 66 BRT
74 74 83 84 A
74 76 35 35 BLR
74 77 18 50 LR
74 78 20 25 LT
74 78 49 88 LR
74 82 66 74 BR
74 83 69 73 BRT
74 91 76 76 LR
74 168 142 145 BT
75 75 5 5 BLR
75 76 104 117 A
75 77 8 12 LR
75 78 27 31 A
75 78 50 94 LR
75 80 106 109 BLT
75 82 94 104 LR
75 82 104 109 BLT
75 135 142 147 BT
76 76 6 7 A
76 76 12 13 BT
76 76 37 81 LR
76 76 93 94 A
76 77 46 48 A
76 77 81 82 BRT
76 77 87 91 LT
76 78 46 46 A
76 79 30 32 A
76 79 38 39 A
76 79 50 51 BRT
76 79 55 58 BLRT
76 81 17 21 BT
76 81 53 54 BLR
77 77 36 40 BRT
77 77 66 68 A
77 77 79 82 A
77 78 7 8 BRT
77 78 56 60 A
77 78 88 91 BLT
77 79 25 25 LRT
77 79 46 54 LRT
77 80 80 81 A
77 82 39 53 LR
77 82 65 79 LR
77 99 139 151 A
77 114 104 105 BT
78 78 0 0 BLT
78 78 8 9 RT
78 78 11 47 LR
78 78 12 13 LT
78 78 93 95 BT
78 78 104 106 BLT
78 79 26 26 LRT
78 79 87 87 RT
78 81 4 57 LR
78 81 65 67 A
78 83 89 91 BT
78 184 115 127 BT
79 79 51 55 BRT
79 80 1 95 LR
79 80 62 62 LR
79 80 95 96 BLR
79 81 0 7 LR
79 81 64 68 BLT
79 82 2 40 LR
79 92 139 184 A
79 97 160 160 LR
80 80 20 112 LR
80 80 21 21 BT
80 80 38 115 LR
80 80 59 114 LR
80 80 73 75 BT
80 81 57 113 LR
80 82 91 92 A
80 82 104 106 A
80 82 108 110 LR
80 83 44 44 A
80 90 90 96 BT
80 96 109 111 LR
80 140 0 2 BT
81 81 5 5 BLR
81 81 7 18 LR
81 81 12 16 A
81 81 79 83 BR
81 82 0 2 BLRT
81 82 29 86 LR
81 82 30 30 BLR
81 82 64 68 LT
81 82 89 95 BL
81 84 46 48 A
81 85 21 32 LR
81 85 87 90 BT
81 88 51 54 BT
81 91 47 47 A
81 91 49 53 BLR
82 82 34 36 A
82 82 50 51 LR
82 82 51 52 BLR
82 85 69 72 BLR
82 86 70 81 BL
82 86 72 89 LR
82 87 71 127 LR
82 138 107 109 BT
82 149 2 8 BT
83 83 62 62 BT
83 84 33 36 BLRT
83 86 18 19 A
83 86 21 21 A
83 86 23 25 A
83 87 0 2 A
83 87 54 56 A
83 87 68 72 BLRT
83 87 70 72 A
83 90 13 13 BLT
84 84 41 91 LR
84 84 46 51 A
84 84 89 90 A
84 85 12 12 A
84 85 47 50 A
84 87 23 31 BLR
84 89 15 22 LRT
84 93 26 49 LR
84 94 138 177 BRT
85 85 81 81 BRT
85 86 6 7 A
85 86 17 85 LR
85 86 40 40 BLT
85 86 85 88 LR
85 88 31 31 BLT
85 88 58 74 LR
85 89 14 24 LRT
85 97 53 157 LR
85 97 69 72 BRT
85 97 74 79 LT
86 86 16 26 BLR
86 86 45 79 LR
86 86 64 80 LR
86 86 74 78 A
86 87 53 61 BLT
86 88 56 60 A
86 89 16 16 BLT
86 90 106 108 A
86 91 2 3 A
86 91 29 81 LR
86 91 67 68 A
86 94 40 40 BT
87 88 7 16 A
87 88 18 42 LR
87 89 12 54 LR
87 92 66 67 LR
87 93 28 31 LT
87 93 47 50 BLRT
87 95 96 96 A
88 88 19 19 LRT
88 88 104 119 A
88 89 37 40 A
88 89 74 79 A
88 90 25 29 A
88 91 46 51 LRT
88 99 41 170 LR
88 161 117 120 BT
89 89 22 31 BT
89 89 65 83 LR
89 90 42 78 LR
89 90 44 50 A
89 91 70 74 A
89 91 91 93 BL
89 93 80 82 A
89 93 93 96 BLR
89 95 23 23 A
89 95 86 86 BRT
89 96 88 91 BLR
89 97 44 161 LR
89 98 24 29 BLRT
89 98 70 102 LR
89 144 119 120 BT
90 90 40 41 LRT
90 91 90 93 LT
90 93 22 24 BLT
90 113 109 110 BT
91 91 35 37 A
91 91 43 44 A
91 91 85 88 BRT
91 92 18 18 A
91 92 62 66 BLR
91 92 69 69 A
91 94 5 85 LR
91 94 52 54 BLT
91 95 5 6 BT
91 95 8 10 A
91 110 108 116 BT
92 92 43 185 LR
92 93 62 63 A
92 94 4 5 A
92 94 17 17 A
92 96 37 39 BLT
93 93 27 28 LRT
93 93 38 38 LRT
93 93 40 40 A
93 93 47 47 A
93 93 85 91 BRT
93 94 49 53 BLT
93 96 36 36 A
93 97 31 32 A
93 97 79 155 LR
93 98 34 34 BR
93 99 6 7 A
93 99 180 183 BRT
93 182 184 189 BT
94 95 66 69 A
94 95 89 93 LRT
94 95 127 127 BLR
94 95 129 133 A
94 96 11 45 LR
94 97 32 33 BLR
94 97 51 53 A
94 98 79 81 A
95 95 18 18 BLRT
95 95 20 92 LR
95 95 29 37 BT
95 95 90 94 LR
95 96 72 75 BLR
95 97 71 74 BLRT
95 98 56 82 LR
95 118 127 133 BT
96 96 13 37 LR
96 96 40 40 BLRT
96 96 97 97 A
96 97 20 21 A
96 97 51 54 A
96 97 87 90 A
96 97 138 141 BRT
96 97 153 162 LR
96 97 154 173 LR
96 97 164 164 LR
96 97 166 174 BLR
96 98 46 47 BR
96 98 167 172 BLR
96 99 39 171 LR
96 99 167 169 BLR
96 99 168 168 BLR
96 153 127 128 BT
97 97 2 3 BLR
97 97 3 64 LR
97 98 14 15 A
97 98 60 65 LT
97 98 64 70 LR
97 99 138 172 BRT
97 100 170 174 BT
98 98 5 8 BRT
98 98 25 27 BLR
98 98 26 26 BLR
98 98 29 29 BLRT
98 98 91 91 BLR
98 99 10 21 LR
98 99 21 22 BLR
98 99 50 55 BLR
99 99 6 9 A
99 99 89 89 BLRT
99 124 138 141 BT
101 101 123 126 LT
101 101 126 170 LR
101 101 151 168 LR
101 102 74 118 LR
101 103 25 43 LR
101 103 29 29 LR
101 103 31 31 LR
101 103 34 41 LR
101 104 17 110 LR
101 109 72 73 LRT
101 109 73 77 LRT
101 109 75 76 LRT
101 109 76 148 LR
101 176 52 53 A
102 102 133 133 BLT
102 103 26 40 LR
102 103 27 45 LR
102 103 33 137 LR
102 103 36 48 LR
102 103 39 49 LR
102 103 43 47 LR
102 104 21 21 LR
102 104 70 80 A
102 104 102 104 A
102 104 146 151 LT
102 106 174 178 LT
102 109 62 62 LRT
102 146 172 172 BT
102 181 35 36 LR
103 103 6 23 A
103 103 28 46 LR
103 103 38 39 LR
103 103 51 53 A
103 104 176 178 BLT
103 104 195 198 BT
103 105 131 169 LR
103 105 136 139 LRT
103 106 152 162 LR
103 106 172 174 RT
103 107 114 116 A
103 107 120 120 BRT
103 109 103 106 LRT
103 110 106 114 LR
103 110 185 185 BT
103 115 45 107 LR
103 131 131 134 BT
103 145 167 168 BT
103 159 189 190 BT
103 190 102 108 BT
104 104 18 22 LRT
104 104 19 123 LR
104 104 120 122 BRT
104 105 137 137 LT
104 106 109 195 LR
104 106 186 197 LR
104 107 122 149 LR
104 107 147 149 A
104 109 147 186 LR
104 112 198 199 BT
104 126 139 141 BT
104 130 3 19 BLR
104 134 112 116 BT
104 161 184 190 BT
104 167 156 156 BT
104 174 147 152 BT
104 181 105 107 BT
104 196 125 126 BT
105 106 105 110 A
105 106 126 126 BLRT
105 106 133 180 LR
105 107 128 130 BT
105 109 15 16 BT
105 109 38 73 LRT
105 109 132 184 LR
105 128 148 150 BT
105 163 156 160 BT
106 106 158 182 LR
106 106 177 177 BLRT
106 106 182 186 LRT
106 107 140 140 LT
106 107 145 150 BLT
106 107 146 164 LR
106 107 160 160 BLT
106 107 193 194 BLRT
106 108 120 122 BT
106 108 128 129 LRT
106 109 79 92 BLRT
106 110 30 86 LR
106 111 7 7 LR
106 125 6 56 LR
106 126 167 169 BT
106 139 157 158 BT
106 148 11 16 BT
106 153 195 197 BT
107 107 127 127 BLRT
107 107 142 156 LR
107 107 146 151 A
107 108 116 117 A
107 108 119 177 LR
107 109 120 122 BLT
107 109 138 143 LRT
107 110 153 154 A
107 110 158 161 BRT
107 112 156 158 BRT
107 113 131 131 BRT
107 150 187 188 BT
107 175 195 195 BT
107 178 111 111 BT
107 195 164 168 BT
108 108 132 132 BLRT
108 108 137 138 BT
108 108 196 196 BLR
108 109 133 134 BRT
108 110 175 176 BRT
108 111 177 178 BT
108 112 150 153 LRT
108 114 171 173 BLT
108 116 134 158 LR
108 117 14 16 BT
108 121 156 161 BRT
108 136 103 107 BT
108 149 185 188 BT
108 179 168 168 BT
108 194 144 145 BT
108 195 112 122 BT
109 109 117 120 LRT
109 110 122 155 LR
109 111 11 190 LR
109 111 12 192 LR
109 111 110 112 BRT
109 111 155 158 LRT
109 111 179 179 BLT
109 112 168 170 LRT
109 112 192 193 BLT
109 113 158 163 BL
109 116 136 136 LR
109 129 101 104 BT
109 140 185 187 BT
109 154 197 197 BT
109 191 134 134 BT
109 194 177 177 BT
109 195 146 150 BT
110 110 118 119 A
110 110 144 145 LRT
110 113 140 179 LR
110 113 169 173 BT
110 114 119 122 BLT
110 114 135 136 A
110 116 109 111 LT
110 117 133 144 LR
110 142 192 193 BT
110 167 159 161 BT
110 176 188 189 BT
110 189 115 116 BT
111 111 5 188 LR
111 111 9 197 LR
111 111 10 113 LR
111 113 112 162 LR
111 114 110 159 LR
111 114 141 142 RT
111 118 14 16 BT
111 119 183 184 BLT
111 121 161 161 A
111 128 172 172 BT
111 138 168 170 BT
111 164 132 133 BT
111 164 188 191 BT
111 177 125 125 BT
112 112 104 184 LR
112 112 105 109 A
112 112 174 175 LR
112 112 175 186 LR
112 113 102 105 BLRT
112 113 127 129 LR
112 113 129 137 BLR
112 113 145 146 BLT
112 113 189 192 A
112 114 177 177 A
112 115 125 125 BRT
112 115 131 198 LR
112 116 157 163 LRT
112 116 198 199 RT
112 118 117 119 LRT
112 118 173 185 LR
112 124 173 173 BT
112 136 13 98 LRT
112 140 116 116 BT
112 143 132 132 BT
112 179 153 154 BT
113 113 114 123 LR
113 113 116 120 LT
113 113 122 122 BLR
113 113 125 127 BLT
113 113 134 138 A
113 114 146 147 BLR
113 114 169 173 BLT
113 114 179 180 A
113 116 14 16 BT
113 118 115 147 LR
113 122 146 146 BT
113 143 26 37 A
113 163 176 177 BT
113 168 110 112 BT
113 175 130 132 BT
114 115 15 16 BT
114 115 147 195 LR
114 115 155 155 BRT
114 115 172 196 LR
114 115 198 199 A
114 116 186 186 BLT
114 116 188 193 LT
114 118 106 194 LR
114 122 113 114 BT
114 138 123 124 BT
114 157 149 149 BT
114 176 154 159 BT
115 115 158 160 BLR
115 115 170 173 BLT
115 115 180 181 BLRT
115 116 123 124 A
115 116 126 127 BLT
115 116 163 188 LR
115 116 187 189 LRT
115 117 157 164 BLR
115 117 184 184 BLR
115 126 129 131 BT
115 133 160 161 BT
115 156 168 172 BT
115 163 47 51 A
115 172 176 177 BT
115 185 193 199 BT
115 186 109 110 BT
115 194 181 183 BT
116 116 105 110 RT
116 116 112 114 BLR
116 116 113 120 LR
116 116 114 115 LR
116 116 118 121 BLR
116 116 142 142 BLT
116 117 126 127 BT
116 117 141 190 LR
116 117 169 170 A
116 118 131 131 BRT
116 118 174 174 BLR
116 119 118 119 BLRT
116 119 119 191 LR
116 120 166 166 RT
116 120 176 178 BLR
116 121 127 173 LR
116 134 186 191 BT
116 169 133 134 BT
116 188 183 184 BT
117 117 144 176 LR
117 118 138 196 LR
117 118 191 191 BRT
117 118 193 195 A
117 122 137 137 BT
117 124 180 183 LT
117 136 194 198 BT
117 146 129 129 BT
117 146 162 166 BT
117 198 158 158 BT
118 118 25 146 LR
118 118 102 104 BLR
118 118 104 165 LR
118 118 146 148 BRT
118 119 107 183 LR
118 119 129 132 BLT
118 120 175 176 RT
118 121 130 195 LR
118 121 186 187 A
118 122 103 197 LR
118 122 153 163 BR
118 122 191 196 BT
118 148 139 139 BT
118 150 163 166 BT
118 179 105 107 BT
118 194 113 116 BT
119 119 102 138 LR
119 119 120 121 BLRT
119 120 110 111 RT
119 120 168 174 BL
119 121 128 154 LR
119 121 135 148 LR
119 121 169 169 BLR
119 121 171 172 LT
119 124 136 136 LRT
119 140 157 157 BLT
119 141 106 107 BT
119 162 183 184 BT
119 185 165 166 BT
120 120 116 116 BT
120 120 165 169 LRT
120 120 191 191 BT
120 120 194 194 BT
120 121 107 107 BRT
120 122 126 128 BRT
120 124 109 181 LR
120 126 172 172 BR
120 128 123 157 LR
120 138 2 2 A
120 155 157 161 BT
120 160 14 21 A
120 168 136 139 BT
120 189 147 149 BT
121 121 172 194 LR
121 122 108 150 LR
121 123 146 168 LR
121 124 147 149 BLRT
121 124 154 158 LR
121 125 142 152 LR
121 127 125 163 LR
121 129 107 107 BT
121 134 122 122 BT
121 137 157 164 BLT
121 141 152 152 BT
121 169 126 130 BT
122 122 114 196 LR
122 122 183 185 BLR
122 123 173 175 A
122 123 190 194 A
122 124 119 121 RT
122 124 190 190 A
122 124 193 194 A
122 126 126 155 LR
122 128 121 140 LR
122 130 109 111 BLT
122 140 123 128 BT
122 146 9 11 A
122 197 141 141 BT
122 198 149 152 BT
123 124 168 180 LR
123 124 171 178 LR
123 125 166 171 LR
123 125 169 169 BRT
123 125 178 193 LR
123 126 107 109 LRT
123 131 103 104 BRT
123 131 148 149 BRT
123 169 123 124 BT
123 195 140 141 BT
124 124 160 170 A
124 125 115 134 LR
124 125 125 139 BLR
124 125 128 138 BLR
124 125 183 184 BLT
124 127 148 149 BLR
124 127 162 164 A
124 128 120 125 LT
124 131 136 137 BLR
124 131 152 153 BT
124 139 190 194 BT
124 141 172 175 BT
124 155 128 128 BT
124 170 140 142 BT
124 178 144 147 BT
124 180 111 111 BT
124 194 156 157 BT
125 125 131 160 LR
125 126 160 174 LR
125 127 102 111 BLR
125 127 128 128 LRT
125 127 130 132 BLR
125 127 145 146 A
125 128 145 146 BLT
125 130 119 122 BL
125 130 149 175 LR
125 133 183 186 LRT
125 135 111 183 LR
125 138 175 176 RT
125 138 196 197 BT
125 159 135 135 BT
125 186 102 105 BT
125 186 152 155 BT
126 126 116 122 BLR
126 127 112 112 A
126 127 151 156 A
126 127 173 177 A
126 128 102 106 A
126 128 117 169 LR
126 128 152 154 A
126 128 187 187 BLR
126 130 155 185 LR
126 131 158 161 BRT
126 137 108 189 LR
126 150 115 119 BT
126 179 190 193 BT
126 190 147 150 BT
126 191 121 121 BT
126 199 122 123 BT
127 128 143 143 LR
127 128 190 191 BLR
127 128 196 197 BLT
127 129 146 160 LT
127 129 177 179 A
127 131 134 136 LT
127 132 131 132 BLRT
127 132 132 134 LR
127 133 122 162 LR
127 136 113 113 BT
127 163 184 184 BT
128 129 160 196 LR
128 130 178 181 BR
128 132 137 178 LR
128 134 169 179 LRT
128 137 185 197 BL
128 141 134 137 BT
128 157 187 187 BT
128 163 197 198 BT
128 180 167 167 BT
129 129 104 111 LRT
129 129 173 173 A
129 130 110 117 LR
129 130 161 163 BRT
129 130 197 197 A
129 132 193 193 BL
129 133 167 169 LT
129 134 162 164 LR
129 137 115 124 LT
129 139 108 113 BT
129 160 152 156 BT
129 160 183 185 BT
129 165 195 196 BT
129 184 130 131 BT
129 186 133 137 BT
130 130 121 167 LR
130 130 130 135 BRT
130 130 147 153 LR
130 130 148 149 BRT
130 130 170 170 BLR
130 130 184 188 BLR
130 131 109 174 LR
130 132 101 103 BLRT
130 133 134 137 BT
130 134 179 180 BR
130 137 156 157 A
130 138 156 165 LT
130 147 11 23 A
130 147 184 186 RT
130 150 176 176 BT
130 166 145 145 BT
130 176 119 122 BT
130 178 167 167 BT
130 179 110 113 BT
131 132 162 166 A
131 134 116 172 LR
131 135 106 108 BL
131 139 196 198 BT
131 170 104 104 BT
131 170 166 176 BT
131 182 193 193 BT
131 187 145 146 BT
132 132 139 140 BLT
132 133 113 197 LR
132 133 140 181 LR
132 133 186 191 A
132 134 103 150 LR
132 135 133 154 LR
132 136 174 175 BR
132 137 117 177 LR
132 139 115 118 BRT
132 141 187 188 A
132 146 183 188 BT
132 151 115 120 BT
132 169 175 177 BT
132 175 112 113 BT
132 179 122 122 BT
132 189 196 196 BT
133 133 140 141 BLR
133 133 141 153 LR
133 134 105 138 LR
133 134 107 108 BLT
133 134 111 111 BLRT
133 134 146 147 BLR
133 134 152 153 BLT
133 135 170 177 A
133 139 196 196 BRT
133 140 114 116 LT
133 140 179 191 RT
133 144 121 122 LT
133 158 160 162 BT
133 165 102 106 BT
133 171 112 112 BT
134 134 103 103 LRT
134 134 161 190 LR
134 135 146 199 LR
134 135 163 163 A
134 137 137 195 LR
134 138 113 117 BT
134 140 165 165 BR
134 144 196 197 BT
134 151 7 192 LR
134 157 179 180 BT
135 136 145 148 BLR
135 137 141 142 BLT
135 137 195 196 A
135 139 159 159 LR
135 140 149 171 LR
135 141 145 146 BRT
135 154 166 166 BT
135 169 155 155 BT
135 182 101 101 BT
135 186 192 192 BT
135 187 133 133 BT
136 137 179 183 BLR
136 138 167 168 LRT
136 139 165 166 A
136 143 116 190 LR
136 148 184 185 BR
136 155 113 114 BLT
136 174 185 190 BT
136 177 151 160 BT
136 182 139 140 BT
136 185 179 181 BT
136 194 110 110 BT
137 137 104 109 LRT
137 137 106 108 LRT
137 137 122 122 RT
137 139 137 137 RT
137 139 160 162 BLR
137 140 158 160 LRT
137 140 191 197 BLR
137 145 183 193 BLR
137 157 191 192 BT
137 165 185 186 BT
137 177 164 164 BT
137 190 170 171 BT
138 141 139 142 BL
138 142 118 121 A
138 195 170 170 BT
139 139 134 150 LR
139 139 173 173 LR
139 140 148 166 LR
139 140 199 199 BRT
139 142 127 164 LR
139 142 130 138 BL
139 142 145 147 BT
139 143 125 130 BL
139 144 129 145 LR
139 144 142 142 BT
139 145 126 127 BLR
139 166 191 194 BT
139 167 181 184 BT
139 167 186 188 BT
139 184 163 164 BT
139 197 3 5 BRT
140 140 112 151 LR
140 140 134 135 BLT
140 141 2 2 BT
140 143 153 157 BL
140 144 104 104 A
140 145 124 130 BR
140 147 184 185 BLRT
140 148 180 184 RT
140 149 146 151 BLT
140 191 124 128 BT
140 195 174 175 BT
141 141 106 135 LR
141 141 148 148 BLT
141 142 114 114 BRT
141 144 172 174 BT
141 145 130 132 LRT
141 145 153 153 BRT
141 145 172 172 BRT
141 145 174 181 LR
141 146 107 196 LR
141 151 150 151 BT
141 188 162 162 BT
141 196 181 183 BT
141 198 92 96 A
142 144 123 141 LR
142 144 182 184 A
142 145 112 112 A
142 146 141 142 LRT
142 156 114 115 BT
142 190 124 128 BT
143 143 0 2 BT
143 143 141 146 BLT
143 143 151 155 LT
143 143 163 175 LR
143 143 172 174 BT
143 144 187 191 A
143 145 105 179 LR
143 146 132 134 BLRT
143 147 108 133 LR
143 153 165 165 BT
143 182 195 196 BT
143 189 125 128 BT
144 144 117 156 LR
144 145 119 119 BLR
144 145 155 158 LR
144 146 149 191 LR
144 146 196 198 BLT
144 147 118 118 BLRT
144 148 175 188 LR
144 148 178 187 LR
144 149 143 144 BRT
144 150 160 194 LR
144 152 144 144 BLT
144 165 164 165 BT
144 183 112 113 BT
145 145 134 135 BLT
145 146 106 112 LRT
145 146 161 165 LT
145 147 199 199 BRT
145 150 168 193 LR
145 151 155 161 BR
145 151 163 163 LRT
145 151 165 166 BLR
145 152 117 117 LRT
145 152 178 179 BT
145 153 144 149 LT
145 158 111 130 BL
145 187 159 162 BT
145 193 181 188 BT
145 194 153 153 BT
146 147 107 111 BLRT
146 147 148 149 BLT
146 148 110 126 LR
146 148 114 114 BRT
146 148 159 164 BRT
146 148 174 174 BRT
146 149 193 195 A
146 150 143 144 BT
146 150 178 178 BRT
146 156 124 124 A
146 169 151 153 BT
147 147 138 139 BR
147 147 144 148 A
147 147 152 171 LR
147 147 174 175 BRT
147 148 121 125 A
147 148 150 170 LR
147 148 166 168 BRT
147 148 170 189 LR
147 149 122 138 LR
147 149 123 125 A
147 149 177 179 BLT
147 151 191 191 BLT
147 152 136 136 LT
147 168 8 115 LR
147 184 159 160 BT
148 148 151 175 LR
148 149 117 120 A
148 149 162 170 BLT
148 151 132 195 LR
148 151 180 180 LT
148 152 107 119 RT
148 153 131 135 LT
148 162 125 127 BLRT
148 168 152 157 BT
148 179 177 178 BT
149 149 127 128 BRT
149 150 112 148 LR
149 151 161 181 LR
149 151 170 172 BLT
149 151 174 180 LR
149 152 176 176 BT
149 153 147 171 LR
149 156 178 180 BT
149 156 187 191 BRT
149 188 144 147 BT
149 193 111 114 BT
150 151 159 175 LR
150 151 187 188 BLRT
150 152 109 115 BLRT
150 152 137 184 LR
150 153 152 185 LR
150 153 173 174 LRT
150 155 135 137 RT
150 156 155 156 LR
150 161 153 153 BT
150 173 179 182 BT
151 151 152 153 BLRT
151 151 195 195 BRT
151 152 107 112 LRT
151 152 165 165 A
151 152 171 172 BRT
151 153 108 110 A
151 153 184 187 BL
151 154 114 116 A
151 154 178 182 LT
151 159 103 109 BL
151 161 132 139 BT
151 181 193 193 BT
152 152 127 131 BLT
152 152 129 182 LR
152 153 104 105 A
152 153 130 152 LR
152 154 165 178 LR
152 155 187 189 BRT
152 155 195 197 BLR
152 156 192 193 BLRT
152 159 160 170 LR
152 160 107 112 BT
153 153 119 120 BT
153 154 103 105 BLRT
153 154 148 161 LR
153 154 157 160 A
153 155 105 106 BLT
153 157 112 114 A
153 157 149 153 RT
153 157 198 198 A
153 159 151 158 LR
153 161 147 147 BT
153 170 192 197 BT
154 154 150 154 A
154 154 192 193 A
154 155 119 126 BL
154 157 105 196 LR
154 168 147 148 BRT
154 190 178 178 BT
155 155 142 186 LR
155 155 185 185 LRT
155 156 147 152 A
155 156 158 165 LR
155 157 140 144 LR
155 158 109 169 LR
155 160 126 168 LR
155 161 114 187 LR
155 185 183 183 BT
156 156 172 180 LR
156 156 188 192 A
156 157 117 121 A
156 157 141 142 A
156 158 123 198 LR
156 158 177 182 BLRT
156 159 168 169 BLRT
156 159 179 182 LRT
156 160 144 148 LRT
156 161 110 111 BT
157 157 108 145 LR
157 157 150 164 LR
157 160 103 106 RT
157 160 193 194 BLT
157 161 158 160 RT
157 161 196 198 BT
157 162 141 144 BT
157 163 110 126 LR
157 165 124 128 BLT
158 158 134 134 LR
158 160 104 146 LR
158 161 115 119 LRT
158 162 192 194 BL
158 164 128 128 BLT
158 167 110 113 BLT
158 175 108 108 BT
158 179 162 165 BT
158 197 158 159 BT
159 159 150 179 LR
159 159 198 198 BT
159 160 117 173 LR
159 161 118 128 LRT
159 162 130 181 LR
159 162 151 154 RT
159 163 121 186 LR
159 165 154 191 LR
159 176 135 136 BT
160 160 114 121 BLT
160 160 132 138 BLR
160 160 135 174 LR
160 160 150 152 LRT
160 160 165 165 BLRT
160 161 125 130 A
160 163 156 157 A
160 163 199 200 A
160 164 124 127 BLRT
160 167 118 118 BRT
160 168 183 183 BLT
160 169 145 148 RT
160 170 185 187 BLT
160 174 125 193 LR
160 196 170 170 BT
161 161 138 141 A
161 161 168 168 LT
161 162 142 195 LR
161 162 197 198 BLR
161 163 126 135 LRT
161 164 134 166 LR
161 165 180 183 A
161 170 198 200 LT
161 175 0 5 A
161 186 24 40 BLR
162 163 112 136 LR
162 164 101 102 BT
162 165 140 190 LR
162 165 175 175 BT
162 186 159 159 BT
163 164 150 175 LR
163 165 142 143 A
163 165 145 150 BLR
163 166 153 157 LRT
163 167 193 197 BLR
163 168 147 151 LR
163 169 146 147 BLR
163 174 134 135 BT
164 164 109 138 LR
164 165 141 145 LRT
164 165 157 159 A
164 166 147 153 A
164 166 166 166 LT
164 167 189 189 LT
164 172 163 164 BR
164 188 109 109 BT
164 188 124 127 BT
164 196 112 113 BT
165 166 108 112 A
165 166 118 128 BR
165 166 136 137 LRT
165 166 164 165 BRT
165 167 102 106 BLR
165 167 103 104 BLR
165 167 122 125 A
165 167 190 195 BLRT
165 168 104 107 BL
165 169 119 119 BRT
165 169 175 176 BRT
165 170 106 186 LR
165 170 111 116 BLRT
165 171 180 183 BLRT
165 181 140 145 BT
165 191 152 160 BT
166 166 160 166 LR
166 166 169 169 BLT
166 167 179 196 LR
166 168 112 114 LR
166 168 113 113 LRT
166 168 134 136 LRT
166 168 159 160 BLRT
166 168 193 195 A
166 169 179 180 BRT
167 167 109 173 LR
167 168 118 144 LR
167 168 119 122 A
167 172 157 160 BT
167 172 172 194 LR
167 174 138 140 BT
167 175 163 164 BLT
167 176 171 171 BL
167 180 168 169 LRT
167 181 178 183 RT
168 168 143 156 LR
168 168 144 153 LT
168 169 123 159 LR
168 170 163 164 A
168 171 168 171 A
168 173 111 181 LR
168 178 158 162 BL
168 188 177 180 BT
169 169 130 130 A
169 169 140 140 LRT
169 171 108 127 LR
169 171 186 196 BL
169 171 188 190 A
169 172 150 165 LR
169 173 169 172 BLRT
169 174 189 191 LRT
169 176 175 186 RT
169 182 130 134 BT
170 170 193 196 A
170 171 176 176 BLT
170 172 143 147 BLT
170 173 159 160 LRT
170 173 186 188 BLRT
170 174 119 121 BRT
170 174 157 161 BR
170 175 152 172 LR
170 175 183 196 LR
170 177 0 143 LR
170 184 2 128 LR
171 171 123 174 LR
171 171 157 157 BRT
171 172 179 186 BRT
171 174 174 192 LR
171 176 127 129 LR
171 179 159 159 BLT
172 172 119 119 BRT
172 172 164 189 LR
172 172 171 174 BLT
172 173 108 109 A
172 173 128 130 RT
172 173 149 153 BLR
172 174 145 177 LR
172 174 149 149 BLT
172 174 179 183 BLRT
172 175 121 125 BLT
172 176 157 166 LR
172 177 123 124 A
172 178 155 155 BT
172 188 136 137 BT
173 173 107 115 BLR
173 173 146 146 LRT
173 174 112 113 BR
173 174 115 116 LR
173 174 143 143 A
173 174 191 192 LRT
173 175 119 128 BRT
173 175 122 132 LT
173 176 109 112 LR
173 181 148 151 BT
173 184 167 168 BRT
173 187 104 110 BT
174 174 104 105 BT
174 174 195 195 BLRT
174 175 137 137 LR
174 175 139 141 BLR
174 175 191 197 RT
174 176 139 140 BR
174 176 161 164 BT
174 178 126 139 BLR
174 180 155 159 LRT
174 182 112 121 LT
174 193 125 129 BT
174 198 176 177 BT
175 175 146 150 BLRT
175 175 176 181 BLRT
175 176 131 133 BLR
175 176 173 180 RT
175 176 185 186 A
175 177 136 185 LR
175 178 188 195 BLR
175 179 166 171 LT
175 182 130 131 A
176 176 120 176 LR
176 176 149 149 A
176 178 142 164 LR
176 178 149 151 BL
176 179 148 150 LRT
176 180 188 190 LT
176 182 133 188 LR
176 182 155 161 LT
176 182 156 160 BLT
176 182 182 182 BT
176 188 152 152 BT
177 177 195 195 BRT
177 178 161 163 LRT
177 179 110 162 LR
177 180 150 152 BR
177 182 179 181 LRT
177 192 106 111 BLT
177 193 151 151 BT
177 196 174 176 BT
178 178 169 170 A
178 178 194 194 BLR
178 179 121 191 LR
178 179 161 162 A
178 180 149 149 LRT
178 180 174 174 BRT
178 181 128 136 LR
178 181 184 187 BLT
178 182 129 133 LRT
178 184 135 137 LR
178 185 189 190 RT
178 188 166 168 BT
178 193 193 200 BL
179 179 147 175 LR
179 180 182 184 BLR
179 181 101 102 BRT
179 181 101 103 BR
179 181 127 135 BLRT
179 183 107 107 BLT
179 183 122 138 LRT
179 184 140 142 BLR
179 186 174 176 BRT
180 180 114 115 BLR
180 180 115 158 LR
180 180 147 148 A
180 181 154 156 A
180 181 170 195 LR
180 181 189 190 A
180 182 113 153 LR
180 184 127 134 LRT
180 184 145 145 BLRT
180 192 136 141 BT
181 181 169 170 BLT
181 184 117 143 LR
181 184 193 194 LRT
181 185 105 117 LR
181 187 119 124 BR
182 182 108 109 BLR
182 182 150 158 LR
182 183 131 171 LR
182 184 142 146 BLT
182 184 149 169 LR
182 185 119 123 BLT
182 185 123 156 LR
182 185 160 160 LT
182 186 111 117 LT
182 186 114 125 LR
182 186 120 121 A
182 186 141 174 LR
182 197 168 170 BL
183 183 116 117 BRT
183 183 119 127 A
183 183 140 146 BLT
183 183 148 148 BRT
183 183 150 152 BT
183 183 158 193 LR
183 183 167 170 BT
183 183 173 180 BLR
183 184 187 188 BLRT
183 186 101 173 LR
183 186 173 175 BRT
183 187 166 196 LR
183 189 102 108 BRT
183 192 114 114 BT
183 196 10 195 LR
184 184 104 107 BLRT
184 184 116 163 LR
184 184 137 177 LR
184 185 114 114 A
184 185 124 149 LR
184 187 181 181 BLR
184 188 165 197 LR
184 191 108 109 BLRT
185 185 133 134 BRT
185 185 156 187 LR
185 185 167 179 LR
185 185 173 177 BRT
185 186 112 153 LR
185 187 148 152 RT
185 189 181 184 LRT
185 189 198 199 A
185 190 102 112 LRT
186 186 189 191 LR
186 187 167 168 BLT
186 189 159 159 BT
186 191 147 147 LT
186 196 106 112 RT
187 188 134 181 LR
187 188 135 135 A
187 188 144 146 BLRT
187 188 156 161 BLR
187 190 163 168 BLT
187 190 180 182 BLR
188 188 130 147 LR
188 188 131 132 LR
188 188 132 183 LR
188 188 192 196 LT
188 189 102 107 A
188 189 121 123 BLRT
188 189 152 152 BLT
188 189 156 156 BRT
188 191 123 127 LRT
188 192 118 122 BL
188 192 127 149 LR
188 194 179 179 BRT
189 189 112 113 LR
189 190 124 157 LR
189 191 116 161 LR
189 191 140 142 BLR
189 194 111 171 LR
189 194 170 170 BLR
189 194 191 193 BT
189 195 135 168 LR
189 198 126 166 LR
190 190 137 140 LRT
190 190 143 143 BLT
190 190 161 168 BLRT
190 190 177 180 LRT
190 191 178 184 BL
190 191 191 193 BLT
190 192 117 154 LR
190 192 152 152 A
190 192 170 175 BLRT
190 194 153 189 LR
190 194 179 181 LRT
190 198 40 172 LR
190 199 13 40 BLR
190 200 10 124 LR
191 191 163 174 BR
191 191 194 198 A
191 192 109 109 A
191 192 148 155 BLR
191 192 180 187 BLR
191 192 186 186 BLR
191 193 140 141 LRT
191 193 141 199 LR
191 195 156 160 BLR
191 195 185 188 BL
191 196 119 127 LR
191 198 134 135 BRT
191 198 183 183 BLRT
192 192 112 153 LR
192 193 149 194 LR
192 193 155 157 A
192 194 186 191 LRT
192 195 134 138 BR
192 196 194 196 BLRT
192 199 186 188 BRT
193 194 103 104 BLRT
193 194 115 115 A
193 194 121 129 BLR
193 194 125 128 A
193 194 134 136 A
193 194 174 175 BLT
193 196 165 169 LRT
193 198 193 196 BLT
193 199 26 103 LR
194 194 142 142 RT
194 195 106 109 A
194 196 108 109 A
194 196 155 174 RT
194 196 158 162 A
194 197 176 176 BLR
194 198 159 161 A
194 199 178 178 BLRT
195 195 117 118 A
195 195 134 154 LR
195 196 103 106 BLT
195 196 164 165 BLR
195 197 132 140 RT
195 197 195 196 LRT
195 198 121 125 A
195 199 122 186 LR
195 199 138 139 LRT
195 199 149 149 LT
195 200 123 124 A
196 196 106 142 LR
196 197 121 128 BLR
196 198 142 144 BLR
196 199 177 178 A
196 200 194 200 RT
197 197 127 154 LR
197 197 131 136 BLT
197 197 188 190 LRT
197 198 134 137 LRT
197 198 140 143 LRT
197 198 153 154 BLT
197 199 111 163 LR
197 199 151 187 LR
197 199 171 173 BLR
198 198 112 113 A
198 198 135 151 LR
198 198 185 186 BLR
198 198 193 194 A
198 199 176 180 BR
199 200 40 80 A
199 200 172 176 LR
118 122 158 162 A
87 91 92 96 A
73 77 19 23 A
38 42 33 37 A
16 64 138 153 A
15 32 187 200 E
26 37 46 47 A
105 120 48 55 E
105 107 39 71 TBR
103 121 13 15 A
57 65 77 79 A
28 30 23 31 A
125 128 104 110 A
60 66 93 96 A
9 14 119 137 E
97 110 94 100 E
65 70 107 160 E
2 66 148 194 TB
51 55 92 97 A
49 54 6 10 A
20 24 71 76 A
20 22 46 55 A
174 189 3 22 E
28 101 101 101 E
3 64 111 115 A
75 83 74 77 A
17 36 125 136 E
0 6 120 137 E
94 101 185 200 E
27 36 67 70 A
76 79 129 175 E
39 76 119 136 E
68 91 176 184 E
1 77 128 181 BL
90 99 110 125 E
45 51 163 182 E
40 76 129 137 E
14 95 131 131 A
108 119 80 92 A
81 96 139 161 A
80 93 129 141 E
123 200 98 99 E
102 108 72 80 A
121 200 42 86 A
120 175 0 1 A
188 197 14 39 E
81 94 111 115 A
112 120 58 85 E
107 111 13 92 TBLR
65 76 107 126 E
6 10 175 199 A
103 110 5 15 A
121 176 20 29 A
101 102 15 53 A
144 168 14 28 E
68 91 187 200 E
36 43 174 185 A
1 11 157 167 A
3 37 187 195 E
43 65 187 200 E
115 120 26 46 A
53 62 174 185 A
113 190 87 94 A
53 63 139 169 A
130 147 4 12 A
72 74 143 200 A
21 43 138 169 A
2 95 154 158 E
5 37 103 117 A
14 31 104 131 E
152 194 7 18 E
145 172 0 5 A
81 99 143 151 A
33 58 105 117 A
81 92 160 174 A
121 189 42 89 E
19 32 162 185 A
121 142 14 29 A
40 51 105 152 A
191 199 41 96 A
0 63 139 151 A
121 176 30 96 A
