237846
22499
1
3097090
24
276
266246
305
23
1
1
229391
3111520
171
240827
305161
3198
29668
273952
183
24155
1322
284658
1
27
2903
2911
242044
276861
192
1738292
2752648
3140393
2933
2531
28958
240202
220413
1
63
906206
29550
711270
16209
3013
27
2436
1605
271998
275
3108
265
1193
30223
12
16
27154
207389
1433783
2700656
1
193
1328001
302
20259
221
650
3106986
994
2349586
1832031
2645107
247
1
11
3069
41900
3021637
1
2
20
1075
196724
252
73486
22266
233
30392
1
252
206192
854
143
29387
15
11942
270821
2726370
2169475
467596
