497810432
742121941
79969762
335196093
56695963
977373361
113994043
387881530
832410911
997617568
712284662
619503865
399120706
805328281
456671600
191617140
886318407
209926142
715887707
681925381
522101908
149988988
549674036
606766994
779998806
465133291
973769843
251514857
213464192
338781154
610146936
564227618
174084935
154901354
804489884
752093405
816983640
576012824
48308789
598732611
98720964
998240316
361737217
810339484
777172813
679486434
289642952
803125930
124842806
4851539
192967578
340871595
738514566
12218523
322897740
641645244
472823593
532589522
194313048
392092846
549295416
939642041
137879218
270952636
986879129
821953498
799685088
936375804
892411084
588131684
568536777
222044498
10725962
526452324
635687026
884272239
892064514
525525857
781234142
59684682
249452054
623349742
4110091
48863752
291659527
143677861
213717683
389909205
716414076
886279199
888751378
81370585
406676326
122504132
813643396
115463125
980754112
381527818
343401267
331944827
