NO
NO
NO
YES
aabbaabbaa
aabbaabbaa
bbaabbaabb
bbaabbaabb
aabbaabbaa
aabbaabbaa
bbaabbaabb
bbaabbaabb
aabbaabbaa
aabbaabbaa
YES
YES
YES
YES
aabbaabbaabbaabbaabbaabbaabbaabbaa
aabbaabbaabbaabbaabbaabbaabbaabbaa
bbaabbaabbaabbaabbaabbaabbaabbaabb
bbaabbaabbaabbaabbaabbaabbaabbaabb
aabbaabbaabbaabbaabbaabbaabbaabbaa
aabbaabbaabbaabbaabbaabbaabbaabbaa
bbaabbaabbaabbaabbaabbaabbaabbaabb
bbaabbaabbaabbaabbaabbaabbaabbaabb
aabbaabbaabbaabbaabbaabbaabbaabbaa
aabbaabbaabbaabbaabbaabbaabbaabbaa
bbaabbaabbaabbaabbaabbaabbaabbaabb
bbaabbaabbaabbaabbaabbaabbaabbaabb
aabbaabbaabbaabbaabbaabbaabbaabbaa
aabbaabbaabbaabbaabbaabbaabbaabbaa
bbaabbaabbaabbaabbaabbaabbaabbaabb
bbaabbaabbaabbaabbaabbaabbaabbaabb
aabbaabbaabbaabbaabbaabbaabbaabbaa
aabbaabbaabbaabbaabbaabbaabbaabbaa
bbaabbaabbaabbaabbaabbaabbaabbaabb
bbaabbaabbaabbaabbaabbaabbaabbaabb
aabbaabbaabbaabbaabbaabbaabbaabbaa
aabbaabbaabbaabbaabbaabbaabbaabbaa
bbaabbaabbaabbaabbaabbaabbaabbaabb
bbaabbaabbaabbaabbaabbaabbaabbaabb
aabbaabbaabbaabbaabbaabbaabbaabbaa
aabbaabbaabbaabbaabbaabbaabbaabbaa
bbaabbaabbaabbaabbaabbaabbaabbaabb
bbaabbaabbaabbaabbaabbaabbaabbaabb
aabbaabbaabbaabbaabbaabbaabbaabbaa
aabbaabbaabbaabbaabbaabbaabbaabbaa
bbaabbaabbaabbaabbaabbaabbaabbaabb
bbaabbaabbaabbaabbaabbaabbaabbaabb
aabbaabbaabbaabbaabbaabbaabbaabbaa
aabbaabbaabbaabbaabbaabbaabbaabbaa
YES
YES
aabbaabbaabbaabbaabbaabbaabbaabbaabbaabb
aabbaabbaabbaabbaabbaabbaabbaabbaabbaabb
bbaabbaabbaabbaabbaabbaabbaabbaabbaabbaa
bbaabbaabbaabbaabbaabbaabbaabbaabbaabbaa
aabbaabbaabbaabbaabbaabbaabbaabbaabbaabb
aabbaabbaabbaabbaabbaabbaabbaabbaabbaabb
bbaabbaabbaabbaabbaabbaabbaabbaabbaabbaa
bbaabbaabbaabbaabbaabbaabbaabbaabbaabbaa
aabbaabbaabbaabbaabbaabbaabbaabbaabbaabb
aabbaabbaabbaabbaabbaabbaabbaabbaabbaabb
bbaabbaabbaabbaabbaabbaabbaabbaabbaabbaa
bbaabbaabbaabbaabbaabbaabbaabbaabbaabbaa
aabbaabbaabbaabbaabbaabbaabbaabbaabbaabb
aabbaabbaabbaabbaabbaabbaabbaabbaabbaabb
bbaabbaabbaabbaabbaabbaabbaabbaabbaabbaa
bbaabbaabbaabbaabbaabbaabbaabbaabbaabbaa
aabbaabbaabbaabbaabbaabbaabbaabbaabbaabb
aabbaabbaabbaabbaabbaabbaabbaabbaabbaabb
bbaabbaabbaabbaabbaabbaabbaabbaabbaabbaa
bbaabbaabbaabbaabbaabbaabbaabbaabbaabbaa
aabbaabbaabbaabbaabbaabbaabbaabbaabbaabb
aabbaabbaabbaabbaabbaabbaabbaabbaabbaabb
bbaabbaabbaabbaabbaabbaabbaabbaabbaabbaa
bbaabbaabbaabbaabbaabbaabbaabbaabbaabbaa
aabbaabbaabbaabbaabbaabbaabbaabbaabbaabb
aabbaabbaabbaabbaabbaabbaabbaabbaabbaabb
bbaabbaabbaabbaabbaabbaabbaabbaabbaabbaa
bbaabbaabbaabbaabbaabbaabbaabbaabbaabbaa
aabbaabbaabbaabbaabbaabbaabbaabbaabbaabb
aabbaabbaabbaabbaabbaabbaabbaabbaabbaabb
bbaabbaabbaabbaabbaabbaabbaabbaabbaabbaa
bbaabbaabbaabbaabbaabbaabbaabbaabbaabbaa
aabbaabbaabbaabbaabbaabbaabbaabbaabbaabb
aabbaabbaabbaabbaabbaabbaabbaabbaabbaabb
bbaabbaabbaabbaabbaabbaabbaabbaabbaabbaa
bbaabbaabbaabbaabbaabbaabbaabbaabbaabbaa
aabbaabbaabbaabbaabbaabbaabbaabbaabbaabb
aabbaabbaabbaabbaabbaabbaabbaabbaabbaabb
bbaabbaabbaabbaabbaabbaabbaabbaabbaabbaa
bbaabbaabbaabbaabbaabbaabbaabbaabbaabbaa
YES
YES
YES
YES
YES
YES
YES
YES
YES
YES
YES
