YES
XLDLL
WXLLL
DWXLL
WWWXL
WWWWX
NO
YES
XDDLLLLLLLL
DXDDLLLLLLL
DDXLDDLLLLL
WDWXDLLLLLL
WWDDXDLLLLL
WWDWDXLLLLL
WWWWWWXLLLL
WWWWWWWXLLL
WWWWWWWWXLL
WWWWWWWWWXL
WWWWWWWWWWX
YES
XDDDDLLLLLL
DXDDDDLLLLL
DDXDDDDLLLL
DDDXDDDDLLL
DDDDXLDDDDL
WDDDWXLDDDL
WWDDDWXLDDL
WWWDDDWXDLL
WWWWDDDDXDL
WWWWDDDWDXL
WWWWWWWWWWX
NO
NO
YES
XDDDDLLLLLL
DXDDDDLLLLL
DDXLDDDLDLL
DDWXLLDDDLL
DDDWXLDDDLL
WDDWWXLDLLL
WWDDDWXLDLL
WWWDDDWXLLL
WWDDDWDWXLL
WWWWWWWWWXL
WWWWWWWWWWX
NO
YES
XDDDLLLLL
DXDDDLLLL
DDXDDDLLL
DDDXLDDDL
WDDWXDDLL
WWDDDXDDL
WWWDDDXDL
WWWDWDDXL
WWWWWWWWX
YES
XDDDDLLLLLL
DXDDDDLLLLL
DDXLDDDLDLL
DDWXLDDDLLL
DDDWXLDDDLL
WDDDWXLDDLL
WWDDDWXLDLL
WWWDDDWXLLL
WWDWDDDWXLL
WWWWWWWWWXL
WWWWWWWWWWX
YES
XDDLLLLLLLL
DXLDDLLLLLL
DWXLDLLLLLL
WDWXLLLLLLL
WDDWXLLLLLL
WWWWWXLLLLL
WWWWWWXLLLL
WWWWWWWXLLL
WWWWWWWWXLL
WWWWWWWWWXL
WWWWWWWWWWX
NO
NO
YES
XDDDDDLLLLL
DXDDDDDLLLL
DDXDDDDDLLL
DDDXDDDDDLL
DDDDXLDDDDD
DDDDWXLDDDD
WDDDDWXLDDD
WWDDDDWXDDL
WWWDDDDDXDD
WWWWDDDDDXD
WWWWDDDWDDX
NO
NO
NO
YES
XDDDDLLLL
DXDDDDLLL
DDXLDDDLD
DDWXLLDDD
DDDWXLDDD
WDDWWXLDL
WWDDDWXLD
WWWDDDWXL
WWDDDWDWX
YES
XDDLLLLLL
DXDDLLLLL
DDXLDDLLL
WDWXDLLLL
WWDDXDLLL
WWDWDXLLL
WWWWWWXLL
WWWWWWWXL
WWWWWWWWX
YES
XDDDDLLLL
DXDDDDLLL
DDXDDDDLL
DDDXDDDDL
DDDDXDDDD
WDDDDXDDD
WWDDDDXDD
WWWDDDDXD
WWWWDDDDX
YES
XDDDLLLLLLL
DXDDDLLLLLL
DDXDDDLLLLL
DDDXDDDLLLL
WDDDXDDLLLL
WWDDDXDLLLL
WWWDDDXLLLL
WWWWWWWXLLL
WWWWWWWWXLL
WWWWWWWWWXL
WWWWWWWWWWX
YES
XDDDDDLLLLL
DXDDDDDLLLL
DDXDDDDDLLL
DDDXDDDDDLL
DDDDXLDDDDD
DDDDWXDDDDL
WDDDDDXDDDD
WWDDDDDXDDD
WWWDDDDDXDD
WWWWDDDDDXD
WWWWDWDDDDX
NO
YES
XDDDLLLLL
DXDDDLLLL
DDXLDDDLL
DDWXLDDLL
WDDWXDLLL
WWDDDXDLL
WWDDWDXLL
WWWWWWWXL
WWWWWWWWX
YES
XDDDDDLLLLL
DXDDDDDLLLL
DDXDDDDDLLL
DDDXDDDDDLL
DDDDXLDDDDD
DDDDWXLDDDD
WDDDDWXDDDL
WWDDDDDXDDD
WWWDDDDDXDD
WWWWDDDDDXD
WWWWDDWDDDX
NO
NO
NO
YES
XDDDDLLLL
DXLDDDLLD
DWXLDDDLL
DDWXLLDDD
DDDWXLDDD
WDDWWXLDL
WWDDDWXLD
WWWDDDWXL
WDWDDWDWX
NO
YES
XDDDLLLLLLL
DXDDDLLLLLL
DDXLDDDLLLL
DDWXDDLLLLL
WDDDXDDLLLL
WWDDDXDLLLL
WWDWDDXLLLL
WWWWWWWXLLL
WWWWWWWWXLL
WWWWWWWWWXL
WWWWWWWWWWX
YES
XDDDLLLLLLL
DXDDDLLLLLL
DDXLDDDLLLL
DDWXLDDLLLL
WDDWXLDLLLL
WWDDWXLLLLL
WWDDDWXLLLL
WWWWWWWXLLL
WWWWWWWWXLL
WWWWWWWWWXL
WWWWWWWWWWX
NO
YES
XLD
WXL
DWX
YES
XDDLLLL
DXDDLLL
DDXDDLL
WDDXDDL
WWDDXDL
WWWDDXL
WWWWWWX
YES
XDLLLLLLL
DXDLLLLLL
WDXLLLLLL
WWWXLLLLL
WWWWXLLLL
WWWWWXLLL
WWWWWWXLL
WWWWWWWXL
WWWWWWWWX
YES
XDDDDLLLL
DXDDDDLLL
DDXDDDDLL
DDDXLDDDD
DDDWXDDDL
WDDDDXDDD
WWDDDDXDD
WWWDDDDXD
WWWDWDDDX
YES
XDDDLLLLLLL
DXLDDLDLLLL
DWXLDDLLLLL
DDWXLDDLLLL
WDDWXLDLLLL
WWDDWXLLLLL
WDWDDWXLLLL
WWWWWWWXLLL
WWWWWWWWXLL
WWWWWWWWWXL
WWWWWWWWWWX
NO
YES
XDDDDLLLLLL
DXDDDDLLLLL
DDXDDDDLLLL
DDDXDDDDLLL
DDDDXLDDDDL
WDDDWXLDDDL
WWDDDWXDDLL
WWWDDDDXDDL
WWWWDDDDXDL
WWWWDDWDDXL
WWWWWWWWWWX
YES
XLDLLLL
WXLLLLL
DWXLLLL
WWWXLLL
WWWWXLL
WWWWWXL
WWWWWWX
YES
XLLLLLL
WXLLLLL
WWXLLLL
WWWXLLL
WWWWXLL
WWWWWXL
WWWWWWX
YES
XLL
WXL
WWX
YES
XDDDLLLLLLL
DXDDDLLLLLL
DDXDDDLLLLL
DDDXLDDDLLL
WDDWXDDLLLL
WWDDDXDDLLL
WWWDDDXDLLL
WWWDWDDXLLL
WWWWWWWWXLL
WWWWWWWWWXL
WWWWWWWWWWX
YES
XDDLLLL
DXDDLLL
DDXDDLL
WDDXDLL
WWDDXLL
WWWWWXL
WWWWWWX
YES
XDL
DXD
WDX
YES
XLLLL
WXLLL
WWXLL
WWWXL
WWWWX
NO
NO
NO
YES
XDDDLLLLL
DXDDDLLLL
DDXDDDLLL
DDDXDDDLL
WDDDXDDDL
WWDDDXDDL
WWWDDDXDL
WWWWDDDXL
WWWWWWWWX
YES
XLLLLLLLL
WXLLLLLLL
WWXLLLLLL
WWWXLLLLL
WWWWXLLLL
WWWWWXLLL
WWWWWWXLL
WWWWWWWXL
WWWWWWWWX
YES
XDDDLLLLL
DXDDDLLLL
DDXDDDLLL
DDDXDDDLL
WDDDXDDLL
WWDDDXDLL
WWWDDDXLL
WWWWWWWXL
WWWWWWWWX
YES
XDDDLLL
DXLDDLD
DWXLDDL
DDWXLDD
WDDWXLD
WWDDWXL
WDWDDWX
NO
YES
XDDDDLLLLLL
DXDDDDLLLLL
DDXDDDDLLLL
DDDXDDDDLLL
DDDDXDDDDLL
WDDDDXDDDLL
WWDDDDXDDLL
WWWDDDDXDLL
WWWWDDDDXLL
WWWWWWWWWXL
WWWWWWWWWWX
YES
XDDLL
DXDDL
DDXDD
WDDXD
WWDDX
NO
YES
XDLLLLL
DXDLLLL
WDXLLLL
WWWXLLL
WWWWXLL
WWWWWXL
WWWWWWX
YES
XDDDDDLLLLL
DXDDDDDLLLL
DDXDDDDDLLL
DDDXDDDDDLL
DDDDXDDDDDL
DDDDDXDDDDD
WDDDDDXDDDD
WWDDDDDXDDD
WWWDDDDDXDD
WWWWDDDDDXD
WWWWWDDDDDX
NO
YES
XDDDLLLLL
DXDDDLLLL
DDXLDDDLL
DDWXLDDLL
WDDWXLDLL
WWDDWXLLL
WWDDDWXLL
WWWWWWWXL
WWWWWWWWX
YES
XDDDDDLLLLL
DXDDDDDLLLL
DDXDDDDDLLL
DDDXLDDDDLD
DDDWXLLDDDD
DDDDWXLDDDD
WDDDWWXLLDD
WWDDDDWXLDD
WWWDDDWWXLL
WWWWDDDDWXL
WWWDDDDDWWX
NO
NO
YES
XDDDLLL
DXDDDLL
DDXDDDL
DDDXDDD
WDDDXDD
WWDDDXD
WWWDDDX
YES
XDDDDLLLL
DXDDDDLLL
DDXLDDDLD
DDWXLDDDL
DDDWXLDDD
WDDDWXLDD
WWDDDWXLD
WWWDDDWXL
WWDWDDDWX
YES
XDDDLLL
DXDDDLL
DDXLDDD
DDWXDDL
WDDDXDD
WWDDDXD
WWDWDDX
YES
XDDLL
DXLDD
DWXLD
WDWXL
WDDWX
YES
XLLLLLLLLLL
WXLLLLLLLLL
WWXLLLLLLLL
WWWXLLLLLLL
WWWWXLLLLLL
WWWWWXLLLLL
WWWWWWXLLLL
WWWWWWWXLLL
WWWWWWWWXLL
WWWWWWWWWXL
WWWWWWWWWWX
YES
XLDLDLL
WXLDLLL
DWXLDLL
WDWXLLL
DWDWXLL
WWWWWXL
WWWWWWX
YES
XDDLLLLLL
DXDDLLLLL
DDXDDLLLL
WDDXDLLLL
WWDDXLLLL
WWWWWXLLL
WWWWWWXLL
WWWWWWWXL
WWWWWWWWX
YES
XDDDDLLLL
DXDDDDLLL
DDXDDDDLL
DDDXLDDDD
DDDWXLDDD
WDDDWXLDD
WWDDDWXLD
WWWDDDWXL
WWWDDDDWX
YES
XDDDLLLLLLL
DXDDDLLLLLL
DDXLDDDLLLL
DDWXLDDLLLL
WDDWXDLLLLL
WWDDDXDLLLL
WWDDWDXLLLL
WWWWWWWXLLL
WWWWWWWWXLL
WWWWWWWWWXL
WWWWWWWWWWX
YES
X
YES
XDLLLLLLLLL
DXDLLLLLLLL
WDXLLLLLLLL
WWWXLLLLLLL
WWWWXLLLLLL
WWWWWXLLLLL
WWWWWWXLLLL
WWWWWWWXLLL
WWWWWWWWXLL
WWWWWWWWWXL
WWWWWWWWWWX
YES
XDDDLLL
DXDDDLL
DDXLDDD
DDWXLDD
WDDWXDL
WWDDDXD
WWDDWDX
NO
YES
XDLLL
DXDLL
WDXLL
WWWXL
WWWWX
YES
XDDLLLLLL
DXLDDLLLL
DWXDLLLLL
WDDXDLLLL
WDWDXLLLL
WWWWWXLLL
WWWWWWXLL
WWWWWWWXL
WWWWWWWWX
YES
XDDLLLLLL
DXDDLLLLL
DDXDDLLLL
WDDXDDLLL
WWDDXDLLL
WWWDDXLLL
WWWWWWXLL
WWWWWWWXL
WWWWWWWWX
YES
XLDLLLLLLLL
WXLLLLLLLLL
DWXLLLLLLLL
WWWXLLLLLLL
WWWWXLLLLLL
WWWWWXLLLLL
WWWWWWXLLLL
WWWWWWWXLLL
WWWWWWWWXLL
WWWWWWWWWXL
WWWWWWWWWWX
YES
XDDLLLLLLLL
DXLDDLLLLLL
DWXDLLLLLLL
WDDXDLLLLLL
WDWDXLLLLLL
WWWWWXLLLLL
WWWWWWXLLLL
WWWWWWWXLLL
WWWWWWWWXLL
WWWWWWWWWXL
WWWWWWWWWWX
NO
NO
YES
XLDLLLLLL
WXLLLLLLL
DWXLLLLLL
WWWXLLLLL
WWWWXLLLL
WWWWWXLLL
WWWWWWXLL
WWWWWWWXL
WWWWWWWWX
YES
XDDLL
DXLDD
DWXDL
WDDXD
WDWDX
YES
XDDLLLLLL
DXLDDLLLL
DWXLDLLLL
WDWXLLLLL
WDDWXLLLL
WWWWWXLLL
WWWWWWXLL
WWWWWWWXL
WWWWWWWWX
NO
YES
XDDDLLLLLLL
DXLDDLDLLLL
DWXLLDDLLLL
DDWXLDDLLLL
WDWWXLLLLLL
WWDDWXLLLLL
WDDDWWXLLLL
WWWWWWWXLLL
WWWWWWWWXLL
WWWWWWWWWXL
WWWWWWWWWWX
YES
XDDDDDLLLLL
DXDDDDDLLLL
DDXLDDDDLLD
DDWXLDDDDLL
DDDWXLLDDDD
DDDDWXLDDDD
WDDDWWXLLDD
WWDDDDWXLDD
WWWDDDWWXLL
WWWWDDDDWXL
WWDWDDDDWWX
YES
XDDDLLLLLLL
DXDDDLLLLLL
DDXDDDLLLLL
DDDXLDDDLLL
WDDWXLDDLLL
WWDDWXDLLLL
WWWDDDXDLLL
WWWDDWDXLLL
WWWWWWWWXLL
WWWWWWWWWXL
WWWWWWWWWWX
NO
YES
XDDDDLLLL
DXDDDDLLL
DDXDDDDLL
DDDXLDDDD
DDDWXLDDD
WDDDWXDDL
WWDDDDXDD
WWWDDDDXD
WWWDDWDDX
YES
XDDDDLLLLLL
DXLDDDLLDLL
DWXLDDDLLLL
DDWXLLDDDLL
DDDWXLDDDLL
WDDWWXLDLLL
WWDDDWXLDLL
WWWDDDWXLLL
WDWDDWDWXLL
WWWWWWWWWXL
WWWWWWWWWWX
YES
XDDDDDLLLLL
DXDDDDDLLLL
DDXDDDDDLLL
DDDXDDDDDLL
DDDDXLDDDDD
DDDDWXLDDDD
WDDDDWXLDDD
WWDDDDWXLDD
WWWDDDDWXDL
WWWWDDDDDXD
WWWWDDDDWDX
YES
XDDDDLLLLLL
DXDDDDLLLLL
DDXDDDDLLLL
DDDXDDDDLLL
DDDDXLDDDDL
WDDDWXDDDLL
WWDDDDXDDDL
WWWDDDDXDDL
WWWWDDDDXDL
WWWWDWDDDXL
WWWWWWWWWWX
NO
NO
NO
