1902959170018025 19029591700180250
NONE
NONE
6453306065901026 64533060659010260
NONE
63332233981467054 633322339814670540
815319115 8153191150
1 10
1992 19920
840856458679 8408564586790
4441 44410
NONE
83453085076 834530850760
10351437762446497 103514377624464970
8051832 80518320
420880 4208800
14797468 147974680
31059325020833 310593250208330
105259603325966883 1052596033259668830
NONE
47198001921424379 471980019214243790
539700441 5397004410
8659749840389478 86597498403894780
10395075009 103950750090
NONE
552671 5526710
247013 2470130
6671 66710
1928307 19283070
NONE
164611134 1646111340
100129258 1001292580
3888583 38885830
2561248976560571 25612489765605710
6197313710202 61973137102020
NONE
29 290
15090 150900
586561952022 5865619520220
NONE
4555789902963240 45557899029632400
NONE
79296033669744185 792960336697441850
8 80
9532778 95327780
NONE
82695355 826953550
992185 9921850
2429 24290
NONE
9176018734045757 91760187340457570
NONE
60 600
NONE
4518083311222 45180833112220
12039945232839 120399452328390
2 20
49983181968 499831819680
1 10
17462944602913730 174629446029137300
1 10
32295 322950
5360822338275267 53608223382752670
512875924 5128759240
4428911773 44289117730
NONE
NONE
1 10
16495011060385722 164950110603857220
NONE
NONE
2684 26840
NONE
349 3490
805 8050
9712829631196972 97128296311969720
33603 336030
28519851865462615 285198518654626150
37092591171848428 370925911718484280
18692915434607441 186929154346074410
84707944905 847079449050
NONE
4825 48250
11010867759960806 110108677599608060
NONE
4 40
4760070 47600700
1 10
NONE
54 540
28 280
4596072843 45960728430
261253005 2612530050
1005615151418783 10056151514187830
2046 20460
NONE
632565242220334 6325652422203340
NONE
4 40
12090 120900
NONE
202948181455 2029481814550
NONE
2531034322 25310343220
458033 4580330
NONE
100591 1005910
NONE
18079842076931 180798420769310
992929227164803 9929292271648030
NONE
NONE
NONE
49277115733519074 492771157335190740
10505197019556 105051970195560
NONE
84864 848640
10604821480899304 106048214808993040
8924038312 89240383120
NONE
10515 105150
14202204935 142022049350
NONE
54935937942 549359379420
78015457508163 780154575081630
11 110
6224026970181502 62240269701815020
800809899155233 8008098991552330
NONE
NONE
3965435 39654350
98333744198976 983337441989760
NONE
17725882 177258820
75632924383365 756329243833650
101191400 1011914000
68988446034468 689884460344680
159927144 1599271440
3892782450130 38927824501300
974704641854816 9747046418548160
4 40
71615525335395 716155253353950
152421 1524210
9425 94250
8329160891540 83291608915400
9774637479523 97746374795230
228675 2286750
1071 10710
79918725 799187250
NONE
9976 99760
907804647224 9078046472240
69 690
61442295966 614422959660
NONE
NONE
257608 2576080
384429136 3844291360
NONE
396167909 3961679090
NONE
1 10
1 10
265714681781106 2657146817811060
72955311109470897 729553111094708970
879907 8799070
189880155331 1898801553310
NONE
NONE
3 30
1 10
NONE
453638 4536380
NONE
NONE
NONE
9857725 98577250
77 770
NONE
42453356794617 424533567946170
6873829021 68738290210
NONE
NONE
7019399823419775 70193998234197750
1 10
NONE
97750522216125 977505222161250
150064598048 1500645980480
80322 803220
5 50
NONE
3392574080067 33925740800670
NONE
10383708651324627 103837086513246270
NONE
31468015054221733 314680150542217330
204736685729 2047366857290
84466301203080 844663012030800
1 10
NONE
