150
1
2
3
4
5
6
7
8
9
10
11
15
20
31
35
52
63
75
115
127
255
274
281
362
371
406
412
439
451
475
504
511
535
570
577
595
641
685
752
822
825
846
950
976
991
999
1023
1521
1566
1654
1790
1799
1914
2138
2527
2607
2765
2977
3136
3141
3287
3534
3741
4774
5580
6831
6867
7944
8770
10287
10669
12087
12477
13860
13962
16297
17750
21273
23623
32415
32446
34126
35396
36187
43707
47091
55175
60797
74339
89655
111810
111901
113453
129158
131190
135054
136994
159946
194523
212915
250024
321980
364895
394702
405358
450406
467853
499956
511972
519560
534760
593694
608911
627243
643758
670723
770180
885055
926499
938976
1039405
1146483
1305216
1482867
1649029
1709164
2012154
2038033
2097147
2097148
2097149
2097150
2097151
2097152
2097153
2097154
2097155
2097156
2097157
2403117
2424810
2436279
2460362
2471423
2473426
2483628
2489917
2490331
2491131
2500000
