2
vvvvvvvv
<<<<<<<<
^^^^^^^^
2
>^<
>^<
>^<
>^<
>^<
>^<
>v<
>v<
2
vvvvvvvv
<<<<<<<<
^^^^^^^^
3
vvvvvvvv
>>>>>>>>
^^^^^^^^
3
vvvvvvvv
>>>>>>>>
^^^^^^^^
4
>^<
>^<
>^<
>^<
>^<
>^<
>^<
>^<
5
v<>v<
v>vv<
v>v<^
<<<<<
^^<<^
5
v<>>>v
vv^>^>
<>>v>^
^<<<>^
4
v>>>>
>>v^^
<^v^<
^<<>^
^^^^^
5
v>vv<
>>v<^
<<<v<
>^^<^
>^<>^
5
<>v<<<<<<<
^<<^<<^<<^
5
>>>>>^<>^<<<>>>>>^<<
8
<
^
<
^
<
^
^
v
<
^
^
v
<
<
^
v
<
v
<
^
6
vvvvvv<v<<
<<<<<<^<^^
5
v<
<^
v>
>^
<<
^^
^^
>^
<^
^^
4
vvvvv
>>>v<
>^^v<
>^^v<
>>>>>
3
v>>>^<<
>^>^^v>
^>^<^>^
3
v<<
v<v
<>>
^v^
>>^
v<<
<>^
3
>v^<>^<v
>>^^<<^<
^<<^>^<<
3
>vv<
>v<^
vv<<
<<v^
^^>^
>>>^
