95
vvvvvvvvvvvvvvvvvvvvvvvvvvvvvvvvvvvvvvvvvvvvvvvvvvvvvvvvvvvvvvvvvvvvvvvvvvvvvvvvvvvvvvvvvvvvvvvvvvvvvvvvvvvvvvvvvvvvvvvvvvvvvvvvvvvvvvvvvvvvvvvvvvvvvvvvvvvvvvvvvvvvvvvvvvvvvvvvvvvvvvvvvvvvvvvvvvvvvvvvvvvvvvvvvvvvvvvvvvvvvvvvvvvvvvvvvvvvvvvvvvvvvvvvvvvvvvvvvvvvvvvvvvvvvvvvvvvvvvvvvvvvvvvvvvvvvvvvvvvvvvvvvvvvvvvvvvvvvvvvvvvvvvvvvvvvv
<<<<<<<<<<<<<<<<<<<<<<<<<<<<<<<<<<<<<<<<<<<<<<<<<<<<<<>>>>v<<<<<<<<<<<<<<<<<<<<<<<<<<<<<<<<<<<<<<<<<<<<<<<<<<<<<<<<<<<<<<<<<<<<<<<<<<<<<<<<<<<<<<<<<<<<<<<<<<<<<<<<<<<<<<<<<<<<<<<<<<<<<<<<<<<<<<<<<<<<<<<<<<<<<<<<<<<<<<<<<<<<<<<<<<<<<<<<<<<<<<<<<<<<<<<<<<<<<<<<<<<<<<<<<<<<<<<<<<<<<<<<<<<<<<<<<<<<<<<<<<<<<<<<<<<<<<<<<<<<<<<<<<<<<<<<<>
^^^^^^^^^^^^^^^^^^^^^^^^^^^^^^^^^^^^^^^^^^^^^^^^^^^^^^^^^^v^^^^^^^^^^^^^^^^^^^^^^^^^^^^^^^^^^^^^^^^^^^^^^^^^^^^^^^^^^^^^^^^^^^^^^^^^^^^^^^^^^^^^^^^^^^^^^^^^^^^^^^^^^^^^^^^^^^^^^^^^^^^^^^^^^^^^^^^^^^^^^^^^^^^^^^^^^^^^^^^^^^^^^^^^^^^^^^^^^^^^^^^^^^^^^^^^^^^^^^^^^^^^^^^^^^^^^^^^^^^^^^^^^^^^^^^^^^^^^^^^^^^^^^^^^^^^^^^^^^^^^^^^^^^^^^^^^
98
>^<
>^<
>^<
>^<
>^<
>^<
>^<
>^<
>^<
>^<
>^<
>^<
>^<
>^<
>^<
>^<
>^<
>^<
>^<
>^<
>^<
>^<
>^<
>^<
>^<
>^<
>^<
>^<
>^<
>^<
>^<
>^<
>^<
>^<
>^<
>^<
>^<
>^<
>^<
>^<
>^<
>^<
>^<
>^<
>^<
>^<
>^<
>^<
>^<
>^<
>^<
>^<
>^<
>^<
>^<
>^<
>^<
>^<
>^<
>^<
>^<
>^<
>^<
>^<
>^<
>^<
>^<
>^<
>^<
>^<
>^<
>^<
>^<
>^<
>^<
>^<
>^<
>^<
>^<
>^<
>^<
>^<
>^<
>^<
>^<
>^<
>^<
>^<
>^<
>^<
>^<
>^<
>^<
>^<
>^<
>^<
>^<
>^<
>^<
>^<
>^<
>^<
>^<
>^<
>^<
>^<
>^<
>^<
>^<
>^<
>^<
>^<
>^<
>v<
>v<
>v<
>v<
>v<
>>>
>^<
>^<
>^<
>^<
>^<
>^<
>^<
>^<
>^<
>^<
>^<
>^<
>^<
>^<
>^<
>^<
>^<
>^<
>^<
>^<
>^<
>^<
>^<
>^<
>^<
>^<
>^<
>^<
>^<
>^<
>^<
>^<
>^<
>^<
>^<
>^<
>^<
>^<
>^<
>^<
>^<
>^<
>^<
>^<
>^<
>^<
>^<
>^<
>^<
>^<
>^<
>^<
>^<
>^<
>^<
>^<
>^<
>^<
>^<
>^<
>^<
>^<
>^<
>^<
>^<
>^<
>^<
>^<
>^<
>^<
>^<
>^<
>^<
>^<
>^<
>^<
>^<
>^<
>v<
>v<
>v<
>v<
>v<
>v<
>v<
>v<
>v<
>v<
>v<
>v<
>>>
>^<
>^<
>^<
>^<
>^<
>^<
>^<
>^<
>^<
>^<
>^<
>^<
>^<
>^<
>^<
>^<
>^<
>^<
>^<
>^<
>^<
>^<
>^<
>^<
>^<
>^<
>^<
>^<
>^<
>^<
>^<
>^<
>^<
>^<
>^<
>^<
>^<
>^<
>^<
>^<
>^<
>^<
>^<
>^<
>^<
>^<
>^<
>^<
>^<
>^<
>^<
>^<
>^<
>^<
>^<
>^<
>^<
>^<
>^<
>^<
>^<
>^<
>^<
>^<
>^<
>^<
>^<
>^<
>^<
>^<
>^<
>^<
>^<
>^<
>^<
>^<
>^<
>^<
>^<
>^<
>^<
>^<
>^<
>^<
>^<
>^<
>^<
>^<
>^<
>^<
>^<
>^<
>^<
>^<
>^<
>^<
>^<
>^<
>^<
>^<
>^<
>^<
>^<
>^<
>^<
>^<
>^<
>^<
>^<
>^<
>^<
>^<
>^<
>^<
>^<
>^<
>^<
>^<
>^<
>v<
>v<
>v<
>v<
140
vvvvvvvvvvvvvvvvvvvvvvvvvvvvvvvvvvvvvvvvvvvvvvvvvvvvvvvvvvvvvvvvvvvvvvvvvvvvvvvvvvvv^vvvvvvvvvvvvvvvvvvvvvvvvvvvvvvvvvvvvvvvvvvvvvvvvvvvvvvvvvvvvvvvvvvvvvvvvvvvvvvvvvvvvvvvvvvvvvvvvvvvvvvvvvvvvvvvvvvvvvvvvvvvvvvvvvvvvvvvvvvvvvvvvvvvvvvvvvvvvvvvvvvvvvvvvvvvvvvvvvvvvvvvvvvvvvvvvvvvvvvvvvvvvvvvvvvvvvvvvvvvvvvvvvvvvvvvvvvvvvvvvvvvvvvvv
<<<<<<<<<<<<<<<<<<<<<<<<<<<<<<<<<<<<<<<<<<<<<<<<<<<<<<<<<<<<<<<<<<<<<<<<<<<<<>>>>>>>^<<<<<<<<<<<<<<<<<<<<>>>>>>>>>>>>>>>>>>>>>>>>>>>>>>>>>>>>>>>>>>>>>>>>>>>>v<<<<<<<<<<<<<<<<<<<<<<<<<<<<<<<<<<<<<<<<<<<<<<<<<<<<<<<<<<<<<<<<<<<<<<<<<<<<<<<<<<<<<<<<<<<<<<<<<<<<<<<<<<<<<<<<<<<<<<<<<<<<<<<<<<<<<<<<<<<<<<<<<<<<<<<<<<<<>>>>>>>>>>>>>>>>>>>
^^^^^^^^^^^^^^^^^^^^^^^^^^^^^^^^^^^^^^^^^^^^^^^^^^^^^^^^^^^^^^^^^^^^^^^^^^^^^^^^^^^^^^^^^^^^^^^^^^^^^^^^^^^^^^^^^^^^^^^^^^^^^^^^^^^^^^^^^^^^^^^^^^^^^^^^^^^^^v^^^^^^^^^^^^^^^^^^^^^^^^^^^^^^^^^^^^^^^^^^^^^^^^^^^^^^^^^^^^^^^^^^^^^^^^^^^^^^^^^^^^^^^^^^^^^^^^^^^^^^^^^^^^^^^^^^^^^^^^^^^^^^^^^^^^^^^^^^^^^^^^^^^^^^^^^^^^^^^^^^^^^^^^^^^^^^^
3
>>>>v
v>>>v
v^<^v
v^^^v
v>>^v
>>v<<
103
>^<
>^<
>^<
>^<
>^<
>^<
>^<
>^<
>^<
>^<
>^<
>^<
>^<
>^<
>^<
>^<
>v<
>v<
<<<
>^<
>^<
>^<
>^<
>^<
>^<
>^<
>^<
>^<
>^<
>^<
>^<
>^<
>^<
>^<
>^<
>^<
>^<
>^<
>^<
>^<
>^<
>^<
>^<
>^<
>v<
>v<
>>>
>^<
>^<
>^<
>^<
>^<
>^<
>^<
>^<
>^<
>^<
>^<
>^<
>^<
>^<
>^<
>^<
>^<
>^<
>^<
>^<
>^<
>^<
>^<
>v<
>v<
>v<
>v<
>v<
>v<
>v<
>v<
>v<
<<<
>^<
>^<
>^<
>^<
>^<
>v<
<<<
>^<
>^<
>^<
>^<
>^<
>^<
>^<
>^<
>^<
>^<
>^<
>^<
>^<
>^<
>^<
>^<
>^<
>^<
>^<
>^<
>^<
>^<
>^<
>^<
>^<
>^<
>v<
>v<
>v<
>v<
<<<
>^<
>^<
>^<
>^<
>v<
>v<
>v<
>v<
<<<
>^<
>^<
>^<
>^<
>^<
>^<
>^<
>^<
>^<
>^<
>^<
>^<
>^<
>^<
>^<
>^<
>^<
>^<
>^<
>^<
>v<
>>>
>^<
>^<
>^<
>^<
>^<
>^<
>^<
>^<
>v<
>v<
<<<
>^<
>^<
>^<
>^<
>^<
>^<
>^<
>^<
>^<
>^<
>^<
>^<
>^<
>^<
>^<
>^<
>^<
>^<
>^<
>^<
>^<
>^<
>^<
>^<
>^<
>^<
>v<
>v<
>v<
>v<
>v<
>v<
<<<
>^<
>^<
>^<
>^<
>^<
>v<
>v<
>v<
<<<
>^<
>^<
>^<
>^<
>^<
>^<
>^<
>^<
>^<
>^<
>^<
>^<
>^<
>^<
>^<
>^<
>^<
>^<
>v<
>v<
<<<
>^<
>^<
>^<
>^<
>^<
>^<
>^<
>^<
>^<
>^<
>^<
>^<
>^<
>^<
>^<
>^<
>^<
>^<
>^<
>^<
>^<
>^<
>^<
>^<
>^<
>^<
>^<
>^<
>^<
>^<
>^<
>^<
>^<
>^<
>^<
>^<
>^<
>^<
>^<
>^<
>^<
>^<
>^<
>^<
>^<
>^<
>^<
>^<
>^<
>^<
>v<
>v<
>v<
>v<
>v<
>>>
>^<
>^<
>^<
>^<
>v<
<<<
>^<
>^<
>^<
>^<
>^<
>^<
>^<
>^<
>^<
>^<
>^<
>^<
>^<
>^<
>^<
>^<
>^<
>^<
>^<
>^<
>^<
>^<
>^<
>^<
>^<
>^<
>^<
>^<
>^<
>^<
>^<
>^<
>^<
>^<
>v<
>v<
>v<
>v<
>v<
>v<
>v<
>v<
>v<
>v<
>v<
>v<
>v<
>v<
114
vvvvvvvvvvvvvvvvvvvvvvvvvvvvvvvvvvvvvvvvvvvvvvvvvvvvvvvvvvvvvvvvvvvvvvvvvvvvvvvvvvvvvvvvvvvvvvvvvvvvvvvvvvvvvvvvvvvvvvvvvvvvvvvvvvvvvvvvvvvvvvvvvvvvvvvvvvvvvvvvvvvvvvvvvvvvvvvvvvvvvvvvvvvvvvvvvvvvvvvvvvvvvvvvvvvvvvvvvvvvvvvvvvvvvvvvvvvvvvvvvvvvvvvvvvvvvvvvvvvvvvvvvvvvvvvvvvvvvvvvvvvvvvvvvvvvvvvvvvvvvvvvvvvvvvvvvvvvvvvvvvvvvvvvvvvvv
<<<<<<<<<<<<<<<<<<<<<<<<<<<<<<<<<<<<<<<<<<<<<<<<<<<<<<<<<<<<<<<<<<<<<<<<<<<<<<<<<<<<<<<<<<<<<<<<<<<<<<<<<<<<<<<<<<<<<<<<<<<<<<<<<<<<<<<<<<<<<<<<<<<<<<<<<<<<<<<<<<<<<<<<<<<<<<<<<<<<<<<<<<<<<<<<<<<<<<<<<<<<<<<<<<<<<<<<<<<<<<<<<<<<<<<<<<<<<<<<<<<<<<<<<<<<<<<<<<<<<<<<<<<<<<<<<<<<<<<<<<<<<<<<<<<<<<<<<<<<<<<<<<<<<<<<<<<<<<<<<<<<<<<<<<<<<
^^^^^^^^^^^^^^^^^^^^^^^^^^^^^^^^^^^^^^^^^^^^^^^^^^^^^^^^^^^^^^^^^^^^^^^^^^^^^^^^^^^^^^^^^^^^^^^^^^^^^^^^^^^^^^^^^^^^^^^^^^^^^^^^^^^^^^^^^^^^^^^^^^^^^^^^^^^^^^^^^^^^^^^^^^^^^^^^^^^^^^^^^^^^^^^^^^^^^^^^^^^^^^^^^^^^^^^^^^^^^^^^^^^^^^^^^^^^^^^^^^^^^^^^^^^^^^^^^^^^^^^^^^^^^^^^^^^^^^^^^^^^^^^^^^^^^^^^^^^^^^^^^^^^^^^^^^^^^^^^^^^^^^^^^^^^^
114
vvvvvvvvvvvvvvvvvvvvvvvvvvvvvvvvvvvvvvvvvvvvvvvvvvvvvvvvvvvvvvvvvvvvvvvvvvvvvvvvvvvvvvvvvvvvvvvvvvvvvvvvvvvvvvvvvvvvvvvvvvvvvvvvvvvvvvvvvvvvvvvvvvvvvvvvvvvvvvvvvvvvvvvvvvvvvvvvvvvvvvvvvvvvvvvvvvvvvvvvvvvvvvvvvvvvvvvvvvvvvvvvvvvvvvvvvvvvvvvvvvvvvvvvvvvvvvvvvvvvvvvvvvvvvvvvvvvvvvvvvvvvvvvvvvvvvvvvvvvvvvvvvvvvvvvvvvvvvvvvvvvvvvvvvvvvv
<<<<<<<<<<<<<<<<<<<<<<<<<<<<<<<<<<<<<<<<<<<<<<<<<<<<<<<<<<<<<<<<<<<<<<<<<<<<<<<<<<<<<<<<<<<<<<<<<<<<<<<<<<<<<<<<<<<<<<<<<<<<<<<<<<<<<<<<<<<<<<<<<<<<<<<<<<<<<<<<<<<<<<<<<<<<<<<<<<<<<<<<<<<<<<<<<<<<<<<<<<<<<<<<<<<<<<<<<<<<<<<<<<<<<<<<<<<<<<<<<<<<<<<<<<<<<<<<<<<<<<<<<<<<<<<<<<<<<<<<<<<<<<<<<<<<<<<<<<<<<<<<<<<<<<<<<<<<<<<<<<<<<<<<<<<<<
^^^^^^^^^^^^^^^^^^^^^^^^^^^^^^^^^^^^^^^^^^^^^^^^^^^^^^^^^^^^^^^^^^^^^^^^^^^^^^^^^^^^^^^^^^^^^^^^^^^^^^^^^^^^^^^^^^^^^^^^^^^^^^^^^^^^^^^^^^^^^^^^^^^^^^^^^^^^^^^^^^^^^^^^^^^^^^^^^^^^^^^^^^^^^^^^^^^^^^^^^^^^^^^^^^^^^^^^^^^^^^^^^^^^^^^^^^^^^^^^^^^^^^^^^^^^^^^^^^^^^^^^^^^^^^^^^^^^^^^^^^^^^^^^^^^^^^^^^^^^^^^^^^^^^^^^^^^^^^^^^^^^^^^^^^^^^
1
vvvv
vvvv
vvvv
<>>v
^<<<
219
>v<
>v<
>v<
>v<
>v<
>v<
>v<
>v<
>v<
>v<
>v<
>v<
>v<
>v<
>v<
>v<
>v<
>v<
>v<
>v<
>v<
>v<
>v<
>v<
>v<
>v<
>v<
>v<
>v<
>v<
>v<
>v<
>v<
>v<
>v<
>v<
>v<
>v<
>v<
>v<
>v<
>v<
>v<
>v<
>v<
>v<
>v<
>v<
>v<
>v<
>v<
>v<
>v<
>v<
>v<
>v<
>v<
>v<
>v<
>v<
>v<
>v<
>v<
>v<
>v<
>v<
>v<
>v<
>v<
>v<
>v<
>v<
>v<
>v<
>v<
>v<
>v<
>v<
>v<
>v<
>v<
>v<
>v<
>v<
>v<
>v<
>v<
>v<
>v<
>v<
>v<
>v<
>v<
>v<
>v<
>v<
>v<
>v<
>v<
>v<
>v<
>v<
>v<
>v<
>v<
>v<
>v<
>v<
>v<
>v<
>v<
>v<
>v<
>v<
>v<
>v<
>v<
>v<
>v<
>v<
>v<
>v<
>v<
>v<
>v<
>v<
>v<
>v<
>v<
>v<
>v<
>v<
>v<
>v<
>v<
>v<
>v<
>v<
>v<
>v<
>v<
>v<
>v<
>v<
>v<
>v<
>v<
>v<
>v<
>v<
>v<
>v<
>v<
>v<
>v<
>v<
>v<
>v<
>v<
>v<
>v<
>v<
>v<
>v<
>v<
>v<
>v<
>v<
>v<
>v<
>v<
>v<
>v<
>v<
>v<
>v<
>v<
>v<
>v<
>v<
>v<
>v<
>v<
>v<
>v<
>v<
>v<
>v<
>v<
>v<
>v<
>v<
>v<
>v<
>v<
>v<
>v<
>v<
>v<
>v<
>v<
>v<
>v<
>v<
>v<
>v<
>v<
>v<
>v<
>v<
>v<
>v<
>v<
>v<
>v<
>v<
>v<
>v<
>v<
>v<
>v<
>v<
>v<
>v<
>v<
>v<
>v<
>v<
>v<
>v<
>v<
>v<
>v<
>v<
>v<
>v<
>v<
>v<
>v<
>v<
>v<
>v<
>v<
>v<
>v<
>v<
>v<
>v<
>v<
>v<
>v<
>v<
>v<
>v<
>v<
>v<
>v<
>v<
>v<
>v<
>v<
>v<
>v<
>v<
>v<
>v<
>v<
>v<
>v<
>v<
>v<
>v<
>v<
>v<
>v<
>v<
>v<
>v<
>v<
>v<
>v<
>v<
>v<
>v<
>v<
>v<
>v<
>v<
>v<
>v<
>v<
>v<
>v<
>v<
>v<
>v<
>v<
>v<
>v<
>v<
>v<
>v<
>v<
>v<
>v<
>v<
>v<
>v<
>v<
>v<
>v<
>v<
>v<
>v<
>v<
>v<
>v<
>v<
>v<
>v<
>v<
>v<
>v<
>v<
>v<
>v<
>v<
>v<
>v<
>v<
>v<
>v<
>v<
156
v>v<<>^<>vv>>>^<v<<<
<<<v<<>^<v<<<<^>v>^^
^v^<<>>v<v<>v<^>>vv^
vvv>^<v<<>>>>>^^v<<^
v>vv>^<<>v>^>>^>>v<v
>v<>^vv^<<>>>^v^^v<<
^v^v>>>^<v>^<<<>>v^v
<<>>>^v<<<<<>>^<v<^v
^>^^v^<^>>v<^vvv<vv<
>>>>>^<v^^vv^<<v^<v^
^>v^>>^<^v<v>>^<<^<^
>>>v>>>>^>>>^v>>v>^v
^<^v<<<<^>>v^<<>>^<<
^^<v^>^<^>v<>>>>>>>^
>>vvv<v>v<>>>^^v^<^^
^^>>v<<<>>^<^<vvv^^v
>>>v<v<>>^<^v^>v<^<<
^>>>vvv^<>^v<^v<v>^v
>>^>>v<vv<^<>^<>>^<v
^<^v>v<<<vv^v<^^^<<<
>v<>>v<v^v<v<^>>^<^<
v<>^v<<>^<<<v^<v<<<^
vv<^>v^^>^>^<<<<<v^<
v<^<<<>^<v>^v<>vv>^<
>v^>>^>>^<<<v<>>vv<<
>v<>v>>>v^>^<^v<<<^<
>v<^v<<<v<^^v<v>>^<^
<<v>>>vvv<>vv^vv^>^<
^>>vv^v>v^>v>>>v<<v^
v<^v<^>^>v<<<v>v^<<v
<<<v^<<<>>v<^<<>v>^v
<<^<>v^<<v<v<vv<v^^<
v^^>v<>^<<vv<v<<<^<<
<<^v>v^<>^<>v<^<^^<<
^^>v<>^<^^^^>v<^<^<v
^<<<^>>^<>^<<<<v>>^v
^<<>^<^<>>>>>^<vvv^v
^>^<<<>^<^^^v<v<<>^<
v<^vv^>>^v<<<<>>v>^<
<<>v<^<<^<>^vv>^>>>v
v^<v<>^^v>v^<>v<<>^v
>^>>v>^<>>>v<<<<v^vv
v<vv>^<vv>>>v<<<v>v<
>v<<>^^>v<v>>v^^<<<<
^v>v^>v^v<>>^v>vv^<^
<<>>^<v^>>>^>>^v>>^^
^^^v<>vv^^^>>>>v>>>v
>v^<<<v<<<v<^v<<>^v>
<>v^^>>v<<v^^v>>^v<^
^^v<>^^v>^<>^>^<^<^^
150
v>^<<>>v<v>>v<<v<<v<<<<<vv>v>v<<v<vv>>v<>>vv<<<vv<
v^>v^<>>>>^^>v<<v<>v>>v<<<>>>>v<<^<<^^>v<v<v<^^<v^
>v>v^<^^>^>>>>>v<^<<vv<<<^>^^v<<v<^^^v>>>>>>>vv^<<
<<vv<<^^<^<<^^^>>>v<<v^>^>>v<<<<<<<<<v>vv<v^<>v^v<
^<<v<>>^<<>v^v>^v^>v<<<v>>^v^^v>v^<<<v<v<^v^>^>v<<
^^^v<>>^v<<v<<v<vv^>>>vv^v<<^v<<>^<v>v<<>>v^<<>>>v
<v<<>vv<>>v<<<<>v<>^<vv<<<>^<<^<^^^<<<^<^<>>>^<>>>
^<vvv<<<<<<<<>vv<>^^^<>vv<^<<<<^^<<^^vv^v^^v^v<>^<
^<<<<<v^v<v>^<<<>^<^<<<vv^v<<<<>v>^^<<>v>^<<<<^>v^
^>>>>^<<<^<<<v<v>>^v<<^>>>v^<>>^v>^<v^<<vv^<^^^v<v
<<>^<<>^^<<>^<<<<>^v^>>v<<<v^<^>>v^<<^^v<v^^>^>v>>
^<>^vv<^v<^^^^v^^<v<<<>>>>v<<>^^<v^^^^<<vv>>^<<>^^
>^>^>>>vv<<^<>v^<<<^>^>^>^>>>^^<^>>vv>^^<<^<<^v^^v
^v<<<<<<v^v<^^>^^>>v^v<<^<<^^^^^<>^>vv^<<>>^<<v<vv
>>v^v>>>v^<<v<v>>^^>^<>v<<vv<>v>^>^^>v>^v<<<<<vvvv
^^>v<<>^v^v>>>>>^<<^<<<v<<v<<<>v<v^^v<^<<v^^^<>v<<
<>^vv<<vvv<>^<vv^<<^<<<<^vvv^<<<<<<<<<^^<v^>^^<<^^
^<<<<<^v<>v^<^<>^<v<<vv>^<v<<<<v<^^<^^>^<<<vvv^<^<
>^^^<^>>>^v>^<<>v^<<>v>>>^<^<^v>v<>v>>>v>>^>>v^<^<
>^^^^>^^^^>^^>^<<<<^>>^<<^<<>^<>>>^>>^<>>>^>^>^<^^
153
<v<<<<<<>v>>v<>^v<<>>vv<>^<>>v<<
^<^<>>>>>vvv<^^<<<<^>>v^^<^v<<<v
>^v>>v<<<>>v>^>>^^v^<<v>>^v<v^^v
^v<v^v<vv>^v>>^>>^<v<<<^<<<^>v^<
^<^<v<^<>^v>v^v>^<^<<<vv^<^^<<^^
>^>^<^^<^^v^v^>>>^vv^^<>>^^>^v>^
v>>vv<^>>>>v<<<>^v<>^<<^<>>^>>^<
vv<<<>^<v<^>v<^^v<^>>^<<<vv<>^v<
<<<>>^v<v<<<>v>^<^vvvv^<v<<^>^v^
^<<>^<<<<^<<v<<>vv>>>>^<>v^^>>>v
v^>>^<<>v<<v>v^<v>v>v>>v<v>>^v>v
<v>^v<^<v^>v<<>^<<<<<>>v<>>v>v<v
^vv<<^>v<^<<>^<v<v<^<<<v>^<>v<vv
^<<<>^vvv<<^^v<vv<v^<<^<^v>v<v<v
^^^>v<v<v<^^v<^<<>>>>v^^vvvv>>>v
^>^<>vv<v>^^v^^^v>>>>>v<<>>>v^^v
v>^v<<<<v>>v<vv^>>vv<^>v>v^v>vv<
>>>v>^v^vv^v^<<vvv>>v<<>v>^v<v<<
>^>v<v<<<<<>>>vv>>^v<>^v>^<<<>v^
>v^v<<>^<^^<<>>>>>>>v<>>>^^<<v<^
^v>>>>v<v^vv<<<<v^>>vvv<^>^>v<<v
<<vv^^v^v>>v<<^<vv>^>v<^<<>v<^vv
v^<v<<<v<>>v<<>v<>v<<<>>^vv<>>vv
>vvv>>vv^vvv>vvv<<v<^>^^<<<<<>>>
>>v<<v<<^<>>^v<<^^<v>>^v^>>>^^^<
<<>v<<<<v>^^>v>^>^v>^<>v>^>v^v^<
^<>>>v^>>v^v>v<<>>v^>^>>^^^v<>v<
>^<vvv^>>>^<<v<>^vvvv^^v<>v<v<v^
^<<<<<<<^^<<>>>v<v<<vv^<<>v^<v<<
<vvv^<^^>v^>v>>v<<<>>v>>>>v>^vv<
^<<>^^^^<<<^>>v<>^<<^>^^^>>v<<<<
149
v>>>v>>vv<>v>>v<<>>^<<v<<>^<<>>
v>>>>vv<>v<<<^v^<>>>^^<>^vv>^<v
>^^<<>>vv<<>^<v<<^<v>>^^<<>^<<<
^<<>^^>>>>v^<v<<^<v>v^<^<<v<<<^
<^^>>^<>^v>v<<<^<vv>>>^^<^<^^>^
^^^^^<<<>>v<^<<v<<<>^<v<^^^<<<v
>^<vvv^v^v<>>^<<v^<<^<<<<>^>^>v
>^>vv<<v^vv<<<<v>>>^^^^>^<^vv<<
^>v<v^^<<<<<v^^<v<v>>^<^^^v<<v^
<<<<vv<^vv^>>>>>>>v^^v^<>>v<^>^
v<>^<<^<>>^^<<^vvv<<v>v^<>v<^^<
>vvv^v^<^<v^^<^>>>v<>>>>^<<^v^<
v<<<v>^^^v>>>>v>vv<^>^<<<vv^<^^
<^>^>>>>>>v<<<v^>v>>^<<>^<<>^<^
^^<<^v<v^^>v^<>v>>>^<^v<>^<v>^<
^>^<<<v>v>^v^^^>^>>>^<<^>>^v<>v
^>>>v<<<<<<>v<^v^>>>^<^^<vvv>v<
>>>v<^^^<<v<vvvv<<>^<^vv^<<v<<<
v^>v<v<v>v<<v<<>v>^>^vv<>^vvv<<
<>>>>v<>>v>v<<>^>^<^^v<<v<<>>>v
v>^>^>>^v>>v^<v<<<^>^<^>v<^v>^>
>^^^vv^^<>>>v^<<<^vvv<^<v^^vv<^
^vv<v>>>^^>>v>^vvv<>>>^v<^<>v^^
>>>>>>v>v>v<<<<vv<>^^^^<^<^^>>v
>>^vv>v^>v<<^^<<>>v^>^^>v^^>^^v
>^<<>>>^<v<>>v^^^<>^v<v<>>v^vvv
^^v<>>>>^>v<v>v^<^<<<<>v<<>^<<>
>^<<^v<^v<v>>vvv>>^^<v<>vv^<^^^
>>^v>vv<v^>>vv<<v>>>>>>^>>>>^<<
^<^<>vv^<<<>>>>v<>>vv>>^<v^<<>^
v^<<<<<^<^<<>>^>v<^v<<^^<<<<>^^
<<<<^>>>^<<>^>^^>v<<<>^<>>^<<<^
4
>vv<<
>>v^<
>^v^<
>^v^<
<<<^<
>^^^<
150
v<<v<<v<>^<<v>>>>>>^<<>vv<<<>>v<<<>>v<>^<<v>>>^<>v>>>>>vv<<v<<<<<<<>^<<<vvv>>>v<v<vvv<v>vvv>>^<>v<vv
<<<v<^v<<<v<v>^^>>^>>^>v<<>^<<>>v^^v>v^>^^<v<vvvv>>>^^>>>v^<<<<<v<>>v^<>>>vv^>v<<<v<<<<<v>v^>^<<<^>>
>^^<v^>>vv<<>>>>v<^^<>v>>v<^<>^<v<^>^>^>^<<<<<>>>^<<>v<<v<^v>^<v<<<<<^>^>^v<>v<<v>>vvv<^<v<^^>^<<<<<
^>>^vv>^>v>>>^<<>>^v<<v<^v<^>>v<<^v>v<>^^<v>v>^>>^<^<<<>v<<v>v^<>>vv^<<>v<v^^v^>>>^>>vv<<<<>^^>^^>>v
<>^>>v>v<v>^>v<v<v<vv<<^<<v^<^v<<^<<vv^<^^>>v>>^^<<>^>vv<^^<vvv^<<<vv<^>v<<<v>>^<>>^>>>vv<>>v<^<<v<<
^<>>>>v>>>^<<v<<vv<<<>^<<<<>>v<>^<<<<<v^^v<<<v^>^>v^v<>v^<^>>v<vv>>>v^^v<<>^<^<<<<<<vv<<<^^^v>^^>>>>
v<^^^^>^<^vv<<vvvv<<v^>^^^^v<<^>^<v<>v>>^<<^>v^<v<>v<<<vvv>v^v>vvv>>v<^<>>>v<^v>>^^vv>>v<^<v>^<<^^>>
v>>^>v^v^>v<<<v>v>v<<^<<<<<v^vvv^<<^v>^<v>>^^>^^<^v<>vv>>v<>>v<v<<<<<<^>>>>>v>>^<>^<<>v<^vvv<<^^<>^v
>^<>vvv<<<<>^v<v<vv^^<v^^^>v<>v<>^<v>>^v<>vv>>>^>>v<<<<>^>>^>v<<^<^<v>^<<v<>vv^^<<vvvv<^<<v<>>^<>>vv
>^^<<>v<^>>^^<>>v<<>>>>^<>^>v<<<<>^<<<^<<<>>>^>^<<>v<^<^^^^v<<<>^^>^<^^^>v<>v<<^>^<<<>v^^>>>^^<<^^v<
91
<<<<<<vv^>v<v<<v^v<v>^v<v<<<v>>v
^<<^^<>>^<<<v<<v^<^>>^<v<^<vv>vv
<<>>^<>>>^^<vvvv^v^^^>^<^<<v<<v<
>^^^<^>^>^^^>>vv^vvvv<<v>^<<^^<^
^^vvvv>^^^^<^^v>^<>>vvv<^^<^<<<<
^^>v<v^>>^^<>v<^<<>>>>v<^^<<^vvv
^<^v^v^^>^^^v<<^<^^>^v<^<<>v^<<<
^^vvv<^>>^^<v<<v<>v<<v>v<vvv^^^<
^^vvv^<<<<<<vvvv^v<v^vvvvvvv^^^^
vv>>>v<<<v<<vv<<^<>>^<>vvvvv^^<^
>v>v>>vvvv^^<<v^^v>v>v>v<<>v^^<^
^>>>>v<<<v<^^<<^<v>vvv>>v^>>>>>v
v<<v>v>>vv^<>>v^<>>>>v>^>>>>^^<v
>>v<>v>>>v^^>>>v<^^^^>^^^<>>>vvv
<<<<>vv>v<^^>^^>v^>>^^>^^^>>^vvv
vvv<v>>>>>v<>^^>>^>>^^>vv<>^^>vv
vvv^>^^^^>v^>>^^<<<<vvvv>>>^^<>v
>v<^>^v>>>>>>v>>vv>^<<>v^<^^<^^v
>v<v^^>^<^^>^>^^v<^^<<^>>^>v<<^>
<<^v<<^^^>vv>>vvv<^<^^>^^<vvv<<^
^^<vvv>^^vv>>>v<<<^<<^>^^^v>vvv<
vvvv<<<v<v>>>>v<v<v>>v>^<^>^v<<<
>>v>>vvvvvv>v>v<<<vv>vv<v>vv>>v<
vvv^<>>>>>>>>>v^<<vv>v<vvvv>vvv<
>v>v<vvvv>vv>>v<<v>>v<<<>>>^v>v<
v>^v<vv<<^>v^>>v^>vv<>>>vvvv>vv<
>>v<<>v<<>^>>^^>>>>>>^<<>>>v>v>>
<<<^<>v^<>>^vv>^<^^^^<<<^^^>^>^<
>>^^<>vv>v>>vv>>^^^^^<^^<<<^<<<<
^>>^<<<v<<^^>>>^<>^<<^<<^^^^>^^<
^^^^<^^<>^>>^<>^<<<>>>>>^^^>^^<^
31
v<<v<<<v<<v<>>>>>>v^vv<>v>>>v<<
vv<<<<vv<v<v>>>>>>>^<<<v>v>vv<v
vv<<v<<<<v<v^^>>^>^<<^<>>>>>>>>
vvv<v<<<v<v<>^>^^^^^<^^^>>^^^<^
v<v<<vvvv<v<^>^^^^^<<^<^>^>>^^^
v<<v<<<vv<<<^>^>>>^<^<<^>^^^^<^
vv<vv<<<vvvv^>>^^^^<<^<^>>^^^^<
v<v<vvvvvvv<^^^>>^^^<<^>vvvvvvv
<vvv<<<<vvvv^^>>^^^^<<<>vvvvvvv
^<vvv<<vv<v<>>>>^>^<^<^>v>vv<vv
>^<<<<<<<<<<^^^>>>^<^^^v>vv<<<v
>>vvv^vv<vvv>>>^>>^<^<<vvvvvv<v
>vv>v^v<vv<v>v>v>^<vv<v>>vvv<<v
>>v>v^vvvv<<>>v>^<vvvvvv>>v<vvv
>>v>v^<<<vv<v>>>>^vvvvv>>>>>v<v
>v>v>^<<<<<<>>>^<<<<<<vv>>^vv<v
>>>>^<<^<^^<>^^>^^^^<^v>v>^<>v<
^^^>^<^^^^^<^>^^>^<<<^>>v>v^<>v
^>>>^^^<^<<<^^>>^^^^<<>>>>>^<<>
>^^^^<^^<^<<vv<<v<vv<v^^>>^^<<^
^>^^^<<<^<^^>vv<v<vv<v^^>>^<^^<
>^>^^<^<<^^^>vv<<v<vvv^^>>^^^^^
^^>^^<<^^<<^>v<vv<v<vv^>>^^<^<<
>^^>^^^<<^<^vv<v<v<<vv^^^^^<^<<
>^>^^<<^<<<^>vv<v<<<vv^>^^^<^<^
v>>>v>vvvv>v<<<<<<<<<>>>>^<<<<<
v>>vv<v>>>>v^^^^^<^<^^<v<v>v>v<
<>vvv>vvvvvv>^<<<<^^^^^v<<>vv>v
^<v<<vvv>>vv>^<<<^^<<>^v<v>>>^>
^<<^^<<>v>vv^^^^<<^<^>^<<<^^^^<
^>^^^>^>>>>>>>>>>>>>>^^^^^>^^^<
^^^<>^^^>>^>^^>>>>>>^>^^^^^^^^<
124
vvv^v<vvvv>>^<vv^v<<<<<<<>>>^<<<<<vv>>v<<vv>vv<<v<
<>>^v^<<v<>^<<>>^<<>^^>>>>^v<>vv>>>vv>vvvvv<<<<<<^
v>>^<^<<<v>v>>^>>v^vvv>^<<^<<<<<^^v<vv<vv>>vvvv>>^
v^^^^vv>v>>>^^>>^>^>v>^>>^v>v<<<^^>>>v^<<^<v>v<vvv
<<<<<vv>v<<v<v^>^^<v<^>>^^v>v^<^<>>>vvv<>vv<<<<<<<
vvvv<<vv<<<<^vv<>vvv^^>>^^<<<^<<<v>vv<<<^v<<^^^^>^
<<<<v^vv^<^^^vvvvvv<<^<<<v^>^^^^^v>>v<v<>v^^<<v^>>
^^<^<v<v^<<<<v<<vv>v>>>^<<<>v>vvv>vvv^v^<v^^^^vv>^
^<^>^<^v^<^<<v<v>v>v^^>^<>>v>vvv>>>>v^<<<<>^^<v<>^
^^<^<<vv^^<^<>v<vv<v>^<^^^<>>>>>^>v>v^<<^<^^^^v^>^
v>v^^<<<<<<<^<<^>v>>^^<^<^^>^^^^v>v<<^<^^<v<<<<v^^
>>>>>>^>v^v>^<<v>>>^vvv>v^^>^^^<v>v^^^^^<^v>^<^>>v
^>^^^^^^>^<^^^<>>>v<<>>vvv>>^<<<<>vv^^^^<^<>^<<^^>
>^<>vvvv<^<>v<<>^^v^^>>>>>>vv<vv<>v>^>^<<<<>^<<>^^
^<<>vvvv<v<<v<<^>>v^^>v^vv>v<^>v<<v>>>vvv>^<v<v>^^
^^^>>>vv<<^^<^<vvvv<^vv^<<vvv^>v^^v^<<vvv>v<v<<>^<
<v<>v<<<<<v^^^^<vvvvv>>>^v<<<^vvv^<^^<>vv^v<<^^^>^
^<^<<<<>v>>>v<<v<>>v>^^^<v>>^^>vv^^^<<vv<>vv<<v^>^
>^^^^^<^>^>>v>^v<>^>^<>>v<v<vvvv<<v^^<v>>>>>>v>^v<
^^>>^<<<<^>>>v^<^<<v^^^^v^<^<<<<^<<<<<>^<>>^^>^^<^
25
>vv<v<vvv<
vvvv<vvv<<
vv<v<vvv<v
>vv<v<<vvv
>v<<v<vvv<
vv<v<vv<vv
vvvv<<<<vv
vvv<v<<<vv
vv<<<<<<<<
<<v<v<<vvv
>^<<<<<<<<
>^<^<^<<^^
>^<<<<<^^^
>^<^<<^^<^
^^<^<<^<<^
>^<^^<^^<^
>^<<^<^^^<
^^<<^^<^<<
>^<^<^^<^^
^^<^^^^<<<
vvvv<v<vv<
v>>v<vvvv<
vv^>>v<vv<
>>^<<v<<<<
^^^^v<<^^^
>^^v<^<<^<
^^v<^^<^<<
>>v^<^<<^<
^^v^^<^<^<
>>v^<<^^^^
<<<<^^<^<^
^^^<<<<^<^
^>^^<<^^^^
^^^<<^^^^<
^^^<^<^^<<
^>^<<^<<^<
^>^<<<<^^<
^^^<<^^<^<
v<<v<<vvv<
v<^<<<<<<<
v>^^<<<^<<
<<^^^<<^^<
^^^^<<^<<<
^<<^<<^<^<
^<^<<^<<<^
^^<^<^<^^^
^^^^<<^^<^
^^<<^<^^<^
^^<^^<^^<^
^<^<^<<<<<
^<<^<^^^<<
^^^^<^^^<<
^^^<<<^<^<
^^^^<^^^<<
^<<<<^<^<<
^<^<<^<<^<
^^^^<^<^<<
^^<<<^^^<<
^^^<<<<^^^
^^<<^<^<^^
^<^^<<^<<^
^^<<^^<^<^
^<<^<<<<^^
^<^^<<<<<^
>vv>vv<v<<
v>v>vvvv<v
vv>>v<<<vv
v>vvvvv<<v
>v>vvv<<<<
>vv>v<v<<<
v>v>v<vv<<
v>>>v<<vvv
vv>vv<<<<v
v>>>vv<v<<
>>>vvvvv<<
>vv>vvvvv<
>vvvvvv<<<
>>>>v<v<v<
v>vvvv<vvv
>>>>vvv<<<
>>>>v<<<<v
vvvvv<<<<v
v>>v>v<<<<
>>>>^v<^^^
^>>^^v^^^<
^^^^^>>>>>
>>>^<^<<^<
vvvv>>>>vv
>>>>>>>>>v
>^^>>>^^^v
>>^v>>^v^v
>>>>>>>>v<
^>^^^^^^>>
>>^>>^^>^<
>^>^>^>>^<
>>^^>^^>^^
>>^>>^>^^^
>>>^>^^^^^
>^^>>^^^^^
^^^^^^^^^^
21
>vv>v>>vv>>>>^vvvv<vv>>v>vv<<<vv<vvvvvvvvvv<v<vvv<vvvv<v<v>>vv>v<vv<<v<vvvvv>v<<<<<<<<<v<v<<vv>v>vv<
vv>vvv>>vv>vv^>vvvvv<>>v>v<<v<<v<<vvvvvvv>v<v<<<<<<<<vv<v>v>>>vv<v<vvvvv<v>v>vvv<<<<v<vv<v<<vv>vv>v<
>>>>>>>>>>>>>^<<<<vv<>>>>vvv<v<<v<<<<v>>v>vv<v<vv<vv<vvvv>>>>>>v>v<<v<vvvv>vvv<<<<vv<vv<<<vvvv>>vvv<
>>>^>^^^>^>>^>^^<<<<<>>v<vvv<vv<v<<<vv>>v<v<<vvvvv<<v<<<<vv>>v>v<vvv<vvvv<vv>vv<v<v<v<<<vv<<<v>>vvvv
^^^^^>>^^^>^>^>>^<^^^<<<^<vvv<vv<<<v<vvvvvv<v<v<<<v<<<vvvvvvvv>v>vv<<<<vvv<<<<<vv<v<v<<vvvv<vvvv>>v<
>^^>>^>^^>^>^^>>^^^<<>^^>^<<<<<<<<<<<<>vv>vv<vvvvvv<vvvvv>>vv>vv>vv<<<<<<v>>>^<<<<<<<<<<<<<<<>>>>>vv
>>^>>>>>^^>>>^^>^<^<<^^>^^<^^<<<^^<<<<>vv<<<<vvv<vvv<<<vvv>vvvvv>>v<<<<<<<^>^^^<^<<^<<^^<<<^<>v>v>vv
^>^>>>^^>>^^>^^^^<<<<^>^>^<<^^^^<^<<<<v>>>v<<<<<<<<<<<<<<>>>>>>v>^>vvv^<^^^^>^<<<^<^^<^^^<<<<>>>>>>v
>>^^^^>^^^>>^^<^^<<^^>^>>^^^<<^^^<^<<^>>^^v^<<<^^^^<<<<<<>>>^>>v>v<<<<<<<<^>^^^<^^<<^^^<^^^^<^>v>>^>
^^>^>^^>^^^>>^^>^<^^^>>^>^^<<<<<^<<^<^>^^v<<<<<<<^<^^<^<<^^^>>^>^v<^^<<^^<^^^^^<<^^<^<<<<<<^<>>>>>^<
