6 0
7 390
4 462
5 370
7 2
1 0
5 46
6 0
10 844
8 96
8 0
5 96
4 384
10 154
10 0
8 244
6 0
6 0
7 2758
1 0
5 32
8 240
10 426
10 0
10 212
5 0
4 10
9 0
1 0
9 0
6 0
2 160
3 688
3 1984
2 40
2 194
9 24
8 924
3 124
7 304
6 36
9 542
8 74
6 2604
3 32
2 66
4 18
9 0
7 378
7 88
3 0
10 20
2 90
1 0
6 252
7 0
2 58
5 200
10 852
2 930
9 0
8 0
6 2884
6 2140
1 0
10 0
2 2070
4 0
5 8
4 432
4 0
6 2700
10 0
5 0
3 376
5 0
7 404
8 80
7 22
1 0
10 2712
7 0
8 434
6 600
10 284
4 92
3 0
4 744
4 12
3 74
5 234
7 608
5 0
5 614
2 2352
4 0
10 236
9 460
3 182
9 2820
