56 1230
53 440
48 148
51 596
22 794
47 70
25 212
50 198
49 56
31 226
20 632
16 102
1 0
11 2464
52 616
33 1320
48 144
49 146
48 258
53 956
48 76
61 1132
57 968
48 46
11 122
16 48
50 280
49 52
13 132
1 0
50 80
50 274
48 112
16 304
31 2192
25 178
48 152
17 54
28 904
48 22
43 752
20 170
58 1122
1 0
39 1140
21 830
25 184
52 446
3 2756
14 846
23 22
50 50
57 1296
27 86
21 0
58 1002
52 164
1 0
60 1284
51 194
48 244
20 170
23 80
62 1234
6 2942
48 302
53 2366
47 86
2 0
47 146
1 0
32 114
24 80
51 178
33 970
4 0
21 372
32 278
51 192
62 1254
29 0
15 308
1 0
51 424
51 288
60 1356
27 738
28 662
2 324
10 406
1 0
2 188
49 66
31 230
4 192
47 98
49 226
3 2340
6 202
34 168
