125 26000
4 220500
88 25864
504 4548
206 47708
1 0
474 932
166 26790
495 8
459 2208
251 46818
465 918
487 2216
15 253628
332 17750
204 54270
80 9748
453 4502
4 0
6 13642
16 26200
10 5484
309 8726
495 1970
92 16164
91 288510
199 49760
12 160
6 484
154 44122
304 10082
305 1082
459 2030
1 0
166 43480
468 5770
1 0
207 44522
1 0
52 20182
501 13200
132 11792
499 1826
140 1382
142 37830
497 16478
249 47320
28 330
3 306
249 2400
303 1700
471 11394
103 10628
5 9918
487 4412
74 20622
204 39320
477 1794
157 14206
490 924
459 8872
2 3096
22 4508
490 3934
327 3518
26 796
2 5636
31 17100
464 4990
128 37966
3 0
4 554
100 243654
457 20120
303 7778
109 21678
112 52136
202 47986
480 1608
57 3288
49 13884
485 11300
197 3616
1 0
490 2496
122 0
167 44378
2 4124
134 11088
478 5326
466 8342
329 12688
472 1180
140 40798
109 24200
476 114
483 2174
205 60804
1 0
2 233772
