101
1
1
201
2
1 2
202
1
2
302
1
3
302
1
3
303
1
4
303
1
4
402
2
3 6
403
1
5
403
1
6
403
1
6
404
1
7
404
1
7
404
1
8
404
1
8
503
1
9
503
1
9
504
1
10
504
1
10
504
1
11
504
1
11
504
1
12
504
1
12
505
1
13
505
1
13
505
1
14
505
1
14
505
1
15
505
1
15
505
1
16
505
1
16
604
1
17
604
1
17
604
1
18
604
1
18
605
1
19
605
1
19
605
1
20
605
1
20
605
1
21
605
1
21
605
1
22
605
1
22
605
1
23
605
1
23
605
1
24
605
1
24
606
1
25
606
1
25
606
1
26
606
1
26
606
1
27
606
1
27
606
1
28
606
1
28
606
1
29
606
1
29
606
1
30
606
1
30
606
1
31
606
1
31
606
1
32
606
1
32
705
1
33
705
1
33
705
1
34
705
1
34
705
1
35
705
1
35
705
1
36
705
1
36
706
1
37
706
1
37
706
1
38
706
1
38
706
1
39
706
1
39
706
1
40
706
1
40
706
1
41
706
1
41
706
1
42
706
1
42
706
1
43
706
1
43
706
1
44
706
1
44
706
1
45
706
1
45
706
1
46
706
1
46
706
1
47
706
1
47
706
1
48
706
1
48
707
1
49
707
1
49
707
1
50
707
1
50
