616
2
5 10
115
1
1
14
2
1 2
214
12
1 2 3 4 5 6 7 8 9 10 11 12
162
8
1 2 3 4 5 6 7 8
48
2
1 2
200
2
3 6
146
1
5
324
1
7
75
4
1 2 3 4
500
2
3 6
15
8
1 2 3 4 5 6 7 8
388
1
7
221
2
4 8
204
1
2
476
1
8
392
1
7
59
3
1 2 3
111
1
1
332
1
9
170
13
1 2 3 4 5 6 7 8 9 10 11 12 13
95
4
1 2 3 4
172
1
7
65
2
1 2
81
1
9
39
1
5
67
2
1 2
11
1
6
324
3
5 10 15
24
1
4
18
6
1 2 3 4 5 6
17
6
1 2 3 4 5 6
588
1
10
294
2
3 6
20
1
7
56
2
3 6
311
2
4 8
427
1
10
4
2
1 2
240
1
4
476
1
10
48
2
3 6
47
3
5 10 15
572
1
7
181
1
1
27
4
1 2 3 4
176
3
1 2 3
37
2
6 12
103
5
1 2 3 4 5
70
1
1
124
1
7
340
1
5
41
3
5 10 15
484
1
9
610
2
4 8
53
1
9
226
2
5 10
24
1
10
77
10
1 2 3 4 5 6 7 8 9 10
516
2
5 10
173
17
1 2 3 4 5 6 7 8 9 10 11 12 13 14 15 16 17
119
4
1 2 3 4
47
5
1 2 3 4 5
108
1
7
40
2
5 10
58
2
1 2
24
5
1 2 3 4 5
252
2
6 12
126
1
4
62
1
10
628
3
4 8 12
67
6
1 2 3 4 5 6
28
3
5 10 15
120
1
8
54
16
1 2 3 4 5 6 7 8 9 10 11 12 13 14 15 16
31
1
3
132
2
1 2
160
3
5 10 15
350
1
3
470
1
10
808
3
5 10 15
12
1
1
174
2
3 6
103
1
10
99
1
3
443
4
1 2 3 4
111
1
4
55
1
1
506
2
5 10
260
1
2
180
1
5
37
2
4 8
112
7
1 2 3 4 5 6 7
158
1
10
801
1
10
360
2
5 9
98
8
1 2 3 4 5 6 7 8
87
1
4
512
1
5
336
1
4
