326
1
2249
180
1
2029
63
1
2106
155
10
132 264 396 528 660 792 924 1056 1188 1320
306
5
806 1612 2417 3222 4027
337
1
2133
1272
1
2431
845
1
1706
973
1
2352
193
4
897 1794 2690 3586
293
5
688 1376 2064 2752 3439
587
1
2274
242
1
1006
1092
1
1808
466
1
1187
1248
1
2037
333
1
2396
1044
1
2027
257
1
539
54
1
2126
52
4
865 1729 2593 3457
139
1
2113
192
1
2010
488
5
795 1590 2385 3179 3973
110
3
195 390 585
537
1
1228
347
1
1250
57
5
436 872 1308 1744 2180
415
1
2492
262
1
156
60
1
1641
324
13
339 678 1017 1356 1695 2034 2373 2712 3051 3390 3729 4067 4405
713
1
2130
174
10
191 382 573 764 955 1146 1337 1528 1719 1910
679
1
2293
192
13
339 678 1017 1356 1695 2034 2373 2712 3051 3389 3727 4065 4403
90
1
2491
369
1
1306
344
4
737 1473 2209 2945
1526
2
692 1384
840
1
1919
272
1
2267
237
1
845
155
12
287 573 859 1145 1431 1717 2003 2289 2575 2861 3147 3433
282
1
2268
576
1
2031
513
1
2180
624
1
1946
40
1
683
420
1
1687
1042
1
2436
270
54
65 130 195 260 325 390 455 520 585 650 715 780 845 910 975 1040 1105 1170 1235 1300 1365 1430 1495 1560 1625 1690 1755 1820 1885 1950 2015 2080 2145 2210 2275 2340 2405 2470 2535 2600 2665 2730 2795 2860 2925 2990 3055 3120 3185 3250 3315 3380 3445 3510
196
14
287 574 861 1148 1435 1722 2009 2296 2583 2870 3156 3442 3728 4014
66
6
706 1412 2117 2822 3527 4232
849
1
2345
207
12
361 722 1083 1444 1805 2166 2527 2888 3249 3610 3971 4331
212
6
573 1146 1719 2292 2865 3438
375
1
2221
204
13
240 480 720 960 1200 1440 1680 1920 2160 2400 2639 2878 3117
300
1
1693
86
5
770 1540 2310 3080 3849
136
5
377 754 1131 1508 1884
247
1
2157
588
3
143 286 428
761
1
1197
49
2
689 1377
224
4
490 980 1470 1959
1600
1
2344
612
1
1693
732
1
2036
1067
2
875 1750
37
2
1485 2969
44
4
240 480 720 960
58
3
1215 2430 3645
544
3
1035 2069 3103
443
3
392 783 1174
236
5
711 1421 2131 2841 3551
232
3
1216 2432 3648
23
1
2009
297
1
2193
141
1
2053
279
13
336 672 1008 1344 1680 2016 2352 2688 3024 3360 3696 4032 4368
164
6
11 22 33 44 55 65
24
1
2214
822
3
988 1976 2964
110
1
2221
948
3
608 1216 1824
1405
3
1213 2426 3639
195
5
444 888 1331 1774 2217
263
1
2230
185
2
28 56
420
2
881 1761
389
1
2354
744
1
2381
1155
2
701 1402
475
1
2358
305
12
322 644 966 1288 1610 1932 2254 2576 2897 3218 3539 3860
250
1
213
113
3
79 158 237
140
2
743 1486
