1465
1
3164072055922184
973
1
11106611
476
1
30898969993
213
1
73355431298
1352
1
2150492790118699
1294
5
991891184452150 1983782368904300 2975673553356450 3967564737808600 4959455922260750
1104
1
52127202885
1354
32
268486190916998 536972381833996 805458572750994 1073944763667992 1342430954584990 1610917145501988 1879403336418986 2147889527335984 2416375718252982 2684861909169980 2953348100086978 3221834291003976 3490320481920974 3758806672837972 4027292863754970 4295779054671968 4564265245588966 4832751436505964 5101237627422962 5369723818339960 5638210009256958 5906696200173956 6175182391090954 6443668582007952 6712154772924950 6980640963841948 7249127154758946 7517613345675944 7786099536592942 8054585727509940 8323071918426938 8591558109343936
3776
3
2313285475366766 4626570950733531 6939856426100296
344
1
35
316
1
3033076836144313
1260
1
14725
804
18
214768860005646 429537720011292 644306580016938 859075440022584 1073844300028230 1288613160033876 1503382020039522 1718150880045168 1932919740050814 2147688600056460 2362457460062106 2577226320067752 2791995180073398 3006764040079044 3221532900084689 3436301760090334 3651070620095979 3865839480101624
1611
1
1516860914904597
6648
1
4783222120576353
2369
1
48828959
100
1
3067610194476067
1221
1
62269263194
430
2
910 1819
2724
1
2741114090281
2286
1
26311598771
267
1
64531558095641
2149
1
2430420703204796
3803
4
800696445116795 1601392890233590 2402089335350384 3202785780467178
5598
1
4569530533344567
3554
2
471310954977190 942621909954380
172
1
3672762301487
4200
1
546583522393918
1945
1
86547372082315
517
2
1511765549558176 3023531099116351
4770
1
3782878435306007
1170
1
666193320039650
936
1
1849046965774692
4004
1
1767301728920089
321
1
9
1468
1
25172231508
6625
1
4424466907601928
359
4
130043 260086 390128 520170
3328
1
2096335285755742
877
1
1683945331801715
756
2
1544400881895543 3088801763791085
2479
1
59856
9016
1
4936019486108273
1584
9
688803122598941 1377606245197882 2066409367796823 2755212490395764 3444015612994705 4132818735593646 4821621858192587 5510424980791528 6199228103390468
432
1
30558900
936
1
2911
486
10
725377378826731 1450754757653462 2176132136480193 2901509515306924 3626886894133655 4352264272960386 5077641651787117 5803019030613848 6528396409440579 7253773788267310
577
7
1285555 2571110 3856665 5142220 6427775 7713330 8998884
2995
1
54076
368
6
1330233383088421 2660466766176842 3990700149265263 5320933532353684 6651166915442105 7981400298530526
1377
2
2474596456514566 4949192913029131
3322
4
137773496135098 275546992270196 413320488405294 551093984540391
1187
1
1348761181280012
171
5
80 159 238 317 396
2626
1
4903171881667315
88
1
336
1708
1
158494101849597
1130
1
1357311525483082
3147
1
20673385622871
372
2
280159998719320 560319997438640
1626
11
40663731511650 81327463023300 121991194534950 162654926046600 203318657558250 243982389069900 284646120581550 325309852093200 365973583604850 406637315116500 447301046628149
14
2
3 6
580
1
3204221498351713
350
1
544943476579215
246
1
538787538
205
1
13
864
15
438174505277028 876349010554056 1314523515831084 1752698021108112 2190872526385140 2629047031662168 3067221536939196 3505396042216224 3943570547493252 4381745052770280 4819919558047308 5258094063324336 5696268568601364 6134443073878391 6572617579155418
2132
1
1808181440446782
689
1
3928687689410058
4023
2
273654669 547309338
6602
1
4245968371964443
1920
1
473151
633
1
3023237521669650
101
1
4657023430437091
314
3
1402098057965595 2804196115931190 4206294173896784
593
13
512345331292418 1024690662584836 1537035993877254 2049381325169672 2561726656462090 3074071987754508 3586417319046925 4098762650339342 4611107981631759 5123453312924176 5635798644216593 6148143975509010 6660489306801427
4982
1
637698419437662
431
1
6
1413
1
820550244609
1628
4
1389574603 2779149206 4168723808 5558298410
139
4
13013902707 26027805414 39041708121 52055610828
1829
1
25432103619
219
6
173631097 347262194 520893291 694524387 868155483 1041786579
51
2
42871017 85742033
101
1
4133386770197027
792
7
809588108717749 1619176217435498 2428764326153246 3238352434870994 4047940543588742 4857528652306490 5667116761024238
3294
3
1748283597871794 3496567195743587 5244850793615380
243
1
7813
680
1
3664
20
2
1 2
370
8
17485490 34970980 52456469 69941958 87427447 104912936 122398425 139883914
642
2
6917344891370 13834689782739
676
1
2135996446124033
747
7
210998828368678 421997656737356 632996485106034 843995313474711 1054994141843388 1265992970212065 1476991798580742
564
1
2921946876746780
1211
22
362937856952122 725875713904244 1088813570856366 1451751427808488 1814689284760610 2177627141712732 2540564998664854 2903502855616976 3266440712569098 3629378569521219 3992316426473340 4355254283425461 4718192140377582 5081129997329703 5444067854281824 5807005711233945 6169943568186066 6532881425138187 6895819282090308 7258757139042429 7621694995994550 7984632852946671
2904
3
1959715052582097 3919430105164194 5879145157746290
1455
3
8245665 16491330 24736995
868
1
551
153
1
2445
