29
-1
54
10
5
27
15
29
36
18
76
14
-1
17
7
27
41
42
18
21
44
44
21
22
53
12
44
22
35
61
23
32
44
-1
59
4
12
16
23
68
48
18
-1
59
6
55
31
82
-1
11
14
58
1
13
19
-1
13
34
36
29
19
45
20
54
80
60
30
45
27
17
14
31
36
29
17
6
19
14
-1
23
36
4
16
24
30
35
34
18
25
15
49
-1
15
3
56
48
47
9
72
-1
-1
25
61
29
21
-1
9
20
40
16
2
13
27
18
50
11
33
18
24
6
47
13
-1
64
47
40
82
46
20
48
19
44
38
9
24
37
19
9
8
14
22
-1
28
27
39
33
35
12
-1
29
21
61
22
39
25
18
2
52
14
14
2
35
12
28
51
2
32
45
18
2
13
75
19
34
13
7
38
11
12
6
-1
12
24
14
-1
-1
44
62
65
67
42
49
17
26
46
47
43
-1
45
16
46
15
30
42
24
12
-1
12
3
24
23
10
2
18
30
19
24
29
45
3
9
23
8
21
71
20
31
16
-1
37
44
40
29
23
16
42
8
-1
10
20
16
49
7
-1
32
57
32
15
27
16
-1
3
60
30
52
10
39
-1
17
39
21
33
38
19
29
46
57
19
-1
7
31
9
12
24
25
26
68
11
22
11
22
18
10
60
-1
22
50
-1
80
25
61
5
9
10
17
34
50
70
58
41
25
27
39
13
51
20
12
65
47
24
14
38
61
14
29
-1
24
41
23
24
5
13
12
3
-1
12
74
11
36
42
33
8
12
49
12
-1
37
24
14
8
44
28
10
59
6
23
13
79
43
16
38
33
-1
12
55
-1
33
49
5
24
14
18
47
24
51
14
23
37
-1
39
39
83
40
8
9
115
55
10
15
16
73
48
21
16
69
35
9
6
36
26
10
42
38
-1
19
8
42
41
30
-1
39
54
17
18
49
8
34
13
7
26
15
3
22
24
64
12
23
41
52
41
72
46
5
23
6
10
10
5
36
55
27
41
72
11
35
20
13
26
42
12
13
-1
20
26
48
22
-1
18
22
32
84
15
38
-1
45
18
55
-1
13
37
13
17
35
53
10
6
33
6
35
14
15
41
66
16
54
41
38
29
30
52
61
11
65
27
22
67
12
21
29
39
6
85
23
17
3
54
20
54
36
10
