277
147
1011
340
17
496
317
678
454
124
371
674
163
650
477
1286
33
459
188
485
416
723
908
799
168
279
748
543
42
668
736
707
626
856
191
379
230
280
427
993
521
433
282
790
842
510
265
261
708
174
465
554
353
870
232
361
318
790
308
102
247
302
1166
156
583
163
138
318
283
671
234
1283
113
399
43
1199
38
1542
291
758
444
1310
428
192
1007
393
360
154
130
391
823
396
544
872
132
532
473
351
270
351
122
96
390
1088
402
262
586
998
6
264
996
704
596
874
164
213
247
162
1255
764
177
112
27
741
480
331
75
497
246
992
701
1274
722
467
1198
47
317
123
255
61
432
979
885
264
134
186
296
392
377
61
914
671
722
594
210
200
39
275
1202
193
300
274
680
1000
935
351
557
1286
423
322
651
874
205
327
1260
446
8
972
338
314
347
196
797
69
284
429
218
522
1064
1429
615
130
233
712
252
642
392
90
530
413
669
304
36
378
309
32
400
44
534
87
862
1557
446
597
480
424
155
386
85
887
724
634
192
713
70
471
142
377
1022
74
97
34
903
774
580
998
1158
525
376
182
965
626
356
385
1437
1398
24
634
667
737
501
387
27
134
893
377
1509
1198
375
363
158
138
99
1312
136
1104
648
433
74
684
760
1042
582
451
680
1207
495
622
178
1130
105
1399
597
1049
469
1165
688
322
386
1109
1356
20
48
472
479
367
778
347
612
82
154
239
849
596
472
1056
546
69
258
972
982
216
731
73
1170
567
1196
122
521
146
1664
284
9
346
324
1327
1118
1152
157
797
473
184
145
319
628
67
714
810
391
791
514
313
386
462
720
1300
332
43
1027
939
349
16
451
337
114
345
257
963
18
900
16
834
1233
63
756
838
74
1388
379
683
151
430
278
529
978
743
697
719
950
396
118
253
373
1038
1
95
42
828
153
630
107
72
571
121
1664
545
1293
891
140
1659
1031
473
1065
64
610
813
954
448
1187
353
118
13
492
1086
83
416
1173
238
1521
450
404
767
304
544
163
160
516
427
551
594
502
360
975
327
357
160
1198
454
506
291
278
419
878
13
259
42
947
1108
859
421
278
358
320
1061
258
446
612
508
91
889
884
986
326
250
667
216
1180
37
618
1307
755
1005
144
77
475
463
42
26
404
560
193
274
116
1193
268
517
966
173
35
236
161
1235
236
835
718
295
377
1644
1366
489
142
182
1159
257
309
876
1046
333
326
32
387
1514
293
677
329
831
406
152
977
171
539
217
1
936
586
180
1239
458
424
46
20
1243
135
744
424
509
201
1087
5
135
547
878
714
55
752
1264
729
346
389
1185
40
1100
74
803
804
1117
902
405
500
146
792
223
75
447
954
735
250
618
524
1124
410
101
186
720
465
1074
158
1072
794
1109
534
268
452
1053
856
332
243
9
97
394
489
173
232
660
117
22
925
132
734
623
329
92
346
441
406
86
265
414
556
252
922
728
435
1018
145
243
1430
923
426
756
335
1152
132
656
327
440
54
75
622
838
885
895
332
251
471
47
380
981
617
561
677
662
780
1055
1098
842
1122
374
977
152
362
161
170
1286
859
486
260
1309
1639
677
512
23
112
482
555
103
39
255
745
782
96
67
415
632
697
29
280
164
33
1497
1538
934
240
605
1575
153
1017
67
1386
171
551
977
247
181
327
781
917
902
159
136
374
495
1619
720
626
251
1193
692
492
319
713
85
818
491
1244
587
206
20
459
591
1426
956
615
53
870
623
500
1078
824
594
278
512
430
511
696
495
837
711
277
11
360
501
1114
558
891
765
795
1010
32
834
651
172
298
958
207
400
-1
1360
906
401
93
318
891
1020
596
645
913
109
252
29
665
713
612
680
197
220
854
523
949
80
425
297
1187
80
1303
448
452
483
690
120
920
994
483
1343
1106
672
282
542
1120
1654
132
1018
302
197
53
320
1230
298
229
801
588
1657
157
322
1181
225
1424
922
936
541
254
110
350
37
128
248
166
1412
464
21
1128
662
125
310
349
70
109
702
645
1518
217
548
1043
125
604
426
927
653
1042
298
77
126
143
311
775
1039
272
882
1622
263
193
1058
787
137
1329
228
1612
788
1318
837
842
1067
1053
332
877
172
298
509
909
235
279
227
1206
71
22
577
351
356
242
228
61
434
333
95
45
432
214
127
669
1432
286
470
307
1183
442
854
618
242
582
754
1169
2
79
537
1569
236
1107
1232
1405
20
72
481
30
85
190
413
49
1207
428
810
394
651
34
367
118
235
533
405
338
884
87
26
581
105
181
839
519
804
595
369
124
714
141
676
196
516
867
657
642
757
485
503
582
140
537
108
16
95
148
143
548
1277
416
254
768
730
489
537
1305
41
120
149
388
1458
200
1295
4
821
1065
762
331
167
402
588
206
112
869
327
361
63
3225
624
624
1096
533
326
601
138
191
126
627
326
985
1143
1268
1438
57
572
26
31
112
220
76
54
207
32
296
824
717
21
866
44
162
49
1064
129
680
275
726
202
330
519
316
100
382
183
1500
973
336
117
734
506
1047
105
1034
87
261
491
396
1428
1161
481
349
94
749
574
702
883
536
169
431
1195
636
426
327
989
732
372
1375
812
199
128
592
268
37
256
1048
998
254
1124
83
249
231
387
85
129
94
287
1582
542
375
436
983
643
176
484
837
429
313
160
160
1197
540
53
122
856
906
471
889
1212
264
542
157
898
482
633
410
515
482
249
242
-1
645
210
1567
776
596
131
392
955
280
852
452
96
1429
234
452
860
498
47
123
1125
189
441
715
892
841
273
1309
315
395
256
482
914
254
1414
210
1004
244
383
932
98
207
237
399
98
229
67
488
351
1164
275
1002
82
277
659
-1
789
536
84
64
807
471
260
175
125
857
49
66
415
723
14
542
724
343
671
706
881
171
2388
1315
361
16
500
706
28
510
441
128
605
214
395
64
694
715
152
866
452
461
314
21
799
111
316
683
1417
1082
47
454
222
209
951
745
32
741
239
507
497
416
477
586
705
199
1040
439
52
105
1168
866
296
1348
460
127
1025
693
426
347
1027
347
-1
426
942
205
793
1528
497
1052
878
777
434
759
948
295
666
339
29
403
413
1002
397
38
458
317
91
480
837
499
677
624
51
476
593
221
450
932
738
1095
155
460
23
880
182
49
983
97
1562
546
974
258
512
657
402
1187
149
336
534
386
650
833
144
585
6
653
506
62
9
177
263
327
1518
47
82
741
35
199
1058
17
744
619
126
741
901
274
437
266
438
329
64
347
162
469
467
227
999
913
773
548
1071
255
606
56
1067
1517
292
385
1160
884
173
615
904
524
183
437
401
36
1267
774
475
336
178
480
978
129
394
1196
1340
323
572
729
51
886
601
329
273
564
1648
254
142
-1
4350
23
729
642
576
309
180
159
204
399
4
671
712
250
113
301
-1
276
209
139
1228
671
89
531
865
366
502
878
77
573
848
75
309
56
497
252
803
462
338
627
241
608
47
530
681
229
963
212
831
246
709
563
442
621
512
391
484
448
8
786
263
-1
98
1593
617
892
28
512
167
668
923
1344
161
440
201
727
1150
447
886
424
365
314
930
393
486
636
307
1232
72
5
329
1329
227
900
213
894
1176
903
992
90
1080
14
717
754
686
210
282
326
389
911
664
323
789
1119
692
406
734
726
577
1107
91
14
640
53
185
761
1008
439
794
625
652
299
587
128
22
134
1427
299
334
4920
1109
72
156
243
438
458
1111
953
169
518
679
788
178
731
432
383
1310
1190
702
316
383
19
431
855
1314
233
488
274
894
507
155
1659
803
629
35
392
152
1144
443
120
310
848
608
1490
830
127
154
3
50
251
259
3857
1181
424
905
300
890
828
398
247
106
352
345
134
345
642
110
452
989
450
338
623
888
667
819
298
680
294
296
613
54
937
227
1232
451
587
1475
905
958
780
948
549
141
707
479
1213
691
577
643
873
1262
120
325
326
154
1187
528
325
1090
311
805
707
6
987
373
813
133
70
547
367
102
1234
12
152
666
169
565
708
149
879
1061
440
448
372
148
487
302
117
517
306
156
358
39
1285
395
477
840
650
678
218
1173
230
308
187
568
323
334
586
1192
121
154
34
219
755
19
129
403
308
944
48
388
771
1209
411
170
545
880
709
1548
559
856
221
1389
141
122
639
336
469
921
148
812
326
671
111
437
668
619
93
842
470
500
197
1556
888
633
809
1329
231
-1
562
312
1297
152
538
234
25
993
195
492
44
299
382
528
566
291
119
94
448
13
1610
79
466
74
31
267
796
194
812
29
705
172
750
311
910
95
59
744
1057
363
7
12
962
1656
630
775
801
464
304
1017
861
493
591
79
178
1238
428
916
1188
844
472
160
222
884
20
1379
390
842
175
568
1310
1177
326
967
355
163
743
1238
685
1322
1370
206
1091
1567
951
331
799
411
36
1041
543
1083
71
343
337
426
80
720
11
1016
509
173
489
622
438
656
308
1070
950
454
1202
90
802
457
861
435
381
5383
299
338
611
654
370
532
582
1323
85
769
1125
871
269
762
217
155
182
156
140
633
433
820
1139
385
31
270
293
247
1093
347
119
486
1085
358
42
285
240
542
226
445
1099
35
146
697
774
375
651
1318
293
958
910
1161
195
696
493
419
82
652
200
71
310
390
440
526
68
94
282
446
1354
1035
623
626
127
512
373
685
321
208
1492
423
253
272
320
4
346
1197
83
1400
239
70
144
467
1132
321
275
422
1382
893
175
243
726
1403
47
660
516
416
361
346
868
566
931
860
527
556
688
1266
1001
645
594
276
139
1336
720
19
358
12
1120
1074
126
822
227
359
1083
1149
462
186
276
1037
82
931
1370
687
409
470
897
839
1007
1184
646
766
409
437
368
35
749
572
14
480
497
914
670
31
844
1412
222
604
732
315
48
1128
106
546
1564
151
344
925
102
1595
786
644
782
239
232
338
714
1258
317
492
1060
294
570
562
251
291
274
380
1200
552
574
690
698
-1
240
108
1056
584
27
484
370
1257
62
1182
449
447
354
1027
229
22
152
182
20
590
728
247
279
45
452
56
608
764
493
77
420
82
352
325
117
629
236
1078
332
101
623
181
1164
916
294
416
-1
581
883
613
735
1219
656
385
202
143
547
51
295
405
74
59
389
32
363
62
838
482
302
1070
216
1128
219
44
55
181
51
627
947
429
658
928
283
26
3256
1278
688
674
806
272
930
142
732
312
669
900
684
280
141
432
218
776
268
1046
50
794
529
96
698
390
122
752
298
945
15
399
232
708
149
158
315
201
528
588
761
790
698
293
822
77
531
130
302
285
1162
741
1145
68
120
550
327
457
99
76
865
1089
246
151
171
437
883
1677
551
1346
1167
249
147
532
201
225
342
599
288
273
431
1499
507
1298
183
456
236
700
255
429
784
493
584
265
263
663
588
191
497
1055
1008
242
308
152
529
225
279
245
740
469
932
256
896
1478
90
128
728
558
697
210
1419
581
672
398
203
490
344
480
234
706
490
317
21
1265
26
74
51
219
308
876
834
188
21
234
630
632
704
879
873
523
254
676
662
1027
1225
99
913
432
20
108
647
18
387
217
363
481
1008
1063
417
1056
882
275
294
1425
496
136
134
437
276
825
513
460
26
59
985
505
86
58
763
661
258
293
215
669
893
404
374
711
491
96
112
833
1288
338
447
119
509
1083
447
363
714
864
702
135
1450
131
1592
212
657
232
251
116
321
448
471
97
372
537
374
1042
829
447
798
345
370
306
1209
165
281
329
948
483
647
1055
433
995
688
357
831
54
738
361
641
434
629
583
1145
887
522
902
29
165
194
1222
442
244
858
518
896
194
1413
341
493
354
223
357
333
404
530
496
540
145
173
1202
353
18
680
358
429
390
9
483
265
690
1197
834
439
78
298
88
991
887
1408
182
2
737
138
66
653
1612
396
1339
122
1040
635
945
421
1244
1186
84
449
551
785
570
47
312
1011
195
370
726
303
643
127
1420
1289
230
463
1174
105
410
566
369
620
1220
430
492
56
1081
785
18
729
51
164
224
165
362
1022
319
644
479
833
885
456
114
365
891
569
532
867
380
915
609
1218
673
194
754
1107
417
252
1061
876
473
808
555
852
715
862
1013
1029
443
1110
219
101
665
1200
145
49
412
392
615
447
249
205
858
78
981
746
411
685
640
644
699
1113
1044
681
159
199
588
52
293
475
453
681
58
296
147
1324
926
406
224
264
302
464
195
41
150
613
15
321
263
284
127
172
167
149
435
831
1602
374
899
981
306
285
739
254
400
257
445
696
342
267
864
209
447
222
255
175
617
144
542
86
680
86
76
326
292
532
120
751
415
773
488
414
944
663
940
999
79
29
47
234
937
573
1058
350
647
996
1086
1535
723
167
262
213
1216
68
3408
478
1645
1152
273
38
764
617
528
248
301
424
386
275
399
467
861
741
915
1095
456
485
315
121
1401
1204
108
710
590
377
44
182
1411
579
37
618
1073
231
131
444
442
918
413
581
398
858
1000
160
470
234
991
715
738
145
1419
712
221
468
21
593
742
193
1619
633
444
11
1647
597
431
14
607
211
927
106
433
55
220
849
294
944
793
899
439
884
916
1250
456
642
350
666
223
110
129
988
92
1337
490
192
4438
1142
409
422
179
1228
334
366
173
416
154
259
232
389
311
142
927
175
602
21
231
369
405
307
518
62
940
508
1315
643
113
1063
435
452
575
277
1024
501
445
200
61
185
104
633
1030
420
515
890
-1
595
188
173
278
59
558
832
1651
191
1277
1004
262
281
483
437
1122
329
996
1097
483
621
481
156
1004
15
246
449
746
311
488
1020
699
652
301
1384
222
404
1496
726
170
899
573
353
735
822
719
379
368
1020
379
231
306
731
84
77
398
1004
1259
824
274
292
1062
369
505
810
135
474
989
450
34
376
1326
160
221
58
26
196
1120
765
122
19
39
657
1106
673
762
353
4
1132
945
644
1558
312
95
340
140
730
119
977
679
529
298
404
1027
618
324
108
276
743
852
527
1245
867
722
967
340
738
103
1138
1147
745
410
867
42
326
394
702
167
25
696
752
1420
483
462
163
83
499
1472
1140
683
147
862
291
1118
990
387
107
220
799
730
622
170
126
261
1080
357
809
1000
422
736
-1
161
512
792
792
560
848
762
462
561
50
146
723
262
503
1014
812
338
530
708
751
600
271
300
572
868
142
1182
61
733
793
103
993
69
569
896
55
996
381
603
857
62
219
446
881
558
706
266
437
310
317
566
1044
565
1282
164
206
249
486
1358
389
899
428
113
439
351
969
678
135
1184
883
8
690
5
113
871
935
299
368
806
284
577
339
374
609
838
1313
214
1224
122
690
766
281
788
909
843
407
91
342
242
241
475
85
798
1419
281
24
631
254
582
510
751
376
621
874
686
192
1000
1014
521
504
498
149
475
605
1162
383
126
467
280
139
649
640
799
809
546
330
332
429
778
67
486
345
146
1080
821
825
351
488
1608
69
581
737
861
450
464
713
464
845
435
151
370
264
926
77
270
-1
165
1179
524
909
138
1018
571
214
581
376
986
321
380
800
-1
1605
73
498
585
23
89
350
117
1250
500
8
128
779
192
304
998
378
223
455
716
964
409
326
722
844
912
124
318
253
721
597
81
466
553
766
184
1452
89
731
160
5
1224
258
145
301
1020
212
854
209
175
950
694
92
1268
147
469
426
170
156
345
89
225
19
397
138
68
360
260
489
223
93
189
822
812
120
597
615
1798
314
941
504
220
1082
330
612
876
1372
433
224
41
1507
434
815
166
84
69
395
971
423
161
957
640
670
597
24
504
658
435
170
170
671
161
1032
252
486
480
486
179
998
270
740
591
8
359
341
626
318
31
909
494
180
882
181
114
100
848
93
570
1094
229
1326
249
434
946
1504
300
267
303
940
379
745
95
177
319
59
784
258
491
525
442
632
973
348
-1
1012
801
120
417
573
456
497
1178
223
865
524
873
820
372
1020
43
76
418
82
1171
997
241
685
600
880
746
438
937
919
766
740
642
227
632
1191
202
52
933
883
632
498
609
974
195
676
780
557
419
1226
451
378
189
308
153
509
968
222
834
353
71
188
430
250
118
580
180
1355
250
117
422
267
269
320
711
1415
1041
999
320
209
873
281
672
478
56
378
457
24
205
475
172
280
289
1342
622
549
199
757
636
238
208
107
271
272
125
-1
677
278
27
249
276
121
617
648
216
537
1012
1448
716
522
259
77
212
390
858
535
988
368
974
539
150
375
890
295
515
461
381
965
1568
1276
129
235
1547
135
812
813
40
570
1165
79
873
319
392
1091
137
980
675
629
247
35
387
110
1090
772
470
334
382
120
657
205
538
376
547
250
10
376
828
353
253
400
3420
482
705
827
508
487
554
968
190
294
37
228
1047
476
89
132
45
116
44
823
906
145
1074
1218
1305
25
371
231
321
987
1344
31
46
525
524
580
236
176
684
710
167
143
717
75
1147
665
904
68
183
192
160
246
166
586
770
265
401
220
178
261
629
1361
132
393
679
560
749
420
889
60
145
841
226
402
753
737
539
690
277
271
321
499
844
466
644
384
335
951
89
571
200
1084
272
515
1383
544
1470
451
381
994
293
65
842
636
537
224
640
252
1641
201
1200
1055
231
141
66
272
127
37
542
684
435
469
177
491
415
534
158
245
286
1374
215
103
186
1302
127
328
162
468
1406
408
483
189
384
223
213
71
434
263
904
54
498
879
339
577
1137
930
190
170
256
511
293
435
552
208
748
123
367
633
699
614
989
271
747
209
257
366
674
1248
79
108
752
350
27
541
46
272
429
1167
120
592
654
578
46
445
16
344
202
644
497
66
223
562
86
402
211
1020
693
273
137
220
1044
69
1390
224
269
324
365
222
715
648
548
179
744
1620
461
1408
332
105
15
135
808
809
779
175
1193
466
941
261
911
341
235
66
966
453
872
1070
1592
884
915
608
1009
551
1140
539
296
700
12
670
1195
186
932
59
462
695
1456
1347
547
1326
108
689
430
356
213
380
238
168
1569
33
196
1405
325
142
228
1200
66
23
69
990
338
485
1423
6
650
277
1459
133
14
302
363
852
115
709
423
744
755
177
331
607
648
269
721
960
856
408
1169
286
938
923
422
244
147
917
881
870
402
504
313
354
844
99
37
68
71
1084
804
1599
780
474
71
218
133
1304
285
178
721
250
652
457
1047
474
504
709
855
1090
869
176
452
168
330
459
54
555
487
63
572
960
1353
481
835
125
674
517
915
674
1055
446
650
21
41
456
371
1148
56
548
1246
693
564
260
109
668
425
1339
1209
589
33
926
646
432
763
369
611
1295
1207
462
1430
722
462
339
87
620
331
3
413
992
831
1159
866
726
929
677
72
6
138
356
51
427
591
387
121
24
788
231
1357
768
142
368
590
717
699
141
647
312
1056
60
826
60
430
42
716
-1
836
759
679
232
15
161
202
245
955
119
735
772
751
700
970
274
216
900
690
297
848
62
1129
344
439
1144
375
470
711
219
558
1320
79
469
894
397
335
892
705
64
183
284
1340
117
477
175
559
956
1349
141
289
4752
931
697
159
1069
995
135
808
110
102
216
373
470
499
129
106
145
406
633
274
362
1145
1461
1149
496
18
912
1122
313
500
530
1297
694
97
587
87
209
1614
423
127
87
948
337
230
181
45
499
628
1299
92
240
1104
517
386
228
906
475
390
638
1259
125
676
205
1086
229
153
367
1442
922
278
775
352
1002
500
171
657
550
45
357
780
303
538
29
71
985
1445
53
252
35
197
272
669
954
1310
342
623
116
464
1148
259
930
331
461
116
1214
296
860
790
269
189
1063
574
400
236
70
804
403
331
99
114
943
215
364
1099
236
939
340
366
1171
942
273
48
1059
204
348
909
385
335
446
10
300
1266
235
391
914
1087
693
195
716
414
999
764
270
858
701
268
344
555
273
459
1552
198
1254
216
505
489
935
117
58
1153
655
871
228
318
152
175
710
24
965
101
169
475
531
250
429
423
464
25
903
545
76
151
1425
286
603
191
306
441
117
458
575
677
112
462
165
219
1592
899
325
1045
313
1274
1094
317
976
123
78
60
113
36
780
395
137
222
810
237
1237
98
494
655
164
1150
53
103
730
643
301
975
642
984
717
1388
656
1122
518
-1
552
568
1118
1410
92
504
161
314
262
4015
359
1074
611
323
13
894
256
728
112
86
54
1128
1282
311
516
900
756
9
242
237
999
124
1338
250
734
564
952
512
1202
512
1138
486
947
65
80
389
30
591
702
343
436
348
513
735
356
173
802
63
242
957
425
91
488
31
556
1169
245
470
168
-1
572
338
115
260
250
419
16
665
1248
737
126
29
45
51
378
1102
1293
734
176
250
422
439
1027
729
134
634
190
101
2270
454
73
320
218
242
763
1187
219
225
229
592
1271
571
340
80
132
968
1415
634
654
369
259
1002
609
46
1179
415
39
743
908
872
691
709
147
560
277
284
759
1369
418
684
273
1067
642
771
243
317
320
301
1251
263
371
706
162
476
62
108
688
546
-1
1031
252
193
809
256
992
294
301
718
1350
71
726
989
35
230
784
699
417
59
400
292
581
534
566
843
401
398
16
574
427
976
413
830
288
314
165
918
776
125
23
371
1177
686
1570
843
469
150
77
168
9
305
284
267
672
330
388
1439
105
732
663
360
479
233
194
641
93
177
516
1063
309
105
111
371
13
830
1126
693
536
463
347
86
131
103
660
381
174
753
819
623
724
785
630
979
148
647
350
434
242
1635
1165
1660
1067
846
746
228
81
60
102
797
575
280
500
516
1469
63
308
1018
449
346
6
135
546
974
5
235
205
257
381
1123
281
49
1350
454
505
128
596
994
78
1065
72
17
606
105
302
116
450
409
976
801
726
163
45
736
190
576
845
939
1162
88
308
425
978
18
431
145
524
806
770
15
821
105
982
227
599
397
602
1158
63
127
33
442
416
1164
60
11
827
181
80
30
990
2262
269
479
871
308
188
20
36
262
1108
678
638
46
659
1044
275
15
140
1509
464
632
1128
153
703
1057
767
1483
-1
476
922
759
956
736
159
938
354
1015
1136
571
455
431
372
984
184
844
493
949
640
1037
192
962
1532
459
646
138
1372
1357
1194
311
621
315
182
209
1057
827
848
-1
685
1148
621
349
1324
248
73
377
255
115
380
285
576
1361
1072
-1
1017
203
217
132
85
919
970
62
426
78
501
26
575
1310
1554
179
218
382
1467
1367
222
124
48
214
371
953
202
1210
211
120
535
385
90
409
150
1479
722
948
415
131
145
620
318
579
194
473
459
251
256
494
122
456
90
649
246
803
1171
171
900
667
1651
800
477
320
545
409
310
749
81
-1
1146
184
443
306
81
1002
71
574
674
606
107
584
1015
712
1064
1574
529
81
1377
462
176
130
176
450
618
1407
52
177
548
196
367
426
612
351
921
983
33
822
451
945
366
785
593
3
400
292
220
181
4194
732
1082
1352
824
380
41
557
225
282
235
429
576
407
107
16
711
48
616
202
201
248
437
724
661
313
-1
827
682
436
1093
117
992
236
302
617
1194
297
63
810
30
179
309
1378
146
143
293
421
276
132
750
834
455
664
1110
51
150
431
290
341
296
715
422
1517
657
1127
197
1065
332
76
240
404
103
12
600
897
298
202
510
935
222
1171
47
423
654
18
132
1327
165
204
337
537
660
468
496
642
171
43
264
978
793
507
775
193
84
936
683
33
171
168
278
515
673
144
417
314
161
1230
233
109
639
223
851
215
736
261
141
65
749
410
12
594
21
463
500
767
576
270
703
-1
154
280
206
294
1119
198
386
349
484
208
184
235
892
456
421
568
85
1265
197
565
409
35
104
199
272
313
241
735
447
104
261
967
404
1140
954
658
902
147
261
1313
1045
353
182
539
650
329
371
32
558
414
84
806
1527
868
520
89
849
75
353
95
519
972
600
802
1234
1077
189
-1
402
686
680
199
198
135
375
73
827
53
301
80
939
1511
302
197
853
-1
441
288
82
720
13
838
1153
1154
8
321
719
155
1032
257
709
278
457
25
478
735
16
1252
685
277
445
1272
840
290
685
110
1474
187
203
356
355
1035
320
490
815
94
99
977
1421
1296
129
705
721
557
290
90
42
384
122
660
707
2070
1332
402
616
396
248
185
407
221
800
215
198
306
61
762
364
610
369
148
465
599
437
250
811
577
591
971
115
394
206
30
985
279
669
839
67
100
296
70
235
243
624
118
74
1198
386
314
413
638
36
426
625
284
4075
113
213
659
669
399
204
675
1324
124
267
137
113
394
1465
627
212
460
609
200
325
505
350
996
1001
715
439
937
155
44
774
667
112
953
131
882
421
985
551
475
263
418
920
936
664
492
986
115
1000
259
188
1369
375
457
1072
158
528
422
420
-1
4
80
408
307
316
277
140
718
292
713
110
734
910
1154
990
405
211
1577
1085
417
167
168
266
749
588
145
1297
324
717
102
1032
343
765
961
1315
14
130
475
336
1451
816
235
1480
265
315
535
264
461
458
12
288
1174
449
100
446
605
348
379
121
965
994
948
389
731
659
955
849
447
1274
172
1462
135
1427
944
525
289
315
793
727
893
1185
509
449
245
632
175
868
90
303
578
778
1085
206
682
-1
1598
828
662
120
780
347
282
223
352
112
1125
1201
82
1332
425
273
908
946
362
453
12
585
642
12
1051
750
540
258
100
-1
891
355
345
422
1515
19
300
200
307
212
580
24
149
363
153
1262
245
175
1167
133
401
1154
528
614
442
1012
330
138
603
238
-1
327
510
476
116
924
1603
506
9
626
136
232
223
626
888
971
542
130
822
42
383
1026
433
567
1029
304
594
1069
1013
277
106
450
68
758
157
461
462
451
17
1430
1132
317
319
1283
8
807
72
1392
11
283
325
835
53
1120
257
533
549
384
337
37
938
728
245
357
101
742
351
1077
54
1191
509
1190
916
760
502
568
342
253
375
106
295
167
711
478
476
314
199
734
398
14
1260
727
577
352
292
647
784
730
408
446
1184
1330
201
909
496
531
1382
374
75
162
1379
609
42
590
484
1040
446
282
1125
2595
3128
203
686
257
54
70
1338
105
353
225
655
754
450
114
1060
1075
1114
632
444
190
1314
16
421
318
209
1386
215
297
886
1294
309
1154
551
336
111
244
414
491
519
489
887
714
444
237
200
1135
159
1076
32
346
996
637
305
-1
49
334
516
818
54
184
429
487
1408
506
1414
122
773
7
178
481
582
1392
523
360
643
418
782
834
701
264
402
367
328
770
590
137
1349
889
190
325
231
145
570
199
679
852
960
242
183
23
120
500
732
1410
1146
441
415
887
138
287
416
254
59
1111
476
744
464
749
695
543
552
1102
248
267
43
768
561
221
239
408
17
974
106
461
33
402
387
19
25
1253
78
22
101
747
359
1191
324
159
473
295
835
150
726
121
139
186
302
720
887
90
495
1148
164
226
29
758
240
513
72
444
4081
988
64
1274
256
38
673
39
311
477
672
1224
687
190
474
1241
188
1526
237
213
350
533
410
578
1644
278
653
368
362
523
54
723
182
63
1141
526
44
14
611
895
524
214
232
52
311
561
620
27
38
165
236
882
330
177
100
837
453
563
349
961
1280
301
986
902
966
662
1258
632
517
840
71
335
444
752
882
936
73
1084
660
1524
151
438
814
60
465
1106
449
1175
291
661
939
25
1219
156
105
283
333
748
988
95
1595
21
272
214
879
1261
1002
430
939
275
1403
453
1229
824
134
24
282
235
932
109
212
935
84
604
1344
395
1018
458
990
1302
968
51
39
923
515
788
41
322
1189
1274
267
940
458
399
447
230
863
821
1589
934
34
716
963
86
500
250
563
837
16
908
832
518
203
306
150
266
1158
967
110
824
1028
28
602
1304
712
147
859
879
76
198
268
734
349
111
740
-1
1467
77
781
303
572
424
194
35
333
688
68
1035
317
567
306
272
195
863
221
726
832
164
8
281
179
316
890
604
1097
789
1391
384
737
193
635
264
295
696
285
399
89
233
362
670
632
5712
29
1115
752
803
426
471
447
448
567
647
1280
407
372
129
649
203
815
871
635
211
1107
1174
110
452
329
1152
1393
342
327
504
244
1652
98
99
359
1007
411
286
364
75
257
261
651
905
341
1365
436
594
533
357
323
432
290
877
314
747
805
752
30
858
637
39
750
584
476
212
410
357
969
359
962
546
363
1525
1440
1314
-1
97
1105
168
885
407
203
701
707
361
1230
684
528
614
647
248
162
833
694
424
795
1244
445
1485
540
384
557
678
186
526
56
630
231
426
474
670
426
368
1132
366
375
61
378
281
471
117
255
1400
265
143
866
1374
509
359
1110
571
122
1193
308
98
481
1092
153
152
513
805
561
101
907
469
92
514
719
127
838
192
77
356
983
1497
122
437
324
163
403
929
390
37
320
55
83
135
887
9
86
150
92
157
72
980
746
497
948
269
28
470
946
150
192
251
933
197
1004
969
197
436
620
266
697
444
607
840
187
665
364
696
435
1293
290
1022
789
731
116
428
350
1293
128
248
591
862
540
383
160
275
668
1037
340
77
597
824
148
184
583
420
74
290
1219
102
175
241
322
1108
459
144
98
326
919
659
207
266
429
1098
366
613
1216
560
450
264
314
41
852
180
245
444
543
968
746
114
96
167
381
471
286
11
171
312
683
1028
510
923
172
404
232
707
152
384
1386
259
628
52
687
514
187
78
570
215
556
549
388
230
679
726
437
28
337
220
186
770
838
856
236
686
458
153
917
752
502
906
542
1005
1293
286
1270
22
446
17
164
1179
336
72
669
594
212
673
351
92
24
1172
57
64
525
959
316
317
286
488
1270
352
1172
164
480
153
3550
225
268
153
602
624
139
537
14
190
942
456
740
259
263
228
614
296
230
194
449
684
675
1161
406
-1
1122
135
1296
242
108
975
309
150
169
111
396
415
51
192
1079
324
93
562
7
116
268
407
702
-1
374
430
432
657
111
422
561
558
356
294
188
412
545
388
667
306
66
971
272
438
322
1307
298
19
1088
214
124
149
300
320
1433
654
434
794
422
55
228
477
418
1630
332
324
144
708
847
259
773
441
285
196
185
1325
71
354
143
667
206
1163
330
1336
1280
582
95
191
372
718
1005
1021
1116
88
1113
1667
525
234
1186
800
539
704
59
953
206
330
1273
785
716
924
340
833
1545
365
687
654
125
409
58
242
537
361
18
500
1142
1246
194
410
395
44
599
1068
267
22
154
864
747
875
1330
121
444
342
43
704
29
474
74
100
157
63
83
743
237
244
1185
1368
495
615
871
270
188
196
195
711
764
417
1072
906
108
626
454
1068
233
1323
228
823
262
186
763
100
549
1629
1113
479
69
966
761
990
756
349
437
485
249
1623
975
1476
173
371
40
46
196
516
1307
434
736
1134
1156
65
660
150
53
649
247
1575
490
56
706
1247
1616
84
417
414
319
360
318
472
897
63
30
793
356
408
379
326
1405
299
17
331
693
175
926
649
1512
150
1240
1281
1072
1221
59
50
915
1024
473
323
1272
269
816
640
1494
48
292
670
577
677
812
785
165
323
653
662
494
225
559
675
777
975
1432
769
491
1472
88
439
1012
983
1394
532
1023
346
1180
104
852
126
193
904
288
274
24
191
377
292
903
308
825
473
131
179
56
276
255
790
288
176
818
576
180
1017
396
115
135
970
308
232
405
80
12
588
130
417
750
253
1200
956
494
1484
327
698
165
124
182
162
428
63
868
50
462
433
59
171
854
17
479
425
42
54
41
34
1294
104
1539
370
1345
402
1378
535
766
114
1593
104
1312
929
674
1079
394
1272
401
338
342
274
818
11
97
912
480
6
979
606
656
726
197
694
588
269
1316
236
483
83
320
520
874
168
290
227
-1
84
429
74
159
425
233
507
950
419
946
748
1183
282
675
686
535
738
309
889
2148
593
295
325
81
665
412
926
438
816
640
361
270
992
212
260
1111
428
903
1115
1095
202
226
34
312
1141
937
291
1009
101
296
21
857
126
1560
510
169
20
516
712
285
56
331
854
349
695
30
899
524
896
49
325
1178
610
897
1166
415
31
1600
254
39
786
5
1453
210
119
267
316
711
1552
27
578
125
657
929
229
213
957
25
367
743
608
618
579
198
692
489
389
714
561
38
233
782
726
1460
343
1116
594
162
102
51
1544
1034
182
984
831
268
363
189
525
218
497
551
503
428
888
279
470
385
280
334
495
414
170
1582
266
205
382
6
520
467
961
627
954
543
639
698
960
732
1427
797
1556
978
3940
159
652
823
33
1434
147
249
417
218
176
142
875
477
1138
222
477
441
549
528
792
330
417
26
914
472
290
186
1142
82
56
244
188
38
335
662
869
351
1199
245
921
202
371
212
197
416
426
897
1070
249
441
1566
807
974
274
91
1435
1328
300
501
768
927
959
883
443
755
410
1321
700
19
287
703
1179
1267
805
1862
546
798
938
310
1948
343
138
944
331
510
10
249
-1
400
329
961
365
-1
422
377
657
34
1312
1255
49
367
1166
244
287
849
10
761
620
723
1030
832
179
175
146
555
189
251
132
1416
1287
829
214
102
445
800
543
135
451
237
1330
352
1074
84
291
452
39
182
386
206
717
109
628
456
935
326
773
1513
121
966
74
840
45
669
1255
854
722
270
430
794
197
540
203
386
19
1131
1607
1632
158
49
593
982
799
388
433
850
348
327
194
607
107
39
524
564
1225
466
663
80
39
847
246
680
821
758
1181
331
467
810
39
98
694
188
4590
591
36
283
742
371
1171
765
786
872
886
663
407
290
648
813
680
130
106
377
-1
834
863
1649
1422
1074
12
170
137
790
216
1121
547
141
678
476
353
824
664
1647
1578
318
97
723
114
261
71
596
918
1090
237
174
69
480
463
1173
961
432
408
174
912
398
628
692
582
874
192
927
400
200
975
689
10
458
641
640
587
396
364
753
159
794
725
106
22
452
284
78
851
546
31
378
558
1052
103
324
673
124
448
610
1069
777
215
536
600
1565
650
136
186
549
341
224
532
409
165
318
355
480
73
567
42
725
36
1291
732
677
189
88
224
246
83
477
603
303
179
708
559
290
483
1605
1098
354
121
408
635
1067
415
381
813
526
52
319
918
119
88
319
29
234
279
1353
369
280
363
294
868
825
482
266
812
74
514
555
315
33
1062
89
248
727
251
112
98
33
24
1196
116
270
659
779
958
734
1176
166
356
304
12
179
523
153
532
404
8
166
1560
1502
185
422
241
1001
606
488
310
792
204
464
846
178
840
223
482
561
524
949
214
933
605
584
113
29
237
747
312
498
270
243
333
741
381
407
124
1242
246
124
119
507
150
1666
373
587
815
176
765
306
303
286
583
193
361
255
415
221
-1
52
290
242
77
475
230
1062
6524
456
841
330
194
554
323
234
216
364
241
496
816
122
967
67
632
722
550
382
575
952
571
709
242
92
284
1443
936
1515
380
545
1059
987
1300
477
162
369
172
154
208
3508
267
53
840
162
361
493
352
1418
738
55
14
362
675
1382
140
321
921
971
958
41
404
1015
254
626
214
178
140
345
390
438
794
43
327
878
193
1371
1161
1573
515
530
77
1490
563
196
313
96
1139
426
227
285
90
1100
710
744
303
941
507
1321
1009
72
319
866
819
17
297
603
424
214
61
359
298
2
239
1362
665
949
738
98
803
590
920
950
332
390
14
520
294
211
188
58
500
786
880
563
408
402
456
137
279
54
284
144
2350
278
507
317
858
1176
452
96
129
98
576
271
133
105
164
101
281
817
29
171
465
1100
74
717
567
1618
572
970
583
17
34
962
641
401
103
528
332
819
14
803
95
365
667
1022
550
926
1307
597
501
833
812
1423
20
403
1370
787
467
203
823
80
198
474
857
346
1136
299
918
411
511
590
30
1016
493
642
997
143
652
518
240
676
572
1428
475
1135
928
393
1342
342
927
753
1016
770
457
366
860
1335
209
367
129
489
758
199
59
678
396
460
777
2492
976
541
932
100
843
950
655
264
87
106
647
719
4026
217
1048
118
42
221
643
113
447
615
687
159
24
945
1228
73
417
141
728
425
1162
66
777
707
499
298
83
51
454
462
352
215
243
1190
413
102
218
602
47
782
564
316
1620
582
775
856
490
1112
794
1477
377
164
1571
616
34
654
484
1113
86
188
972
1214
701
980
372
727
1168
692
232
405
218
654
277
1082
724
318
501
935
455
21
592
388
1348
450
963
658
202
62
204
317
382
56
810
698
617
112
1038
310
858
918
1117
974
619
487
660
207
1312
814
618
41
100
436
156
187
198
411
365
133
637
142
292
301
251
20
90
978
1160
625
842
1051
1104
69
104
160
17
331
1192
841
672
1203
330
678
3451
209
810
181
346
348
930
251
1332
87
485
266
1363
201
240
715
367
406
1205
739
782
63
276
585
718
328
1107
654
17
342
573
1019
477
1101
204
222
293
144
578
172
117
386
213
54
28
1421
1072
617
130
146
1218
931
989
198
48
1353
999
79
37
1395
266
973
729
605
659
240
233
750
307
323
16
704
760
614
36
403
492
218
379
48
293
1394
183
798
876
347
396
402
1129
1183
634
817
340
483
637
242
862
658
556
90
912
400
164
1172
-1
44
13
44
509
783
107
353
943
618
638
49
303
428
325
768
164
780
824
1071
1346
314
487
100
262
221
493
981
115
512
405
209
450
602
566
1007
1086
844
1211
1079
141
672
497
1400
808
803
805
4920
921
487
953
375
406
93
104
189
520
672
299
881
354
186
65
499
932
654
134
704
1397
1633
293
950
468
987
120
1124
848
810
282
650
467
650
715
233
289
783
28
329
549
132
103
1159
111
806
266
744
726
322
607
362
872
184
506
98
1076
438
866
949
596
713
444
-1
988
626
280
371
252
629
433
305
543
528
718
266
409
237
470
1447
846
804
464
1179
1140
1168
1048
53
964
506
626
412
60
1521
986
204
17
74
105
749
41
315
747
1305
99
562
825
386
423
93
1296
117
710
416
-1
610
125
991
425
1233
648
244
455
1077
785
300
193
9
419
599
503
598
354
117
141
9
678
1084
27
273
248
609
692
425
373
442
468
398
350
249
509
331
455
38
146
1283
11
991
479
91
432
1092
1396
231
194
821
158
710
481
466
1237
-1
1188
1381
239
561
284
138
-1
512
823
554
757
49
138
759
276
390
378
816
244
638
355
537
438
80
1312
1399
866
47
623
384
236
35
185
576
381
497
612
497
444
764
1345
28
323
266
226
180
286
334
389
1024
285
414
420
548
623
1103
400
307
86
93
113
982
1070
280
198
739
432
1149
62
918
252
339
270
591
1627
58
510
298
184
1289
56
590
394
807
1130
1394
745
402
100
466
29
878
839
1040
564
451
200
708
970
75
367
37
1506
633
1144
353
724
886
10
662
407
249
1521
245
924
695
620
123
723
645
493
111
1629
738
935
312
95
889
660
313
797
288
411
288
106
630
393
18
238
982
218
392
465
3913
221
783
30
995
121
58
720
89
47
339
496
1219
1151
323
246
895
651
845
255
1156
96
600
764
396
1063
40
140
355
1019
568
67
563
879
240
48
306
150
277
495
890
417
247
824
54
70
1017
692
227
227
543
36
852
141
69
225
365
1374
641
239
417
1114
402
929
1189
244
127
6
513
851
1409
395
436
415
507
1145
264
1083
347
969
460
884
813
1221
1117
1157
486
164
875
340
457
22
1026
112
716
416
333
71
1387
182
858
947
942
186
303
1138
755
33
614
408
70
869
621
490
210
41
881
193
393
240
284
1009
84
1329
704
283
260
184
408
141
1051
1229
212
487
785
1096
93
-1
113
1418
62
943
1182
911
461
372
275
194
523
705
26
728
484
26
338
140
335
2976
11
740
1287
933
269
376
341
521
288
676
161
488
93
189
919
1290
177
911
324
1452
268
881
432
626
186
637
51
207
436
108
988
580
422
326
395
185
1078
659
14
274
361
296
992
298
1047
400
560
213
869
166
312
428
1075
739
897
83
378
185
712
476
72
50
875
655
446
1362
291
64
666
253
358
1054
301
534
375
318
196
633
127
539
86
619
999
214
451
729
539
172
790
339
1378
183
452
560
1623
726
172
572
1233
701
351
85
286
194
311
488
1337
195
1420
1390
78
258
1057
995
199
609
398
865
240
772
905
64
469
65
362
1235
490
1047
36
680
260
204
343
789
879
552
18
938
156
541
-1
232
982
868
552
359
561
713
1277
506
266
897
153
258
19
521
208
224
78
161
647
242
318
682
1153
1327
579
424
783
988
856
364
639
493
952
378
1164
181
662
795
130
242
215
50
10
829
548
796
544
850
263
228
231
343
912
815
36
976
157
464
642
1360
681
413
1083
330
764
174
231
329
105
313
955
971
120
1584
69
830
414
263
490
20
526
748
239
1674
191
239
858
270
304
217
291
193
282
1164
719
695
906
267
1205
421
465
79
324
401
323
484
1137
235
925
630
429
279
1054
356
894
139
583
253
170
870
291
827
789
522
596
1274
57
415
846
181
865
1076
181
344
44
702
57
922
433
10
322
1139
11
408
457
243
738
297
230
258
739
767
635
1455
745
351
698
762
174
620
312
47
729
683
143
1402
81
1048
420
68
32
176
306
527
74
426
448
1427
152
138
161
553
911
59
587
222
872
510
211
182
21
135
1655
774
18
720
370
340
365
46
1339
255
287
531
746
462
128
431
160
257
1637
441
36
791
157
390
944
270
208
612
449
-1
103
943
321
729
21
42
607
97
1589
619
697
310
516
104
922
1667
115
80
429
286
826
815
1662
129
19
759
901
599
162
1138
378
436
201
935
252
605
526
55
915
1150
157
860
93
219
510
486
664
611
595
181
332
200
128
340
113
1050
665
26
294
535
835
217
120
552
659
837
482
132
994
366
610
685
407
462
552
-1
151
668
731
979
211
942
892
1402
460
753
237
618
-1
744
97
333
419
210
689
246
237
935
349
213
987
742
972
646
870
206
576
439
1407
894
1154
519
92
279
393
545
363
631
414
418
1158
42
1337
27
198
86
1312
1070
162
764
108
479
1294
756
110
488
466
1580
1094
71
176
491
328
84
813
1244
265
505
293
826
394
476
366
430
1154
652
45
62
410
802
473
271
101
53
322
82
696
598
703
294
108
1048
73
605
237
290
521
506
310
828
606
371
798
523
657
102
4032
701
518
96
964
692
536
128
158
271
772
497
572
15
353
210
494
641
691
112
1488
1072
554
-1
1306
147
1252
1596
1008
150
718
601
222
348
687
602
979
494
1049
97
1189
561
280
1300
627
600
356
210
1133
181
1185
832
287
1131
599
552
111
386
1170
221
565
730
561
1204
751
389
130
1548
982
659
1166
920
492
42
51
285
230
33
-1
718
372
555
96
380
170
459
530
427
88
18
62
1326
1014
451
6
681
281
147
660
359
456
712
59
718
441
328
127
642
904
267
683
567
124
352
496
1156
53
1105
615
941
185
729
177
621
1369
6
158
889
121
348
330
438
85
450
98
343
134
866
795
704
442
1366
701
55
461
528
76
316
875
1600
172
1346
136
551
428
693
282
69
477
185
846
43
200
894
44
83
448
78
487
1242
369
11
460
1424
556
459
673
75
683
690
893
332
932
295
163
291
1002
774
28
545
809
423
559
304
642
556
412
380
451
624
427
329
481
284
479
821
123
1379
582
1140
48
742
50
133
1333
694
83
639
716
524
1499
783
369
481
1560
208
744
135
658
767
336
567
319
138
206
68
462
472
1136
99
124
138
473
462
651
443
252
1080
294
883
33
429
826
468
659
1186
116
175
970
147
1216
182
166
502
1118
675
89
204
115
297
200
63
22
270
90
630
690
382
480
189
123
674
828
166
305
148
662
184
227
38
238
281
-1
808
57
496
396
5
196
634
584
510
420
623
168
850
750
878
110
86
335
1648
240
332
563
645
719
341
90
794
1460
30
247
1057
432
391
956
868
360
538
1649
353
28
1239
1226
127
499
598
530
315
1240
305
390
526
790
255
216
578
3132
1156
63
898
942
1225
1129
761
477
18
1095
168
288
20
170
639
230
588
1275
398
288
204
294
144
602
341
125
501
102
91
462
71
1036
439
401
699
163
182
72
230
920
539
333
287
179
1008
399
59
144
951
276
1202
598
647
474
1179
176
283
422
430
324
987
44
873
100
343
297
50
968
1010
367
198
451
868
335
507
305
419
776
780
337
816
123
308
263
444
127
220
81
704
60
383
510
829
195
797
585
532
255
285
479
154
363
307
1133
420
27
250
240
376
184
864
596
210
254
1495
442
1322
1278
1408
12
438
1126
493
1271
200
283
577
28
156
155
566
434
306
401
772
178
863
219
255
473
353
382
857
485
400
465
998
1487
379
1167
1374
995
566
117
822
146
184
79
100
523
728
310
91
464
268
128
48
189
171
455
107
234
332
335
1466
540
1119
83
751
306
2639
342
865
1166
40
269
191
126
87
180
270
903
973
651
226
152
392
484
209
117
83
192
611
289
76
32
662
153
541
309
475
70
521
930
710
131
413
781
274
412
443
1071
550
70
41
280
309
148
420
472
485
340
1097
938
761
425
412
1095
585
693
483
355
635
536
109
929
998
635
32
1180
80
675
70
431
425
108
354
315
590
702
45
646
27
594
328
409
981
485
207
474
740
525
1013
576
1034
253
1551
1090
1023
705
107
54
695
469
494
278
609
25
439
384
577
1121
76
890
62
322
354
232
790
749
1103
90
630
343
313
225
1097
753
125
660
1500
1602
559
539
847
450
102
195
300
110
1663
461
1331
782
619
1199
1319
85
740
740
1433
956
1534
798
634
222
66
1322
749
50
13
405
117
612
510
167
284
105
46
95
742
744
1411
925
364
479
47
48
156
382
41
988
651
394
570
461
799
194
1334
386
331
104
1300
512
1158
698
414
611
836
20
246
1363
683
628
257
633
811
1540
672
268
289
638
441
101
424
164
350
452
413
9
1155
1377
474
873
196
414
487
954
124
721
985
419
258
580
997
148
172
1318
971
845
1128
1423
678
1089
933
68
807
395
495
225
129
74
12
1270
73
24
485
828
964
537
42
1044
388
738
962
1257
737
705
39
150
800
1100
774
259
124
543
612
527
907
333
495
734
68
213
665
922
325
771
55
1587
717
245
10
1359
1087
237
730
60
222
32
499
659
463
310
210
417
1004
414
198
506
270
156
1067
853
222
453
1626
181
82
114
519
434
268
834
103
494
215
133
815
810
1641
40
745
287
526
186
627
763
830
672
501
118
719
608
930
570
276
785
620
786
153
884
866
222
69
934
1095
335
680
697
403
485
169
298
554
933
456
947
275
569
338
615
440
635
552
207
310
47
152
235
1060
196
331
271
108
13
799
497
10
263
335
167
88
396
403
53
703
442
742
401
1381
1064
115
468
962
381
1049
305
834
132
1040
1422
1260
728
370
185
639
347
790
774
356
1464
945
399
701
110
476
1060
71
304
1097
75
676
110
44
1260
16
26
310
58
239
665
642
788
754
453
713
1531
956
408
533
1279
227
391
560
-1
911
76
234
894
614
207
778
122
13
1031
150
219
383
1039
979
428
260
1094
1134
16
551
118
91
1215
-1
247
300
488
630
445
35
315
237
531
231
503
84
87
896
151
175
927
541
830
373
270
422
19
1642
875
418
422
183
257
603
362
992
1250
360
154
545
195
751
45
222
1049
68
191
416
464
368
596
654
898
593
765
266
341
38
108
192
215
411
907
930
974
80
641
1014
860
259
249
402
458
483
1134
196
1625
1143
795
1046
1103
1227
14
1106
354
1387
364
475
571
320
688
404
1246
1084
1107
236
132
205
849
1042
192
727
168
471
212
810
73
836
1229
503
525
545
976
342
436
1135
227
759
893
207
1402
364
771
688
631
311
157
887
168
1269
940
120
1585
1173
7
305
1111
