1200000001
999999997
1
429552011
-1
750000000
6
999999999
-1
1377621648
1134912446
1428571429
1199999997
-1
851818542
499999999
333333333
1428571427
750000001
1428571430
1666666667
-1
743845157
499999999
2
-1
-1
-1
749999999
1666666664
161240608
635966616
3
4
-1
-1
6
6
581886945
1428571429
1666666665
137947764
-1
22072733
4
459538704
36556839
312054793
1428571426
240195604
459168226
8
1000000001
4
73197090
515686287
1200000002
999999996
-1
749999999
169351863
-1
1666666669
-1
991628540
1046338510
1200000000
333333334
999999998
750000000
-1
1427092974
-1
633681992
277562402
471473319
999999998
634402836
5
500000000
500000000
37851829
1666666662
2
3
484341117
500000001
9
999999999
937032332
1199999998
999999999
578887935
-1
267212246
5
-1
7
-1
-1
