6
13
83872 27883 27884 27884 27885 25788 25789 25789 25790 2759 2760 67200 67199 19679
2
5
99979 79999 80000 8 9 90
3
7
270 270 271 271 272 2270 2269 2962
2
5
99999 099999 100000 100 099 99000
4
9
99990 90999 91000 91 92 29 28 2800 2799 92079
6
13
13430 33410 33409 3493 3494 3494 3495 34590 34589 34589 34588 34588 34587 34578
4
9
1 10 09 9 8 8 7 7 6 6
5
11
9 90 89 89 88 88 87 87 86 86 85 8050
1
3
90990 9990 9989 98990
13
27
92952 25929 25930 3592 3593 3593 3594 4593 4594 4594 4595 45590 45589 45589 45588 45588 45587 45578 45577 45577 45576 45567 45566 45566 45565 45556 45555 55455
8
17
64195 14659 14660 4661 4660 466 467 476 477 477 478 478 479 479 480 8400 8399 83909
12
25
99 099 100 1 2 2 3 30 31 31 32 32 33 330 331 331 332 332 333 3330 3331 3331 3332 3332 3333 33303
3
7
99300 3909 3910 139 138 138 137 37001
18
37
34454 34445 34446 34446 34447 34447 34448 44483 44482 44482 44481 44481 44480 4484 4483 4483 4482 4482 4481 4481 4480 484 483 483 482 482 481 481 480 84 83 83 82 82000 81999 19998 19999 99199
8
17
49783 34789 34790 4793 4792 4792 4791 4791 4790 794 793 793 792 792 791 79100 79099 9799
14
29
99999 909999 910000 91 92 92 93 93 94 490 489 4890 4889 48890 48889 48889 48888 48888 48887 47888 47887 47887 47886 46887 46886 46886 46885 45886 45885 54858
6
13
22068 2682 2681 2681 2680 682 681 681 680 68 67 7600 7599 7599
20
41
55555 55555 55556 55565 55566 55665 55666 56665 56666 66665 66666 66666 66667 66676 66677 66776 66777 67776 67777 77776 77777 77777 77778 77787 77788 77887 77888 78887 78888 88887 88888 88888 88889 88898 88899 88998 88999 89998 89999 99998 99999 99999
7
15
90966 6699 6700 670 671 671 672 276 275 275 274 2740 2739 23790 23791 21937
2
5
99999 099999 100000 100 099 909
2
5
99000 099 100 10000 09999 9999
6
13
9952 2599 2600 26 27 27 28 82 81 81000 80999 9998 9999 90999
4
9
3871 3781 3780 378 379 739 740 74 73 73
13
27
22321 22231 22230 2223 2224 2224 2225 2225 2226 2226 2227 2272 2271 2271 2270 272 271 2710 2709 2790 2789 2789 2788 2788 2787 77820 77819 19778
4
9
38909 3899 3900 93 92 92 91 9100 9099 99009
4
9
99999 999909 999910 99991 99992 99992 99993 99993 99994 99994
17
35
44844 44484 44483 44483 44482 44482 44481 44481 44480 4484 4483 4483 4482 4482 4481 4481 4480 484 483 483 482 482 481 481 480 84 83 83 82 82 81 81 80 8 9 90000
4
9
79105 5791 5792 2597 2598 2589 2588 25880 25881 58182
10
21
99015 5919 5920 592 593 593 594 4590 4591 4591 4592 24590 24589 24589 24588 24588 24587 24587 24586 24586 24585 55284
15
31
900 90 89 890 889 8890 8889 88890 88889 88889 88888 88888 88887 78888 78887 77888 77887 77788 77787 77778 77777 77777 77776 67777 67776 66777 66776 66677 66676 66667 66666 66666
2
5
9 9 8 8 7 7
6
13
57 75 76 76 77 77 78 87 88 88 89 89 90 9
0
0
99
10
21
26665 25666 25667 25676 25677 25677 25678 25678 25679 25679 25680 2685 2684 2684 2683 2368 2369 3629 3630 363 362 263
9
19
79665 66795 66796 66796 66797 67796 67797 67797 67798 67897 67898 68897 68898 68898 68899 68998 68999 69998 69999 99996
2
5
7 7 8 8 9 9000
8
17
9999 90999 91000 91 92 92 93 93 94 490 491 491 492 492 493 34900 34899 49983
0
0
56117
7
15
83915 15893 15894 15894 15895 15589 15588 15588 15587 15578 15577 15577 15576 15576 15575 51557
8
17
2121 1221 1220 221 220 22 23 23 24 24 25 25 26 62 61 610000 609999 99996
6
13
9 90 89 89 88 88 87 78 77 77 76 76 75 57
8
17
49983 34899 34900 493 492 492 491 491 490 94 93 93 92 92 91 91000 90999 9999
4
9
36364 33466 33467 33467 33468 34683 34682 23468 23469 69243
2
5
99990 90999 91000 91 92 9002
1
3
999 0999 1000 1
8
17
40 40 41 41 42 240 239 2390 2389 2389 2388 2388 2387 2387 2386 2386 2385 3852
4
9
90380 389 390 93 92 92 91 91 90 9
5
11
69 69 70 7 8 8 9 09 10 10000 09999 9999
7
15
34636 33466 33465 33456 33455 33455 33454 33445 33444 33444 33443 33344 33343 33334 33333 33333
5
11
62 26 27 27 28 82 81 81000 80999 9998 9999 9999
6
13
34810 3481 3480 483 482 482 481 481 480 48 49 49 50 5
12
25
75777 57777 57778 57778 57779 57779 57780 5787 5786 5687 5686 5686 5685 5586 5585 5585 5584 4585 4584 4485 4484 4484 4483 3448 3449 43490
17
35
98998 880999 881000 881 882 882 883 883 884 4880 4881 4881 4882 4882 4883 4883 4884 44880 44881 44881 44882 44882 44883 44883 44884 44488 44487 44478 44477 44477 44476 44467 44466 44466 44465 45464
5
11
11191 11119 11120 1121 1120 12100 12099 1992 1993 1993 1994 9941
5
11
8545 4585 4586 4685 4684 4684 4683 3684 3683 36830 36829 93628
4
9
66385 56683 56684 56684 56685 56685 56686 66685 66686 66686
2
5
9 9 8 8 7 7
9
19
985 5809 5810 581 582 582 583 3580 3581 3581 3582 3582 3583 3358 3357 3375 3374 3374 3373 73303
6
13
56099 6959 6960 696 697 796 797 797 798 897 898 8890 8889 89808
3
7
9009 909 910 19 18 180 179 9710
2
5
99999 099999 100000 10 09 9
4
9
90301 391 390 93 92 92 91 9100 9099 90990
6
13
77777 77777 77778 77787 77788 77887 77888 77888 77889 77889 77890 77809 77810 87701
4
9
90099 9099 9100 91 92 92 93 39 38 30008
4
9
8009 98 97 97 96 96 95 9500 9499 99049
6
13
61999 69199 69200 692 693 369 368 368 367 367 366 366 365 35600
4
9
73 370 371 3710 3709 379 378 3780 3781 3871
8
17
65555 55565 55566 55665 55666 55666 55667 55667 55668 56685 56684 56684 56683 56683 56682 56682 56681 18566
10
21
9099 9099 9100 91 92 290 289 2890 2889 2889 2888 2888 2887 2788 2787 2778 2777 2777 2776 26770 26771 77216
10
21
99 909 910 91 92 92 93 390 391 391 392 392 393 3390 3389 3389 3388 3388 3387 3387 3386 80633
6
13
40002 42 41 410 409 490 489 489 488 488 487 784 783 70038
15
31
54273 23475 23476 23476 23477 23477 23478 23487 23488 34882 34881 34881 34880 4883 4882 4882 4881 4881 4880 884 883 883 882 882 881 8810 8809 898 899 998 999 999
16
33
98888 888809 888810 88881 88882 88882 88883 88883 88884 48888 48887 47888 47887 47788 47787 47778 47777 47777 47776 46777 46776 46677 46676 46667 46666 46666 46665 45666 45665 45566 45565 45556 45555 54555
12
25
20404 442 443 443 444 444 445 454 455 554 555 5550 5551 55510 55509 55590 55589 55589 55588 55588 55587 55587 55586 55586 55585 85555
7
15
99999 909999 910000 91 92 92 93 390 389 389 388 3880 3879 37890 37891 83179
2
5
7 7 8 8 9 9
8
17
9799 79099 79100 791 792 792 793 793 794 4790 4791 4791 4792 4792 4793 34790 34789 49783
6
13
70038 378 379 739 740 47 48 48 49 409 410 41 42 40002
2
5
99999 099999 100000 10 09 9
10
21
9090 909 910 91 92 92 93 390 389 3890 3889 3889 3888 3888 3887 3788 3787 3787 3786 36780 36781 87316
2
5
9 09 10 10000 09999 99990
5
11
47262 24672 24671 24671 24670 2476 2475 2574 2573 3572 3571 5371
2
5
90970 997 998 998 999 99090
2
5
91989 18999 19000 910 909 990
9
19
29735 23579 23580 3582 3581 3581 3580 358 359 359 360 36 37 37 38 38 39 39 40 4
7
15
59640 4569 4570 457 458 584 583 583 582 582 581 581 580 58 59 509
12
25
9999 9999 9998 8999 8998 8899 8898 88890 88889 88889 88888 88888 88887 78888 78887 77888 77887 77788 77787 77778 77777 77777 77776 77776 77775 77775
4
9
6 6 7 7 8 8 9 09 10 1
14
29
4356 3465 3466 3466 3467 3476 3477 3477 3478 3487 3488 4883 4882 4882 4881 4881 4880 884 883 883 882 882 881 88100 88099 8998 8999 9998 9999 9999
6
13
11111 111110 111109 11191 11192 11291 11292 11292 11293 11392 11393 11393 11394 11349
3
7
9090 99 98 98 97 97 96 9060
8
17
9999 90999 91000 190 189 1890 1889 1889 1888 1888 1887 1788 1787 1787 1786 1786 1785 75801
12
25
65554 45556 45555 45555 45554 44555 44554 44455 44454 44454 44453 34454 34453 33454 33453 33354 33353 33353 33352 23353 23352 22353 22352 22253 22252 22225
3
7
67009 679 680 86 87 8700 8699 6989
6
13
11349 113409 113410 11134 11133 11133 11132 11123 11122 11122 11121 11112 11111 11111
12
25
95583 35859 35860 3685 3686 3686 3687 3786 3787 3787 3788 3887 3888 8883 8882 8882 8881 8881 8880 888 889 889 890 89 90 9
10
21
75619 16759 16760 6671 6670 676 677 776 777 777 778 787 788 887 888 888 889 889 890 98 99 9900
3
7
7 7 6 6 5 50 51 10500
11
23
49999 490999 491000 491 492 492 493 3490 3491 3491 3492 3492 3493 33490 33491 33491 33492 23349 23348 23348 23347 23347 23346 63432
7
15
26041 2461 2460 264 265 265 266 266 267 672 671 6710 6709 6790 6789 67089
