50
101
9909999996995990 56999999999999 56999999999998 56899999999999 56899999999998 56889999999999 56889999999998 56888999999999 56888999999998 56888899999999 56888899999998 56888889999999 56888889999998 56888888999999 56888888999998 56888888899999 56888888899998 56888888889999 56888888889998 56888888888999 56888888888998 56888888888899 56888888888898 568888888888890 568888888888889 568888888888889 568888888888888 568888888888888 568888888888887 567888888888888 567888888888887 567788888888888 567788888888887 567778888888888 567778888888887 567777888888888 567777888888887 567777788888888 567777788888887 567777778888888 567777778888887 567777777888888 567777777888887 567777777788888 567777777788887 567777777778888 567777777778887 567777777777888 567777777777887 567777777777788 567777777777787 567777777777787 567777777777786 566777777777787 566777777777786 566677777777787 566677777777786 566667777777787 566667777777786 566666777777787 566666777777786 566666677777787 566666677777786 566666667777787 566666667777786 566666666777787 566666666777786 566666666677787 566666666677786 566666666667787 566666666667786 566666666666787 566666666666786 566666666666687 566666666666686 566666666666686 566666666666685 556666666666686 556666666666685 555666666666686 555666666666685 555566666666686 555566666666685 555556666666686 555556666666685 555555666666686 555555666666685 555555566666686 555555566666685 555555556666686 555555556666685 555555555666686 555555555666685 555555555566686 555555555566685 555555555556686 555555555556685 555555555555686 555555555555685 5555555555555860 5555555555555859 5855595555555555
8
17
7997099595999990 55779999999999 55780000000000 5587 5588 5588 5589 55809 55810 5581 5582 2585 2584 2485 2484 2484000000000 2483999999999 9929490909089993
57
115
3333333330383333 333333333333383 333333333333382 333333333333382 333333333333381 333333333333381 333333333333380 33333333333383 33333333333382 33333333333382 33333333333381 33333333333381 33333333333380 3333333333383 3333333333382 3333333333382 3333333333381 3333333333381 3333333333380 333333333383 333333333382 333333333382 333333333381 333333333381 333333333380 33333333383 33333333382 33333333382 33333333381 33333333381 33333333380 3333333383 3333333382 3333333382 3333333381 3333333381 3333333380 333333383 333333382 333333382 333333381 333333381 333333380 33333383 33333382 33333382 33333381 33333381 33333380 3333383 3333382 3333382 3333381 3333381 3333380 333383 333382 333382 333381 333381 333380 33383 33382 33382 33381 33381 33380 3383 3382 3382 3381 3381 3380 383 382 382 381 381 380 83 82 82 81 810 809 890 889 8890 8889 88890 88889 888890 888889 8888890 8888889 88888890 88888889 888888890 888888889 8888888890 8888888889 88888888890 88888888889 888888888890 888888888889 8888888888890 8888888888889 88888888888890 88888888888889 888888888888890 888888888888889 8888888888888890 8888888888888889 8888888888888889 8888888888888888 8888888888888888
17
35
4099990429087904 244487999999 244488000000 444882 444881 444881 444880 44884 44883 44883 44882 44882 44881 44881 44880 4884 4883 4883 4882 4882 4881 4881 4880 884 883 883 882 882 881 88100000 88099999 8999998 8999999 9999998 9999999 900900909999000
6
13
1111111111111111 11111111111111110 11111111111111109 1111111111111191 1111111111111192 1111111111111291 1111111111111292 1111111111111292 1111111111111293 1111111111111392 1111111111111393 1111111111111393 1111111111111394 1111111111111349
4
9
3871848153544354 1333444455578881 1333444455578880 133344445557888 133344445557889 333444455578819 333444455578820 33344445557882 33344445557881 85554844341337
38
77
7326410058287281 12223456778881 12223456778882 22223456778881 22223456778882 22223456778882 22223456778883 22233456778882 22233456778883 22333456778882 22333456778883 23333456778882 23333456778883 33333456778882 33333456778883 33333456778883 33333456778884 33334456778883 33334456778884 33344456778883 33344456778884 33444456778883 33444456778884 34444456778883 34444456778884 44444456778883 44444456778884 444444456778880 444444456778881 444444456778881 444444456778882 444444456778882 444444456778883 444444456778883 444444456778884 444444445677888 444444445677887 444444445677788 444444445677787 444444445677778 444444445677777 444444445677777 444444445677776 444444445667777 444444445667776 444444445666777 444444445666776 444444445666677 444444445666676 444444445666667 444444445666666 444444445666666 444444445666665 444444445566666 444444445566665 444444445556666 444444445556665 444444445555666 444444445555665 444444445555566 444444445555565 444444445555556 444444445555555 444444445555555 444444445555554 444444444555555 444444444555554 444444444455555 444444444455554 444444444445555 444444444445554 444444444444555 444444444444554 444444444444455 444444444444454 444444444444445 444444444444444 4444444444444044
18
37
9099990000999990 90999999999 91000000000 91 92 92 93 93 94 490 491 491 492 492 493 3490 3491 3491 3492 3492 3493 33490 33489 334890 334889 334889 334888 334888 334887 334788 334787 334787 334786 334687 334686 3346860000 3346859999 9030489695930000
3
7
9909079999199990 1799999999999 1800000000000 8100000000000000 8099999999999999 999999999999998 999999999999999 999999999999999
7
15
280154 14582 14583 13584 13585 13585 13586 13685 13686 13686 13687 13786 13787 1377800000000 1377799999999 7099909103997979
0
0
3688147439759771
30
61
74628965 25667849 25667850 2566785 2566786 2666785 2666786 2666786 2666787 2667786 2667787 2677786 2677787 2777786 2777787 7777782 7777781 77777810 77777809 77777890 77777889 777778890 777778889 7777788890 7777788889 77777888890 77777888889 777778888890 777778888889 7777788888890 7777788888889 77777888888890 77777888888889 777778888888890 777778888888889 7777788888888890 7777788888888889 7777788888888889 7777788888888888 7777788888888888 7777788888888887 7777778888888888 7777778888888887 7777777888888888 7777777888888887 7777777788888888 7777777788888887 7777777778888888 7777777778888887 7777777777888888 7777777777888887 7777777777788888 7777777777788887 7777777777778888 7777777777778887 7777777777777888 7777777777777887 7777777777777788 7777777777777787 7777777777777778 7777777777777777 7777777777777777
8
17
575061 55671 55670 5675 5676 5676 5677 5776 5777 5777 5778 7785 7784 7784 7783 77830000000 77829999999 7902899900909907
15
31
8867459227779607 224566777788799 224566777788800 2245667778887 2245667778888 2245667788887 2245667788888 2245667788888 2245667788889 2245667788889 2245667788890 2245667788809 2245667788810 224566778881 224566778882 2224566778880 2224566778881 2224566778881 2224566778882 2222456778886 2222456778885 2222456778885 2222456778884 2222446778885 2222446778884 2222446778884 2222446778883 222234677888400 222234677888399 2222334677888990 2222334677888991 9917422382388267
22
45
9810099402090600 126849999 126850000 25681 25680 2685 2686 2686 2687 2786 2787 2787 2788 2887 2888 8882 8881 88810 88809 88890 88889 888890 888889 8888890 8888889 88888890 88888889 888888890 888888889 8888888890 8888888889 88888888890 88888888889 888888888890 888888888889 8888888888890 8888888888889 88888888888890 88888888888889 888888888888890 888888888888889 8888888888888890 8888888888888889 8888888888888889 8888888888888888 8888888888888888
16
33
99999999 099999999 100000000 10 11 110 111 1110 1111 11110 11111 111110 111111 1111110 1111111 11111110 11111111 111111110 111111111 1111111110 1111111111 11111111110 11111111111 111111111110 111111111111 1111111111110 1111111111111 11111111111110 11111111111111 111111111111110 111111111111111 1111111111111110 1111111111111111 1111111111111111
16
33
47798043 3447879 3447880 344887 344888 448883 448882 448882 448881 448881 448880 48884 48883 48883 48882 48882 48881 48881 48880 8884 8883 8883 8882 8882 8881 888100000 888099999 88999998 88999999 89999998 89999999 99999998 99999999 9990090909900090
11
23
9999999999999999 90999999999999999 91000000000000000 91 92 92 93 390 389 389 388 388 387 378 377 377 376 367 366 366 365 356 355 355
2
5
99009000099990 09999999 10000000 100000000000000 099999999999999 99999999999999
5
11
9999999999049099 99999999994999 99999999995000 99999999995 99999999996 99999999996 99999999997 99999999997 99999999998 99999999998 99999999999 999909099090999
64
129
990099 09999 10000 1 2 2 3 3 4 40 41 41 42 42 43 43 44 440 441 441 442 442 443 443 444 4440 4441 4441 4442 4442 4443 4443 4444 44440 44441 44441 44442 44442 44443 44443 44444 444440 444441 444441 444442 444442 444443 444443 444444 4444440 4444441 4444441 4444442 4444442 4444443 4444443 4444444 44444440 44444441 44444441 44444442 44444442 44444443 44444443 44444444 444444440 444444441 444444441 444444442 444444442 444444443 444444443 444444444 4444444440 4444444441 4444444441 4444444442 4444444442 4444444443 4444444443 4444444444 44444444440 44444444441 44444444441 44444444442 44444444442 44444444443 44444444443 44444444444 444444444440 444444444441 444444444441 444444444442 444444444442 444444444443 444444444443 444444444444 4444444444440 4444444444441 4444444444441 4444444444442 4444444444442 4444444444443 4444444444443 4444444444444 44444444444440 44444444444441 44444444444441 44444444444442 44444444444442 44444444444443 44444444444443 44444444444444 444444444444440 444444444444441 444444444444441 444444444444442 444444444444442 444444444444443 444444444444443 444444444444444 4444444444444440 4444444444444441 4444444444444441 4444444444444442 4444444444444442 4444444444444443 4444444444444443 4444444444444444 4444444444444444
23
47
999 9099 9100 91 92 92 93 93 94 490 491 491 492 492 493 3490 3489 34890 34889 348890 348889 3488890 3488889 34888890 34888889 34888889 34888888 34888888 34888887 34788888 34788887 34778888 34778887 34777888 34777887 34777788 34777787 34777787 34777786 34677787 34677786 34667787 34667786 346677860000 346677859999 3456677899990 3456677899991 1979990546080367
6
13
9242382687562870 222234566778889 222234566778890 22234566778892 22234566778891 22234566778891 22234566778890 2223456678897 2223456678896 2223456678896 2223456678895 22234556788960 22234556788959 5504937082629582
22
45
9989999999999099 8909999999999999 8910000000000000 891 892 892 893 893 894 4890 4891 4891 4892 4892 4893 34890 34891 34891 34892 234890 234891 234891 234892 2234890 2234889 22348890 22348889 223488890 223488889 223488889 223488888 223488888 223488887 223478888 223478887 223477888 223477887 223477788 223477787 223477787 223477786 223467787 223467786 22346778600000 22346778599999 7596232890949097
2
5
999999999999999 0999999999999999 1000000000000000 10000 09999 9999
39
79
732525024 22245573 22245574 22245574 22245575 22255574 22255575 22255575 22255576 22255675 22255676 22256675 22256676 22266675 22266676 22266676 22266677 22266776 22266777 22267776 22267777 22277776 22277777 22777772 22777771 22777771 22777770 2777772 2777771 2777771 2777770 777772 777771 7777710 7777709 7777790 7777789 77777890 77777889 777778890 777778889 7777788890 7777788889 77777888890 77777888889 777778888890 777778888889 7777788888890 7777788888889 77777888888890 77777888888889 777778888888890 777778888888889 7777788888888890 7777788888888889 7777788888888889 7777788888888888 7777788888888888 7777788888888887 7777778888888888 7777778888888887 7777777888888888 7777777888888887 7777777788888888 7777777788888887 7777777778888888 7777777778888887 7777777777888888 7777777777888887 7777777777788888 7777777777788887 7777777777778888 7777777777778887 7777777777777888 7777777777777887 7777777777777788 7777777777777787 7777777777777778 7777777777777777 7777777777777777
18
37
9000099000999999 9099999999 9100000000 91 92 92 93 390 391 391 392 2390 2391 2391 2392 22390 22391 22391 22392 222390 222391 222391 222392 2222390 2222389 2222389 2222388 2222388 2222387 2222378 2222377 2222377 2222376 222237600 222237599 2222357990 2222357991 9321297225
25
51
9645209 456929 456930 45693 45694 445690 445691 445691 445692 445692 445693 445693 445694 4445690 4445691 4445691 4445692 4445692 4445693 34445690 34445691 34445691 34445692 34445692 34445693 334445690 334445691 334445691 334445692 2334445690 2334445689 23344456890 23344456889 233444568890 233444568889 233444568889 233444568888 233444568888 233444568887 233444567888 233444567887 233444567788 233444567787 233444567778 233444567777 233444567777 233444567776 2334445667770 2334445667769 23344456667790 23344456667791 3467743560641920
36
73
3729895864302118 112234567888399 112234567888400 1223445678881 1223445678880 223445678881 223445678880 22445678883 22445678884 22445678884 22445678885 22455678884 22455678885 22555678884 22555678885 22555678885 22555678886 22556678885 22556678886 22566678885 22566678886 22666678885 22666678886 22666678886 22666678887 22666778886 22666778887 22667778886 22667778887 22677778886 22677778887 26777778882 26777778881 26777778881 26777778880 6777778882 6777778881 67777788810 67777788809 67777788890 67777788889 677777888890 677777888889 6777778888890 6777778888889 67777788888890 67777788888889 677777888888890 677777888888889 6777778888888890 6777778888888889 6777778888888889 6777778888888888 6777778888888888 6777778888888887 6777777888888888 6777777888888887 6777777788888888 6777777788888887 6777777778888888 6777777778888887 6777777777888888 6777777777888887 6777777777788888 6777777777788887 6777777777778888 6777777777778887 6777777777777888 6777777777777887 6777777777777788 6777777777777787 6777777777777778 6777777777777777 7777777767777777
2
5
9999999999999 09999999999999 10000000000000 10000000 09999999 99009900090099
7
15
9000000300590000 3599 3600 36 37 37 38 83 82 28 29 29 30 3 2 2
35
71
3657377531460080 3334556677781 3334556677780 333456677785 333456677786 333466677785 333466677786 333466677786 333466677787 333466777786 333466777787 333467777786 333467777787 333477777786 333477777787 333477777787 333477777788 333477777887 333477777888 333477778887 333477778888 333477788887 333477788888 333477888887 333477888888 333478888887 333478888888 333488888887 333488888888 334888888883 334888888882 334888888882 334888888881 334888888881 334888888880 34888888883 34888888882 34888888882 34888888881 34888888881 34888888880 4888888883 4888888882 4888888882 4888888881 4888888881 4888888880 888888884 888888883 888888883 888888882 888888882 888888881 8888888810000000 8888888809999999 888888899999998 888888899999999 888888999999998 888888999999999 888889999999998 888889999999999 888899999999998 888899999999999 888999999999998 888999999999999 889999999999998 889999999999999 899999999999998 899999999999999 999999999999998 999999999999999 999999999999999
18
37
9009000090999099 909999999 910000000 91 92 92 93 390 391 391 392 2390 2389 23890 23889 238890 238889 238889 238888 238888 238887 237888 237887 237788 237787 237778 237777 237777 237776 236777 236776 236677 236676 236676 236675 235676000 235675999 300000596075929
11
23
24602009 22469 22470 2247 2248 2482 2481 2481 2480 482 481 481 480 84 83 83 82 82 81 81000000 80999999 9999998 9999999 9999999
2
5
3357284745532 2233344555787 2233344555788 2233344555788 2233344555789 4833325429755
2
5
9900900090900000 099999 100000 100000000 099999999 9900099009099900
27
55
99 909 910 91 92 92 93 93 94 490 491 491 492 492 493 493 494 4490 4491 4491 4492 24490 24491 24491 24492 224490 224489 2244890 2244889 22448890 22448889 224488890 224488889 2244888890 2244888889 2244888889 2244888888 2244888888 2244888887 2244788888 2244788887 2244778888 2244778887 2244777888 2244777887 2244777788 2244777787 2244777787 2244777786 2244677787 2244677786 224466778700 224466778699 2244666778990 2244666778991 6274276904800196
14
29
8706364106500762 134566667782 134566667783 133456667786 133456667787 133456677786 133456677787 133456777786 133456777787 133456777787 133456777788 133456777887 133456777888 133456778887 133456778888 133456778888 133456778889 133456778889 133456778890 13345677889 13345677890 1334567789 1334567790 133456779 133456780 13345786 13345785 133457850 133457849 713584394
17
35
890181611344199 11113446881999 11113446882000 11123446881 11123446880 1123446881 1123446880 1234468810 1234468809 234468891 234468892 234468892 234468893 233468894 233468895 233468895 233468896 2334668890 2334668889 23346688890 23346688889 233466888890 233466888889 2334668888890 2334668888889 2334668888889 2334668888888 2334668888888 2334668888887 2334667888888 2334667888887 2334667788888 2334667788887 23346677788880 23346677788879 3738846778009726
30
61
8118111111111111 1111111111111881 1111111111111880 111111111111881 111111111111880 11111111111881 11111111111880 11111111118810 11111111118809 1111111118891 1111111118892 1111111128891 1111111128892 1111111228891 1111111228892 1111112228891 1111112228892 1111122228891 1111122228892 1111222228891 1111222228892 1112222228891 1112222228892 1112222228892 1112222228893 1112222238892 1112222238893 1112222338892 1112222338893 1112223338892 1112223338893 1112233338892 1112233338893 1112333338892 1112333338893 1112333338893 1112333338894 1112333348893 1112333348894 1112333448893 1112333448894 1112334448893 1112334448894 1112334448894 1112334448895 1112334458894 1112334458895 1112334558894 1112334558895 1112334555889 1112334555888 1112334555888 1112334555887 1112334555788 1112334555787 1112334555778 1112334555777 1112334555777 1112334555776 111233455567700 111233455567699 655251391397614
11
23
9613197592466636 1123356666679499 1123356666679500 11233566666795 11233566666796 11233566666796 11233566666797 11233566667796 11233566667797 11233566677796 11233566677797 11233566677797 11233566677798 112335666777890 112335666777889 112335666777889 112335666777888 112356667778883 112356667778882 112356667778882 112356667778881 1113566677788820 1113566677788819 5976661811718387
34
69
7243930434599838 233334447885999 233334447886000 233334447886 233334447887 233334447887 233334447888 233334448887 233334448888 333344488882 333344488881 333344488881 333344488880 33344488883 33344488882 33344488882 33344488881 33344488881 33344488880 3344488883 3344488882 3344488882 3344488881 3344488881 3344488880 344488883 344488882 344488882 344488881 344488881 344488880 44488883 44488882 44488882 44488881 44488881 44488880 4488884 4488883 4488883 4488882 4488882 4488881 4488881 4488880 488884 488883 488883 488882 488882 488881 488881 488880 88884 88883 88883 88882 88882 88881 88881000000 88880999999 8889999998 8889999999 8899999998 8899999999 8999999998 8999999999 9999999998 9999999999 999099909099009
8
17
977777777777799 7777777777779099 7777777777779100 77777777777791 77777777777792 77777777777792 77777777777793 77777777777793 77777777777794 477777777777790 477777777777791 477777777777791 477777777777792 477777777777792 477777777777793 3477777777777790 3477777777777789 4977777777777783
16
33
8888888888888888 8888888888888888 8888888888888889 8888888888888889 8888888888888890 888888888888889 888888888888890 88888888888889 88888888888890 8888888888889 8888888888890 888888888889 888888888890 88888888889 88888888890 8888888889 8888888890 888888889 888888890 88888889 88888890 8888898 8888899 8888998 8888999 8889998 8889999 8899998 8899999 8999998 8999999 9999998 9999999 9099900090090090
41
83
6666666666666666 6666666666666666 6666666666666667 6666666666666676 6666666666666677 6666666666666776 6666666666666777 6666666666667776 6666666666667777 6666666666677776 6666666666677777 6666666666777776 6666666666777777 6666666667777776 6666666667777777 6666666677777776 6666666677777777 6666666677777777 6666666677777778 6666666677777787 6666666677777788 6666666677777887 6666666677777888 6666666677778887 6666666677778888 6666666677788887 6666666677788888 6666666677888887 6666666677888888 6666666678888887 6666666678888888 6666666678888888 6666666678888889 6666666678888889 6666666678888890 666666667888889 666666667888890 66666666788889 66666666788890 6666666678889 6666666678890 6666666678809 6666666678810 166666667886 166666667885 156666667886 156666667885 155666667886 155666667885 155566667886 155566667885 155556667886 155556667885 155555667886 155555667885 155555667885 155555667884 145555667885 145555667884 144555667885 144555667884 144455667885 144455667884 144445667885 144445667884 144444667885 144444667884 144444667884 144444667883 134444667884 134444667883 133444667884 133444667883 133344667884 133344667883 133344667883 133344667882 123344667883 123344667882 122344667883 122344667882 1222344667880 1222344667881 672218830604142
8
17
4977777777777783 3477777777777789 3477777777777790 477777777777793 477777777777792 477777777777792 477777777777791 477777777777791 477777777777790 77777777777794 77777777777793 77777777777793 77777777777792 77777777777792 77777777777791 7777777777779100 7777777777779099 977777777777799
6
13
56576377287747 23456677777785 23456677777786 23456677777786 23456677777787 23456677777787 23456677777788 23456677777887 23456677777888 23456677777888 23456677777889 23456677777889 23456677777890 6765772974387
17
35
9699999990909990 69099999999999 69100000000000 691 692 692 693 3690 3691 3691 3692 3692 3693 33690 33691 33691 33692 233690 233689 233689 233688 233688 233687 233678 233677 233677 233676 233667 233666 233666 233665 233566 233565 23355600000 23355599999 990993523005905
31
63
19991090900900 19199999 19200000 291 292 292 293 392 393 393 394 3490 3491 3491 3492 3492 3493 33490 33489 334890 334889 3348890 3348889 33488890 33488889 334888890 334888889 3348888890 3348888889 33488888890 33488888889 33488888889 33488888888 33488888888 33488888887 33478888888 33478888887 33477888888 33477888887 33477788888 33477788887 33477778888 33477778887 33477777888 33477777887 33477777788 33477777787 33477777787 33477777786 33467777787 33467777786 33466777787 33466777786 33466677787 33466677786 33466667787 33466667786 33466667786 33466667785 3345666778600 3345666778599 33455666778990 33455666778991 3798756456130069
57
115
4444444844944444 4444444444444489 4444444444444490 444444444444494 444444444444493 444444444444493 444444444444492 444444444444492 444444444444491 444444444444491 444444444444490 44444444444494 44444444444493 44444444444493 44444444444492 44444444444492 44444444444491 44444444444491 44444444444490 4444444444494 4444444444493 4444444444493 4444444444492 4444444444492 4444444444491 4444444444491 4444444444490 444444444494 444444444493 444444444493 444444444492 444444444492 444444444491 444444444491 444444444490 44444444494 44444444493 44444444493 44444444492 44444444492 44444444491 44444444491 44444444490 4444444494 4444444493 4444444493 4444444492 4444444492 4444444491 4444444491 4444444490 444444494 444444493 444444493 444444492 444444492 444444491 444444491 444444490 44444494 44444493 44444493 44444492 44444492 44444491 44444491 44444490 4444494 4444493 4444493 4444492 4444492 4444491 4444491 4444490 444494 444493 444493 444492 444492 444491 444491 444490 44494 44493 44493 44492 44492 44491 44491 44490 4494 4493 4493 4492 4492 4491 4491 4490 494 493 493 492 492 491 491 490 94 93 93 92 92 91 9100000000000000 9099999999999999 999999999999999
4
9
92060499499808 44688299999 44688300000 344688 344687 346784 346783 334678 334679 97640330
36
73
7685880500039249 345567888929 345567888930 34556788893 34556788894 44556788893 44556788894 44556788894 44556788895 45556788894 45556788895 55556788894 55556788895 55556788895 55556788896 55566788895 55566788896 55666788895 55666788896 56666788895 56666788896 66666788895 66666788896 666666788890 666666788889 6666667888890 6666667888889 66666678888890 66666678888889 666666788888890 666666788888889 6666667888888890 6666667888888889 6666667888888889 6666667888888888 6666667888888888 6666667888888887 6666667788888888 6666667788888887 6666667778888888 6666667778888887 6666667777888888 6666667777888887 6666667777788888 6666667777788887 6666667777778888 6666667777778887 6666667777777888 6666667777777887 6666667777777788 6666667777777787 6666667777777778 6666667777777777 6666667777777777 6666667777777776 6666666777777777 6666666777777776 6666666677777777 6666666677777776 6666666667777777 6666666667777776 6666666666777777 6666666666777776 6666666666677777 6666666666677776 6666666666667777 6666666666667776 6666666666666777 6666666666666776 6666666666666677 6666666666666676 6666666666666667 6666666666666666 6666666666666666
6
13
4000000000000002 42 41 410 409 490 489 489 488 488 487 784 783 7000000000000038
34
69
2741688655077872 224556677778881 224556677778880 22456677778885 22456677778886 22466677778885 22466677778886 22466677778886 22466677778887 22466777778886 22466777778887 22467777778886 22467777778887 22477777778886 22477777778887 22477777778887 22477777778888 22477777788887 22477777788888 22477777888887 22477777888888 22477778888887 22477778888888 22477788888887 22477788888888 22477888888887 22477888888888 22478888888887 22478888888888 22488888888887 22488888888888 24888888888882 24888888888881 24888888888881 24888888888880 4888888888882 4888888888881 4888888888881 4888888888880 888888888884 888888888883 888888888883 888888888882 888888888882 888888888881 888888888881 888888888880 88888888888 88888888889 88888888889 88888888890 8888888889 8888888890 888888889 888888890 88888889 88888890 8888898 8888899 8888998 8888999 8889998 8889999 8899998 8899999 8999998 8999999 9999998 9999999 9999999
6
13
7674677785293 23456677777890 23456677777889 23456677777889 23456677777888 23456677777888 23456677777887 23456677777788 23456677777787 23456677777787 23456677777786 23456677777786 23456677777785 76775472857736
4
9
44558137358434 333444455578810 333444455578809 33344445557889 33344445557888 333444455578880 333444455578881 1333444455578880 1333444455578881 3584353858441147
18
37
3344080632121481 11223334446881 11223334446880 1223334446881 1223334446880 223334446881 223334446880 22333446884 22333446885 22333445886 22333445887 23334457882 23334457881 23334457881 23334457880 3334457882 3334457881 3334457881 3334457880 334457883 334457882 334457882 334457881 334457881 334457880 33445788 33445789 33445789 33445790 3344579 3344580 334584 334583 334583 334582 2345830000 2345829999 3480290590990200
27
55
9999999999999929 9299999999999999 9300000000000000 93 94 490 491 491 492 492 493 493 494 4490 4489 44890 44889 448890 448889 4488890 4488889 44888890 44888889 448888890 448888889 4488888890 4488888889 4488888889 4488888888 4488888888 4488888887 4478888888 4478888887 4477888888 4477888887 4477788888 4477788887 4477778888 4477778887 4477777888 4477777887 4477777788 4477777787 4477777778 4477777777 4477777777 4477777776 4467777777 4467777776 446677777700 446677777699 4466677777990 4466677777991 14466677777990 14466677777991 7646971617900477
2
5
900999999909090 09999999999 10000000000 100000000000 099999999999 99999990999090
6
13
7000000000000038 378 379 739 740 47 48 48 49 409 410 41 42 4000000000000002
33
67
9999000099999099 909999999999 910000000000 91 92 92 93 93 94 490 491 491 492 492 493 493 494 4490 4491 4491 4492 24490 24491 24491 24492 224490 224489 2244890 2244889 22448890 22448889 224488890 224488889 2244888890 2244888889 22448888890 22448888889 22448888889 22448888888 22448888888 22448888887 22447888888 22447888887 22447788888 22447788887 22447778888 22447778887 22447777888 22447777887 22447777788 22447777787 22447777787 22447777786 22446777787 22446777786 22446677787 22446677786 22446667787 22446667786 22446667786 22446667785 22445667786 22445667785 2244556778600 2244556778599 22445556778990 22445556778991 9442505771062895
36
73
7550548893271527 122345557778859 122345557778860 22345556777881 22345556777880 2234556777885 2234556777886 2234566777885 2234566777886 2234666777885 2234666777886 2234666777886 2234666777887 2234667777886 2234667777887 2234677777886 2234677777887 2234777777886 2234777777887 2234777777887 2234777777888 2234777778887 2234777778888 2234777788887 2234777788888 2234777888887 2234777888888 2234778888887 2234778888888 2234788888887 2234788888888 2234888888887 2234888888888 2348888888882 2348888888881 2348888888881 2348888888880 348888888882 348888888881 348888888881 348888888880 48888888883 48888888882 48888888882 48888888881 48888888881 48888888880 8888888884 8888888883 8888888883 8888888882 8888888882 8888888881 8888888881 8888888880 888888888 888888889 888888889 888888890 88888889 88888890 8888889 8888890 888889 888890 88889 88890 8889 8890 898 899 998 999 999
17
35
3004818155504720 123445557881 123445557880 12344557885 12344557886 12344567885 12344567886 12344667885 12344667886 12344667886 12344667887 12344677886 12344677887 12344777886 12344777887 12344777887 12344777888 12344778887 12344778888 12344788887 12344788888 12344788888 12344788889 12344788889 12344788890 1234478889 1234478890 123447889 123447890 12344789 12344790 1234479 1234480 1234840000 1234839999 909029810033409
47
95
3333333333333332 3333333333333332 3333333333333331 3333333333333331 3333333333333330 333333333333333 333333333333332 333333333333332 333333333333331 333333333333331 333333333333330 33333333333333 33333333333332 33333333333332 33333333333331 33333333333331 33333333333330 3333333333333 3333333333332 3333333333332 3333333333331 3333333333331 3333333333330 333333333333 333333333332 333333333332 333333333331 333333333331 333333333330 33333333333 33333333332 33333333332 33333333331 33333333331 33333333330 3333333333 3333333332 3333333332 3333333331 3333333331 3333333330 333333333 333333332 333333332 333333331 333333331 333333330 33333333 33333332 33333332 33333331 33333331 33333330 3333333 3333332 3333332 3333331 3333331 3333330 333333 333332 333332 333331 333331 333330 33333 33332 33332 33331 33331 33330 3333 3332 3332 3331 3331 3330 333 332 332 331 331 330 33 32 32 31 31 30 3 2 2 1 1000000 0999999 999999
5
11
7413 34710000000000 34709999999999 4799999999993 4799999999994 4799999999994 4799999999995 5799999999994 5799999999995 5799999999995 5799999999996 5099997909099969
7
15
44838604352754 2334444556788 2334444556789 2334444556789 2334444556790 2334444556709 2334444556710 123344445675 123344445674 123344445674 123344445673 133344445672 133344445671 1133344445670 1133344445671 1016034344504317
12
25
9988532693353843 2333345568883999 2333345568884000 2333445568883 2333445568884 2333445568884 2333445568885 2333455568884 2333455568885 2333455568885 2333455568886 2333455668885 2333455668886 2333456668885 2333456668886 2333456666888 2333456666887 2334566667883 2334566667882 2234566667883 2234566667882 2234566667882 2234566667881 1234566667882 1234566667881 4832161660050867
17
35
695399009998933 3336859999999 3336860000000 333686 333687 333786 333787 333787 333788 333887 333888 338883 338882 338882 338881 338881 338880 38883 38882 38882 38881 38881 38880 8883 8882 8882 8881 8881 8880 888 889 889 890 89 90 9000000000000000
11
23
9999899999959991 5891999999999999 5892000000000000 5892 5893 5893 5894 45890 45891 45891 45892 245890 245891 245891 245892 2245890 2245891 2245891 2245892 2224589 2224588 22245880 22245879 2287245090
0
1
9990000999099000 9009909000909099
5
11
1111111111111111 1111111111111111 1111111111111110 111111111111111 111111111111112 111111111111112 111111111111113 111111111111113 111111111111114 111111111111114 111111111111115 1111150111111111
34
69
7087414277400364 2344446777781 2344446777782 2344446777782 2344446777783 3344446777782 3344446777783 3344446777783 3344446777784 3444446777783 3444446777784 4444446777783 4444446777784 44444446777780 44444446777781 44444446777781 44444446777782 44444446777782 44444446777783 44444446777783 44444446777784 444444446777780 444444446777781 444444446777781 444444446777782 444444446777782 444444446777783 444444446777783 444444446777784 4444444446777780 4444444446777781 4444444446777781 4444444446777782 2444444444677778 2444444444677777 2444444444677777 2444444444677776 2444444444667777 2444444444667776 2444444444666777 2444444444666776 2444444444666677 2444444444666676 2444444444666667 2444444444666666 2444444444666666 2444444444666665 2444444444566666 2444444444566665 2444444444556666 2444444444556665 2444444444555666 2444444444555665 2444444444555566 2444444444555565 2444444444555556 2444444444555555 2444444444555555 2444444444555554 2444444444455555 2444444444455554 2444444444445555 2444444444445554 2444444444444555 2444444444444554 2444444444444455 2444444444444454 2444444444444445 2444444444444444 4244444444444444
21
43
5884888888888888 4588888888888888 4588888888888889 4588888888888889 4588888888888890 458888888888889 458888888888890 45888888888889 45888888888890 4588888888889 4588888888890 458888888889 458888888890 45888888889 45888888890 4588888889 4588888890 458888889 458888890 458888809 458888810 45888881 45888882 45888882 45888883 345888880 345888881 345888881 345888882 234588888 234588887 234578888 234578887 234577888 234577887 234577887 234577886 234567887 234567886 234667885 234667884 2346678840 2346678839 72486836390
32
65
680826164804558 2445566688881 2445566688880 244566688885 244566688886 244666688885 244666688886 244666688886 244666688887 244666788886 244666788887 244667788886 244667788887 244677788886 244677788887 244777788886 244777788887 244777788887 244777788888 244777888887 244777888888 244778888887 244778888888 244788888887 244788888888 244888888887 244888888888 448888888882 448888888881 448888888881 448888888880 48888888884 48888888883 48888888883 48888888882 48888888882 48888888881 48888888881 48888888880 8888888884 8888888883 8888888883 8888888882 8888888882 8888888881 8888888881 8888888880 888888888 888888889 888888898 888888899 888888998 888888999 888889998 888889999 888899998 888899999 888999998 888999999 889999998 889999999 899999998 899999999 999999998 999999999 9099099009990900
7
15
9910587094156613 11345566789199 11345566789200 123455667891 123455667892 122355667894 122355667895 122355567896 122355567897 1223555677890 1223555677889 12235556778890 12235556778889 122355567788890 122355567788889 9571683552870882
50
101
4444444144444444 4444444444444441 4444444444444440 444444444444444 444444444444445 444444444444454 444444444444455 444444444444554 444444444444555 444444444444555 444444444444556 444444444444565 444444444444566 444444444444566 444444444444567 444444444444567 444444444444568 444444444445684 444444444445683 444444444445683 444444444445682 444444444445682 444444444445681 444444444445681 444444444445680 44444444445684 44444444445683 44444444445683 44444444445682 44444444445682 44444444445681 44444444445681 44444444445680 4444444445684 4444444445683 4444444445683 4444444445682 4444444445682 4444444445681 4444444445681 4444444445680 444444445684 444444445683 444444445683 444444445682 444444445682 444444445681 444444445681 444444445680 44444445684 44444445683 44444445683 44444445682 44444445682 44444445681 44444445681 44444445680 4444445684 4444445683 4444445683 4444445682 4444445682 4444445681 4444445681 4444445680 444445684 444445683 444445683 444445682 444445682 444445681 444445681 444445680 44445684 44445683 44445683 44445682 44445682 44445681 44445681 44445680 4445684 4445683 4445683 4445682 4445682 4445681 4445681 4445680 445684 445683 345684 345683 345683 345682 245683 245682 245682 245681 1456820000000 1456819999999 9980694011599909
22
45
5825999600429920 2224568599999 2224568600000 22246685 22246686 22246686 22246687 22246786 22246787 22247786 22247787 22247787 22247788 22247887 22247888 22248887 22248888 22488882 22488881 22488881 22488880 2488882 2488881 2488881 2488880 488882 488881 488881 488880 88884 88883 88883 88882 88882 88881 888810 888809 88898 88899 88998 88999 89998 89999 99998 99999 99999
8
17
906019906004490 146694999 146695000 146695 146696 146696 146697 146796 146797 146797 146798 1467890 1467889 1467889 1467888 16788840000 16788839999 808090099931786
9
19
9999009099009159 59199999999 59200000000 592 593 593 594 4590 4591 4591 4592 24590 24591 24591 24592 224590 224591 224591 224592 2920040020050000
40
81
6666666666666666 6666666666666666 6666666666666667 6666666666666676 6666666666666677 6666666666666776 6666666666666777 6666666666667776 6666666666667777 6666666666677776 6666666666677777 6666666666777776 6666666666777777 6666666667777776 6666666667777777 6666666677777776 6666666677777777 6666666777777776 6666666777777777 6666667777777776 6666667777777777 6666667777777777 6666667777777778 6666667777777787 6666667777777788 6666667777777887 6666667777777888 6666667777778887 6666667777778888 6666667777788887 6666667777788888 6666667777888887 6666667777888888 6666667778888887 6666667778888888 6666667788888887 6666667788888888 6666667888888887 6666667888888888 6666668888888887 6666668888888888 6666668888888888 6666668888888889 6666668888888889 6666668888888890 666666888888889 666666888888890 66666688888889 66666688888890 6666668888889 6666668888890 666666888889 666666888890 66666688889 66666688890 6666668889 6666668890 666666889 666666890 666666809 666666810 16666686 16666685 15666686 15666685 15566686 15566685 15556686 15556685 15555686 15555685 15555685 15555684 14555685 14555684 14455685 14455684 14455684 14455683 1445568300 1445568299 4099055210840006
7
15
5012413577919653 111233455677599 111233455677600 11233455667710 11233455667709 1123345667795 1123345667796 1123345666797 1123345666798 11233456667890 11233456667889 11233456667889 11233456667888 112345666788830 112345666788829 7824586686911032
45
91
4444444444474444 4444444444444474 4444444444444475 4444444444444574 4444444444444575 4444444444445574 4444444444445575 4444444444455574 4444444444455575 4444444444555574 4444444444555575 4444444444555575 4444444444555576 4444444444555675 4444444444555676 4444444444556675 4444444444556676 4444444444566675 4444444444566676 4444444444566676 4444444444566677 4444444444566776 4444444444566777 4444444444566777 4444444444566778 4444444444566787 4444444444566788 4444444444566887 4444444444566888 4444444445668884 4444444445668883 4444444445668883 4444444445668882 4444444445668882 4444444445668881 4444444445668881 4444444445668880 444444445668884 444444445668883 444444445668883 444444445668882 444444445668882 444444445668881 444444445668881 444444445668880 44444445668884 44444445668883 44444445668883 44444445668882 44444445668882 44444445668881 44444445668881 44444445668880 4444445668884 4444445668883 4444445668883 4444445668882 4444445668882 4444445668881 4444445668881 4444445668880 444445668884 444445668883 444445668883 444445668882 444445668882 444445668881 444445668881 444445668880 44445668884 44445668883 34445668884 34445668883 33445668884 33445668883 33345668884 33345668883 33335668884 33335668883 33335668883 33335668882 23335668883 23335668882 22335668883 22335668882 22235668883 22235668882 22235668882 22235668881 1223566888200 1223566888199 1618098932568020
27
55
9999090909900900 9099999999 9100000000 91 92 92 93 93 94 490 491 491 492 492 493 493 494 4490 4491 4491 4492 4492 4493 34490 34491 34491 34492 234490 234491 234491 234492 2234490 2234489 22344890 22344889 223448890 223448889 223448889 223448888 223448888 223448887 223447888 223447887 223447788 223447787 223447787 223447786 223446787 223446786 223446687 223446686 223446686 223446685 2234456860000 2234456859999 6302545999008294
20
41
26252671098522 1222225567869 1222225567870 222225567781 222225567780 22222557786 22222557787 22222557787 22222557788 22225577882 22225577881 22225577881 22225577880 2225577882 2225577881 2225577881 2225577880 225577882 225577881 225577881 225577880 25577882 25577881 25577881 25577880 5577882 5577881 5577881 5577880 557788 557789 557789 557790 55779 55780 5785 5784 4785 4784 47840 47839 830794
6
13
1111111111111349 11111111111113409 11111111111113410 1111111111111134 1111111111111133 1111111111111133 1111111111111132 1111111111111123 1111111111111122 1111111111111122 1111111111111121 1111111111111112 1111111111111111 1111111111111111
7
15
9992779909997931 123777999999999 123778000000000 237781 237780 23787 23788 23788 23789 23879 23880 2883 2882 2882000 2881999 1890902000000098
6
13
9999 90999 91000 91 92 92 93 39 38 38 37 370000000 369999999 99990990030906
25
51
1111111111111115 1111111111111151 1111111111111150 111111111111151 111111111111150 11111111111151 11111111111150 1111111111151 1111111111150 111111111151 111111111150 11111111151 11111111150 1111111151 1111111150 111111151 111111150 11111151 11111150 1111151 1111150 111151 111150 11151 11150 11510 11509 1591 1592 2591 2592 2592 2593 3592 3593 3593 3594 3495 3496 34690 34689 346890 346889 346889 346888 346888 346887 346788 346787 3467780000 3467779999 99003909677407
31
63
9964266708529530 22345666785999 22345666786000 22346666785 22346666786 22346666786 22346666787 22346667786 22346667787 22346677786 22346677787 22346777786 22346777787 22347777786 22347777787 22347777787 22347777788 22347777887 22347777888 22347778887 22347778888 22347788887 22347788888 22347888887 22347888888 22348888887 22348888888 23488888882 23488888881 23488888881 23488888880 3488888882 3488888881 3488888881 3488888880 488888883 488888882 488888882 488888881 488888881 488888880 88888884 88888883 88888883 88888882 88888882 88888881 88888881 88888880 8888888 8888889 8888898 8888899 8888998 8888999 8889998 8889999 8899998 8899999 8999998 8999999 9999998 9999999 9990900000990090
2
5
9907999999999909 99999999997999 99999999998000 99999999998 99999999999 9990900999099909
2
5
7539452532834 2233344555789 2233344555788 2233344555788 2233344555787 2357545427833
31
63
7461664209345968 123444566678699 123444566678700 2344456667781 2344456667780 234445667786 234445667787 234445677786 234445677787 234445677787 234445677788 234445677887 234445677888 234445678887 234445678888 234445688887 234445688888 344456888882 344456888881 344456888881 344456888880 44456888883 44456888882 44456888882 44456888881 44456888881 44456888880 4456888884 4456888883 4456888883 4456888882 4456888882 4456888881 4456888881 4456888880 456888884 456888883 456888883 456888882 456888882 456888881 456888881 456888880 56888884 56888883 56888883 56888882 56888882 56888881 56888881 56888880 5688888 5688889 5688889 5688890 568889 568890 56889 56890 5689 5690 569 570 57
8
17
999999999999999 9099999999999999 9100000000000000 91 92 92 93 93 94 490 491 491 492 492 493 3490000000000000 3489999999999999 4999999999999983
26
53
9000000000999000 90999 91000 91 92 92 93 93 94 490 491 491 492 492 493 3490 3491 3491 3492 3492 3493 33490 33491 33491 33492 233490 233489 2334890 2334889 23348890 23348889 233488890 233488889 233488889 233488888 233488888 233488887 233478888 233478887 233477888 233477887 233477788 233477787 233477778 233477777 233477777 233477776 2334677770 2334677769 23346677790 23346677791 123346677790 123346677791 6133190407267070
8
17
4999999999999983 3489999999999999 3490000000000000 493 492 492 491 491 490 94 93 93 92 92 91 9100000000000000 9099999999999999 999999999999999
9
19
9181389474200045 1234445788199 1234445788200 22344457881 22344457882 22344457882 22344457883 22334445788 22334445787 22334445787 22334445786 22334456784 22334456783 223334567840 223334567839 2233334567890 2233334567891 12233334567890 12233334567891 3803731129250436
21
43
9525409740143581 11234445578599 11234445578600 123444556781 123444556780 23444556781 23444556780 2344456785 2344456786 2344466785 2344466786 2344466786 2344466787 2344466787 2344466788 2344466887 2344466888 3444668882 3444668881 3444668881 3444668880 444668883 444668882 444668882 444668881 444668881 444668880 44466888 44466889 44466889 44466890 4446689 4446690 444669 444670 44674 44673 34674 34673 34673 34672 2467300000 2467299999 9900909702260904
15
31
99999999999 909999999999 910000000000 91 92 92 93 93 94 490 489 4890 4889 4889 4888 4888 4887 4788 4787 4778 4777 4777 4776 4677 4676 4676 4675 457600000 457599999 4557999990 4557999991 9900740059009519
29
59
9009397139039809 333789199999 333789200000 3337892 3337893 3337893 3337894 3347893 3347894 3447893 3447894 34447890 34447891 34447891 34447892 34447892 34447893 334447890 334447891 334447891 334447892 2334447890 2334447891 2334447891 2334447892 22334447890 22334447889 223344478890 223344478889 2233444788890 2233444788889 22334447888890 22334447888889 22334447888889 22334447888888 22334447888888 22334447888887 22334447788888 22334447788887 22334447778888 22334447778887 22334447777888 22334447777887 22334447777788 22334447777787 22334447777787 22334447777786 22334446777787 22334446777786 22334446677787 22334446677786 22334446667787 22334446667786 22334446667786 22334446667785 223344456677860 223344456677859 2233444556677890 2233444556677891 4756472433962518
2
5
99999999999999 099999999999999 100000000000000 10000000 09999999 99999090900
