24378376
414
993880526
620920428
231844998
15781318
709750590
2677099
227909028
690985217
598265229
304512
279074
2905
429807964
2837
492859367
53377220
19407443
21802
307938001
16430410
898734586
33533597
2892
156233628
298777313
136148169
15022440
596559395
744082638
505196097
353538207
462849267
661253261
828370460
12886284
137975600
296631
2220
450923620
126361021
965684476
192543306
887384710
67539222
21821313
838552590
634423081
3007358
747862227
265469238
373177000
279630638
688075055
380943102
418355262
16454607
17425
2572
116982876
416855889
16392
489863945
471245247
136294815
757043528
510509702
64691126
2826
24744
91345863
39787943
293747728
476292802
145346488
123864787
457304710
93215353
129029090
980033662
752877825
112413
809917614
801302307
895411378
614644992
239685201
756909
507347783
911501806
595201282
1991
932085818
100466187
573190235
505141916
25228703
580975412
1903
