884547718
0 1 10 11 100 101
1708481880
0 1 10 11 100 101 110 111 1000
175
0 1 10 11 100 101 110
10000000000
0 1 10 11 100 101 110 111 1000 1001
1
0
20
0 1 10 11 100 101
7000000000
0 1 10 11 100 101 110
116149658
0 1 10 11 100 101 110 111 1000 1001
9411734899
0 1 10 11 100 101 110 111 1000 1001
703126824
0 1 10 11 100 101 110 111 1000 1001
511
0 1 10 11 100 101 110 111 1000
273
0 1 10 11 100 101 110 111 1000
1000000007
0 1 10 11 100 101 110 111
2378
0 1 10 11 100 101 110 111 1000 1001
1000000007
0 1 10 11 100 101 110 111
701
0
127
0 1 10 11 100 101 110
985
0 1 10 11 100 101 110 111 1000
9
0 1 10 11 100 101 110 111 1000
143
0 1 10 11 100 101 110 111 1000 1001
1441274412
0 1 10
3179927201
0 1 10 11 100 101 110 111 1000
7200843235
0 1 10 11 100 101 110 111 1000 1001
1000000000
0
5000000004
0 1 10 11 100 101 110 111 1000
1000000008
0 1 10 11 100 101 110 111 1000
1000000005
0 1 10 11 100 101
9000000000
0 1 10 11 100 101 110 111 1000
2513780689
0 1 10 11 100 101 110 111 1000 1001
3953948631
0 1 10 11 100
5236493691
0 1 10 11 100 101 110 111 1000 1001
434967979
0 1 10 11 100 101 110 111 1000 1001
1
0
1000000009
0 1 10 11 100 101 110 111 1000 1001
5825032733
0 1 10 11 100 101 110 111 1000
911570555
0 1 10 11 100 101 110 111 1000 1001
3729959833
0 1 10 11 100 101 110 111 1000 1001
5924376048
0 1 10 11 100 101 110 111 1000 1001
861403113
0
198
0 1 10 11 100 101 110 111 1000 1001
1023
0 1 10 11 100 101 110 111 1000 1001
4367549490
0 1 10 11 100 101 110 111 1000 1001
248
0 1 10 11 100 101 110 111 1000 1001
143
0 1 10 11 100 101 110 111 1000 1001
1418972345
0 1
270
0 1 10 11 100 101 110 111 1000 1001
293
0 1 10 11 100 101 110 111 1000 1001
10000000000
0 1 10 11 100 101 110 111 1000 1001
2034554576
0 1 10 11 100
8732579930
0 1 10 11 100 101 110 111 1000 1001
5000000005
0 1 10 11 100 101 110 111 1000 1001
5046868571
0 1 10 11 100 101 110 111
88
0 1 10 11 100 101 110 111 1000
1023
0 1 10 11 100 101 110 111 1000 1001
8866872310
0 1 10 11 100 101 110 111 1000 1001
10
0 1 10 11 100 101 110 111 1000 1001
4330707795
0 1 10 11 100 101 110 111
6000000000
0 1 10 11 100 101
1000000008
0 1 10 11 100 101 110 111 1000
1710605952
0 1
1634382946
0 1 10
1
0
8385801978
0 1 10 11 100 101 110 111 1000 1001
20
0 1 10 11 100 101
3520152010
0 1 10 11 100 101 110 111 1000 1001
9000000000
0 1 10 11 100 101 110 111 1000
169
0 1 10 11 100 101 110
31
0 1 10 11 100
924305146
0 1
612441848
0 1 10
182
0 1 10 11 100 101 110
10
0 1 10 11 100 101 110 111 1000 1001
2844361434
0 1 10 11 100 101
116
0 1 10
3000000003
0 1 10 11 100 101
1000000009
0 1 10 11 100 101 110 111 1000 1001
143
0 1 10 11 100 101 110 111 1000 1001
3000000002
0 1 10 11 100
7
0 1 10 11
2378
0 1 10 11 100 101 110 111 1000 1001
2000000002
0 1 10 11
53178537
0 1 10 11 100 101 110 111 1000
4753239450
0 1 10 11 100 101 110 111 1000
2378
0 1 10 11 100 101 110 111 1000 1001
1703729210
0 1 10 11 100 101 110 111 1000 1001
7688532797
0 1 10 11 100 101 110 111
2378
0 1 10 11 100 101 110 111 1000 1001
31
0 1 10 11 100
1000000009
0 1 10 11 100 101 110 111 1000 1001
988143384
0 1
247
0 1 10 11 100 101 110 111 1000 1001
1
0
145061513
0 1 10 11 100 101 110 111 1000 1001
1000000009
0 1 10 11 100 101 110 111 1000 1001
143
0 1 10 11 100 101 110 111 1000 1001
10
0 1 10 11 100 101 110 111 1000 1001
2378
0 1 10 11 100 101 110 111 1000 1001
152
0 1 10
1023
0 1 10 11 100 101 110 111 1000 1001
4436188924
0 1 10 11 100 101
