2378
0 1 10 11 100 101 110 111 1000 1001
88
0 1 10 11 100 101 110 111 1000
258
0 1 10 11 100 101 110
4008705912
0 1 10 11 100 101
24
0
1190946625
0 1
2000000000
0 1
6
0 1 10 11 100 101
4000000004
0 1 10 11 100 101 110 111
31
0 1 10 11 100
10000000000
0 1 10 11 100 101 110 111 1000 1001
6890707853
0 1 10 11 100 101 110
1000000001
0 1
752422644
0 1 10 11 100 101 110 111 1000 1001
128385572
0
971786431
0 1 10 11 100 101 110
63
0 1 10 11 100 101
5000000005
0 1 10 11 100 101 110 111 1000 1001
566916104
0 1 10 11 100 101 110 111 1000
1023
0 1 10 11 100 101 110 111 1000 1001
933082137
0 1 10 11 100 101 110 111 1000 1001
2000000000
0 1
2000000002
0 1 10 11
10000000000
0 1 10 11 100 101 110 111 1000 1001
8000000000
0 1 10 11 100 101 110 111
2000000000
0 1
1
0
70
0 1 10 11 100 101
1401038993
0 1 10
2378
0 1 10 11 100 101 110 111 1000 1001
9000000000
0 1 10 11 100 101 110 111 1000
645901639
0 1 10 11 100 101 110 111 1000
758255824
0
2000000000
0 1
10000000000
0 1 10 11 100 101 110 111 1000 1001
269
0 1 10 11 100 101 110 111 1000 1001
1023
0 1 10 11 100 101 110 111 1000 1001
29
0 1 10 11 100
334504984
0 1 10 11 100 101 110 111
5000000004
0 1 10 11 100 101 110 111 1000
1000000009
0 1 10 11 100 101 110 111 1000 1001
803297130
0 1 10 11 100 101 110 111 1000 1001
102935602
0 1 10 11 100 101 110 111 1000 1001
5000000005
0 1 10 11 100 101 110 111 1000 1001
1000000009
0 1 10 11 100 101 110 111 1000 1001
2378
0 1 10 11 100 101 110 111 1000 1001
1000000009
0 1 10 11 100 101 110 111 1000 1001
9
0 1 10 11 100 101 110 111 1000
440064514
0 1 10 11 100 101 110 111 1000
10000000000
0 1 10 11 100 101 110 111 1000 1001
169
0 1 10 11 100 101 110
88
0 1 10 11 100 101 110 111 1000
3
0 1 10
4000000003
0 1 10 11 100 101 110
1000000008
0 1 10 11 100 101 110 111 1000
132144282
0 1 10
5915864262
0 1 10 11 100 101 110 111 1000 1001
985
0 1 10 11 100 101 110 111 1000
8767631114
0 1 10 11 100 101 110 111 1000 1001
1023
0 1 10 11 100 101 110 111 1000 1001
1023
0 1 10 11 100 101 110 111 1000 1001
1
0
10000000000
0 1 10 11 100 101 110 111 1000 1001
5000000005
0 1 10 11 100 101 110 111 1000 1001
985
0 1 10 11 100 101 110 111 1000
5000000005
0 1 10 11 100 101 110 111 1000 1001
1000000000
0
9
0 1 10 11 100 101 110 111 1000
170
0 1 10 11 100 101 110 111 1000
59768962
0 1 10 11 100 101 110 111 1000 1001
1023
0 1 10 11 100 101 110 111 1000 1001
4129928406
0 1 10 11 100 101 110 111 1000
1000000009
0 1 10 11 100 101 110 111 1000 1001
4615295671
0 1 10 11 100 101 110 111 1000
5000000004
0 1 10 11 100 101 110 111 1000
21
0
3
0 1 10
626786128
0 1 10 11 100 101 110 111 1000 1001
5000000005
0 1 10 11 100 101 110 111 1000 1001
1862216568
0 1 10 11 100 101 110 111
10
0 1 10 11 100 101 110 111 1000 1001
4049228812
0 1 10 11 100 101 110 111 1000 1001
3807537
0
264
0 1 10 11 100 101 110 111 1000 1001
702437574
0
2378
0 1 10 11 100 101 110 111 1000 1001
7305635260
0 1 10 11 100 101 110 111 1000 1001
9813159922
0 1 10 11 100 101 110 111 1000 1001
239895954
0 1
88
0 1 10 11 100 101 110 111 1000
4023158410
0 1 10 11 100 101 110 111 1000
143
0 1 10 11 100 101 110 111 1000 1001
10000000000
0 1 10 11 100 101 110 111 1000 1001
1000000003
0 1 10 11
10
0 1 10 11 100 101 110 111 1000 1001
511
0 1 10 11 100 101 110 111 1000
10000000000
0 1 10 11 100 101 110 111 1000 1001
295
0 1 10 11 100 101 110 111 1000 1001
207
0 1 10 11 100 101 110 111
8334483200
0 1 10 11 100 101 110 111 1000 1001
