11 15 101
10 1 0
10 1 1
10 1 2
10 1 3
10 1 4
10 1 5
10 1 6
10 1 7
10 1 8
10 1 9
10 1 10
10 1 11
10 1 12
10 1 13
10 1 14
10 1 15
10 1 16
10 1 17
10 1 18
10 1 19
10 1 20
10 1 21
10 1 22
10 1 23
10 1 24
10 1 25
10 1 26
10 1 27
10 1 28
10 1 29
10 1 30
10 1 31
10 1 32
10 1 33
10 1 34
10 1 35
10 1 36
10 1 37
10 1 38
10 1 39
10 1 40
10 1 41
10 1 42
10 1 43
10 1 44
10 1 45
10 1 46
10 1 47
10 1 48
10 1 49
10 1 50
10 1 51
10 1 52
10 1 53
10 1 54
10 1 55
10 1 56
10 1 57
10 1 58
10 1 59
10 1 60
10 1 61
10 1 62
10 1 63
10 1 64
10 1 65
10 1 66
10 1 67
10 1 68
10 1 69
10 1 70
10 1 71
10 1 72
10 1 73
10 1 74
10 1 75
10 1 76
10 1 77
10 1 78
10 1 79
10 1 80
10 1 81
10 1 82
10 1 83
10 1 84
10 1 85
10 1 86
10 1 87
10 1 88
10 1 89
10 1 90
10 1 91
10 1 92
10 1 93
10 1 94
10 1 95
10 1 96
10 1 97
10 1 98
10 1 99
5 9 20
10 3 3
7 6 96
9 5 60
6 7 33
5 4 26
4 1 23
3 5 10
6 10 47
7 3 72
7 11 69
3 9 7
4 13 62
6 8 0
0 0 65
4 8 18
5 13 44
0 4 34
6 0 76
3 14 92
8 11 60
8 0 79
4 2 42
9 12 58
3 3 50
2 7 58
9 11 26
7 2 15
9 8 28
5 10 84
6 3 54
0 2 41
7 4 5
3 10 79
6 6 68
3 2 7
6 14 15
2 3 1
4 9 63
7 14 70
9 4 49
1 14 36
9 13 1
7 8 15
2 10 85
5 14 70
2 4 98
3 11 96
8 10 78
1 6 36
2 6 73
5 5 100
1 2 53
2 2 24
1 0 55
3 0 96
10 0 2
4 12 7
8 8 99
2 12 83
1 5 67
4 6 36
9 0 24
2 0 23
0 5 25
5 8 27
7 12 70
9 10 47
5 0 14
0 12 8
8 13 97
3 4 86
2 8 53
1 3 30
3 7 80
0 8 62
8 14 3
3 6 95
5 7 17
9 9 9
7 0 33
0 10 38
6 11 80
5 12 24
1 9 75
9 14 64
0 3 86
1 11 73
4 14 49
4 0 36
3 13 54
6 12 55
1 12 18
3 12 34
7 9 9
8 12 78
2 14 72
1 8 53
0 14 88
10 1 100
