884548628
0* 01 1 * 00* 001
3416963760
00 01 0* 10 11 1* *0 *1 **
287
0 1 *0 *11 *10 ** *1*
22000000000
**1 *** 00 01 0* 10 11 1* *0 *1
1
0
29
0 * 1* 10 111 11*
13000000000
10 11 1* *0 *1 ** 0
127918275
10001 101 1001 * 1000* 100* 11 1* 0 10*
20705816774
10 **1 01 0* *** 11 1* *1 *0 00
1546879006
**1 *0 *** 11 01 0* 00 10 1* *1
676
* 0* 0001 1 01 001 00* 000* 0000
521
100 *0 101 11 1* 10* 0 *1 **
1000000016
1*1 1** 00 01 0* 10 11 *
2870
00001 001 0* 1 000* 00* 0000* 01 0001 *
1000000016
1*1 1** 00 01 0* * 10 11
701
0
165
000 0* 1 01 * 00* 001
1188
1 * 0* 00* 000* 0000 0001 01 001
18
00 01 0* 10 11 1* *0 *1 **
226
1110 0 * 1* 11* 110 11111 10 111* 1111*
1441274412
* 1 0
6359854402
00 0* 10 *1 *0 ** 11 01 1*
15841855112
*0 **1 10 *1 0* *** 11 00 01 1*
1000000000
0
9000000011
1* *0 *1 110 ** 0 111 11* 10
1000000019
1*0 * 1*1 1** 00 01 0* 10 11
1000000010
01 * 0* 10 11 1*
18000000000
00 01 0* 10 11 1* *0 *1 **
5530317511
**1 *** *1 0* 11 10 1* 00 *0 01
6326317806
0 *0 1 *1 **
10589461337
*0 *1 11 **01 *** **0* 0 1* **1 10
956929550
01 10 **1 11 *1 *** 0* 00 1* *0
1
0
1000000023
111 11* 1*0 1*1 * 1** 00 01 0* 10
11530559490
** 0 *1 11 *0* 1* *00 *01 10
915268483
* 100* 1000 10011 101 0 1001* 1* 10* 11
7291214594
10 ** *11* *10 0 *111 1* 11 *1* *0
13033627301
1* 01 **1 0* 10 11 *1 *** *0 00
861403113
0
411
11 0* *1 *0 011 00 10 ** 1* 01*
1359
0* 01 00001 * 001 0001 00* 0000* 000* 1
9608608878
**1 *** 00 01 0* 10 11 1* *0 *1
514
*0 00 10 01 *1 11 1* 0*1 0** **
226
111* 11111 0 1* * 10 1110 1111* 110 11*
1418972345
1 *
556
*0 01* 0* 00 11 ** *1 1* 011 10
601
0* 11 011 10 *1 01* 1* 00 *0 **
22000000000
**1 *** 00 01 0* 10 11 1* *0 *1
2750123372
0 10 11 * 1*
19211675846
**1 *** 00 01 0* 10 11 1* *0 *1
9000000015
1* 101 *0 10* 110 *1 ** 0 111 11*
9681181025
111 ** 1* 11* 0 *1 10 *0
137
10 1110 1111 0 1* * 110 11* 111*
1359
001 * 01 0001 1 0* 00001 000* 0000* 00*
19507119082
**1 *** 00 01 0* 10 11 1* *0 *1
22
**1 *** 00 01 0* 10 11 1* *0 *1
8661415590
*0 0* 01 ** 1* *1 10 11
11000000000
11 1* *0 *1 ** 0
1000000019
1*0 1*1 1** 00 01 0* * 10 11
1710605952
* 1
1634382946
1 0 *
1
0
18448764347
*** 10 00 1* 01 **1 *0 11 *1 0*
29
111 0 * 11* 1* 10
7744334422
**1 *** 00 01 0* 10 11 1* *0 *1
18000000000
00 01 0* 10 11 1* *0 *1 **
203
0* 000 01 1 001 * 00*
38
0* 00 * 01 1
924305146
1 *
612441848
1 0 *
284
*00 *0* *01 0 *1 ** 1
22
**1 *** 00 01 0* 10 11 1* *0 *1
5214662627
*1 ** *0 0 11 1*
116
* 1 0
4000000008
** *11 0 1 *1* *0
1000000023
111 11* 1*0 1*1 * 1** 00 01 0* 10
226
11111 0 1111* 111* 10 110 1* * 1110 11*
4000000004
** *0 0 *1 1
9
* 11 0 1*
2870
* 00001 001 1 00* 0* 0001 01 0000* 000*
2000000004
01 1 0* *
53224916
001 1 0* 0000 000* 01 0001 * 00*
9343376384
11 *00 *1 0 1* 10 *0* *01 **
2870
0* * 001 00* 0001 00001 0000* 000* 01 1
3748204262
**1 *** 00 01 0* 10 11 1* *0 *1
15377065594
01 11 *0 1* *1 0* 10 **
2870
* 0001 00001 1 0* 001 0000* 01 00* 000*
38
* 0* 1 00 01
1000000023
111 11* 1*0 1*1 1** 00 01 0* 10 *
988143384
1 *
509
01* 10 ** 1* 0* *0 00 11 011 *1
1
0
145255499
000** * 01 000*1 0000 001 0* 1 00* 0001
1000000023
111 11* 1*0 1*1 1** 00 01 * 0* 10
226
110 1110 11* 111* 0 * 10 1* 11111 1111*
22
**1 *** 00 01 0* 10 11 1* *0 *1
2870
0001 01 * 000* 1 00* 00001 0000* 001 0*
152
* 0 1
1359
000* 0* 001 0000* 01 00001 00* * 0001 1
8133013026
0 11 *1 1* ** *0
