3362
***0 ****0 ****1 ***1 *1 *0 **1 0 1 **0
170
1111 1110 10 1* * 0 11* 111* 110
550
00 10 * 01 1* 0* 11
8685529476
* 00 01 10 11 0*
24
0
1190946625
0 1
2000000000
0 1
13
* 00 01 10 11 0*
7000000019
1*0 0 1** * 10 1*10 1*11 11
46
*0 1 ** 0 *1
28000000000
* 00 0* 1* 010 011 100 101 110 111
15750189374
11 00 * 01 0* 10 1*
1000000001
1 0
762657075
1**1 1***1 1*1 1***0 * 1**0 10 0 11 1*0
128385572
0
2221226128
* 00 01 10 11 0* 1*
99
*0 0 **0 1 **1 *1
10000000021
* 00 0*0 0*1 01 1*0 1*1 10 0** 11
1511776267
00 11* 111 10 * 1* 110 0* 01
1695
*0 **1 ***0 *1 ****0 **0 ***1 1 0 ****1
946975817
*1 ****0 ****1 0 *0 **1 1 ***1 ***0 **0
2000000000
0 1
2000000006
*0 *1 0 1
28000000000
* 00 0* 1* 010 011 100 101 110 111
20000000000
* 00 01 10 0* 1* 110 111
2000000000
0 1
1
0
98
1 **0 *1 0 *0 **1
1506911828
0 1 *
3362
***0 *0 **0 1 0 *1 ****0 ***1 ****1 **1
24000000000
* 00 01 0* 1* 100 101 110 111
1722404362
110 * 0* 1* 111 11* 00 10 01
758255824
0
2000000000
0 1
28000000000
* 00 0* 1* 010 011 100 101 110 111
694
10* 01 00 100 1* 0* 101 111 * 110
1695
****0 *0 ***1 **1 0 ***0 1 *1 ****1 **0
40
*1 1 *0 ** 0
334515518
*1 **1 1 **0 0 ***1 ***0 *0
10000000016
* 00 01 10 11 0*0 0*1 1*0 1*1
1000000029
0 1* *0 *1 100 101 110 111 ** 10*
2249231964
* 00 0* 1* 010 011 100 101 110 111
132041566
**1 *0 ****0 **0 ****1 1 ***0 0 *1 ***1
10000000021
0*0 * 0*1 00 1*0 01 1*1 0** 10 11
1000000029
1* *0 *1 100 101 110 111 0 ** 10*
3362
**1 *1 ****0 0 1 **0 ***1 ****1 *0 ***0
1000000029
1* *0 *1 0 100 101 110 111 ** 10*
24
* 00 01 0* 1* 100 101 110 111
440182599
**** ***1 ***0 1 0 *1 *0 **0 **1
28000000000
* 00 0* 1* 010 011 100 101 110 111
238
1 **0 **1 *** *1 0 *0
170
110 1* 0 1110 11* * 10 1111 111*
4
0 1 *
7000000013
1*0 0 1*1 * 10 1** 11
1000000025
* 1* 100 101 110 111 10* 11* 0
176192376
0 1 *
16564419923
101 * 110 0* 1* 111 100 00 01 10*
1392
**0 *1 *0 ***1 **1 **** ***0 1 0
24549367110
110 10* 00 01 * 111 0* 1* 101 100
1695
*0 ***1 ***0 0 1 **1 **0 ****1 ****0 *1
1695
*1 ****1 ****0 ***0 **1 **0 1 0 ***1 *0
1
0
28000000000
* 00 0* 1* 010 011 100 101 110 111
10000000021
0*0 * 0*1 1*0 00 01 10 1*1 11 0**
1392
0 **1 ***1 *0 **** 1 **0 ***0 *1
10000000021
0*0 * 00 01 0*1 10 11 1*0 1*1 0**
1000000000
0
24
* 00 01 0* 1* 100 101 110 111
374
* 0* 11* 110 1* 00 01 10 111
92779445
10 1*0 * 1**1 0 1***1 11 1**0 1*1 1***0
1695
***1 **0 **1 *1 1 ***0 0 *0 ****1 ****0
11013142416
* 00 01 0* 1* 100 101 110 111
1000000029
1* *0 *1 100 101 0 110 111 ** 10*
10449327518
11 10 0* 1*0 * 1*1 01 1** 00
10000000016
0*0 0*1 * 1*0 00 01 10 11 1*1
21
0
4
0 1 *
800690980
***0 *1 **0 1 *0 0 **1 ****0 ***1 ****1
10000000021
0*0 * 00 0*1 01 1*0 1*1 10 0** 11
4655541420
* 00 01 10 0* 1* 110 111
28
* 00 0* 1* 010 011 100 101 110 111
9441923143
11 1**1 01 1*0 1**0 * 00 1*1 0* 10
3807537
0
625
1**0 01 * 10 11 1*0 1**1 0* 1*1 00
702437574
0
3362
***0 ***1 *0 **1 0 **0 1 *1 ****0 ****1
20455778728
* 00 0* 1* 010 011 100 101 110 111
27476847770
101 10* 110 0* 111 * 100 00 01 1*
239895954
0 1
170
1111 111* 10 11* 1110 1* 110 0 *
9327418951
10 01 111 11* 0* 110 * 00 1*
280
10 11110 11* 111* 110 0 1* * 1110 11111
28000000000
* 00 0* 1* 010 011 100 101 110 111
1000000006
0 * 10 11
28
* 00 0* 1* 010 011 100 101 110 111
842
***1 **0 *0 0 ***0 **1 **** *1 1
28000000000
* 00 0* 1* 010 011 100 101 110 111
746
00 11* * 0* 1* 110 1111 01 10 1110
462
* 10 1*1 01 1*0 0* 00 11
23336552960
* 00 0* 1* 010 011 100 101 110 111
