5
1 0 *
4182080
** *0 *1 0 1
206
** 00* 01* 10* 11* 0*0 0*1 1*0 1*1 *00 *01 *10 *11 0000 0001 0010 0011 0100 0101 0110 0111 1000 1001 1010 0** 1** *0* *1* 000* 001* 010* 011* 100* 101* 110* 111* 10110 10111 11000 11001 11010 11011 11100 11101 11110 11111
54000000090
10* 10000 10001 110 1000* 10010 111 10011 11* 1*0 1*1 1** 1001* 100*0 100*1 *00 100** 10100 10101 *01 1010* *0* *10 *11 10110 *1* 10111 1011* **0 **1 101*0 *** 101*1 00 101** 01 0*
2000000006
0 *0 *1 1
3
0 1
345295903750
0** 1** *0* *1* 000* 001* 010* 011* 100* 101* 110* 111* **0 **1 00*0 00*1 01*0 01*1 10*0 10*1 11*0 11*1 0*00 0*01 0*10 0*11 1*00 1*01 1*10 1*11 *000 *001 *010 *011 *100 *101 *110 *111 00000 00001 00010 00011 00100 00101 00110 00111 01000 01001 01010 01011 01100 01101 01110 01111 10000 10001 10010 10011 10100 10101 10110 10111 11000 11001 11010 11011 11100 11101 11110 11111
11
* 10 11 0
24000000000
* 00 01 0* 1* 100 101 110 111
16
*0 0 *1 1
135274133430
0*00 0*01 0*0* 0*10 0*11 0*1* 0**0 0**1 0*** 1000 1001 100* 1010 1011 101* 10*0 10*1 10** 1100 1101 110* 1110 1111 111* 11*0 11*1 11** 1*00 1*01 1*0* 1*10 1*11 1*1* 1**0 1**1 1*** *000 *001 *00* *010 *011 *01* *0*0 *0*1 *0** *100 *101 *10* *110 *111 *11* *1*0 *1*1 *1** **00 **01 **0* **10 **11 **1* ***0 ***1 **** 000 001 00* 010 011 01*
278
0 * 1* 11 10
178668562239
0*0 01000 01001 0101* 0110* 0*1 01010 11001 11010 011* 01011 0111* 100* 1*0 01100 01101 01110 1** 1000* *0* 11011 *1* 01111 101* 11100 10000 11101 1*1 11110 *00 ** 110* 00* 1001* 111* 10001 00010 11111 0001* 01* 10* 000* 10010 00011 001* 10011 1010* 11* 0010* 00100 00101 1011* *01 10100 *10 1100* 1101* 10101 *11 0011* 0000 10110 0100* 10111 0** 00110 010* 00111 11000 1110*
98426333831
1111********1 1111****0 ** 1111***0 00* 01* 10* 11* 1111**0 0*0 1111**********1 0*1 1*0 1111**************1 1111***1 1111********0 1*1 *00 *01 *10 1111***********1 *11 0000 0001 0010 1111**1 0011 0100 0101 1111*************1 1111************0 1111*********0 1111******0 1111****1 0110 0111 1000 1111*0 1111**********0 1111*****0 1001 1010 1011 1111************1 1100 1101 11111 1110 0** 1111*******0 1** *0* 1111**************0 *1* 000* 001* 1111*********1 010* 1111***********0 1111******1 011* 100* 1111*******1 1111*************0 101* 1111*1 110* 1111*****1 111* 11110
629
0* 1* * 11* 110 01 111 00 10
8
0 1 *
51799861050
0** 1** *0* *1* 000* 001* 010* 011* 100* 101* 110* 111* **0 **1 00*0 00*1 01*0 01*1 10*0 10*1 11*0 11*1 0*00 0*01 0*10 0*11 1*00 1*01 1*10 1*11 *000 *001 *010 *011 *100 *101 *110 *111 00000 00001 00010 00011 00100 00101 00110 00111 01000 01001 01010 01011 01100 01101 01110 01111 10000 10001 10010 10011 10100 10101 10110 10111 11000 11001 11010 11011 11100 11101 11110 11111
1000000283
** 10* 1** *0* *1* 100* 101* 110* 111* 11*0 11*1 1*00 1*01 1*10 1*11 0 *000 *001 *010 *011 *100 *101 *110 *111 10000 10001 10010 10011 10100 10101 10110 10111 11000 11001 11010 11011 11100 11101 11110 11111 11** 1*0* 1*1* *00* *01* *10* *11* 1000* 1001* 1010* 1011* 1100* 1101* 1110* 1111*
1000000021
1* *0 *1 100 0 101 110 111
204
**1 1 0 *1 *** *0 **0
8584912688
** 00* 01* 10* 0** 1** *0* *1* 000* 001* 010* 011* 100* 101* 110* 111* 11*0 11*1 0*00 0*01 0*10 0*11 1*00 1*01 1*10 1*11 *000 *001 *010 *011 *100 *101 *110 *111 00000 00001 00010 00011 00100 00101 00110 00111 01000 01001 01010 01011 01100 01101 01110 01111 10000 10001 10010 10011 10100 10101 10110 10111 11000 11001 11010 11011 11100 11101 11110 11111
5
1 0 *
76
0* 1* *0 *1 000 001 010 011 ** 00* 01* 10* 11* 1000 1001 1010 1011 1100 1101 1110 1111
350
0** 1** *0* *1* 000* 001* 010* 011* 100* 101* 110* 111* **0 **1 00*0 00*1 01*0 01*1 10*0 10*1 11*0 11*1 0*00 0*01 0*10 0*11 1*00 1*01 1*10 1*11 *000 *001 *010 *011 *100 *101 *110 *111 00000 00001 00010 00011 00100 00101 00110 00111 01000 01001 01010 01011 01100 01101 01110 01111 10000 10001 10010 10011 10100 10101 10110 10111 11000 11001 11010 11011 11100 11101 11110 11111
6980956164
0* 1* ** 00* 01* 10* 11* *00 *01 *10 *11 0000 0001 0010 0011 0100 0101 0110 0111 1000 1001 1010 1011 1100 1101 1110 1111 *0* *1* 000* 001* 010* 011* 100* 101* 110* 111*
441
01 * 110 00 11* 10 111 0* 1*
4915083569
0 10 11 *
2000000000
0 1
146000000250
010*0 ** 010*1 00* 01* 10* 11* 011*0 0*0 010** 011** 0*1 100** 1*0 101** 110** 111** 011*10 011*11 100*00 1*1 *00 100*01 100*10 100*11 101*00 *01 101*01 *10 *11 101*10 101*11 0000 110*00 110*01 110*10 0001 0010 110*11 111*00 0011 0100 0101 0110 111*01 111*10 111*11 011*1* 0111 100*0* 1000 1001 1010 100*1* 1011 101*0* 101*1* 1100 1101 1110 1111 0** 1** *0* 110*0* 110*1* *1* 000* 001* 111*0*
168902821544
1**00000000000* 1*** *000 *001 *00* *010 *011 *01* *0*0 *0*1 *0** *100 *101 1**000001 *10* *110 *111 1**00000000001 1**0000000001 1**01 *11* 1**000000000* 1**1 1**00* *1*0 *1*1 1**001 1**0000000* 1**00000000* *1** **00 **01 1**0000000000001 **0* 1**0000001 **10 **11 1**00000001 1**000000* 1**000000000001 **1* ***0 1**000* ***1 1**0000* **** 000 1**00000* 001 00* 010 1**0001 011 01* 1**000000001 0*0 0*1 0** 100 1**0* 101 10* 1**000000000000* 110 1**00001 111 1**0000000000* 11* 1*0 1*1
150035
1* 110 11111111110 11111110 1111110 111110 111* 111111* 11111111111 1111111* 111111111* 10 1110 111111110 11110 1111* 11111111* 11* 1111111111* * 11111* 1111111110 0
5186144127
*00**1101* *00**110**01 *00**11* *00**1* *00**110**0010**11 *00**110**0010*0** *00**110*0 *00*011 *00*01*01 **0 **1* *00*01*0* *00**110**0010*0*00 *00**110**0010**10* *00*01*00 *00**110**0010*0*01 **** *00**110**10 ***1 *00**10 *00*** *00**110**0010*** *0* *00**1100 *00**11010 *00*0* *00**110**1* *00*010 *00**111 *00**110*1 *00**110**00100 1 *00**110**00*1 *00**110**0010*0*0* *00**110**0010**0 *00**110**0* *00**110**0010*0*10 *00**110**001* *00**110**00*00 *00*1 *00**11011 *00**110**00*01 ***0 *1 *00**0 *00*01*1 0 *00*00 *00**110**000 *00*01** *00**110**0010*0*11 *00**110**0011 *00**110**11 **11 *01 *00**110**0010**1* *00**110**00101 *00**110**0010*00 *00**110*** *00**110**00** *00**110**0010*0*1* *00**110**00*0* *000 *00**110**0010**100 *00**110**0010*01 **10 *00**110**0010**101 *00**110**0010*1 *001
174847750350
0** 1** *0* *1* 000* 001* 010* 011* 100* 101* 110* 111* **0 **1 00*0 00*1 01*0 01*1 10*0 10*1 11*0 11*1 0*00 0*01 0*10 0*11 1*00 1*01 1*10 1*11 *000 *001 *010 *011 *100 *101 *110 *111 00000 00001 00010 00011 00100 00101 00110 00111 01000 01001 01010 01011 01100 01101 01110 01111 10000 10001 10010 10011 10100 10101 10110 10111 11000 11001 11010 11011 11100 11101 11110 11111
842445975
*0 **** 1 **1 *1 0 ***0 **0 ***1
4000000000
0 1 *
1710040202
0 1
92420819618
0011 10* *01 0110 1* *00 11111 11101 11010 1011 *0* 11110 11100 0100 000* 1111*0 0111 010* 1010 00* 101* *10 01* 1001 100* 1101* 001* 0000 1100 0001 110* 0010 0101 *11 011* 11* 0* 1111** ** *1* 1111*1 1000 11011 111* 1110*
2000000000
0 1
1
0
3642909
* 00 01 0* 1
7000000000
0 * 10 11
25
0
95384065329
** 111********0 111*********1 00* 01* 10* 11* 0*0 0*1 1*0 111***0 111*************1 1*1 *00 *01 *10 111***********1 *11 111**********0 111******0 0000 0001 0010 0011 0100 111*****1 0101 0110 0111 111**********1 111***1 1000 1001 1010 111*0 111*********0 1011 1100 111************0 111****0 111********1 111**************0 1101 111******1 1110 111*1 1111 111**************1 0** 111****1 1** 111*******0 111************1 111*************** 111*******1 111***********0 *0* 111*************0 *1* 000* 111*****0 001* 010* 011* 100* 101* 111**1 110* 111**0
12511066898
0* 1* ** 00* 01* 10* 11* *00 *01 *10 *11 0000 0001 0010 0011 0100 0101 0110 0111 1000 1001 1010 1011 1100 1101 1110 1111
156323902599
11100 01* 10101 0111* 10* ** 10000 1*1 10110 10010 0*0 100* 0110 11010 01110 1111* 11* *01 111111*0 1001* 0000 10011 001* *00 111111*1 111110* *10 0001 11111* 11001 *1* *0* 1111110 1** 1100* 11011 00* 0010 1010* 111* 010* 1111100 011* 1110* 0101 0** 01111 10100 *11 000* 10001 101* 11101 11110 1111111 1011* 0011 1*0 1111101 1000* 1101* 110* 0*1 10111 11000 0100
19181949900
010 101 011 100 11* * 00 1* 0* 01* 110 111 10*
7
0 * 10 11
436887
***1 *0 *****1 **1 ****0 ******1 1 *1 *******1 **0 ********0 ********1 *****0 0 ****1 ******0 ***0 *******0
99611
1 0
1000000377
1** *0* *1* 100* 101* 110* 111* **0 **1 10*0 10*1 11*0 11*1 1*00 1*01 1*10 1*11 *000 *001 *010 *011 *100 *101 *110 *111 10000 10001 10010 10011 10100 10101 *** 10** 11** 1*0* 1*1* *00* *01* *10* *11* 1000* 1001* 1010* 1011* 1100* 1101* 1110* 1111* 101100 101101 0 101110 101111 110000 110001 110010 110011 110100 110101 110110 110111 111000 111001 111010 111011 111100 111101 111110 111111
204
1 *1 *** *0 **1 **0 0
94
1 0 *
3848802846
*1110 *111111***111* *11111* *111* *111111***110 *1111111 *110 *111111***11100 *111111***11101 *111111***10 *11110 *1* *111111**1 *111111***1110* *10 *1111110 *1111* 1 *111111*0 *111111*1 *111111**0 *111111***111110 ** *111111***1111* *111111***111111 *1111100 *111111***11111* *111111***11110 *111111***11* *111110* *11* *111111***0 0 *111111**** *1111101 *111111***1* *0
1
0
142562571503
** 111***1 00* 111******0 01* 10* 11* 111******1 111*1 0*0 111********1 0*1 111*********0 101* 111**1 1*0 111*******0 1*1 *00 111**0 000* *01 *10 111****0 111*****1 *11 0000 0001 0010 0011 0100 010* 0101 0110 0111 111***0 111*0 1000 110* 1001 1010 111*****0 1011 1100 001* 011* 111*******1 111****1 111********0 1101 100* 1110 1111 0** 1** *0* 111*********1 *1*
76000000140
100** 101** 110** 111** 0* 100*00 100*01 1* *0 *1 000 001 100*10 010 011 ** 100*11 00* 101*00 101*01 101*10 01* 10* 101*11 11* 1000 1001 1010 110*00 110*01 110*10 1011 110*11 1100 1101 111*00 1110 1111 111*01 111*10 111*11
16000000000
* 00 01 10 11 0* 1*
156000000000
0* 1* ** 00* 01* 10* 11* *00 *01 *10 *11 0000 0001 0010 0011 0100 0101 0110 0111 1000 1001 1010 1011 1100 1101 1110 1111 *0* *1* 000* 001* 010* 011* 100* 101* 110* 111*
188000000000
** 00* 01* 10* 11* 0*0 0*1 1*0 1*1 *00 *01 *10 *11 0000 0001 0010 0011 0100 0101 0110 0111 1000 1001 1010 1011 1100 1101 0** 1** *0* *1* 000* 001* 010* 011* 100* 101* 110* 111* 11100 11101 11110 11111
5114684014
111*11111111*1*0 111*11111111*1*1111 111*11111111*1*10 111*1110 111*1101 111*11111111*1*11* 1100 111*0 111*110* 111*11111111*11 111*111111110 10 1* 111*11111111*1*1100 111*10 111*11111111*10 0 111*1100 1111 111*11111* 111*11111110 111*1111110 111*111110 111*111111* 1101 111*1111111* 111*11111111** 111** 1110 111*11111111*1*1101 * 111*11110 111*11111111*1** 111*11111111*1*110* 110* 111*1111* 111*11111111*0 111*1* 111*111111111 111*11111111*1*1110 111*11111111*1*1* 111*111* 111*11* 111*11111111*1*111* 11*
2508
111* 01* 1101 11110 1* 1011 001 00* 11* 100 ** 010 10* 110* *0 101* 1100 111111 011 000 0* 111110 1110 1111* 1010 *1 11111*
4
0 1 *
7000000013
0 1*0 * 1*1 10 1** 11
5
* 0 1
2000000006
*0 0 *1 1
4206421955
111*1*11*1111111* 111*1*11*1100 111*1*11*111111111* 110* 111*1*11*11111111100 111*1*11*1101 111*1*11*11111111101 111*1** 111*1*110 1* 111*11 111*1*11*11111110 111*0 111*1*11*1110* 111*1*11*11100 111*1*11*11111111110 111*1*11*1111110 0 111*10 111*1*111 111** 1110 111*1*11*11111111* 111*1*11*1* 111*1*11*10 111*1*11*110* 111*1*11*111* 111*1*11*1111111110* 111*1*11*111111* 111*1*11*111111110 111*1*0 111*1*11*1111111111* 111*1*11*1111* 111*1*10 11* 111*1*11*11111* 1101 1100 111*1*11** 111*1*11*11* 111*1*11*111111111110 111*1*1* 111*1*11*111110 10 111*1*11*11110 * 111*1*11*111111111111 111*1*11*11101 1111 111*1*11*0
48212236458
11*11111111111111111111 11*11111111111110 0* 11*111110 11** 1* 11*11111111111111111110 11*11111111110 11*11110 11*1111111* 11*1111111110 11*11111111111* *0 11*1* 11*11111111111111* *1 000 001 11*111111111* 11*111111111111111110 11*1111111111110 11*1111111111111111* 11*111111* 11*1111111111111* 11*1111111111111111110 010 00* 10* 11*111111111111* 11*11111111111111110 11*10 011 11*0 11*11111111* 11*11111110 100 101 11*1111111111* 11*111111111111111* 11*111111111111111111* 110 11*1111* 11*1111111111111110 11*11111* 11*110 11*1111111111111111111* 11*1111110 01* 11*11* 11*111111110 11*1110 11*111* 111 11*111111111111110 11*111111111110 ** 11*11111111111111111*
236
** 00* 01* 10* 11* 0*0 0*1 1*0 1*1 *00 *01 *10 *11 0000 0001 0010 0011 0100 0101 0** 1** *0* *1* 000* 001* 010* 011* 100* 101* 110* 111* 01100 01101 01110 01111 10000 10001 10010 10011 10100 10101 10110 10111 11000 11001 11010 11011 11100 11101 11110 11111
10917506060
* 00 01 10 0* 1* 110 111
92252318344
111*******1 ** 00* 01* 111***0 111************1 111*0 111*********1 111**************1 111******0 111********1 111*****0 111*******0 10* 11* 0*0 111******1 0*1 111**1 111*************0 111*****1 1*0 111**********1 1*1 *00 111*1 *01 111************0 111*************1 111****1 *10 *11 0000 0001 0010 0011 0100 111**********0 0101 0110 0111 111**0 1000 1001 111**************0 111***********1 111***1 1010 1011 1100 1101 1110 111********0 111***********0 1111 111****0 0** 1** *0* *1* 000* 001* 111*********0 010* 110* 011* 100* 101*
118000000228
*111010 *11* *111011 *11101* *1*0 *1110*0 *1110*1 *1*1 *1** *1110** *111100 **00 *111101 **01 **0* *11110* *111110 **10 *111111 *11111* **11 **1* *1111*0 *1111*1 ***0 ***1 *1111** **** 000 001 *111*00 00* 010 011 01* *111*01 0*0 0*1 0** 100 *111*0* 101 10* *111*10 110 *111*11 *111*1* *111**0 *111**1 *111*** *11000 *11001 111 11* 1*0 *1100* *11010 1*1 *11011 1** *1101* *110*0 *00 *01 *110*1 *110** *11100 *0* *10
5964021283
10 0 * 11
13201762701
0* 10 00 01 110 11* 111 * 1*
2794821905
01 00 * 10 0* 1* 11
417
**1 ***0 *1 1 ***1 **0 *0 0
1603395444
**111* **1111*0 **1111*11111* **1111*11111110 **10 1 **1111*1111* **1111*110 **1111*1110 **1111** **1111*11110 **11111 **1111*1111111* 0 **1111*111111110 **1111*11* *1 **1111*10 **11* **1110 **1111*1111110 **1111*111111* **0 *0 **110 **1111*111* **1* **11110 **1111*111111111 *** **1111*1* **1111*111110
7635077304
* 00 01 0* 1* 100 101 110 111
1000000139
** 10* 11* 1*0 1*1 *00 *01 *10 *11 1000 1001 1** *0* *1* 100* 101* 110* 111* 10100 10101 10110 10111 11000 11001 11010 11011 11100 11101 11110 0 11111
1000000253
** 10* 11* 1*0 1** *0* *1* 100* 101* 110* 111* 1*10 1*11 *000 *001 *010 *011 *100 *101 *110 *111 10000 10001 10010 10011 10100 10101 10110 10111 11000 11001 11010 11011 11100 11101 11110 11111 1*1* *00* *01* *10* *11* 1000* 1001* 1010* 0 1011* 1100* 1101* 1110*
905
1* 10 11111 1110 11* 111* * 0* 00 01 11110 110
1
0
350000000000
0** 1** *0* *1* 000* 001* 010* 011* 100* 101* 110* 111* **0 **1 00*0 00*1 01*0 01*1 10*0 10*1 11*0 11*1 0*00 0*01 0*10 0*11 1*00 1*01 1*10 1*11 *000 *001 *010 *011 *100 *101 *110 *111 00000 00001 00010 00011 00100 00101 00110 00111 01000 01001 01010 01011 01100 01101 01110 01111 10000 10001 10010 10011 10100 10101 10110 10111 11000 11001 11010 11011 11100 11101 11110 11111
14210344415
1*1110 1*111111111111111* 1*111111* 1*111111111111110 1*110 1*111111110 1*10 0* 1*111111111110 1*11111111111111111110 1*11111111110 1** 1*1111111111* 1*111111111111111110 11 1*111110 1*11111* 1*11111111* * 1*11111111111111110 1*1111111111111110 1*111* 1*111111111111* 1*111111111111111111* 1*1111111111111111111* 1*1111111111110 1*11* 00 1*1111* 1*11110 1*11111111111110 1*11111111111111111* 01 1*1111111110 1*1111111111111* 1*111111111111111111110 1*11111111111* 1*11111111111111* 10 1*11111110 1*1111111* 1*0 1*1111111111111111* 1*111111111111111111111 1*1* 1*111111111* 1*1111110 1*1111111111111111110
287321904
** 00* 01* 10* 11* 0*0 0*1 1*0 1*1 *00 *01 *10 *11 0000 0001 0010 0011 0100 0101 0110 0111 1000 1001 0** 1** *0* *1* 000* 001* 010* 011* 100* 101* 110* 111* 10100 10101 10110 10111 11000 11001 11010 11011 11100 11101 11110 11111
7000000000
0 * 10 11
1000000000
0
1000000047
010 011 01* 0*0 0*1 0** 100 101 10* 110 111 11* 1*0 1*1 1** 00 *
8
0 * 1
8665
11* 111111* 111101 0101 11011 11100 ** 1** 11101 1111* 11111* 1101* 111* *1* 001* 1111100 0*0 0000 11111110 0001 0111* 10000 100* 1001* 0110* 111100 *11 010* 101* 0*1 10110 110* *00 10001 01101 0** 1010* 0010 111110* 1011* 1000* 01110 01* 10010 10011 01111 01100 0011 11110* *01 10* 1111101 1*0 0100 11001 1110* 1100* 011* 10101 000* 10111 *0* 11000 *10 1111110 11010 11111111 1*1 10100 00*
8374
010* 1*0 *1* 10* 01100 *01 11000 01111 1111*0 0110* 0111* *0* 10000 100* 1101* 10001 0*1 1010* 0101* 1011* 10010 *10 ** 0** 1*1 0000 *00 10011 10101 01010 1000* 00* 11* 1** 10100 1110** 000* 011* 10111 0011 01* 110* 1001* 11101 1111*1 *11 11010 01011 1111** 11001 0*0 1100* 0001 101* 01101 111* 01110 1110*0 10110 1110*1 11110 11011 0100* 11111 01000 01001 001* 11100 0010
173273586500
0** 1** *0* *1* 000* 001* 010* 011* 100* 101* 110* 111* **0 **1 00*0 00*1 01*0 01*1 10*0 10*1 11*0 11*1 0*00 0*01 0*10 0*11 1*00 1*01 1*10 1*11 *000 *001 *010 *011 *100 *101 *110 *111 00000 00001 00010 00011 00100 00101 00110 00111 01000 01001 01010 01011 01100 01101 01110 01111 10000 10001 10010 10011 10100 10101 10110 10111 11000 11001 11010 11011 11100 11101 11110 11111
11632134037
1*0 0* 1** * 11 1*1 01 00 10
350000000000
0** 1** *0* *1* 000* 001* 010* 011* 100* 101* 110* 111* **0 **1 00*0 00*1 01*0 01*1 10*0 10*1 11*0 11*1 0*00 0*01 0*10 0*11 1*00 1*01 1*10 1*11 *000 *001 *010 *011 *100 *101 *110 *111 00000 00001 00010 00011 00100 00101 00110 00111 01000 01001 01010 01011 01100 01101 01110 01111 10000 10001 10010 10011 10100 10101 10110 10111 11000 11001 11010 11011 11100 11101 11110 11111
7000000019
0 * 10 1*0 1** 1*10 11 1*11
27851636543
0011 0* 1** *00 *01 0100 *10 *0* *1* *11 010* ** 011* 0000 00* 1011 01* 100* 0101 000* 10* 1100 11* 001* 1*0 0110 1111 101* 0111 1*1 1000 0001 1001 0010 1010 1101 1110 110*
1000000001
0 1
57000000119
111** 11110* 11111* 1111*0 1111*1 0* 111*00 111*01 111*10 1* *0 *1 000 001 111*11 1111000 010 011 100 101 110 1111001 1111010 ** 1111011 1111100 1111101 1111110 00* 01* 1111111 10* 11* 1110
32232323215
0100 ** 0101 110* 0110 1011 00* 1100 10* 0* *1 1101 0111 111* 1* 1000 1110 1001 01* *0 1111 010* 011* 000 11* 100* 101* 1010 001
153528168424
000* 0111 *10 10* 001* *11 010* ** 0*1 0000 1101 011* 0001 100* 1000 11* 1*0 0010 101* 1110 0011 1111 0** 00* 1** 1001 1010 *0* *1* 01* 0100 1011 110* 0101 0110 0*0 1*1 1100 *00 *01
1000000121
** 10* 11* 1*0 1*1 *00 0 *01 *10 *11 1000 1001 1010 1011 1100 1** *0* *1* 100* 101* 110* 111* 11010 11011 11100 11101 11110 11111
4367383646
1*****1 1**0 1***0 1*1 1****1 1******1 11 1*0 1****0 0 1**1 1***1 1******0 * 1******* 1*****0 10
77778943438
0111* ** 11011 00* 0001 01001 1000* 01* 10011 11100 0010 01010 101* 01011 10100 10* 10101 11101 01100 1001* 10110 10111 1010* 11000 110* 11110 11111 1011* 0** 11* 0011* 1** 111* 00110 *0* 00111 *1* 0*0 11001 0100* 0*1 01000 000* 001* 11010 010* 01101 01110 1*0 1*1 1100* 011* *00 1101* 0101* 1110* 01111 *01 100* *10 *11 0000 10000 0110* 10001 10010
21
*1 1 *0 0
86480150755
000 001 ***111110 ***111111111111111111* ***1111111111111* ***11111* ***111111111111110 ***111111* 00* 010 ***1111111111111111* ***111111111111111111110 011 ***11110 01* ***111111110 ***111111111111111110 ***1110 ***111* ***111111111* ***1111111111111111110 ***11111111111111110 ***1111111* 0*0 ***1* 0*1 0** 100 ***11111111111* **** ***1111111111111110 101 ***111111111110 ***11111111111111111111* 10* 110 ***111111111111111* 111 11* 1*0 ***11111111* 1*1 ***1111111111111111111111 ***11111111111111111110 ***1111* 1** ***110 ***111111111111111111111* *00 ***1111111110 ***0 ***11111111111111* ***10 *01 ***11111111111111111* *0* *10 ***111111111111* ***1111110 ***1111111111* ***1111111111111111111* ***11111111110 ***11111111111110 *11 ***11111110 *1* **0 ***11* ***1111111111110 **1
238
0 **1 1 *0 **0 *** *1
146000000250
010*0 010*1 ** 00* 01* 011*0 010** 10* 011** 11* 100** 0*0 0*1 1*0 101** 1*1 *00 110** 111** 011*10 011*11 *01 *10 *11 0000 100*00 100*01 0001 0010 100*10 0011 0100 100*11 101*00 0101 0110 101*01 101*10 0111 101*11 1000 110*00 110*01 1001 1010 110*10 110*11 111*00 111*01 1011 111*10 111*11 011*1* 1100 100*0* 1101 100*1* 1110 101*0* 1111 0** 101*1* 110*0* 1** *0* 110*1* *1* 000* 001* 111*0*
1000000293
1*0*0 1*0*1 1*0** 1*100 1*101 1*10* 1*110 1*111 1*11* 1*1*0 1*1*1 1*1** 1**00 1**01 1**0* 1**10 1**11 1**1* 1***0 1***1 1**** 0000 0001 000* 0010 0011 001* 00*0 00*1 00** 0100 0101 010* 0110 0111 011* 01*0 01*1 01** 0*00 0*01 * 0*0* 0*10 0*11 0*1* 0**0 0**1 0*** 1000 1001 100* 1010 1011 101* 10*0 10*1 10** 1100 1101 110* 1110 1111 111* 11*0 11*1 11** 1*00 1*01
13980988
********0 **1 *******1 *****1 ****1 *1 0 1 ***1 *******0 *0 *********0 *********** *****0 **0 ******1 ******0 ********1 ***0 ****0 *********1 **********0 **********1
3586392440
0 1 *
201672114
* 0 11 10
563088581
0
7623
11010 0100 111110* 100* 01* 1011* 1111100 01100 1*0 1111101 *0* 10001 10010 10* 10011 *1* 01011 11100 110* *01 10111 1100* 1111111 01101 111* 0** 0111* 11011 *11 11110 11* 000* 0101* 101* 0*0 1*1 01010 11111* ** 10100 *10 1111** 011* 0*1 1110* 11001 1111*0 01110 0000 1000* 001* 01111 11000 1001* 010* 1101* 0010 0001 1111*1 10000 0110* 1010* 11101 00* *00 0011 1111110 10110 10101 1**
20
* 00 01 10 0* 1* 110 111
75357
0 1
111898918818
*110 10** 1100 11** **1* 1*00 *111 0*00 *11* 1*01 1000 0*01 1001 ***0 100* 0*0* 0*10 1010 1011 ***1 0*11 0*1* *1*0 *1*1 0**0 1101 1*0* *010 110* 1*10 **** *1** 1*11 000 *011 1*1* *01* **00 101* 1**0 1110 **01 *0*0 1111 1**1 **0* 0**1 *0*1 111* 10*0 *0** *100 **10 11*0 10*1 001 1*** 00* *000 *101 0*** 010 *001 *10* *00* 011 01* **11 11*1
20
11 * 1* 0 10
44000000076
01*0 01*1 0* 01** 1* *0 *1 10** 11** 10*00 10*01 000 001 10*10 010 011 100 101 10*11 11*00 11*01 110 111 11*10 ** 11*11 00*
1000000001
0 1
2870
01 1 00001 0* 00* * 0000* 001 000* 0001
146000000242
010*0 ** 010*1 00* 011*0 011*1 01* 10* 010** 011** 100** 101** 110** 11* 111** 0*0 100*00 0*1 1*0 1*1 *00 100*01 *01 *10 100*10 *11 100*11 0000 101*00 0001 101*01 0010 101*10 101*11 0011 110*00 0100 0101 110*01 0110 110*10 0111 1000 1001 110*11 1010 111*00 111*01 1011 1100 111*10 111*11 1101 100*0* 100*1* 1110 1111 101*0* 0** 1** 101*1* *0* 110*0* 110*1* *1* 111*0* 111*1* 000* 001*
7300845160
1111111111* 1111* 11111111111**1111110 1111111100 11111111111**111110* 11111111111**11* 1111110 11111111* 11111110* 11111111111**1111111* 111111101 11111111111**111101 111111* 11111111111*0 11111111111**11110* 11111111111**111100 1111111101 11111111111**111111* 1110 11111111100* 111111110* 11111111111*** 11* 1* 111111111** 11111111111**0 1111111110* 0 11111111111**111* * 11111111111**1110 11111111110*0 111* 111111111010 11111* 1101 11111111111**1* 1111111* 1111101 11111111110*1 111111111111 11111111111**110* 11111111111*1 11111111111**1100 1111100 111111111*1 11111111101* 111111111011 11111111111**10 1100 11111111111**1101 111111100 110* 11111111111**1111101 11111111111**11111* 11111111111**1111100 111110* 11111111111**1111* 11111111111**11111110 111111111101 111111111001 11111111110** 10 111111111100 11110 11111111111**111111110 111111111*0 11111111111**111111111 111111111110 111111111000
7000000000
0 * 10 11
13000000000
* 00 01 10 11 0*
1
0
1
0
11
10 0 11 *
45378788806
11****0 0* 11***********0 1* *0 11**0 *1 11***0 11******1 11**********0 00* 11*********0 11***********1 11*******0 000 11***1 11**1 11*******1 001 11********1 11*0 11*1 11******0 11*****0 11********0 11*****1 010 11**********1 01* 11****1 011 100 101 110 10* 111 ** 11*********1
7000000019
1*0 1** 0 * 1*10 10 11 1*11
7000000000
0 * 10 11
4748767450
0** 1** *0* *1* 000* 001* 010* 011* 100* 101* 110* 111* **0 **1 00*0 00*1 01*0 01*1 10*0 10*1 11*0 11*1 0*00 0*01 0*10 0*11 1*00 1*01 1*10 1*11 *000 *001 *010 *011 *100 *101 *110 *111 00000 00001 00010 00011 00100 00101 00110 00111 01000 01001 01010 01011 01100 01101 01110 01111 10000 10001 10010 10011 10100 10101 10110 10111 11000 11001 11010 11011 11100 11101 11110 11111
6806
*011 1110 *01* **** **1* ***1* *1** 11*1 00* *11* **00 101 1*01 *110 0*1 ***10* *010 **01 000 011 ***1001 1*11 11** 1*1* 1*0** 1**10 *0** 11*0* 0** 111* 10* *0*0 *1*1* 1*00 *10*0 11*00 001 *10*1 100 01* *100 *10** *0*1 **0* 1*0*0 1111 1**11 1*** 1*10 *111 ***100* ***0 010 ***101 *000 **10 1**0 *001 *00* 1**1* 1*0*1 110 *1*0 ***11 **11 0*0 *101 11*01 *1*10 *1*11
145384154644
100* 11101* 10001 1000* 1101* 111100 *10 11111**1 1111* 0*1 1001* *11 111010 ** 11111**0 111* 1** 11001 *00 11111*1 011* 10* 0010 111011 10011 0111 10100 *1* 0*0 0001 0101 11* 11010 10000 1011* 1010* 0** 1110* 010* 0011 111110 *0* 1100* 01* 11111*0 10111 1*0 0000 00* 111111 110* 000* 11000 11110* 11011 *01 10010 10101 1*1 11100 111101 0100 001* 10110 101* 0110
576
0 ***0 ***1 **0 *1 *0 1 **1
13000000000
* 00 01 10 11 0*
2000000000
0 1
11
* 10 0 11
208002265048
** 00* 1111****1 01* 10* 11* 0*0 0*1 1*0 1*1 *00 *01 *10 *11 1111*******1 0000 1111**********1 1111******1 1111*******0 0001 0010 0011 1111****0 0100 1111**0 0101 0110 0111 1000 1001 1010 1101* 1111*********0 1111********1 1111*0 1100* 1111********0 1110* 1011 0** 1** *0* 1111***********0 *1* 000* 1111*1 1111*****1 001* 1111**********0 1111***1 010* 1111*****0 011* 100* 101* 1111*********1 110* 111* 1111**1 11000 1111***0 11001 11010 1111******0 11011 11100 11101 11110 1111***********1 11111
200
** 00* 01* 10* 11* 0*0 0*1 1*0 1*1 *00 *01 *10 *11 0000 0001 0010 0011 0100 0101 0110 0111 1000 1001 1010 1011 0** 1** *0* *1* 000* 001* 010* 011* 100* 101* 110* 111* 11000 11001 11010 11011 11100 11101 11110 11111
8471872243
1* 01 0* 11 * 00 10
854343111
1 0
68361562774
*11000001 *111 *11* *1*0 *1*1 *1** *110000000001 *11000000001 **00 **01 *1100000000000000* *110000000000000* *11000000000000000 **0* **10 *1100000000001 *11000000* **11 **1* *110000* ***0 *1100000000* *110* ***1 **** *1100000000000* 000 001 00* 010 *11000000000* *110000000* *110001 011 *1100000001 01* 0*0 0*1 0** *1100000000000001 *11000000000001 *11000* *110000000000001 100 101 10* 110 *1100001 *11001 111 *11000000000000001 11* 1*0 *110000000000* *11000000000000* 1*1 1** *00 *110000001 *01 *1100* *0* *10 *1100000* *1101
554075477
0001 * 01 001 000* 00* 0* 1
36
* 110 1* 111 10 0
21
0 *0 *1 1
126000000000
0* 1* *0 *1 000 ** 00* 01* 10* 11* 0010 0011 0100 0101 0110 0111 1000 1001 1010 1011 1100 1101 1110 1111 001* 010* 011* 100* 101* 110* 111*
15831449968
01 0* 10 11 1* *0 *1 **
6
1 * 0
5303878185
* 1* 10 11* 110 111 0
1000000299
1*011 1*01* 1*0*0 1*0*1 1*0** 1*100 1*101 1*10* 1*110 1*111 1*11* 1*1*0 1*1*1 1*1** 1**00 1**01 1**0* 1**10 1**11 1**1* 1***0 1***1 1**** 0000 0001 000* 0010 0011 001* 00*0 00*1 00** 0100 0101 010* 0110 0111 011* 01*0 01*1 01** 0*00 0*01 0*0* 0*10 0*11 0*1* 0**0 0**1 0*** 1000 1001 100* 1010 1011 101* 10*0 10*1 10** 1100 1101 110* 1110 1111 111* 11*0 * 11*1 11** 1*00
10
* 00 01 10 11
1000000053
1* *0 0 *1 ** 10* 11* 1000 1001 1010 1011 1100 1101 1110 1111
1000000001
1 0
294891182
0
15142011808
0* 1* ** 00* 01* 10* 11* *00 *01 *10 *11 0000 0001 0010 0011 0100 0101 0110 0111 1000 1001 1010 1011 1100 1101 1110 1111
1000000013
* 0 10 1* 110 111
6
1 * 0
8268
0
280
11* 11110 1110 * 11111 111* 10 0 1* 110
238
11* 1* * 111 0 10 110
95384065329
111**********0 ** 00* 01* 10* 111*************1 11* 111*******0 0*0 0*1 1*0 1*1 111*0 *00 111**1 *01 111*************0 *10 *11 0000 111**0 0001 111************0 111********0 111*1 0010 0011 0100 0101 111*********1 111******0 111****0 111**************1 111****1 0110 0111 111************1 111**********1 111***0 1000 1001 1010 1011 1100 1101 111***********0 111*******1 111***********1 1110 1111 0** 111**************0 111********1 111***1 1** 111*************** *0* 111*****0 *1* 111*****1 000* 111*********0 001* 010* 011* 100* 111******1 101* 110*
11182376154
111111*1*111*1* 111* 111111*1*111*110* 111111*1*111*111111* 11111* 111111*1** 111111*1*111*1111* 1111101 111111*1*111*11110* 11110 111111*00 1*1 111111*1*10 111111*0* 11101 111111*01 111110*0 111111*1*111*11* 111111*1*0* 111111*1*111*111*0 11* 1111110 111110*1* 111111*1*111*11111*0 111111** 111111*1*111*11111*1 111111*1*111*1100 * 111111*1*111** 11100 111111*1*110 111111*1*111*1101 111111*1*111*0 1101 111111*1*111*11111100 111111*1*01 1111100 111111*1*111*111100 111110*11 1111111 111111*1*1110 111111*11 111111*1*111*11111101 0* 00 111111*1*111*1110 1** 111111*1*1111 111111*1*111*111101 111111*1*111*111*1 01 1110* 111111*1*111*11111110 1111* 111111*1*111*11111111 111111*1*111*111110 111111*10 111110*10 111110** 111111*1*111*11111** 111111*1*111*111** 111111*1*111*1111110* 110* 1100 10 111111*1*111*10 111111*1*00 1*0 111111*1*11* 111111*1*1*
24
* 00 01 0* 1* 100 101 110 111
110259735827
011* 111*111111* 111*1111111111* 110* *1* 111*11111111111* 0* 1* *0 ** 111*1110 111*1111* 111** 00* 111*1111111111111110 111*111111110 101* 111*11111111* 111*1111111111111111* 111*1111111* 01* 10* 111*111111111110 111*11111111110 11* *10 *11 0000 0001 111*111111111111110 111*111110 0010 111*111111111111111110 111*1111111110 0011 0100 111*1* 111*110 0101 111*1111111111111* 111*111111111111* 0110 001* 111*11111110 0111 111*11110 111*11111111111111110 1000 100* 111*1111110 111*0 111*11111111111111* 010* 111*111111111* 1001 1010 1011 111*111111111111111111 111*11111111111110 1100 111*111111111111111* 000* 111*1111111111110 111*10 111*11* 111*11111* 1101 1110 111*111* 1111
7577963929
*0*00*11**0* *0*00*11**00*1 *0*00*11**00**00**11 *001 *0*00*1111 *0*00*110 *0*00*11*0 *0*00*11**00*0 *0*00*11**00***1 100 11 *0*0* *000* *0*00*0 *0*00** *0*00*11**00**101 *0*00*11**00**001 *0*00*11***0 *0*00*11**00**11 *0*00*11**00**100 *0*00*11**00****0* *0*00*111*1 *0*00*11**00**01 *0*00*11**00***** *0*00*101 *0*01* *0000 *0** *0*011 *0*00*11**00**00**1* *1 *0*00*11***1 *0*00*11**00**000 *0*00*100 *0001 *0*00*11**00**00***0 *0*00*11**00**00***1 *0*000 10* *0*00*1110 *0*00*11**00****01 *0*00*11**00****00 1* *0*00*11**01 *0*00*11**1 *0*00*111** *0*00*11**00**1* *0*00*11*1 *0*00*11**00**00**** 0 *00* *0*00*11**000 *0*00*11**00**00**0 ** *0*00*10* *0*00*11**00**0* *0*010 *0*001 *0*00*111*0 *0*00*11**00****1 *0*00*11**00**00*1 *0*00*11**00***0 *0*00*1* *0*00*11**00**10* *0*00*11**00**00*0 *0*1 *0*00*11**** *0*00*11**001 *01 101
392820
111111111111 1110 111* 11111111110 1111110 111111111110 1111111* 1111111111* 111111111* 111111* 1111* 11111110 * 11111* 111111110 11111111111* 111110 110 11111111* 11110 10 1* 0 1111111110 11*
777989296
***1 **0 ***0 0 **1 *1 *0 1
165
* 001 00* 01 1 0* 000
20
* 00 01 10 0* 1* 110 111
275000000000
01*1 01** 0*00 0*01 0*0* 0*10 0*11 0*1* 0**0 0**1 0*** 1000 1001 100* 1010 1011 101* 10*0 10*1 10** 1100 1101 110* 1110 1111 111* 11*0 11*1 11** 1*00 1*01 1*0* 1*10 1*11 1*1* 1**0 1**1 1*** *000 *001 *00* *010 *011 *01* *0*0 *0*1 *0** *100 *101 *10* *110 *111 *11* *1*0 *1*1 *1** **00 **01 **0* **10 **11 **1* ***0 ***1 **** 000 001 00* 010 011
58955587933
01* 11100 011* 000 11110 10* 1101 00* 0* 11* 0111 100* 111* 1111*1 101* 1100 ** 11111 1000 110* 1* 1001 1110* 11101 010 1010 1111*0 *0 1011 0110 001 *1
8676
001* 1010* ** 0001 1*0 01010 *10 11011 1** 11100 1100* 10111 11110 111110* 10101 *0* 01110 1110* 11101 011* 10* 11* 01011 0011 01* *11 010* 0*0 10110 1111100 1011* 0111* 10001 01111 1111110 10010 1111101 10011 01100 100* 101* 1*1 111* 0** 10100 11000 0100* 1111* 11111* 1000* 0101* *00 110* 11001 10000 *1* 0000 00* 1101* 000* 0010 1111111 11010 01000 01001 0*1 1001* 01101 0110* *01
260000000000
** 00* 01* 10* 11* 0*0 0*1 1*0 1*1 *00 *01 *10 *11 0000 0001 0** 1** *0* *1* 000* 001* 010* 011* 100* 101* 110* 111* 00100 00101 00110 00111 01000 01001 01010 01011 01100 01101 01110 01111 10000 10001 10010 10011 10100 10101 10110 10111 11000 11001 11010 11011 11100 11101 11110 11111
488814179
**1*0 **1**0 *** **1*1 **1**1** 1 *0 **1**1*1 **0 **1**1*0 **11 **10 **1**11 **1*** **1**10 0 *1
98
*1 *0 **0 **1 0 1
5767946860
* 00 01 10 0* 1* 110 111
119770589692
*0*0 *01* 0*1 *1*0 100*000 1001 1000 *0*1 *010*1 *1**1* 100**1 001 011 *0** 101 111 *010** *111 100*0* **0* **** *0101 0*0 *00* **11 *1000 0** 10* *1**0 ***0 010* *10* *0100 000 *1**11 *100* ***1 *1001 **1* 110 1*0 *110 *11* *101 100*1 0101 1*** *001 *000 0100 **00 **10 *1*1 100*00* 100*01 *1*** 1**0 **01 *1**10 *011 100*001 1*1 1**1 00* *010*0 100*** 100**0 01* 11*
1
0
6815
*01 11010 11100 001* 000* 0*0 1*0 01* 11000 1000 1** 011* 1*1 10* 100* 10101 1101* *0* 0*1 101* 1010* 10110 1011* 111111*0 1110* 0101 111110 111111*1 1111110 0010 10100 110* *11 10111 1111111 1001* 1111* *00 11* ** 10011 11101 0** 11111* 111* 10010 0011 0100 *10 *1* 11110 11001 00* 0001 0000 1100* 010* 11011 0110 0111
777
0* 11* 11111 10 01 1* 111* 110 * 11110 00 1110
16000000000
* 00 01 10 11 0* 1*
18
00 01 0* 10 11 1* *0 *1 **
10
* 00 01 10 11
5235345238
111*111*111111*110*1 111*111*111111*1101 111*111*111111*1111* 111*111*11110 111*111*111111*1010 111*1110 111** 111*111*111111*0* 111*0 110*1 1101 11* 111*111*1*0 111*111*01 111*11* 111*111*111111*111*0 111*111*1111110 111*111*10 111*111*0* 111*111*111111*101* 111*111*111111*10* 1111 111*111*110* 111*111*111111*1* 111*111*111111*111*1 10 111*111** 1* 111*1111 111*111*1101 111*111*111111*00 111*111*11* 111*111*111111*1011 111*111*111111** 111*111*111111*111100 111*111*111111*111101 111*111*1*1 111*111*111111*1100 1110 111*1100 110*0 111*111*111110 111*111*11111* 1100 110** 111*111*00 111*111*111111*111110 111*111*1111111 111*111*111111*1110 111*111*1111* 111*111*111111*111111 0 111*111*111111*110** 111*110* 111*1101 * 111*111*111111*111** 111*111*111* 111*111*111111*11* 111*111*111111*11110* 111*111*111111*01 111*111*111111*11111* 111*10 111*111*1** 111*111*1100 111*111*111111*100 111*111*111111*110*0 111*111*1110 111*1*
6107
11011* 1*0 100* 111000 111111 111101 1010 *10 111010 1*1 101* 0001 0010 11100* 110* 00* 1001 0111 1110* 011* 010* *1* *11 10* 0*0 0100 111011 111100 11010 0011 111110 0101 0000 1011 1111* 1** 110110 01* 0** 1000 001* 11111* 000* 0110 *01 111001 *0* 11* 11110* 1101* 110111 111* 11101* *00 0*1 1100 **
145109404855
0010 011* 0011 0100 0101 0110 1*1 1100 0** *00 1** 100* 0111 *0* *1* 11110 ** 101* 11111 00* *01 1000 110* 01* 000* 1101* *10 10* 111* 11010 1001 1010 1110* *11 1111* 11011 11* 0*0 0*1 001* 010* 1*0 11100 11101 1011 0000 0001
34
0 1
75416240760
111101 100* 11111110 111111* 1110 110* 1101 1111* 1011 11110* 0111 111100 1000 111*0 00* 000 111** 111110 1001 011* 1010 0* 10* ** 11111111 111*1 010* 101* 11* 1* 11111* 1111111* *0 01* 0101 0110 *1 1111110 001 1100 0100
1000000025
* 1* 100 101 110 111 10* 11* 0
9484719411
* 1***********0 1****1 1********0 1********1 1**************0 1***0 1*************** 1*1 1*****1 1***1 1*******1 1***********1 00 1**********0 1*****0 1*************0 1************0 01 1*********0 1**0 1******0 1*************1 1*******0 1*0 10 1****0 1*********1 1**********1 11 1**************1 0* 1******1 1**1 1************1
49445125146
0*** 11** 01*1 01** 1*1* 0*00 1**0 **01 1000 *110 110* 0*01 1110 1001 0*0* 1**1 1*00 100* 0*10 1*** 1111 **0* **10 *000 *001 1010 **11 *111 1*01 **1* 1*0* *11* *00* 1011 ***0 1*10 *1*0 101* *010 1*11 *1*1 ***1 *011 *01* *0*0 *0*1 *0** 10*0 **** 10*1 10** 000 *100 *101 1100 111* 0*11 11*0 1101 001 0*1* 0**0 *10* 11*1 00* *1** 0**1 010 011 **00
1
0
16
* 00 01 10 11 0* 1*
9277570872
0* 11 10 00 * 1* 01
1000000003
1 0 *
86480150755
***110 000 001 ***11111111* ***1111111111110 00* 010 011 ***11111111111110 01* ***1111111* 0*0 ***1111111111111111111111 0*1 ***111111* ***1111111110 0** ***111111110 ***111111111111111110 ***11111111111111111111* ***111111111111111111110 ***1111111111111111110 ***111111111110 100 ***111111111111111* ***0 ***1111111111111* ***111111111111* ***111111111* 101 ***11* 10* ***11111* ***1111* ***1* ***11111111111111111110 110 111 11* ***111111111111111111111* 1*0 ***11111111111111* ***11111111111* ***11111111111111111* ***1110 1*1 1** *00 ***1111111111111111111* *01 ***11111111110 *0* ***11110 *10 *11 *1* ***1111111111111110 ***11111110 **0 ***1111111111* ***111110 ***111111111111111111* ***10 ***111* ***1111111111111111* ***1111110 ***111111111111110 **1 **** ***11111111111111110
172627459224
1101* 010* 10100 *10 0110 10001 1** 011* 1110** 1111101 1111110 1111111 10111 0*1 1011* 110* 0001 11010 1001* 111111*0 1111** 11100 11101 1010* 0000 111111*1 *01 0010 1*0 *11 10000 0111* 1110*0 101* 1000* 11011 0** 10* 1111100 *00 111110* *1* 10010 01111 11* ** 0100 100* 1110*1 000* 0101 11110 11000 1*1 1100* 01110 001* 111* 10101 10110 0*0 10011 1111*1 0011 00* 1111*0 01* *0* 11001 11111*
13000000000
* 00 01 10 11 0*
11880489072
010* 011* 10010 0101* 10011 0110* 01101 11101 *01 10100 0111* 01110 ** 01111 100* 00* *10 10101 10000 101* 110* 10110 1000* 10111 1001* 01* *11 111* 11110 11000 10* 0000 11* 10001 0*0 00110 1010* 0001 0010 0** 11111 1** 11001 11010 00111 0*1 1011* *0* 1100* *1* 01000 01001 1*0 1101* 11011 01010 11100 1*1 000* 001* 01011 0011* *00 1110* 0100* 01100
6990483
*0 *********1 ******1 **0 ********1 0 **********0 ***0 1 ****0 *****1 *1 ******0 ****1 *******0 **********1 *****0 ********0 **1 ***1 *********0 *******1
40
1 0 *1 ** *0
330020940625
000* 10010 11010 0101* 0110* 111* ** 10011 0111* 11011 001* 11100 10100 00110 00* 11101 10101 10110 11110 00111 01000 11111 010* 1000* 011* 01001 *11 1001* 10111 0011* 01* 01010 10* 11000 11* 01011 01100 11001 1010* 01101 0*0 0000 01110 01111 0*1 1*0 10000 0100* 0001 0010 0** 1011* 1*1 1100* 1** 1101* *00 *01 *0* 100* *10 101* 10001 *1* 1110* 1111* 110*
132559356461
** 00* 01* 111*1 111***1 10* 11* 0*0 0*1 1*0 *1* 111***0 1*1 *00 *01 111**1 *10 101* *11 111*0 011* 110* 0000 0001 100* 111******1 111*****0 0010 0011 0100 0101 111********0 111******0 001* 111****0 0110 *0* 111****1 0111 111*****1 1000 1001 111*******1 111**0 1010 1011 1100 1101 1110 1111 111*******0 0** 1** 000* 111********1 010*
110259735827
111** 0* 111*1111111110 1* 111*110 111*111111110 101* *1* 111*11111111111110 *0 ** 111*11110 111*111111111110 111*111111111* 111*111111* 111*1111111111111* 011* 00* 01* 10* 010* 000* 11* *10 111*10 *11 111*11111110 111*0 111*1111110 0000 111*111110 0001 0010 111*11111111110 110* 111*1111111111111111* 111*111* 111*1111111111111110 111*1* 111*11111* 111*1111* 0011 111*11111111111111110 0100 0101 0110 111*1111111111* 111*11111111* 111*11111111111* 0111 1000 111*1110 001* 1001 111*11111111111111* 111*111111111111110 111*111111111111* 1010 111*11* 111*1111111111110 1011 111*1111111* 1100 1101 100* 111*111111111111111* 111*111111111111111110 111*111111111111111111 1110 1111
8
* 1 0
40
0 *0 *1 ** 1
78025239190
*0*000000000000001 *0*1 *0** *100 *0*00* *0*0000000000* *101 *0*000* *10* *0*0000001 *110 *0*0* *0*000000000001 *0*00001 *111 *11* *1*0 *1*1 *1** *0*00000000* *0*000000000* *0*001 **00 **01 **0* **10 **11 *0*00000001 *0*00000* **1* ***0 ***1 *0*000000000000000 **** 000 *0*0001 001 00* *0*00000000001 010 *0*01 *0*0000000000001 *0*00000000000001 011 01* 0*0 *0*000000000000* *0*000000* 0*1 0** *0*000000001 100 101 *0*0000000000000* *0*00000000000000* *0*0000* 10* 110 *0*00000000000* *0*0000000001 111 *0*000001 *0*0000000* 11* 1*0 1*1 1** *00 *01
1057767022
0 *1 *0 **0 1 **1
8566557632
* 10 11 0* 1* 01 00
21
0 *1 *0 1
5447
011* 101* 0** 111** 1010 ** 0*0 110*0 001* *11 111101 *1* 0010 1100 1** 00* 1011 1111* 1101 01* 110*1 0101 111*0 0*1 111111 111*1 11110* 1*0 010* *01 111100 111110 1*1 0100 0000 *10 0111 1001 *00 1000 11* 100* *0* 110** 0001 1110 0110 0011 000* 10*
2215867108
* 0 1
87613298997
0* 1* 111*****1 101* 111**********1 *0 111*1 *1 111******0 110* 111***1 000 001 010 111*0 ** 111**1 00* 111****0 01* 10* 111*********1 11* 111**********0 111*********** 0110 0111 111**0 111*******0 111******1 1000 1001 1010 1011 1100 100* 1101 111***0 111********0 111********1 111*******1 011* 111*****0 1110 111*********0 111****1 1111
81
0* 1* *0 *1 000 001 010 ** 00* 01* 10* 11* 0110 0111 1000 1001 1010 1011 1100 1101 1110 1111
1000000033
1* *0 *1 0 100 101 110 111 ** 10* 11*
1000000384
1** *0* *1* 100* 101* 110* 111* **0 **1 10*0 10*1 11*0 11*1 1*00 1*01 1*10 1*11 *000 *001 *010 *011 *100 *101 *110 *111 10000 10001 10010 10011 10100 *** 10** 11** 0 1*0* 1*1* *00* *01* *10* *11* 1000* 1001* 1010* 1011* 1100* 1101* 1110* 1111* 101010 101011 101100 101101 101110 101111 110000 110001 110010 110011 110100 110101 110110 110111 111000 111001 111010 111011 111100 111101 111110 111111
99430640
*1 *0 0 1 **
252764331
1 *0 0 **0 **11 *** *1 **10
1203663586
0 1
826762460
* 00 01 10 0* 1* 110 111
13
* 00 01 10 11 0*
4590637408
0 * 10 11
1629722420
1 0
178453324023
111111*0 001* 111110* 0*0 01111 111100 0101 11101 11000 01* 1111110 111101 110* 1111101 00* 1010* 0010 10100 10101 1101* 1110* 111111*1 11010 101* 111* 0001 11111* 1000* 1111111 1100* 10010 0011 1*1 10110 10111 10011 ** 1001* 1011* 0111* 011* 01110 11100 *11 10000 1111* 11110* 10* *1* 01101 *0* 1111100 010* 000* *01 11011 1** 0110* 0100 *10 10001 1*0 01100 0000 11001 0*1 0** 11* *00 100*
36
110 1* 0 111 10 *
20266389
0
72607495749
000 1011 0111 01* 0101 010* 0100 10* 1111 111*10 0* 1101 100* 1110 *0 1100 0110 *1 111*0 00* 1000 1010 ** 1* 111** 111*1* 011* 001 101* 111*11 1001 110* 11*
302
** 00* 01* 10* 11* 0*0 0*1 1*0 0** 1** *0* *1* 000* 001* 010* 011* 100* 101* 110* 111* 1*10 1*11 *000 *001 *010 *011 *100 *101 *110 *111 00000 00001 00010 00011 00100 00101 00110 00111 01000 01001 01010 01011 01100 01101 01110 01111 10000 10001 10010 10011 10100 10101 10110 10111 11000 11001 11010 11011 11100 11101 11110 11111
34206884222
*0* *10 *000000000001 *11 *00000001 *1* **0 *000000* *0000000* *00000000* **1 *000* *00000000000* *01 *0000001 *0000000001 *** 00 *000001 *00000000001 *0000000000000 01 *0000000000001 0* *00* 10 11 *001 *00001 *00000* *000000000000* *000000001 *0001 *000000000* 1* *0000* *0000000000*
1000000321
1** *0* *1* 100* 101* 110* 111* **0 **1 10*0 10*1 11*0 11*1 1*00 1*01 1*10 1*11 *000 *001 *010 *011 *100 *101 *110 *111 10000 10001 0 10010 10011 10100 10101 10110 10111 11000 11001 11010 11011 11100 11101 *** 10** 11** 1*0* 1*1* *00* *01* *10* *11* 1000* 1001* 1010* 1011* 1100* 1101* 1110* 1111* 111100 111101 111110 111111
65442236024
*1 0* 1* 000 011 100 101 ** 10* 001 *0 1110 11* 110 00* 010 01* 1111 111*
1000000006
0 * 10 11
247716275560
** 00* 01* 10* 11* 0*0 0*1 1*0 1*1 *00 *01 *10 *11 0000 0001 0** 1** *0* *1* 000* 001* 010* 011* 100* 101* 110* 111* 00100 00101 00110 00111 01000 01001 01010 01011 01100 01101 01110 01111 10000 10001 10010 10011 10100 10101 10110 10111 11000 11001 11010 11011 11100 11101 11110 11111
835805929
0 * 10 11
676
1 * 0000 000* 001 0001 0* 00* 01
52000000000
0* 1* *0 *1 000 001 010 011 100 101 110 111 ** 00* 01* 10*
314000000000
** 00* 01* 10* 11* 0*0 0** 1** *0* *1* 000* 001* 010* 011* 100* 101* 110* 111* 0*10 0*11 1*00 1*01 1*10 1*11 *000 *001 *010 *011 *100 *101 *110 *111 00000 00001 00010 00011 00100 00101 00110 00111 01000 01001 01010 01011 01100 01101 01110 01111 10000 10001 10010 10011 10100 10101 10110 10111 11000 11001 11010 11011 11100 11101 11110 11111
98426333831
** 00* 1111***0 01* 10* 1111******0 11* 0*0 1111**1 0*1 1*0 1*1 *00 *01 1111*******0 1111**0 *10 *11 0000 0001 1111*****1 0010 1111*********0 0011 1111***********1 0100 0101 1111************1 1111********0 1111***1 1111*0 1111*********1 0110 1111*************0 1111**************0 0111 1000 1001 1010 1011 1111**********1 1100 1111****0 1111****1 1111*****0 1101 1111*************1 1111******1 1110 1111********1 0** 1** 1111*******1 *0* 1111*1 *1* 000* 001* 010* 1111************0 011* 100* 11111 101* 1111***********0 1111**************1 110* 111* 1111**********0 11110
2270061288
0001 * 0000 1 001 01 00* 0* 000*
7000000019
1*0 1** 0 * 10 11 1*10 1*11
146000000250
010*0 ** 00* 01* 010*1 011*0 10* 010** 11* 0*0 0*1 011** 1*0 1*1 *00 *01 *10 100** *11 101** 110** 0000 0001 0010 111** 0011 011*10 011*11 0100 100*00 100*01 100*10 0101 100*11 101*00 101*01 0110 0111 101*10 1000 101*11 1001 110*00 110*01 1010 1011 1100 1101 110*10 110*11 111*00 111*01 1110 111*10 1111 0** 111*11 011*1* 100*0* 1** 100*1* 101*0* 101*1* *0* 110*0* *1* 000* 001* 110*1* 111*0*
2365058216
0 1 *
80351679810
*010000000000001 *01* *0*0 *0*1 *0** *100 *101 *10* *110 *111 *0100000000000001 *11* *01000000000000001 *0100000* *0100* *1*0 *010001 *1*1 *1** **00 *01000000000000* *011 *010000000000* *010000* **01 **0* **10 **11 *0100001 *0100000001 **1* ***0 *0100000000000000* ***1 *0100000000000* *010000000000000* *0101 *01000000001 **** 000 *01000001 *01000* 001 00* 010 011 01* 0*0 *010* *01000000000001 0*1 0** *0100000000* *01001 *010000000* *01000000* *010000000001 100 *0100000000001 101 10* 110 111 11* *010000001 1*0 1*1 *01000000000* 1** *00
1000000000
0
3428
1111 110* 000 0100 1000 101* 100* 111*11 10* 11* 00* 1001 0* ** 0110 111** 001* 01* 0111 111*10 0011 0101 1100 111*0 1011 1* 0010 *1 1101 1110 *0 010* 011* 1010
146000000242
010*0 010*1 011*0 011*1 010** 011** ** 00* 100** 01* 10* 101** 110** 111** 100*00 11* 100*01 0*0 100*10 0*1 1*0 1*1 *00 100*11 *01 *10 101*00 *11 0000 101*01 101*10 101*11 0001 0010 0011 0100 110*00 0101 0110 0111 1000 110*01 1001 1010 1011 1100 110*10 1101 1110 110*11 1111 111*00 111*01 0** 1** 111*10 111*11 *0* 100*0* 100*1* 101*0* 101*1* *1* 110*0* 110*1* 000* 001* 111*0* 111*1*
6166815961
1**********0 1****0 1***********1 1************ 1***********0 1**0 1*******0 1*0 1*1 0 1**1 1****1 1*****0 10 1********0 1*****1 1********1 * 1***1 1***0 1******0 11 1*********1 1*********0 1**********1 1*******1 1******1
1251390365
0 1 ** *0 *1* *10 *11
6562174619
* 00 01 10 11 0*
270000000000
0*00 0*01 0*0* 0*10 0*11 0*1* 0**0 0**1 0*** 1000 1001 100* 1010 1011 101* 10*0 10*1 10** 1100 1101 110* 1110 1111 111* 11*0 11*1 11** 1*00 1*01 1*0* 1*10 1*11 1*1* 1**0 1**1 1*** *000 *001 *00* *010 *011 *01* *0*0 *0*1 *0** *100 *101 *10* *110 *111 *11* *1*0 *1*1 *1** **00 **01 **0* **10 **11 **1* ***0 ***1 **** 000 001 00* 010 011 01*
171102105082
*10 01110 100* 111110* 01010 10100 1100* 10110 *1* *0* 1111110 1110* 1001* 10101 0001 0*1 11110 11000 1111101 10111 01011 011* 11* 010* 1111100 01* 1010* 11001 0*0 1011* 01100 111* 001* 0000 110* 101* 10001 11100 *00 10010 11010 1101* 0** 01111 1*0 1111111 10011 11101 ** 01101 10* 0111* 11111* 11011 0101* 0010 0110* 1** 0100 111111* 1*1 0011 00* 1000* 000* 1111* 10000 *11 *01
2339182664
1* *0 *1 01 10 0* 11 **
8672
100* 11101* ** 10010 11011 10* 111100 10111 10001 101* *01 111101 0101 110* 1*0 11111110 000* 11000 0010 0001 111011 1000* 1001* 0011 1010* 11001 10110 01110 1** 1011* 111000 11* 1111110 *11 1110* 1111* 11111111 0*0 111* 111111* *0* 001* 10101 *1* 010* 1100* 10011 111001 00* 0** 01* 011* 0110 0*1 111110 11110* 0111* 11010 1*1 11111* 0000 *10 111010 10100 0100 10000 1101* 11100* 01111 *00
20
* 00 01 10 0* 1* 110 111
1010741263
0 1
115
1 0 *
5000000009
0 * 10 1* 110 111
9113820838
11* 1* 00 01 10 110 * 0* 111
72834137209
11010 110* 11011 01100 *0* 11100 01101 111* 00100 0110* ** 0111* 00* 00101 01110 11101 01* 01111 11110 10* 1000* 11* 10000 1001* 00110 10011 1010* 1011* *1* 000* 0*0 0*1 1*0 11111 0010* 00111 1*1 001* *00 1100* 01000 10100 10101 1101* 01001 0011* *01 *10 1110* 10110 10111 01010 0100* 11000 *11 0000 0001 01011 010* 0** 10001 1** 10010 0101* 1111* 011* 11001 100* 101*
14168735928
* 00 01 0* 1* 100 101 110 111
3670809303
0 * 10 11
98
*0 0 **0 1 *1 **1
7140
111101 0*1 1010* 10010 *1* 11010 111010 01110 *11 1*0 001* 11111* 11000 *00 1** 0111* ** 0011 010* 1000* 100* 111100 111110* 0010 1*1 101* 10000 11111111 1111100 0100 0*0 0101 1011* 01* 10011 1110* 10001 10100 10110 1001* 01111 0001 10* *10 110* 0000 111* 00* 011* *0* *01 1111* 111111* 11001 111011 11011 1111101 1100* 000* 10101 11100 0** 11111110 0110 10111 11* 11101* 1101* 1111110 11110*
10000000021
* 0*0 00 01 10 0*1 1*0 11 1*1 0**
15395344639
* 100 1* 101 00* 110 010 000 01* 001 10* 11* 0* 011 111
236567377616
** 00* 01* 10* 11* 0*0 0*1 1*0 1*1 *00 *01 0** 1** *0* *1* 000* 001* 010* 011* 100* 101* 110* 111* *100 *101 *110 *111 00000 00001 00010 00011 00100 00101 00110 00111 01000 01001 01010 01011 01100 01101 01110 01111 10000 10001 10010 10011 10100 10101 10110 10111 11000 11001 11010 11011 11100 11101 11110 11111
2271633375
1111*100011110*0 111*0 111*1 1* 10 1111*100* 1111*101 * 0 1111*10** 1111*1* 1111*10001111* 1111*1000111* 1111*10*1 1111*100010 1111*1000* 1111*0 1111*100011110*1 111** 1111*10001* 1110 1111*100011111 1111*1001 110 1111*100011* 11110 1111*10*0 1111*1000110 1111*1000111101 11111 11* 1111*100011110** 1111** 1111*10000 1111*10001110 1111*11 1111*1000111100
2000000006
*0 *1 0 1
275000000000
01*1 01** 0*00 0*01 0*0* 0*10 0*11 0*1* 0**0 0**1 0*** 1000 1001 100* 1010 1011 101* 10*0 10*1 10** 1100 1101 110* 1110 1111 111* 11*0 11*1 11** 1*00 1*01 1*0* 1*10 1*11 1*1* 1**0 1**1 1*** *000 *001 *00* *010 *011 *01* *0*0 *0*1 *0** *100 *101 *10* *110 *111 *11* *1*0 *1*1 *1** **00 **01 **0* **10 **11 **1* ***0 ***1 **** 000 001 00* 010 011
46152801
**0 *** 0 **10 *1 *0 1 **11
146000000250
010*0 010*1 011*0 ** 00* 01* 010** 10* 11* 011** 0*0 0*1 1*0 1*1 100** *00 *01 101** 110** 111** *10 011*10 *11 011*11 0000 0001 100*00 100*01 100*10 0010 100*11 101*00 101*01 0011 101*10 101*11 0100 110*00 0101 110*01 0110 0111 1000 110*10 110*11 1001 1010 1011 111*00 111*01 1100 111*10 1101 111*11 1110 011*1* 1111 0** 100*0* 100*1* 101*0* 1** *0* 101*1* *1* 110*0* 000* 110*1* 001* 111*0*
27
0
7592457489
10 11 01 1*0 0* * 1*1 00
10
* 00 01 10 11
1413890014
0 1
126511504344
** 0** 1** *0* *1* 000* 001* 010* 011* 100* 101* 110* 111* 00*0 00*1 01*0 01*1 10*0 10*1 11*0 11*1 0*00 0*01 0*10 0*11 1*00 1*01 1*10 1*11 *000 *001 *010 *011 *100 *101 *110 *111 00000 00001 00010 00011 00100 00101 00110 00111 01000 01001 01010 01011 01100 01101 01110 01111 10000 10001 10010 10011 10100 10101 10110 10111 11000 11001 11010 11011 11100 11101 11110 11111
151000000000
0* 1* ** 00* 01* 10* 11* *00 *01 *10 *11 0000 0001 0010 0011 0100 0101 0110 0111 1000 1001 1010 1011 1100 1101 1110 1111 *0* *1* 000* 001* 010* 011* 100* 101* 110*
111067985011
1*11 101* *010 100 11*0 **01*** *0*1 1**0 01*1 1**** 1*1* *110 01**1 **01**1* *000 11*1 **11 1***0 **011 **** 000 001 1**1 *11*1 1*10 **010 1***1 *1*0 **1* *00* 00* 01**0 1011 0*1 *11*0* *10* *0*0 ***1 *011 **0* *1*1 01*** *11*00 **01*1 110 **01**0 *101 **10 1*0 **01*0 *11** 11** 10* ***0 *100 *001 *111 0*0 01*0 010 011 *0** *11*01 **00 111 1010 *01* **01**11 0** *1**
8373
11110 11011 1*0 *10 *11 1111100 10111 10011 10100 *0* 1101* 0101 0110 *00 1110*0 1111110 0** 0111* 100* 10000 *01 1110*1 0000 1111*0 0010 10001 111111* 11001 11111* 101* 0*0 11111110 10010 ** 11000 1011* 110* 1001* 11100 00* 11111111 1** 001* *1* 1110** 010* 1*1 1111** 10101 01111 10110 111110* 01* 10* 1111*1 0*1 0011 0100 11* 000* 1100* 0001 11101 1000* 01110 1010* 111* 1111101 011* 11010
4000000000
0 1 *
20
* 00 01 10 0* 1* 110 111
55924026
************ ***********1 ******1 *****0 *0 *******1 ***0 **********0 **0 1 **********1 ********0 ***********0 *********0 *********1 ****0 *1 *******0 **1 ******0 0 *****1 ***1 ********1 ****1
164
111 10 * 0 1* 110
238
1 **1 *** 0 **0 *1 *0
99821207178
0* ** 00* 01* 10* 11* 1*0 1*1 *00 *01 *10 *11 0000 0001 0010 0011 0100 0101 0110 0111 1000 1001 1010 1011 1100 1101 1110 1111 1** *0* *1* 000* 001* 010* 011* 100* 101* 110*
110259735827
111*11111111111111110 111*1111* 111*111111111111* 111*111111111* 110* 0* 1* *0 111*11110 111*11111111110 ** 111*111111111111111* 00* 01* 10* 111*111111110 11* 111*0 101* *10 000* 111*1110 111*11111* *11 0000 111*10 0001 111** 111*111111111111111110 111*111111111111111111 0010 0011 0100 111*11111111111111* 111*1111111111111111* 001* 111*110 111*11111111* 0101 0110 0111 1000 111*1111111111* 1001 1010 1011 111*1111111* 1100 1101 111*11111111111* 111*11* 111*1111111111111* 111*111111* 111*111* *1* 111*1111111111111110 011* 111*1111111111110 111*11111110 111*111111111111110 1110 111*11111111111110 111*1* 010* 1111 100* 111*111111111110 111*1111111110 111*111110 111*1111110
1000000001
1 *
217648166274
** 00* 01* 10* 11* 0*0 0*1 1*0 1*1 *00 *01 *10 *11 0000 0** 1** *0* *1* 000* 001* 010* 011* 100* 101* 110* 111* 00010 00011 00100 00101 00110 00111 01000 01001 01010 01011 01100 01101 01110 01111 10000 10001 10010 10011 10100 10101 10110 10111 11000 11001 11010 11011 11100 11101 11110 11111
8649
11100 111* 1*1 101* 1000* 11111* *00 *1* 0*0 11011 011* 10001 10000 0011 1011* 11111111 0010 1111100 1100* 0** 1** 0001 1111101 ** 000* 001* 1111110 0100 1111* 1001* 1101* *01 10010 10101 11* 10100 11001 10011 01101 *10 10110 1010* 010* 11101 110* 0*1 00* *11 111110* 01* 01011 11110 10111 1110* 11010 01010 0000 1*0 11000 01110 111111* 11111110 0110* 10* *0* 0101* 0111* 100* 01111 01100
208002265048
** 00* 1111******1 1111****0 01* 10* 1111********0 1111***********0 1111*0 11* 0*0 0*1 1111***0 1101* 1111*********1 1*0 1111********1 1111*******0 1*1 *00 *01 *10 *11 0000 0001 0010 1111****1 0011 0100 0101 1111*********0 1111***********1 1111******0 0110 0111 1000 1001 1111*****0 1010 1111*****1 1011 0** 1** *0* *1* 000* 1111**0 001* 010* 011* 1100* 1111**1 100* 1111*1 101* 110* 1111***1 1111*******1 111* 1110* 11000 11001 11010 11011 11100 1111**********1 1111**********0 11101 11110 11111
146000000250
010*0 010*1 ** 00* 011*0 010** 011** 100** 101** 110** 01* 111** 10* 11* 0*0 0*1 1*0 011*10 1*1 *00 *01 *10 011*11 100*00 100*01 100*10 100*11 101*00 *11 0000 101*01 101*10 101*11 110*00 0001 0010 110*01 0011 0100 0101 0110 110*10 110*11 0111 111*00 1000 111*01 111*10 111*11 1001 1010 011*1* 100*0* 1011 1100 100*1* 101*0* 101*1* 110*0* 1101 1110 1111 0** 1** *0* *1* 000* 110*1* 111*0* 001*
1000000349
1** *0* *1* 100* 101* 110* 111* **0 **1 10*0 10*1 11*0 11*1 1*00 1*01 1*10 1*11 *000 *001 *010 *011 *100 *101 *110 *111 10000 10001 10010 10011 10100 10101 10110 10111 11000 11001 *** 10** 11** 1*0* 1*1* *00* *01* *10* *11* 1000* 1001* 1010* 1011* 1100* 0 1101* 1110* 1111* 110100 110101 110110 110111 111000 111001 111010 111011 111100 111101 111110 111111
3559538086
* 00 01 10 11 0*
1687759626
0 1
2
0 1
1000000000
0
4749
**01 0*1 001 *0** 00* 0** 111 **1* **10 *10* *1** *101* 1100 0111 ***0 010 100 *111 10* *11* 110* *1*0 1*1 11* 1** **00 01* 011* *01 **0*1 ***1 1101 0*0 ***** 1*0 ****0 **0*0 *1010 **11 *1*1 101 *0*1 *10111 *1011*1 ****1 *1011** *110 *100 *00 *10110 0110 *0*0 000 **0**
143602982342
11100 10101 1110* 11101 *01 10111 11001 10110 000* 1111101 1111111 1** 011* 111110* 100* 1010* 1111100 0110 *0* 11010 1*1 10* 0** 10001 11000 1001* *00 1111010 0100 111100 0001 0*1 *1* 01* *10 101* *11 110* 1000* 1111110 0101 11111* 11* 001* 111* 1101* 10100 1111* 010* 10010 0*0 1100* 1011* 0011 0000 10000 1111011 ** 111101* 1*0 11110* 10011 0111 00* 11011 0010
1000000299
1*011 1*01* 1*0*0 1*0*1 1*0** 1*100 1*101 1*10* 1*110 1*111 1*11* 1*1*0 1*1*1 1*1** 1**00 1**01 1**0* 1**10 1**11 1**1* 1***0 1***1 1**** 0000 0001 000* 0010 0011 001* 00*0 00*1 00** 0100 0101 010* 0110 0111 011* 01*0 01*1 01** 0*00 * 0*01 0*0* 0*10 0*11 0*1* 0**0 0**1 0*** 1000 1001 100* 1010 1011 101* 10*0 10*1 10** 1100 1101 110* 1110 1111 111* 11*0 11*1 11** 1*00
76000000148
100*0 100*1 101*0 0* 100** 1* *0 101** *1 000 110** 001 111** 010 101*10 011 ** 101*11 00* 110*00 01* 10* 11* 1000 110*01 1001 110*10 1010 1011 110*11 1100 1101 1110 1111 111*00 111*01 111*10 111*11 101*1* 110*0* 110*1* 111*0*
275
01*1 01** 0*00 0*01 0*0* 0*10 0*11 0*1* 0**0 0**1 0*** 1000 1001 100* 1010 1011 101* 10*0 10*1 10** 1100 1101 110* 1110 1111 111* 11*0 11*1 11** 1*00 1*01 1*0* 1*10 1*11 1*1* 1**0 1**1 1*** *000 *001 *00* *010 *011 *01* *0*0 *0*1 *0** *100 *101 *10* *110 *111 *11* *1*0 *1*1 *1** **00 **01 **0* **10 **11 **1* ***0 ***1 **** 000 001 00* 010 011
7547
11101* 11000 *10 1*0 0** 1101* 111000 ** 0100 10011 10110 11110* 100* 1111* 111001 1001* 11001 0110 *1* 10101 10001 10111 1111110 000* 001* 110110 10* 0*1 111111* 1011* *11 0001 0101 11* 1100* 11111* 010* *00 0*0 111010 1010* 11011* 111011 0010 11010 0111 11111110 1000* 00* 101* 111110 011* 110* 1*1 11100* 11111111 1110* 10000 10100 0011 0000 110111 01* *01 10010 111* 111100 1** 111101 *0*
2318115356
***1*11*11 ***1*11*1*11 0 ***1*11*1*0 ***0* ***1*11*1*10 ***11 *1 ***10 ***1*11*1*1*0 ***1*0 ***1*11*1*1*1 **** ***1*11*0* ***00 ***1*1* **0 ***1*11*00 ***1*11*10 *0 ***01 ***1*10 ***1** ***1*110 ***1*11*01 **1 ***1*111 ***1*11** ***1*11*1** 1
11
11 1* *0 *1 ** 0
417
*0 *1 1 **0 ***1 0 **1 ***0
146000000250
** 00* 01* 10* 11* 010*0 0*0 010*1 011*0 010** 011** 100** 101** 0*1 1*0 110** 111** 011*10 011*11 1*1 *00 100*00 *01 *10 100*01 *11 100*10 0000 100*11 101*00 101*01 0001 0010 101*10 101*11 110*00 0011 0100 0101 0110 0111 1000 110*01 110*10 110*11 111*00 1001 1010 1011 1100 111*01 1101 111*10 1110 111*11 011*1* 1111 0** 1** 100*0* 100*1* *0* 101*0* 101*1* 110*0* *1* 110*1* 000* 001* 111*0*
344
** 0** 1** *0* *1* 000* 001* 010* 011* 100* 101* 110* 111* 00*0 00*1 01*0 01*1 10*0 10*1 11*0 11*1 0*00 0*01 0*10 0*11 1*00 1*01 1*10 1*11 *000 *001 *010 *011 *100 *101 *110 *111 00000 00001 00010 00011 00100 00101 00110 00111 01000 01001 01010 01011 01100 01101 01110 01111 10000 10001 10010 10011 10100 10101 10110 10111 11000 11001 11010 11011 11100 11101 11110 11111
6779464584
* 00 01 0* 1* 100 101 110 111
7
0 * 10 11
16
* 00 01 10 11 0* 1*
350000000000
0** 1** *0* *1* 000* 001* 010* 011* 100* 101* 110* 111* **0 **1 00*0 00*1 01*0 01*1 10*0 10*1 11*0 11*1 0*00 0*01 0*10 0*11 1*00 1*01 1*10 1*11 *000 *001 *010 *011 *100 *101 *110 *111 00000 00001 00010 00011 00100 00101 00110 00111 01000 01001 01010 01011 01100 01101 01110 01111 10000 10001 10010 10011 10100 10101 10110 10111 11000 11001 11010 11011 11100 11101 11110 11111
5000000005
0 * 10 11 1*
1386623750
0 1
21
*0 1 *1 0
9282696360
* 00 01 10 11
98426333831
** 00* 1111**********1 1111*1 01* 10* 1111*****1 11* 0*0 1111************1 1111*********1 1111*******1 1111*****0 0*1 1111*************0 1*0 1111**1 1*1 *00 *01 1111**0 *10 1111*0 *11 1111*************1 0000 1111******1 0001 0010 0011 0100 0101 1111**********0 0110 0111 1000 1001 1111****1 1111******0 1010 11111 1111**************0 1011 1111***********0 1111************0 1111***********1 1100 1101 1111********0 1110 0** 1111***1 1111*******0 1** 1111****0 1111********1 *0* *1* 000* 1111**************1 001* 010* 1111***0 011* 100* 101* 110* 111* 1111*********0 11110
1000000003
1 0 *
8
* 1 0
16342182620
* 00 01 10 0* 1* 110 111
1000000384
1** *0* *1* 100* 101* 110* 111* **0 **1 10*0 10*1 11*0 11*1 1*00 1*01 1*10 1*11 *000 *001 *010 *011 *100 *101 *110 *111 10000 10001 10010 10011 10100 *** 10** 11** 1*0* 1*1* *00* *01* *10* *11* 0 1000* 1001* 1010* 1011* 1100* 1101* 1110* 1111* 101010 101011 101100 101101 101110 101111 110000 110001 110010 110011 110100 110101 110110 110111 111000 111001 111010 111011 111100 111101 111110 111111
143504780557
1010 *1* ** *01 1*0 0101 1*1 11100 *10 *11 000* 11101 0000 00* 1011 0110 01* 10* 1100 0001 0010 11* 001* 11110 0*0 0111 010* 1101 0*1 011* 0** 1** 100* 11111 *0* 0011 1110* 101* 1000 110* *00 1001 111* 0100
30355591708
** 00110 1000* *0* *1* 000* 10110 001* 00* 00111 01* 10111 01000 01001 01010 010* 11110 01011 01100 01101 11000 1001* 11111 011* 11001 01110 0001* 10* 01111 11* 0010* 100* 0*0 0011* 10000 0*1 1*0 11010 11011 10001 0100* 101* 1*1 110* 1010* 111* 00010 1011* *00 00011 *01 10010 *10 10011 *11 1100* 1101* 11100 0101* 10100 0000 0** 1110* 10101 11101 1** 0110* 00100 0111* 00101
13986582675
1111*1111** 1111*1100 1111*1111*1101 1111*10 1111*1111*1111110** 1111*1*0 1* 1111*1101 1111*1111*1111111*** 1111*1111*1110* 1111*1111*111110 110 1111*1111*11111111 1111*1111*1111111**00 1110 0* 1111*1** 1111*1111*1111111**01 * 1111*00 1111*1111*11101 1111** 1111*1110*1 1111*1111*101 1111*1111*11111100 1111*1111*11111* 1111*11111 1111*1111*10* 1111*1111*11111110 1111*1111*11111101 1111*1111*11100 1111*1111*1111110*0 1111*1111*100 1111*1111*1111111*0 1111*11110 1111*1111*1111111**10 1111*1111*1111111**0* 1111*1111*1111* 1111*11100 1111*1111*1111111**1* 101 1111*0* 111* 1111*1111*0 1111*1111*11* 1111*1111*110* 1111*1110*0 1111*01 01 00 11* 10* 11110 100 1111*1111*1111111**110 1111*1111*11110 11111 1111*1110** 1111*1111*111111* 1111*11* 1111*1111*1100 1111*1111*1* 1111*1111*1111111*1 1111*1111*1111110*1 1111*111* 1111*110* 1111*11101 1111*1111*1111111**111 1111*1111*111* 1111*1*1
1000000301
1** *0* *1* 100* 101* 110* 111* **0 **1 10*0 10*1 11*0 11*1 1*00 1*01 1*10 1*11 *000 *001 *010 *011 *100 *101 *110 *111 10000 10001 10010 10011 0 10100 10101 10110 10111 11000 11001 11010 11011 11100 11101 11110 11111 *** 10** 11** 1*0* 1*1* *00* *01* *10* *11* 1000* 1001* 1010* 1011* 1100* 1101* 1110*
20
* 00 01 10 0* 1* 110 111
12632591828
* 0* 00 10 1* 11 01
5537465842
*1 *** **0 *0 **1 1 0
1747605
******1 *****0 *******0 **0 *******1 *********1 ******0 ***1 *1 ***0 **1 *0 ****0 ****1 ********1 ********0 *********0 1 0 *****1
5805987
0 1
101231627888
101* 0100 001* 11101 1001 11* 0000 11111* 000* 111111* 00* 011* 1110* 100* 0111 *10 0010 01* 0*1 1000 111* 1010 1100 0110 111101 *01 110* *11 0001 111110 1111110 ** 11110* 11100 1011 *1* 0*0 1*1 111100 0011 0101 010* 1101 1111* 10* *0* 1** 0** 1*0 *00 1111111
182033223023
1011* 111100 11010 1111* 11100 11110* 111111* *11 0100 11101 11011 11* 00* 0010 10100 1*0 010* 001* 01111 11111110 1010* 1** 10000 10001 0111* 11001 *00 *01 0101* 1111110 1101* 1001* 10011 110* 0001 1110* 01100 0110* 100* 1100* 0000 *1* 0** 11000 10110 01110 01010 10010 10* 101* 011* 1000* 0011 *0* 01* 000* 10111 01101 11111111 10101 11111* 1*1 ** 01011 111* *10 111101 111110 0*0 0*1
13377033524
11****0 111 * 11************** 00 11*********1 11****1 11******0 11*******0 11*******1 01 11************0 11*****1 11**********1 11***1 11********1 11*************0 11*****0 0* 1* 11**1 11**0 100 11******1 11*********0 11***********0 11*0 11***********1 11************1 11*************1 11********0 11**********0 101 110 11***0 11*1 10*
17000000029
11* * 111* 00 11100 01 11101 11110 10 0* 11111 1* 110
2
0 1
538
10 1* 111 11* 110 * 01 00 0*
96
0* 1* *0 *1 ** 00* 01* 10* 11* 0000 0001 0010 0011 0100 0101 0110 0111 1000 1001 1010 1011 1100 1101 1110 1111
270
0*00 0*01 0*0* 0*10 0*11 0*1* 0**0 0**1 0*** 1000 1001 100* 1010 1011 101* 10*0 10*1 10** 1100 1101 110* 1110 1111 111* 11*0 11*1 11** 1*00 1*01 1*0* 1*10 1*11 1*1* 1**0 1**1 1*** *000 *001 *00* *010 *011 *01* *0*0 *0*1 *0** *100 *101 *10* *110 *111 *11* *1*0 *1*1 *1** **00 **01 **0* **10 **11 **1* ***0 ***1 **** 000 001 00* 010 011 01*
4202231345
* 00 01 10 11 0*
91000000149
0* 001*0 1* 001*1 010*0 *0 010*1 *1 000 011*0 011*1 100*0 ** 100*1 00* 101*0 01* 101*1 110*0 110*1 10* 11* 0010 0011 0100 001** 010** 011** 100** 101** 0101 0110 110** 111** 0111 1000 1001 111*00 1010 1011 1100 1101 111*01 111*10 1110 111*11 1111
7000000000
0 * 10 11
4647586587
0 1*11*111*0 1*1* 1*11*0 1*100 1*11*1110 1*11*111*1**1**1 1*11*1101 1*11*111*1**1*0 1** 1*10* 1*11*111** 1*110 1*111 1*11*1100 1*11*111*1**11 1*11*111*1**1*1 * 1*11** 10 1*0 11 1*11*111*11 1*11*1111 1*11*111*1**0 1*11*111*1*1 1*11*110* 1*11*11* 1*11*111*1**10 1*11*10 1*11*111*1*** 1*11*111*1**1**0 1*11*1* 1*11*111*1*0 1*101 1*11*111*10
948718770
**111**1* **1110 **111*** **111**0 **111*0 1 **111**110 **111**111 **11* **111*1 **10 0 *1 *** **1* **111**10 **111**11* **1111 *0 **110 **0
8963
0111* 11001 11100 01011 10101 *1* 110* 10001 1111101 11010 111* 1000* 10110 1100* 01100 11111* 1111111 10010 010* 1*1 01110 000* 10* *10 11101 1001* 01010 10111 001* 00* 1101* 11110 01* 1111* 1110* 111110* 1111110 0** 1** *00 01111 01000 100* 01101 10011 10100 1111100 0*1 1010* ** 11000 10000 0100* *0* 0011 11* *11 011* 11011 01001 0101* 0110* 0000 0001 0010 *01 1*0 1011* 0*0 101*
76403601602
010* 0001 10* 1110 011* 0* 1111 *0* *10 0010 *1* 0011 000* 0110 0111 *11 1000 100* 1001 1010 11* 0100 1* ** 0101 1011 101* 1100 00* 0000 *00 110* *01 01* 1101 001*
66913645190
0* 111*1111111111111111110 1* 111*1110 1110 111*111111110 111*11111111111111* 111*10 111*111111111111111111* *0 *1 111*11111111* 111*1* 111*111* 111*1111111110 111*111111* 000 111*1111111111110 001 111*1111111111111* 111*111111111* 111*1111111111* 010 111*11111* 1111 111*11111111111111111111 011 100 111*1111111* 111*111110 111*11111111111111110 101 111*11111111111110 111*11111111111111111* 111*111111111110 111*1111* 111** ** 00* 111*111111111111111110 111*0 01* 111*1111111111111110 111*11* 111*111111111111* 111*111111111111111* 111*1111110 111*11110 111*111111111111110 110* 111*1111111111111111* 111*11111111110 111*11111111111111111110 111*11111111111* 10* 111*110 111*11111110 11* 1100 111*1111111111111111111* 1101
33533162475
11**********1 11*1 11******0 11******1 111 11**0 * 0* 1* 11**********0 11***1 11*****0 000 11*********0 10* 11****1 00* 001 01* 11*******0 11********1 010 011 11****0 100 101 11*****1 11***0 11*0 110 11********0 11*********1 11*********** 11*******1 11**1
110259735827
0* 1* 111*111111111111111110 *0 111*1111111* ** 111*11111111111110 00* 000* 111*1111111111111110 111*11111111110 01* 10* 11* 111*11111111111111110 *10 111*0 *11 0000 111*111111111111111111 111*111110 111*110 111*11110 0001 0010 111*11111* 0011 111*111111111110 *1* 0100 0101 111*11111111* 111*11111111111* 001* 111*1110 111*1111111111111111* 111*1* 111*111111* 0110 0111 111*11111111111111* 111*1111111111111* 1000 111*1111* 1001 111*111111111* 100* 111*11* 1010 111** 111*10 1011 1100 011* 111*1111111110 111*11111110 111*111111111111111* 111*111111110 111*1111111111* 1101 111*111111111111* 111*111* 101* 111*1111111111110 111*1111110 1110 010* 1111 111*111111111111110 110*
136000000000
0* 1* *0 *1 ** 00* 01* 10* 11* 0000 0001 0010 0011 0100 0101 0110 0111 1000 1001 1010 1011 1100 1101 1110 1111 000* 001* 010* 011* 100* 101* 110* 111*
7000000019
0 1*0 * 10 1** 11 1*10 1*11
1000000211
** 10* 11* 1*0 1*1 *00 *01 *10 1** *0* *1* 100* 101* 110* 111* *110 *111 10000 10001 10010 0 10011 10100 10101 10110 10111 11000 11001 11010 11011 11100 11101 11110 11111 *11* 1000* 1001* 1010* 1011* 1100* 1101* 1110* 1111*
181987167251
1101* 1*0 0*0 10* *01 *1* 11010 10010 01110 ** 0110* 11101 1100* 000* 10101 01010 1010* 111* 010* 1111*** 0011 10100 1111**11 1*1 1011* 11110 100* 11001 10000 101* 0** 0101* 01101 *11 01111 1111**0 110* 1000* 0100* 10110 01* 011* 0000 0001 11* 11011 1111*1 01011 01000 1001* 1111*0 0*1 00* 10001 *10 10011 1110* 01001 1** 0010 0111* 1111**10 01100 001* 11111 *00 11100 10111 11000 *0*
20000000000
* 00 01 10 0* 1* 110 111
1000000017
0 * 1* 100 101 110 111
22246952483
11************0 11*0 11*******1 * 11***********1 00 01 11**********0 10 11****0 0* 111 11***********0 11************1 11**0 11********1 11*1 11******1 11*****1 11**1 11*********1 11**********1 11****1 11******0 11*****0 11***1 1* 11*******0 11***0 11********0 110 11*********0
21
*1 1 0 *0
26341692195
0* ** 00* 01* 10* 11* 1*0 1*1 *00 *01 *10 *11 0000 0001 0010 0011 0100 0101 0110 0111 1000 1001 1010 1011 1100 1101 1110 1111 1** *0* *1* 000* 001* 010* 011* 100* 101* 110*
134
1 * 0
576
**1 ***0 *1 **0 0 *0 1 ***1
1000000139
** 10* 11* 1*0 1*1 *00 *01 *10 *11 0 1000 1001 1** *0* *1* 100* 101* 110* 111* 10100 10101 10110 10111 11000 11001 11010 11011 11100 11101 11110 11111
1392
**1 0 1 **0 ***1 *1 **** *0 ***0
21
*1 0 *0 1
61000000151
0* 1* 111*0* 111*1* *0 111**0 *1 111**1 111*000 000 001 111*001 111*010 111*011 111*100 010 011 111*101 100 111*110 111*** 111*00* 111*01* 101 110 111*10* ** 00* 01* 10* 111*11* 111*1110 111*1111 11* 1110 1111
5000000005
0 11 * 1* 10
17000000035
111* * 00 11*0 01 10 11*1 0* 11100 1* 11101 110 11110 11111
1000000000
0
71000000000
0* 1* *0 *1 000 001 010 011 100 ** 00* 01* 10* 11* 1010 1011 1100 1101 1110 1111
3
1 0
203
1* * 110 111 11* 0 10
95512719769
0* 111*11111111111111110 111*1111110 111*1110 111*11111111111110 1* 110* *0 *1 111*111111110 000 111*1111111111111111111 111*1111111* 001 100* 111*1111111111111110 111*11111111111111111* 111*11111111* ** 00* 111*11111111110 111*1111111111111111110 111*11* 111*11110 01* 111*1111111111* 111*111111111111* 10* 111*1111* 111*0 111*111111111111111* 111*1* 101* 11* 0100 111*11111110 111*10 0101 111*11111* 111*111111111110 111*111111111* 0110 111*111111111111111111* 010* 0111 111*110 111** 111*111110 111*111* 111*11111111111111* 111*11111111111* 111*1111111111111111* 1000 1001 111*1111111111110 1010 011* 111*111111111111110 111*1111111110 1011 111*111111* 111*111111111111111110 1100 1101 111*1111111111111* 1110 1111
1419702115
1 0
7000000019
0 1*0 1** * 10 1*10 1*11 11
82345247585
***111111111111111* ***1111111111111111110 ***1110 ***11111111111111111111* ***11111* 001 ***111110 00* ***11111111111* ***11111111111111* ***1111111* 010 011 ***11111111111111110 ***0 ***11111111110 ***111111111110 01* 0*0 0*1 0** 100 ***11111111111111111* ***10 ***111111111111111111* 101 10* ***1111111111111111111* ***11110 ***1111* 110 ***111111111111111110 111 **** ***111111111111111111110 ***11111111* ***111111* ***1111111111110 ***11111110 11* ***11111111111110 1*0 ***111* 1*1 ***111111111111111111111 ***110 1** ***111111110 ***1111111111* ***1111111111111* *00 ***1111111110 *01 *0* *10 ***111111111111* *11 *1* ***111111111* ***11* ***1111111111111110 **0 ***1111110 **1 ***1111111111111111* ***1* ***111111111111110 000 ***11111111111111111110
1000000384
1** *0* *1* 100* 101* 110* 111* 0 **0 **1 10*0 10*1 11*0 11*1 1*00 1*01 1*10 1*11 *000 *001 *010 *011 *100 *101 *110 *111 10000 10001 10010 10011 10100 *** 10** 11** 1*0* 1*1* *00* *01* *10* *11* 1000* 1001* 1010* 1011* 1100* 1101* 1110* 1111* 101010 101011 101100 101101 101110 101111 110000 110001 110010 110011 110100 110101 110110 110111 111000 111001 111010 111011 111100 111101 111110 111111
188
** 00* 01* 10* 11* 0*0 0*1 1*0 1*1 *00 *01 *10 *11 0000 0001 0010 0011 0100 0101 0110 0111 1000 1001 1010 1011 1100 1101 0** 1** *0* *1* 000* 001* 010* 011* 100* 101* 110* 111* 11100 11101 11110 11111
9052
10100 11110* 1010* 0011 10010 000* 01110 11000 1*1 001* 11001 11101* 111011 ** 100* 101* *10 10001 *11 00* 111100 01* 1111110 110* 10101 01101 1100* 1111111 0*0 *00 11011 1** 111111*1 010* *0* 1011* 1*0 1000* 111111*0 1101* 0110* 111101 1001* 01111 10011 0000 11100 0101 11010 10* 0111* 10000 *01 11* 111* 0100 1110* 011* 0** 0001 01100 *1* 10110 0*1 111110 10111 111010 11111* 1111* 0010
20000000000
* 00 01 10 0* 1* 110 111
411
1* 01 00 0* 10 * 11
956297663
*0 *1 ** 0 1
701
10 00 * 111 0* 01 1* 110
38498118282
111********1 111*****1 111************0 111******0 111*************1 111***0 0* 1* 111*****0 111**1 *0 *1 000 001 111*********1 111**0 010 111******1 011 100 111*1 111****0 111**********0 111**********1 111***********0 111***1 ** 111*********0 00* 111********0 01* 1111 111****1 111*******1 110* 111*******0 101* 10* 11* 1010 111*0 1011 111************1 111***********1 111*************0 1100 1101 1110
2683001689
0 * 10 11 1*
4855
0 1
118000000236
*111001 *11100* *111010 *11* *1*0 *111011 *11101* *1*1 *1** *1110*0 **00 *1110*1 *1110** *111100 *111101 *11110* *111110 **01 **0* *111111 *11111* *1111*0 *1111*1 **10 **11 *1111** **1* ***0 *111*00 ***1 *111*01 **** *111*0* *111*10 *111*11 000 001 *111*1* 00* 010 011 *111**0 01* 0*0 0*1 *111**1 *111*** 0** *11000 100 *11001 101 10* *1100* 110 *11010 111 *11011 11* 1*0 1*1 1** *00 *1101* *01 *110*0 *110*1 *0* *110** *10
105308051460
0* 1* *0 *1 111*111111111* 111*10 111*11110 111*110 111*111111111111111110 001* ** 00* 111*1111111111111* 01* 111*1* 111*11111110 10* 111*1111111111111110 11* 111*1111111111* 0000 111*1111111* 0001 111*111111110 111*111* 011* 0010 000* 111** 111*0 111*1111110 0011 0100 111*111111111111111* 111*11* 111*111111111110 111*1110 111*1111111111110 111*111111* 111*111111111111111111 100* 111*11111111110 111*11111111111111* 111*11111* 0101 110* 0110 0111 111*1111111110 111*11111111111111111* 010* 1000 111*11111111111110 111*11111111111111110 1001 1010 1011 1100 111*111111111111110 101* 111*111111111111* 1101 111*11111111111* 111*111110 1110 111*1111111111111111* 111*1111* 111*11111111* 1111
842
*1 **1 **0 1 0 *0 ***0 ***1 ****
1000000013
* 10 1* 110 111 0
3
0 1
14887787547
11* 111 00 * 01 0* 110 1* 10
131861914689
*0* 0100 1** 10010 101* ** 11111* 11001 1000* 110* 0111 1001* 001* 0*1 111001 1111110 00* 11101* 01* *10 111110 111111*1 *00 1010* *11 1111* 1100* 0*0 10111 111000 10101 000* 11* 10000 0000 111101 0001 1110* 11000 1101* 111100 10001 100* 11011* 1*1 111* 111010 11110* 011* 110110 10110 111011 10* 0101 0010 0011 110111 111111*0 10011 010* 10100 1011* 1*0 11010 1111111 11100* 0** *1* 0110 *01
1828
000 *0 111 ** 100 010 101 0* 11*1 00* 01* 1* *1 10* 001 11** 011 110 11*0
156523269227
111111*0 111110 11111* 11010 10111 1111111 11* 1000* 10110 *1* 10* 0*1 0101 111111** 11011 111* 11101 0*0 11000 1** 10000 1111110 1011* 10011 10010 0000 0001 *0* 010* 11100 0110 11001 0** 0111 01* 00* 001* 101* 10001 *11 0010 0011 111111*1 1*1 000* 1*0 110* ** 100* 0100 1010* *00 1100* 10100 1001* 1110* 10101 011* *01 *10 11110 1101* 1111*
146000000250
010*0 010*1 ** 011*0 00* 01* 010** 10* 11* 0*0 011** 0*1 100** 101** 1*0 1*1 *00 110** *01 *10 *11 0000 111** 0001 0010 011*10 0011 011*11 100*00 100*01 0100 100*10 0101 100*11 101*00 0110 101*01 101*10 0111 101*11 1000 110*00 1001 110*01 110*10 110*11 111*00 1010 1011 1100 1101 111*01 1110 1111 0** 1** 111*10 *0* 111*11 011*1* 100*0* *1* 100*1* 000* 101*0* 101*1* 110*0* 110*1* 111*0* 001*
1146602832
* 1
6380
100 0*0* 000 *1*11 001 *00*11 *1** *011 110* 101 *1*0 *0*11 011 0*0110 1*1* 0*011* 0*1 ***0 *111 *00*0 01* *0** *1*1* 1**0 *00*1* *1*100 10* 1**1 0*0111 **01 *100 *00*10 *1*101 1*** *00** 00* **11 *010 *101 **1* 0*01* ***** **0* 1100 1101 *10* ***1 **10 ****0 ****1 010 11* *1*10* *0*0 *01* 1*10 *0*10 1*11 0** 111 0*00 0*010 **00 1*0 *000 *11* *110 *001 *0*1*
254
** 00* 01* 10* 11* 0*0 0*1 1*0 1*1 *00 *01 *10 *11 0000 0001 0010 0** 1** *0* *1* 000* 001* 010* 011* 100* 101* 110* 111* 00110 00111 01000 01001 01010 01011 01100 01101 01110 01111 10000 10001 10010 10011 10100 10101 10110 10111 11000 11001 11010 11011 11100 11101 11110 11111
24000000000
* 00 01 0* 1* 100 101 110 111
98
0 **0 **1 *1 *0 1
2940219619
11 1* 0 * 10
11192490311
11 *1 1* 0 ** 10 *0
3623476241
****1 ******1 ******0 *********0 1 ***1 *****0 **0 **********1 *0 **1 ************0 ************1 ***********0 ***0 *1 *******1 0 *****1 **********0 ***********1 ********0 ********1 *******0 ****0 *********1
10000000021
* 00 0*0 01 0*1 1*0 10 1*1 11 0**
24000000000
* 00 01 0* 1* 100 101 110 111
6
0 1 *
13
* 00 01 10 11 0*
1000000109
** 10* 11* 1*0 1*1 *00 *01 *10 *11 1000 1001 1010 1011 1100 1101 1110 1** *0* *1* 100* 101* 110* 111* 0 11110 11111
8732893760
* 00 01 10 11 0* 1*
350
0** 1** *0* *1* 000* 001* 010* 011* 100* 101* 110* 111* **0 **1 00*0 00*1 01*0 01*1 10*0 10*1 11*0 11*1 0*00 0*01 0*10 0*11 1*00 1*01 1*10 1*11 *000 *001 *010 *011 *100 *101 *110 *111 00000 00001 00010 00011 00100 00101 00110 00111 01000 01001 01010 01011 01100 01101 01110 01111 10000 10001 10010 10011 10100 10101 10110 10111 11000 11001 11010 11011 11100 11101 11110 11111
2000000000
0 1
6
1 * 0
4721778882
0 11 10 *
98426333831
** 1111****1 1111*****1 1111***********1 00* 1111***********0 01* 10* 1111*********1 11* 1111**************1 0*0 0*1 1111**0 1*0 1111***0 1*1 *00 1111*1 *01 *10 *11 0000 0001 0010 1111*************1 1111************1 0011 1111**************0 0100 1111*0 0101 0110 0111 1111************0 1000 1001 1111*****0 1010 1111****0 1111******0 1011 1111*********0 1100 1101 1110 1111**********0 0** 1111******1 1** *0* *1* 1111*******1 000* 001* 1111*************0 1111********1 010* 011* 1111**********1 100* 1111***1 101* 1111********0 11111 110* 111* 1111*******0 1111**1 11110
62349315
0
126
0* 1* *0 *1 000 ** 00* 01* 10* 11* 0010 0011 0100 0101 0110 0111 1000 1001 1010 1011 1100 1101 1110 1111 001* 010* 011* 100* 101* 110* 111*
120979600587
*1* 100* 1111* *0* 11100 1111110 1** 0101 010* ** 0*1 *01 1100 0111 1110* 000* 11011 110* 10* 0110 111* 0001 1001 1111111 0100 11110 *00 1010 1011 11101 011* 1000 0010 1*1 11010 111111* 0** 11111* 101* 111110 *11 *10 11* 1101* 1*0 0*0 00* 0000 0011 01* 001*
1000000000
0
344000000000
** 0** 1** *0* *1* 000* 001* 010* 011* 100* 101* 110* 111* 00*0 00*1 01*0 01*1 10*0 10*1 11*0 11*1 0*00 0*01 0*10 0*11 1*00 1*01 1*10 1*11 *000 *001 *010 *011 *100 *101 *110 *111 00000 00001 00010 00011 00100 00101 00110 00111 01000 01001 01010 01011 01100 01101 01110 01111 10000 10001 10010 10011 10100 10101 10110 10111 11000 11001 11010 11011 11100 11101 11110 11111
37738385394
1111*0 00* 1101 100 010 1100 001 11110 110* *0 11111 *1 000 0* 1* 111* ** 11* 1110 1111*1 101 01* 011 10*
41206884222
1*000000000000 *00 1*000000000001 *01 1*0000000000* 1*00* 1*0001 1*0000* *0* 1*00000000000* 1*0* *10 1*0000001 1*000001 1*000000001 *11 1*00000000001 1*000* 1*01 *1* **0 **1 1*1 1*000000* 1*001 *** 1*00000000* 00 01 0* 1*00000* 10 1*00000001 1** 11 1*000000000* 1*0000000* 1*0000000001 1*00001
10000000016
0*0 0*1 * 1*0 1*1 00 01 10 11
14646382384
0* 11 00 01 * 1* 10
121000000181
1** *0* *1*0 ** 00* 01* *1*1 000*0 10* 11* 000*1 001*0 0*0 0*1 1*0 1*1 *00 001*1 *01 *10 010*0 010*1 *11 0000 011*0 0001 0010 011*1 100*0 100*1 0011 0100 0101 101*0 101*1 0110 110*0 110*1 111*0 111*1 *1** 0111 1000 1001 1010 000** 1011 001** 010** 011** 100** 101** 1100 1101 110** 111** 1110 1111 0**
20
0 * 11 1* 10
204
*** *1 **1 *0 0 1 **0
7737008096
* 00 01 10 11 0* 1*
36
10 110 111 0 * 1*
103951508708
1** 0* ** 101* 1000 *0* 00* 1001 *1* 000* 01* *11 0100 0101 1010 001* 10* 1011 11* 1100 *00 0000 0001 010* 0010 011* 1*0 *01 1101 0011 0110 1110 0111 1*1 110* 1111 *10 100* 111*
3948525497
10 00 110 0* 01 111 * 11* 1*
2880
01*1 0100 001 01**11 100 11* 101 10* 000 *11 0*1 **0 *1*01 *0* 1*1 *1*1 1*0 0101 011 110 01**0 *1*0* *000 0*** *001 1** 010* **1 *00* 00* *10 *01 01*** 01**1* 0**1 01*0 *** *1** 0*0 *1*00 111 0**0
1000000021
1* *0 0 *1 100 101 110 111
2326440601
000000000001 0000000* 000001 00000000* 0* 00000* 000000000000001 00000001 1 0000001 000000000* 0000000000000* * 00000000001 001 0000000001 00001 000000001 00000000000* 000* 0001 0000000000001 000000000000* 00000000000000* 0000000000* 000000000000000 000000* 00* 01 0000* 00000000000001
3
1 0
98
*1 *0 1 **0 **1 0
98426333831
** 00* 01* 1111**1 10* 1111*******0 11* 0*0 0*1 1*0 1111*********0 1111*******1 11111 1111********0 1*1 *00 *01 1111*1 1111****1 1111**0 *10 *11 1111**************1 1111*0 1111***********0 0000 0001 1111************0 0010 1111*****0 1111******1 0011 0100 1111***0 1111**********0 0101 1111******0 0110 0111 1000 1111***********1 1001 1010 1011 1100 1111*************1 1101 1111************1 1110 1111***1 1111*****1 0** 1** *0* 1111*********1 *1* 000* 1111*************0 1111****0 001* 010* 1111**********1 011* 100* 101* 110* 111* 11110 1111**************0 1111********1
8902211824
11 1* * 0 10
248000000000
** 00* 01* 10* 11* 0*0 0*1 1*0 1*1 *00 *01 *10 *11 0000 0001 0010 0011 0** 1** *0* *1* 000* 001* 010* 011* 100* 101* 110* 111* 01000 01001 01010 01011 01100 01101 01110 01111 10000 10001 10010 10011 10100 10101 10110 10111 11000 11001 11010 11011 11100 11101 11110 11111
136582141840
1**1 *1*1*1 10* 1*0** *001 **1* 0*0* *000 111* ***1 **01 100 1*01 *0*01* 00* 1*** 1*1* 11*0 *1** 1*10 *100 010 *1*1*0 *1*10 *1*0 *1*1** *10* 110 01* *0*0* 0*1 0*00 0001 *0** 1*00 101 0000 *010 1110 1*11 *111 1111 *0*0111 001 *0*1 *1*11 0*01 ***0 1**0 *0*010 *0*00 1*0*0 **00 *0*011* 11*1 *110 *011 **11 *11* **0* 0** *101 **10 011 **** 1*0*1 *01* *00* 000* 11**
16000000000
* 00 01 10 11 0* 1*
4
0 1 *
238
0 **0 **1 *** *0 1 *1
56000000000
0* 1* *0 *1 000 001 010 011 100 101 110 111 ** 00* 01* 10* 11*
108944
0
578106035
1 0
9388100912
10 * 11* 1* 111 00 110 01 0*
10000000016
0*0 * 00 0*1 1*0 01 10 1*1 11
202156638717
** 00* 01* 10* 11* 0*0 1111**********1 0*1 1*0 1*1 *00 1111*******0 1111*0 1111******1 1111*********1 *01 *10 *11 0000 0001 0010 0011 1111****1 0100 11111 0101 1111******0 0110 1111**1 1100* 0111 1000 1111*****1 1110* 1111**********0 1001 1010 1011 0** 1** *0* 1111***0 1111*1 *1* 1111**0 1111****0 000* 1101* 1111*********** 001* 010* 1111*****0 011* 100* 101* 110* 1111*******1 111* 11000 1111*********0 11001 11010 11011 11100 1111********1 1111********0 11101 11110 1111***1
38554714
0 1 *0 *1
134552498734
1*** *0*0 **00*0 1*0* *111 0*1*0 *1*0 0*1*10 *1011 *11* *00* 0*1*11 00* 0*1*1* 1*100 **00*1 0*0 001 100 000 1*10** 1*01 010 **1* 0*10 1*1* *110 *1*1 1*10*0* 111 10* **0** *0*1 **** *011 **10 **001 ***1 *10* 1*11 *000 **0*0 101 1*10*1 **000 *01* *100 **00** 011 0*1** **01 *010 01* ***0 1**1 1*00 *1** **11 110 *1010 0*11 *101* 11* **0*1 *0** 0** *001 1**0 1*10*01 1*101
350
0** 1** *0* *1* 000* 001* 010* 011* 100* 101* 110* 111* **0 **1 00*0 00*1 01*0 01*1 10*0 10*1 11*0 11*1 0*00 0*01 0*10 0*11 1*00 1*01 1*10 1*11 *000 *001 *010 *011 *100 *101 *110 *111 00000 00001 00010 00011 00100 00101 00110 00111 01000 01001 01010 01011 01100 01101 01110 01111 10000 10001 10010 10011 10100 10101 10110 10111 11000 11001 11010 11011 11100 11101 11110 11111
16441357818
1* 10 111 * 00 0* 110 01 11*
417
1 **0 ***0 *1 *0 **1 ***1 0
146000000250
010*0 ** 00* 010*1 01* 10* 011*0 010** 11* 0*0 0*1 1*0 011** 100** 101** 110** 111** 1*1 *00 011*10 011*11 100*00 *01 100*01 100*10 *10 *11 100*11 101*00 0000 101*01 0001 0010 0011 0100 0101 0110 0111 1000 101*10 101*11 1001 1010 1011 110*00 110*01 1100 110*10 1101 1110 1111 110*11 0** 1** 111*00 111*01 111*10 111*11 011*1* *0* 100*0* 100*1* *1* 101*0* 101*1* 110*0* 000* 110*1* 111*0* 001*
20208347775
01*1 01** 0*00 0*01 0*0* 0*10 0*11 0*1* 0**0 0**1 0*** 1000 1001 100* 1010 1011 101* 10*0 10*1 10** 1100 1101 110* 1110 1111 111* 11*0 11*1 11** 1*00 1*01 1*0* 1*10 1*11 1*1* 1**0 1**1 1*** *000 *001 *00* *010 *011 *01* *0*0 *0*1 *0** *100 *101 *10* *110 *111 *11* *1*0 *1*1 *1** **00 **01 **0* **10 **11 **1* ***0 ***1 **** 000 001 00* 010 011
1000000006
* 10 0 11
323898039500
0** 1** *0* *1* 000* 001* 010* 011* 100* 101* 110* 111* **0 **1 00*0 00*1 01*0 01*1 10*0 10*1 11*0 11*1 0*00 0*01 0*10 0*11 1*00 1*01 1*10 1*11 *000 *001 *010 *011 *100 *101 *110 *111 00000 00001 00010 00011 00100 00101 00110 00111 01000 01001 01010 01011 01100 01101 01110 01111 10000 10001 10010 10011 10100 10101 10110 10111 11000 11001 11010 11011 11100 11101 11110 11111
331160259
11111111111110 11111111111111* 11111* 1111111111111111* 1111111111111110 1111111111110 1111111* 1111111111* 110 11111111* 111* 1110 10 111111111111110 11111111110 111111111111111* 1* 11111111111111111* 0 1111111111111111111 * 11111111111111110 111111111111111110 11* 1111111110 11111110 111111111* 111111111110 111110 111111111111* 111111110 1111111111111* 11110 111111111111111111* 11111111111* 1111110 111111* 1111111111111111110 1111*
8350
11111111 1111* 11111110 111110 11111* 1111111* 10 1110 111111* 110 * 1* 11110 0 1111110 11* 111*
1000000377
1** *0* *1* 100* 101* 110* 111* **0 **1 10*0 10*1 11*0 11*1 1*00 1*01 1*10 1*11 0 *000 *001 *010 *011 *100 *101 *110 *111 10000 10001 10010 10011 10100 10101 *** 10** 11** 1*0* 1*1* *00* *01* *10* *11* 1000* 1001* 1010* 1011* 1100* 1101* 1110* 1111* 101100 101101 101110 101111 110000 110001 110010 110011 110100 110101 110110 110111 111000 111001 111010 111011 111100 111101 111110 111111
13000000000
* 00 01 10 11 0*
4838540730
1111111111111111111111* 1111110 11111111* 1111111111111111111* 1111* 11111111111111110 11111111111*1 111111111111111111110* 111111* 1111111111111110* 1111111111111100 11* 1111111111111* 111111111111111111111*0 1111111111111111* 1110 111111111111111111111*1 11111111111111101 111111111111100 111111111111111111111100 111111111111111* 111111111111111111111101 111111111111111111111110 1111111100 111111111111111111111** 0 11111111111111111111110* 111111111111101 11111111111111111111111* 11111111111111100 111111111111* 11111110 11111111111111111111* * 1111111110 1111111111111111111111110 1111111111111111111110 111111110* 1111111111111111111100 11111111111111* 11111111111111111110 111111111100 11111111110* 111111111110 11111111111100 1* 111111111111110* 111111111111111110 1111111* 11111* 10 11111111111111111* 111111111111111111* 1111111101 1111111111111111111111111 11110 1111111111111111111101 111110 1111111111* 11111111111*0 11111111111** 111111111* 1111111111110* 111* 11111111111101 110 111111111101 1111111111111101 1111111111111111110 11111111111110*
41301560876
11**********0 0* 1* 11*1 11*****0 11*******0 11***0 11*********0 ** 11*0 *0 11**0 11******1 *1 11****1 11**********1 11********0 000 001 010 10* 00* 11*********** 011 11********1 11*********1 11****0 01* 100 11*****1 11*******1 11***1 101 110 11******0 11**1 111
24
* 00 01 0* 1* 100 101 110 111
17976080752
110 0* 00 1* 100 * 10* 01 111 101
21
*1 *0 0 1
894784822
*************0 **1 ********0 *********0 ********1 ************0 ***1 ************1 **********1 ****1 0 *****0 *************1 *0 **0 1 ***********1 ******1 ***********0 *******0 ************** *******1 *1 ****0 **********0 ******0 *********1 *****1 ***0
860169
0 * 11 10
785845771
*0 *1 0 *** **0 1 **1
8242745170
1* 0* 11 01 10 00 *
164518622343
1**000000001 *000 1**0000001 *001 *00* *010 *011 1**000001 *01* *0*0 *0*1 *0** *100 *101 *10* *110 1**0* *111 *11* 1**00001 *1*0 *1*1 *1** **00 **01 **0* 1**0000000001 **10 1**001 **11 1**000* **1* ***0 1**0001 1**00000000* ***1 **** 000 1**0000* 001 00* 010 1**000000000000 011 1**00000000001 01* 0*0 0*1 1**1 0** 1**00000001 1**000000000* 1**00* 1*** 1**00000000000* 1**0000000* 1**000000000001 1**00000* 100 101 1**01 10* 110 1**000000* 111 1**0000000000* 11* 1*0 1*1
1
0
1392
*1 1 **0 ***1 0 ***0 **1 **** *0
2140026492
1 0 *
99
*0 **0 **1 0 1 *1
2220900388
0 1 *
230000000000
** 00* 01* 10* 11* 0*0 0*1 1*0 1*1 *00 *01 *10 *11 0000 0001 0010 0011 0100 0101 0110 0** 1** *0* *1* 000* 001* 010* 011* 100* 101* 110* 111* 01110 01111 10000 10001 10010 10011 10100 10101 10110 10111 11000 11001 11010 11011 11100 11101 11110 11111
151000000000
0* 1* ** 00* 01* 10* 11* *00 *01 *10 *11 0000 0001 0010 0011 0100 0101 0110 0111 1000 1001 1010 1011 1100 1101 1110 1111 *0* *1* 000* 001* 010* 011* 100* 101* 110*
3723
110* 1010 000 111* 0100 100* 0010 0* 1100 0110 1111*0 1101* 00* 0101 1000 001* 11101 11110 01* 101* 1011 0111 11111 010* 1111*1 11010 11* 0011 1110* 11011 10* *1 11100 *0 1* 1001 ** 011*
48022591007
00* 0* 1000 01* 10* 0101 1001 11* *0* 0010 101* *1* 000* 1010 1011 001* 1* 1100 1101 0011 110* 0100 *00 010* 111* *01 *10 1110 0110 0111 *11 1111 0000 ** 0001 011* 100*
4625
1010 111* 11101 111110 1100 0111 01* 11010 11111*0 110* 0100 111111 00* 000* 10* 0010 *0 11* 1101* 011* 1* 0101 0001 11011 1000 *11 001* 111100 11111*1 11111** 0011 11100 111101 101* *10 100* 1011 *1* 0110 010* 1001 ** 1110* 11110* 0000 0* 1111*
1000000025
* 1* 100 0 101 110 111 10* 11*
20000000000
* 00 01 10 0* 1* 110 111
137307456707
*10*0 10* 100 11**10* **1*01 **1** 1*** *1*1 **11 *111 1*10 *000* 111* 1*0* *011 0*0 **1*00 1**0 *0000 0** *1** 000 *01* 1**1 **00 ***1 101 11**0 *10** *0*1 *0*0 1110 **10 00* 1*00 11**11 001 11**1* 01* 11*0 1101 *0001 *100 *00* *110 **** 1*1* 0*1 *10*1 *0** 1100 1*01 1*11 11**101 **1*0* ***0 11*1 **0* *010 11*** *1*0 *001 010 011 **1*1 *11* 1111 **01 110* *101
350
0** 1** *0* *1* 000* 001* 010* 011* 100* 101* 110* 111* **0 **1 00*0 00*1 01*0 01*1 10*0 10*1 11*0 11*1 0*00 0*01 0*10 0*11 1*00 1*01 1*10 1*11 *000 *001 *010 *011 *100 *101 *110 *111 00000 00001 00010 00011 00100 00101 00110 00111 01000 01001 01010 01011 01100 01101 01110 01111 10000 10001 10010 10011 10100 10101 10110 10111 11000 11001 11010 11011 11100 11101 11110 11111
3
1 0
1227363143
0 1
30959555890
11*************** 0* 11**************1 11******1 1* *0 11*************1 *1 000 11**********1 11**********0 001 11******0 11*********0 11****1 11*******1 11*****0 11***1 11**0 010 011 11*1 11*****1 11********0 11***0 100 11*********1 11*************0 11************0 11*******0 101 11*0 11****0 110 111 11***********0 11**************0 11********1 ** 00* 11***********1 01* 11**1 11************1 10*
2000000006
*0 0 *1 1
10000000016
0*0 0*1 1*0 1*1 * 00 01 10 11
75
1 0
114294055
10100 10101 0010* 10110 10111 *0* 11000 11001 11010 110* 111* *1* 0011* 01011 0100* ** 00* 00010 0101* 00011 11011 00100 01* 0110* 10* 11100 00101 01100 *10 000* 11* 001* 0*0 01101 11101 0*1 11110 0111* 010* *11 00110 0000 01110 11111 1000* 0** 1*0 01111 10000 00111 0001* 1001* 011* 1*1 1010* *00 *01 01000 01001 1011* 10001 1100* 100* 01010 101* 1** 10010 10011 1101* 1110*
2928455352
* 10 0 11
5000000009
1* 0 110 111 * 10
10000000016
* 00 0*0 0*1 1*0 1*1 01 10 11
258
* 11 10 0
24
* 00 01 0* 1* 100 101 110 111
1000000127
** 10* 0 11* 1*0 1*1 *00 *01 *10 *11 1000 1001 1010 1011 1** *0* *1* 100* 101* 110* 111* 11000 11001 11010 11011 11100 11101 11110 11111
146000000250
** 00* 010*0 01* 010*1 011*0 010** 011** 10* 100** 101** 11* 110** 0*0 0*1 111** 011*10 011*11 100*00 100*01 100*10 100*11 1*0 101*00 1*1 101*01 *00 *01 *10 101*10 101*11 110*00 *11 110*01 0000 110*10 110*11 0001 111*00 0010 0011 0100 0101 0110 111*01 0111 111*10 111*11 011*1* 100*0* 1000 1001 1010 1011 1100 1101 1110 100*1* 101*0* 1111 101*1* 0** 110*0* 1** 110*1* *0* 111*0* *1* 000* 001*
13
10 11 1* *0 *1 ** 0
344000000000
** 0** 1** *0* *1* 000* 001* 010* 011* 100* 101* 110* 111* 00*0 00*1 01*0 01*1 10*0 10*1 11*0 11*1 0*00 0*01 0*10 0*11 1*00 1*01 1*10 1*11 *000 *001 *010 *011 *100 *101 *110 *111 00000 00001 00010 00011 00100 00101 00110 00111 01000 01001 01010 01011 01100 01101 01110 01111 10000 10001 10010 10011 10100 10101 10110 10111 11000 11001 11010 11011 11100 11101 11110 11111
4071
1000 00* *0 100* 1110* 0* 1100 111101 1010 110* 1001 1011 111010 11* 111110 111111 010* 01* 1* 0101 111* 11100 111011 001* 10* 11111* 111100 1111* 11110* 011* *1 0111 101* 1101 ** 0011 0110 000 0100 11101* 0010
8706
*01 10000 1*0 01010 11001 111* 0*1 *11 10* *0* 1100* 1111*1* 10101 11110 0** 11010 01100 01001 1111*110 0101* *10 01011 01101 1011* 1111*0 10010 01000 *1* 1111** 01110 000* 1000* 1111*10 01* 11111 0100* 1*1 11011 1010* 10110 010* 1111*111 0110* 11100 0000 10111 0001 101* 0010 1101* 11000 11* 0011 110* 1110* 001* 1** 011* 10100 *00 ** 01111 1001* 11101 10011 10001 100* 0*0 00* 0111*
31701935214
101 10* 110 111 11* 1*0 1*1 1** *00 *01 *0* *10 *11 *1* **0 **1 *** 00 01 0*
