NONE
NONE
25 250
NONE
NONE
10080 100800
10285 102850
1 10
69 690
1 10
1 10
NONE
NONE
8 80
551 5510
694 6940
NONE
43 430
NONE
9806 98060
6517 65170
16 160
92 920
NONE
6 60
7778 77780
NONE
88 880
1 10
52 520
8 80
81 810
7 70
4 40
NONE
79566 795660
NONE
NONE
6221 62210
515 5150
41124 411240
2595 25950
478 4780
NONE
6494 64940
164 1640
72681 726810
71 710
5 50
107 1070
75580 755800
10815 108150
5764 57640
11 110
1 10
1 10
69470 694700
92053 920530
87 870
603 6030
695 6950
NONE
NONE
NONE
87 870
636 6360
828 8280
1 10
NONE
31 310
1792 17920
51 510
34253 342530
NONE
77201 772010
28201 282010
NONE
4476 44760
50193 501930
8 80
9073 90730
7265 72650
435 4350
11918 119180
1 10
NONE
NONE
1 10
999 9990
NONE
2 20
4050 40500
67863 678630
5 50
NONE
437 4370
76286 762860
NONE
NONE
NONE
7628 76280
8 80
NONE
6 60
NONE
952 9520
8 80
NONE
NONE
NONE
592 5920
79 790
8128 81280
9 90
5 50
2 20
95049 950490
2630 26300
54633 546330
55250 552500
1 10
NONE
NONE
1 10
14 140
2042 20420
NONE
NONE
NONE
3274 32740
898 8980
1101 11010
26 260
7364 73640
NONE
NONE
NONE
73365 733650
108 1080
1 10
NONE
63 630
NONE
NONE
1255 12550
5 50
NONE
234 2340
616 6160
3 30
66 660
91749 917490
998 9980
1119 11190
905 9050
13251 132510
85455 854550
3300 33000
NONE
2613 26130
6853 68530
13575 135750
54 540
1 10
3 30
NONE
1751 17510
NONE
858 8580
NONE
NONE
59030 590300
1 10
3068 30680
63617 636170
23808 238080
22 220
1 10
693 6930
93773 937730
1766 17660
1869 18690
85022 850220
NONE
83 830
NONE
1 10
4375 43750
62054 620540
4 40
NONE
1 10
5940 59400
47 470
72699 726990
91561 915610
64 640
NONE
8 80
85 850
