3
290
26
69
560
468
706
896
164
926
795
322
19
3
567
792
602
30
643
720
589
826
20
578
3
192
23
852
3
923
352
912
543
585
396
114
639
715
201
280
66
672
932
951
879
176
106
798
882
3
723
165
5
43
7
202
7
105
910
318
387
389
141
408
486
3
717
33
557
26
5
781
710
965
82
434
542
708
3
287
933
571
613
4
962
44
698
11
873
448
238
264
922
24
157
555
5
938
789
908
536
619
180
5
4
492
395
491
638
3
3
7
61
22
190
4
22
687
590
851
696
544
74
799
561
721
480
612
20
309
301
782
878
496
187
50
368
808
244
623
3
457
684
769
401
494
948
236
3
995
859
3
266
532
14
161
12
3
703
78
85
135
631
356
397
745
4
770
414
3
22
3
919
868
250
762
4
553
14
382
8
697
346
752
217
3
11
945
3
3
664
463
946
432
897
208
70
704
665
778
901
3
60
968
430
817
3
465
829
3
525
3
21
3
842
478
403
45
3
3
393
876
988
3
160
198
103
593
76
606
502
291
6
956
862
667
651
477
6
3
451
214
707
464
8
47
347
757
148
581
30
895
3
857
312
292
3
507
58
3
615
91
886
330
473
677
134
315
958
949
856
95
370
13
3
727
313
307
15
6
877
7
921
937
317
497
802
3
4
3
51
3
917
348
540
747
3
866
3
189
3
516
596
875
646
3
152
173
438
903
4
513
586
656
847
541
904
299
515
5
303
139
453
537
4
989
5
4
285
381
3
248
666
609
203
411
788
388
927
642
229
760
369
594
3
739
415
850
993
3
101
947
435
296
3
661
828
40
714
891
18
853
194
3
669
610
199
3
300
28
3
680
188
743
344
994
3
518
691
860
5
86
3
3
871
310
495
171
19
249
580
4
470
603
888
890
3
905
801
377
59
46
7
892
474
736
31
880
237
30
640
864
588
986
725
3
7
412
517
554
57
685
705
827
482
425
4
96
30
748
162
535
294
177
23
534
790
193
22
8
744
4
490
501
422
807
835
325
621
966
509
5
6
814
376
909
979
711
724
521
766
21
668
662
206
805
6
146
142
8
3
472
17
4
298
232
3
5
844
746
660
8
3
274
263
311
428
331
632
345
185
338
3
742
3
597
204
939
418
314
15
5
167
5
796
77
997
17
565
911
316
262
3
390
5
28
941
889
226
564
21
843
3
7
5
261
31
416
469
626
858
31
825
504
863
3
265
709
28
26
832
3
423
3
159
223
158
253
394
533
957
3
212
865
460
436
31
671
115
694
791
883
367
7
37
3
5
636
29
73
488
3
455
3
4
13
628
450
133
659
616
308
75
5
186
17
284
410
726
12
830
449
884
562
378
153
548
3
572
218
674
4
20
3
3
10
569
241
604
3
944
166
334
489
118
452
935
374
3
475
10
-1
8
170
364
458
29
234
6
8
402
549
556
579
3
673
446
14
987
23
3
295
964
595
15
776
608
794
914
898
934
197
716
970
487
7
3
681
5
31
508
4
123
786
861
8
3
456
607
3
547
421
227
7
3
302
689
722
3
268
539
874
577
19
13
688
977
439
13
3
924
510
329
3
24
545
940
235
3
550
568
854
925
6
990
641
887
112
824
5
14
205
527
959
231
413
200
3
485
437
693
751
570
686
365
973
893
942
62
277
885
424
15
385
122
820
321
357
5
22
928
652
913
906
87
682
5
88
23
793
163
658
476
645
3
3
183
3
98
566
481
172
3
10
174
614
297
431
785
730
915
3
526
872
867
499
426
894
978
678
447
718
5
546
573
690
653
695
444
443
524
14
838
644
670
558
145
213
773
337
127
12
3
406
233
21
371
191
976
761
683
140
97
734
3
128
804
815
11
700
881
5
952
943
358
32
692
247
52
459
355
712
831
179
230
582
3
920
3
113
648
29
3
137
855
286
375
806
18
4
466
963
559
383
3
138
384
713
954
816
538
207
522
8
220
679
366
304
498
772
3
834
3
3
467
267
373
405
407
4
530
28
328
151
184
479
699
17
21
409
372
936
429
663
985
605
293
531
592
442
3
500
514
5
65
3
386
102
953
657
5
735
427
417
931
955
10
523
797
34
53
228
454
918
4
733
3
916
3
3
4
637
803
23
771
433
26
967
719
6
503
634
136
647
618
94
5
982
620
617
563
574
178
833
471
622
219
601
823
3
587
635
126
902
7
633
8
598
175
13
445
104
777
5
493
753
3
591
6
3
17
907
969
211
763
3
3
787
5
54
3
7
283
404
996
147
611
800
627
950
