3
42
10932
3860
24750
26564
17338
4459
20340
56861110
8402
3652
419805690
31111
302499970
83776480
6
21
223631938
628170466
130769028
27098
26195
357984750
13
8095
623394880
542580438
18596
198
59532508
851823318
15281
7984
197859358
3
12731
7273
43
6
13749
27238
13504
968215620
943036888
28367
44567320
20252
32
24
32
29781
3
35
12
959063848
1231
4
29064
955705342
31951
9837
40
7122
22272
877231608
30586
3682
12
802103920
22164
9780
5237
91087062
40
730898718
23558
355621998
83
20132
617
54320688
952469466
5
17467
28242
516723198
275833558
22997
3279
5825
20786
12
8750
1112
19229
619983340
1960
948680062
38
19874
14630
34
50
26
25987
14
853861780
21905
147980248
10422
602909356
29139
248256738
909434860
23417
208777726
4
962359002
152146800
652626852
9879
21
336881728
30
830716432
3894
191603940
5
760230352
7
38
8200
48
24
1581
14919
151721952
888118812
33
631438866
434286738
622981096
44
48
592548756
19
1384
26635
14079
771099336
14
723737680
872531866
34
324740362
512319756
21
12
8
32
30104
22150
991404940
807230338
34
12757
46
11415
854211702
33
581536830
12880
3604
444893148
345433558
940551076
31
37
543
22
10680
10
26
695148798
823236108
22130
12
25613
531090198
28
376007146
6
35
19
645493566
6956
30
34
39
9847
26
20
24068
22
591917022
15
5356
33
37
12
44
17002
18369
21
35
17015
383
311231112
460511536
3
37359348
6111
29862
4
42
5
322342678
3
820988340
40
21719
50
847182922
719060710
46
919014112
59690298
10
24
817336060
849959688
47
15
30
85294750
30989
47
15257
7042
39
18
325187490
12770
887555110
406
44
6
24439
29
44
17
41
33638116
31887
21502
6
4
5
589251810
26901
114883318
81421666
24
17
14
3955
99511912
15206
618960892
624127186
946018698
4246
669
19
3455
3
305313688
40
34
18
16605
25540
6538
6
5
10
19
201630730
422797410
820142470
412449648
50
29261
118820592
6972
11050
744295792
11
694
206383608
291020506
509699106
746595622
18025
8
31650
42
22590
15
610712778
10581
3436
14590
382277218
23160
929309392
849232440
16344
46
187265722
279652338
6
328451112
5
4
832473768
573672
13808
29538
997751986
31785
13973
865671510
13361
26707
37
350423850
44
307890300
21
44
45
31023
767360070
18
4157
11
30823
747095076
25080
605904576
25571
42
26996
597569836
814134526
388693380
13
30961
10
31
33
30
850416816
858597330
7877
540060558
347021536
6532
122266890
9485
31705
3405
7
6
861757468
31628
17
694559640
810586
12
2351
24038
17185
40
31
11479518
5
419515860
548664946
13888
50
18
441198012
1828
656564602
119270550
27116
6976
922822866
10527
24381
574216218
887
22251
536659918
11468
8544
8
26
854417410
46
444955506
50
3
12331
164
11164
595584862
800167330
3
48
45
715582252
14
649390582
929572780
346778776
30
906267838
6
13
11847
682642528
29421
831483352
26883
25719
482837890
6
389134278
26
4
697125390
10362
25138
3
957698446
19
26034
19
879125550
20148
6
296238192
552835330
31085
887378980
16567
25935
16229
25104
33
61789978
86546716
8
13090
358263642
20
14
4
611852446
235865388
33
743820900
21
45
29
18
1469
44
470481012
7865
902925592
7
29383858
349366810
7
3
939302416
31394
5763
361481502
16774
12940
37
30
18796
957969012
337736158
3
7985
424632720
59973210
22
26239
607747842
287913048
17
29
748960480
830441202
24437
511933756
44
17044
248901492
18
2437
624860712
806833900
7
12
10530
20388
13599
744974370
28710
2699
4
825149778
7
20359
840876636
3862
9909
5
22922
5
47
745929016
90113160
9405
20549
536604000
948595390
20958
18
5693
4
20
753467458
21449
7
806470050
3
774568048
823263498
30950
22450
758603220
44
693970560
17481
964359886
22
542834838
24424
4
21
39
713635080
23
13964
20
11
20814
24
737634276
128652118
966856308
695454646
15359
6
11584
109515112
36897628
705657430
742720980
617986818
335764452
386739556
10
12
6
7265
26170
539340802
14545
9137
23
23539296
47
440516496
216957988
26
616184188
4137
3188
4
362411616
154366698
18543
5538
111354790
10430
41
38
518095056
32
280817292
933584176
575
43
28898
38
8263
6
32
7
6
989753518
30
15448
12
4
607349788
15545
20807
14005
659
14
30361906
115682056
14058
4
452650282
16980
31
26580
870272932
12413
469098
776447830
10425
840398020
13773
35
71713842
5816
22
587315116
265245352
43
3948
30882
24867
2215
9009
216367716
436893160
113428012
40
19049
796
44
323358000
31241
6198
2202
43
40
15226
25521
8883
31
20
830467992
4
648022788
31
43
34
33
26
4
5
11329
205512700
354192226
17
43
14376
18
26
5
595457458
307253170
511856776
38
42
10603
513719818
487509460
20
428364646
11
31227
30
809940058
289999558
12990
25128
18332
23
272610016
953459698
31543
6
21040
13677
20
45
147
40
48
18563
264336048
11473
5
181490992
803703166
10869
38
354961680
3237
41
769328778
31
4
15150
3
5
257540410
791732502
423644746
11975
425374428
43
114717460
472661856
4114
866926860
192710238
196621056
44
178403902
37
727669588
44
42
16915
622750636
31811
22274
20
373189498
611908308
13143
26977
35346978
25399
827
47
20
996252202
701890926
368244010
6667
12263
6099
639299106
3
3
7691
50
34
809901802
34
301120570
23
593778502
809235130
924638242
26672
322274878
26
31
6
817808350
40
45753636
22200
43670338
238878108
788731128
187295496
19772
17667
12298
32
10864
9565
28082
40138866
947282598
606295456
15577
988996596
485523916
50
13925
35
26
47
703048672
7
18119
18088
5
17722
7
2548
19
9179
975870628
15352
778260882
5530
31
37
920886540
986233552
3
26680
46
884897692
561005088
543008422
22
45
709423950
44
6
514162896
23305
738910216
606644850
35
14468
17
25930
248931940
42
3
426821788
579022822
146414136
257159640
21533
48
3
42
1462
18503
55733200
11
17362
12
27944
125523846
35
19742
37
151855210
19423
12211
1652
7770
461576448
11911
242482072
997781010
26359
349634278
581668150
7
14843
25093
78793650
20
24495
402356740
21
24548
47
10
557146308
29
26
13200
39
3080
107
18994
232003006
807864876
19231
147732720
6297
6
224065600
709334220
333667308
862852450
962050476
4
526551022
29
10342
87678780
998265496
4
4957
725456980
515963896
387094972
45016896
617
10159
832221208
20
948162600
18658
8287
30605
906
26678
8615
30343
13
8
27440
40
24627
291667938
15425
43
4
26
12
2357
14
28
3
18
766960612
591339340
13
47
26
952354686
26829
19
75128532
6036
22
28
40
20281
30
30467
600223002
46
409797342
9318
25860
29368
28867
45
44
19335
48
47
255815070
23676
438914898
22163
34
7
42
721
599426940
789215820
12
14322
5653
20
14
905689842
655634866
21231
40
22241
7260372
50
784251780
753801846
8511
6
213807478
38
7
381557278
103184910
203904166
33
329563620
4
5
6298
367388238
624539368
46
22101
579924576
27043
21639
61693606
4447
15
33
883693650
13105
800350540
28
27002
713509282
10943
33
419276232
17476
662190870
18713
14250
982648836
949
262960822
485549818
31
25300
47
30288
32
4
47
3
96746188
808746138
22439
31995
12959
47
21938
321822168
781267716
19
19
5
18
21573
10507
247865368
299533588
7805
23411
18
43
40
449491068
735134399
132816612
11460
655183636
32
14583418
21740
490094680
4710676
48
24186
968678872
21545
19650
672809200
733437126
654503922
6184
570925792
178894030
966399568
26724
8
26902
208125706
418049178
130564830
31
30546
927405250
22
21
6837
401605512
618829816
3830
16870
10287
132880678
180049852
31
83171370
24719
37
26783
48
6
7637
31549
19067878
29545
26096
27888
938134582
456906742
707
3760
20557
400591986
485
713796178
778603768
3
426544080
11639
32
883476330
4850
18564
12
40
21173
554270046
886176310
5
27720
2432868
31672
32
639
14
20110
12
999999732
764238300
552405808
17317
411480370
7253
43
33
19457
719928048
685379436
22959
47
475421850
468173610
5291
34
581110428
21548
23069
112832338
4071
811412782
28
24
12750
25339
23487
589688500
38
786170292
23
18032
9577
5
8
3579
413029710
9090
705668650
39
30509
16449
38
14494
23675
14265
12
25696
19
24
29347
37
24
424433238
13463
47
12
919147812
17829
159059248
10616
7161
16842
843
15924
181149052
273759616
4
7
129725076
8517
17717
427075210
48
8390
709971192
873727116
127785486
309
19951
13009
14763
47
41
48
24
26
11
996770538
26424
16271
15779
875147698
34
47
26
4
3
31243
26184
40
28
572727628
35
574034968
45
3
3
42
30
975835582
113869842
24017
15631
76065420
7
525895780
25839
319619980
14
97095838
347934396
50
734070762
22
12297
12
20785
274766016
42
22689
47
859409832
958765038
10
21
22
18
21
532407130
416685990
25185
50
136416766
536870911
47
444335350
44
18
767862832
24109
973609386
3
3
42
489345252
736498206
10
61003450
11825
19031
43
3
5297
22287
329751262
648315088
169933876
537730768
31036
538739236
31314
11
358967532
25292
44
177093780
622618698
3372
18
30465
135432850
30452
13
26716
5
425216818
5765
60200182
44
17
456483666
11
30819
6
432533140
8
600856240
8454
3685
3
15194
326109646
3
6
269711656
22585
174317202
50
46
45
34
6
22
7
28
16452
16744
109471708
8
39
335966262
7
9951
20031
20509
19231
26117
39
4
958134226
29786
37
24
28981
2207
8
846726960
3332
14
599004508
1031
107
981771298
194145540
7555
47
854204778
35
13132
157001722
248464396
21
10116
45
4
41
25792
5652
10
47
20785
919975948
7
197539606
9559
19073
17262
96401322
28
687799162
586657522
23866
897111216
787750008
403118368
187544932
936924606
27157
527969032
29
746306608
20
353008222
25827
1982
5
8802
184845630
11
218514538
3596
22386
160958740
43
504229212
45
28
2252
24935
31404
211787572
27572
28188
856043542
988184838
5
15121
913009566
718128100
19
37
13031
3337
151779478
207339900
415262922
98207440
748107496
21182
28657
146097316
22
5
34
6577
26
836514750
46
37
31384
38
508264702
8
861615042
5488
58962088
22
580710288
756777432
684659190
20374
39266326
39
20
7135
269267596
7
25864
12627
17863
15826
21
4
156730192
28
29
602057926
29690
394870450
138
13
47
34
10104
89362432
967924518
266458528
667722900
42
28
28634
28
808506408
861463632
13870
5774
21236
113484900
42
47
30
15852
600718426
71440882
21007
13479
27465
502737460
11
534147568
830869128
25446
845797740
883526502
4
356118336
26965
638974722
6100
3
25248
13339
21
20
11
652345366
3
16490
587958012
10113
846250996
17468
1465
873617938
24851
28911
19733
6345
327113958
144700216
40
184020600
8884
210240210
13308
32
20
29881
670337626
721018410
541015420
900499992
53455210
906770442
7932
4
3
26879
11
48
102171990
212571048
14
2583
26
4103
6
149297782
30
3
5713
418361836
258447750
137606128
184484472
11391
28954
8616150
45
674986770
29371
536870912
153213288
22
28
43
767025730
595901940
9098
4915
10663
5
35
23900
220472392
40
40
326456890
44
26035
972919152
6
12985
15326
217866456
43
45
5234
28894
23902
6672
8461
45
50
26
14
5
89335342
55744192
31026
2487
48
46
22355
934712850
21437
9071
26447
45
494216380
18384
20561
23149
20
18547
898105642
264735802
471319212
22
50
242908692
91143538
358243200
23440
30
45
872292892
19344
15700
645178410
14290
886361136
253776996
586
41
4337
29576
18608
3
565190920
248052526
1856
289095238
652023172
3
15
10523
38
266799108
963752842
11624
21
24899
13268
17267
37
17
214723078
12500
817557672
5
3
4691
337598758
695559918
18
141387108
985143280
43
228117852
35
5
471862506
30528
20119
152777616
817026060
7
34
24
38
6
11
174572116
31
515623326
2441
11549
6008
21038
46
14163
436831536
13477
122800758
2186
22424
19711
17119
22
165661500
320600700
402919960
235
3
24644
5336
6
571243356
9005
5
45
37
5911
29611
28398
12
15355
775260462
31066
4
21
38
30
7
18527
47
24092
13493
33
365709246
15226
3
72736200
40
11
824991616
7
20666
27001
15247
64489936
1551
313960630
18704
718496136
352268800
33
13923
736213108
21906
34
629534098
47
892525422
50
918428568
22752
31
17085
4
20
45
482222470
32
418470400
8662
565476102
21678
916942120
48
35
12365
29527
7
15819
17
900416772
34
6
433306078
704798382
19
496596310
3
141008310
919143298
16190
17057
16529
76075000
18550
43
429825190
45
6
9453
12806
30
3
23
15704
4
822823438
90231538
21731
12
666883456
920252776
11
20
31473
794902896
5
3
46
42
981875610
32
883996342
12197
32
38
7
477082068
6792780
289228140
516782446
21494
3
701380006
26160
35
29753
58292242
14391
4
568669248
23
24104
29439
786815892
718727548
4962
824435418
2929
31
885498768
390691680
10
17
93311020
26
413727946
19094
11237
4568
508351552
879227242
43
7
11
248368536
27900
14
773473170
5
396641340
20073
26
29
5187
26
3
886377870
464942236
208615368
7
47
604099618
4673
5814768
15156
133000960
280146568
19
204452472
42
5939
794319586
30572
4
650996628
790893618
300080308
17
26720
11
5
590752990
23
4
8688
24168
28
16978
10200
993909898
15567
474234138
28590
30201
12676
260231370
975311346
48
121414680
7597
268212418
1869
438125686
7
1343
26330
15907
6657
5
20023
6
161925946
3
48
607181526
747259126
11780
766055932
2017216
7
698368126
40
727525572
7
103777692
31
237133620
47
22
276709776
18180
4
119284350
385227346
26
965808210
105645778
20458
43
11646
31622
29
260198398
356903290
7
29673
51955230
17
5
61650162
16269
457622386
850802932
763857606
37887598
438163930
711365716
20761
1571
636005370
33
40
599773648
9915
239653548
33
268541542
3747
31263108
671328798
14
775149502
46
818378496
8
11447
12314
374047558
740185026
388727560
672291550
50
26
24309
381137620
311400742
29
583853562
654028992
11278
8
40306032
889928208
720070692
392811918
464490796
17
725806062
596955780
31
31008
24
286221892
643170040
32
913124182
373729098
35
35
18453
25810
519160792
26118
567644556
26
10224
6884
3
25079
436347028
27186
508604908
216280846
13290
329997922
391495036
789091758
24586
5
31
161698362
23
588500146
2170
31
740432752
2842
499945282
532179520
44
22584
559690012
8118
344994958
29869
8451
344681088
831795010
443432568
219035626
22
30606
10393
85093102
18264
38
191620600
31
13908
114586182
639574432
3
9107
7
7802
21059
9138
3
9014
690210802
808802212
898308966
28508
15146
7836172
11
348793230
805064796
11774
31
561369208
12
26138
11909
19815
6693
24404
29
989211150
35
14582
44
13294
805909590
34
50
17
19
20
26147
524402320
986497230
23306
879115156
14591
31334
11156
14
15306
34
862103326
19693
38
5382
950394588
27752
161758870
8
147364582
32
11043568
45
30957
315253978
6279
15057
597757486
2896
1842
23551
602985898
23
11882356
22343
12642
45
179102556
6
55763298
28775
608143356
8584
7
22
957384402
96957466
24783
5775
14
28292
30
29837
23
23
29
5
171455436
95383660
3571
4468
347934462
377831302
12
858696538
2350
50
35
44
321815160
5
31342
10
80719852
24783
44
14797
225514650
45
17043180
32
6108
949443652
28134
608435488
419755362
6
29
46
31
27101
12
40
872745402
8182
34
14
18924
510062170
708108306
28894
33
23189
22
29809
630857808
2844
15578
2587692
39
28485
482556408
838809288
26304
20
673382686
4
18
11505
30
34
883106308
890443450
666444088
245461060
299914762
13959
28493
28033
20928
178
57613518
1543
3141
116179120
3
16412
680546116
4
500769910
2778
18162
476703400
23236
744674418
18
26080
17954
245601042
18830
782173812
31209
24
6
5
33
45
5
813575302
3
467690328
340530880
759514420
253887918
517684060
30228
650492866
23517
9378
11
23022
2245
16184
6392
300034896
633922282
702566778
489694860
415312452
47
305810226
18884
18
389041576
10752
3
767735932
1979
38
43
11350
618758872
23100
10926
11895
736756312
479970498
127329282
859257810
894047638
30223
24196
165339856
35
22
2257
31272
11
905859570
284779740
28748
23320
7
904339852
47
849521796
23
950463120
13690
23
26297
23185
47
132220432
467127942
20803
1721
315902490
48
335190636
11
182786340
5
33
17782
947583112
532717858
2742
2314
737644498
462540982
2072
18
306839410
996650130
104823358
2159
94107946
10
361197436
7887
768409596
5
17
3
16574
5
8992
24118
6896
20553
18
25922
440756880
29420
28997
31902
232788336
19884
17188
35
10597
457924330
10516
30
956126088
29809
17202
18626
184107256
29
999178458
16968
499942320
8106
18
11639
5115
19450
31
658
10
7
475037262
4974
26528
507373150
183537378
20822
27743
356614086
60229398
144832866
5035
3
198
6
4
26
42
28331
3
194902866
31459
33
994379950
21804
2799
279724216
463140480
304961008
12863
262460656
835719216
22
446227632
19781
24099
24
33
22393
397164478
17
23637
15
15189
315275142
39
6642
7
490934466
894531310
8
18512
4823
6
16451
632356590
30
5242
30833
44
13
742248820
47
10
171905556
24434
14
884
58785328
150338920
219204898
529046908
1324
13
968154106
46
20063
3
3563
58850992
44
45
22
21
29890
890327116
22677
978267832
10851
5297
690724962
472156102
23
10
13865
652193746
19562
7771
538500960
26
15
26
989026350
21019
19902
979837188
443104582
17171
18305
24548
6
13324
3780
5
15
738770202
14828
481496062
28191
42
646703982
2070
4616
30723
27034
11927
826237308
19495
12837
890067006
3929200
11654
33
48
25854
10331
38
22097
19
31633
13944
30324
37
33
34461046
435265098
8993
4
25824
18703
21167
26
8745
29794
505655076
4616346
12326
6
357487300
8272
8875
26155
518055952
2974
38
307005868
3
42
16520
31
302
833335818
9520
46
26
37
105805186
42
31
978271446
31923
884556780
97511106
6
11
35
10122
43
29927
48
28216
20493
846771060
4486
9372
5154
4
94
967992832
680286498
50
24
15
3892
19
13
23793
20
5781
980017368
31767
657465196
3
7
817747522
28687
126036108
490912156
11415
34
118652202
46
4567
3310
15509
33
47302326
1081792
526921882
910491052
326009646
6
31287
5
19896
722051256
45
47
48
10
44
21877
6
201344370
191117182
148902208
552558718
47
48
683799316
3
41
933636090
513395160
26
28
20640
19721
19728
43
29
13092
8858
27444
378125860
5
13017
23
10752
4237
8066
23
11598
5112
23535
20039
11395
33
30154
11
6198
29
38
237744736
6482
32
14
3
5742
22565
5
37
850743946
553354648
88196608
8881
184553866
554750526
17508
34
43
43
30
35
31006
29070
12547
161409322
24978
6
21
10141
47
17
201864390
7
99358560
21
343786242
703123918
221432940
928007022
949642978
760863132
20
4
18313
30188
29
527506008
8
611606292
28673
387498658
27518
342616668
29
582
23913
12233
47
30170
683833228
16827
909717076
3
38
794804286
13111
27809
603901852
43
21517
86454138
25278
4
26615
608385108
7597
30156
906579196
25537
440000160
38
15
930210178
553022046
14
23900
23
136776
471313962
463453260
63755220
38
971063020
28773
14831
41
4
14
37
10793
35
8264
28367
45
31855
19334
39
47
14872
1198
17426
23903
17446
22271
18
618247320
6527
14988850
2731
19473
807408660
5
39
15485
31
30
339641830
23
24
640904782
11
10260
299827312
549602722
97773042
42
50
32
17664
21702
632453830
7821
32195830
404864110
917592880
27675
495478938
22837
467772
43
16868
964243030
38
23965
4923
31
5
43
695329098
32643682
366022770
8
45
730722532
33
37
41
18
32
237117298
38218768
313
996150936
23351
29
8848
46
968491528
33
5
410625196
19825
4
17516
363308170
2971
415778668
18921
1879
914887366
7
32
11268420
761840196
448829022
668962390
27494
44
45
23
14868
7
70914342
44
18
390420580
165303310
909092160
33
14
68307802
12389
251389576
8
171519378
9016
19554
23377810
21716
28
12540
24619
241643980
15
24748
15098
11205
905189766
5
492
818825218
31
234213970
31868
6
686727790
40
19
12108
7
355479342
3
8913
29250
743137986
21388
471055030
11657
500470920
17
6286
4
23682
186925168
7441
17447
20767
31
26
282554052
40
133954590
437919192
113478372
501666180
47
270803718
13301
937944156
161468952
29
5377
8161
5
30
1381
27465
24792
991739802
26881
6
5
67457868
17698
31633
4
20108
466916472
22687
419614102
7625
23870
3
10
34
11012
134560426
4941
155403552
37
796488616
21
41
14746
47
44
31
10380
47
23458
375763648
35
18
30
46435252
6
316489278
200146278
681982162
7
15900
8666
926585262
13
618538680
24
164
708189916
813096546
26
23047
45
20101
918109692
354668812
402112998
385967250
227796522
241121106
643745380
5
490702642
263280942
507727918
199117110
858452148
33
3911
940850320
768459190
3
295933690
628858890
22284
975794410
756693892
21694
20
976455348
452817010
698624686
794744452
19
28147
5
18
31561
4
9954
29602
94530730
961867482
486398026
30166
3549
17603
396071910
982120048
29065
195037188
848919912
907528002
15628
5
5
40
10381
482364540
238076182
24
5
23904
650471998
402
480138732
13450
33
10
926113608
16105
268190638
4036
24632
6264
18
484253676
615785112
13
324484828
16725
28146
14917
42
21
31284
12851
3
6737
758522718
342503568
588103842
494645868
30663
4
19808
732108000
490160328
5
730336252
547301736
40
28
880556976
16688
31
38
404573130
42
35
5636580
199971648
5
614479710
29
995139702
11971
4
6
15251
14
27444
1828
30370
44
37
4
233
149355966
411860956
5771
7
448264000
92681746
590211792
10
19744
870081210
24791
26
10716532
29919
35
27668
59900472
335539768
29390
43
44
389796636
6
10
266020932
890870580
18805
17
25639
44
962765346
39
50
168489352
292851742
14
18
2068
218509650
50
91761400
239951388
35
13852
130818160
193
9209
6
7879
40
41
659841136
111114696
70290468
46
24
8
33
19
23
11
9663
24
29
363554880
2175
8
3
7036
46
48
149145712
44
44
38
378950520
11
41
44
8423802
761155486
333568200
7
26341
30
770699268
387078960
5021
2568
44
847688128
498346942
120
47
4522
50
657327042
8540
33
11150
6
455000836
32
28845
7692
1145
177422562
28
7717
28
652507020
8
24
19049
21389
789022602
149725852
115713676
19578
7
231499188
30
5
20788
5843
14
29176
3
7
31556
573836656
543362410
617492788
13265
837572136
72852628
31906
12240
903
627010938
7970
29
10124236
22
34
434874900
14
17
11
30722
362269860
124982602
37
39
24449
7202
485723080
25557
6060
27696
1193
457590382
28103
938432632
4853
4172
10564
28389160
716439222
42
23
11847
46
13
238870350
6
460083160
443670760
5
311862790
565073712
16612
3
7289
857282358
399724122
20298
27003
9609
193276140
739397958
358150812
26813
45
31406
4610
47
530953710
789935416
25808
26
26905
292139026
8865
18551
4
383616730
20703
30
253314430
241638166
818165166
13165
21
6
28982
492403312
267016362
735623532
14654
41
26751466
23
806250012
42
28196
13606
16497
11
4
780774342
789631386
7785
32
754277176
792860178
738952288
44
182314756
33
26408
28889
37
13040
1898
1232
931695118
724810296
18052
17971
40
290390262
783579076
578848890
792072216
67
31313
7
863976652
4
14
44
756095580
8
31069
360185700
6
50
26161
45
522774588
24553
444370416
40
404599510
32
23869
24
9662
20070
10855
6
3170
13
26155
38
605704038
16794
6
6
39
4
54843288
899086422
363903850
35
4457
46
48
5826
184909530
18050
30316
33
47
34
98204892
10
1493
21
9378
18195
23
19
43
659723176
265208596
23
11
11586
27373
5
594901122
33
765576658
33
441457200
579531150
31735
42
14673
11
30
45
17
955758028
21085
135051612
34
22495
13
328103860
871472472
759052686
5
3
32
40
50
47
3297
14766
33
6656
21
4
862272178
504541338
17553
639
1129
191067570
429923788
5661
44
542608732
655
497007610
18552
973712826
958740358
42
553694212
1043
17
922183636
7565
24457
643662468
820799406
71473582
24
21
911003188
4
307563006
11700
35
834923148
278090052
19
65968120
9655
122717520
32
29542
39
27076
520192612
18
39
493560138
389328912
13
643153936
5470
251931660
31782
21817
4115
47
2370
35
686175646
11212
7263
5120
21157
10
18175
38
354288138
15
17
12010
12
48
386341618
742946692
270458160
311702092
28
5180
6
339313626
11075
841596330
42
26164
19932180
20224030
26681
44
8
20
42
13029
16239
27167
133798452
420982170
9700
17
30
3
21
26
100181538
231778570
32
23041
19695
125572366
7
3
13708
847128310
267958156
910019860
17
4
11661
23
951425332
1341
924797728
20
18222
19
27227
577437892
3166
3454
20933
339668326
6
25345
682028812
39
16721
8117
51959476
19405120
22192
870795772
10675
18
41
15556
957259776
30
50
26
18469
3
45
14089
15334
30827
29464
156684048
601071970
19354
23032
405876438
631558110
13
34
14536
12
17
8605
760230060
45
12
23
649119538
12
758989378
13
7
18
22332
806150016
17759
39
133942116
706513798
13
29841
13
45
164374270
50
23076
17
15
857302408
22
28
14225092
841220538
13674
151888812
30
615002040
28453
408066012
28177
12
821666892
313847472
15
6300
814366830
8682
18885
935959260
11
33
17226
315728926
604821262
865298178
23711
6072
6520
263525208
21829
3164
23
612677872
814625190
6
16204
18666
284142370
106007980
17933
20
8276
854994562
343869132
58051452
28
457127158
629065222
3
16713
152397306
245710290
265034302
815193832
50
4
18207
46
10180
6279
42
4
24
15
10693
950799502
44
19
225072006
7
814308
718297510
15
953048748
8238
43
26326
50
7
33
21039
162328600
384945312
526110252
17798
40
300274252
11
939288900
902203282
1064
38
4
580992226
981409192
291281166
12
223071688
441179050
116366226
20900
1909
348
31672
109180722
10423
353470266
742116600
248354418
325044738
24951
11
6
44
135980590
495668892
826944970
31573
41
3
14780
43
179540128
31104
7
568
23362386
138043816
5
587847576
28145
355134760
612881766
888322282
778572022
47
259393506
689882638
24
11441
40
9092
835594072
13932
213607212
704979060
29800
164065650
450387108
4
323970972
3
24275
341770816
16201
27050
38
21129
125949136
5
6
10140
7
982941880
28803
13822
506925448
30120
700607922
578918568
163169316
21875
13
19620
18166
209840566
5
830306260
21576
32
20
3999
20
37
26
300278400
620735332
776882038
12981
31811
4139
2660
81641250
13211
425963566
30402
10549
46
734768238
385770418
29877
541841956
945407058
17
35
20
964751520
20
29088
695651416
44
682184802
7
595647000
31
131817450
32
31840
35
8724
118877256
20670
35
17
29157
5
4
13
40
461971386
24
703663578
3
374869798
38
405679596
762566028
249145158
876998556
35569990
42
11598
889364248
46
3
674629872
12
7
17928
24091
17320
17579
309968820
21
4418
11206
11012
10136
28987
249614332
10012
39
31367
42
26
41755266
15
29682
12
29408
7436
12166
3
3698
34
541991248
5239
659013322
4846
29
28665
778195188
10
39
825143958
24
3
850569828
24595
263791792
18
299429776
604087762
291898878
31
941158552
214889292
9615
6
47
28359
756420952
22
8993
274657086
1677
68493196
943131576
106
19
4
7
124496926
40
218242512
29
23505
558393798
15358
7161
2907
27911
5806
3
11699
18
796378578
37
197893836
355911396
805735432
4
35
22
20
31426
281722912
3
2186
4315
15440
947570136
9951
22680
44
3976
24
39
25074
619823172
21820
33
25360
6
26545
11823
22217
34
281250130
160251598
7102
22
46
3
886599610
967865580
8899
239886510
3693
7911
158733828
988821048
30
7688
798544650
12037
320186412
3
728051716
941098078
12886
11955
3
31530
11101
8
19997
231348756
41
890429272
282485760
4
39
9480
4
883880652
3
661366260
635923858
10
30638
29
26828
19
776605156
3
548221908
20300
258228862
828101716
41
29585
3693
1896
5
24
6
24
26383
441856168
8665
801659058
16828
24
18242
370098696
888693888
28
22514
984994528
14
7
8320
12
21863
44
91788792
329256742
567519418
31824
25997
43
628316080
8734
550832616
424610058
21792
47
29317
186828390
541088068
1964
980551302
6912
668654878
609738460
449873958
25449
7
480991606
26036
983195106
124806316
26
38
154286662
13
47
30108
29985
12
30458
18058
32
337935330
526770832
856824210
9985
14
107
82421700
26
12
19030
6
14554
35
21
24777
22817
19367
30
19094
19
7
26833
632300496
17562
244983196
19516770
436676506
30343
113886598
34
24945
575073042
47
486676096
140668906
123680020
109334838
50
22
34
521268612
17
47
19
712054270
13835
9706
14
382943166
171430750
159868650
9374
27095
829621692
12301
836936688
24
30492
29
203211036
10
835351050
78347040
4
10
7
3
38
1492
5558
5304
612832068
25568
733353082
777443752
18
8046
404814876
720788698
10
512593786
4
15894
11828
30308
4
562410388
31415
28412
30
543415422
90732882
14349
44
24
22
48
46
2547
30002
822163072
1910
278977638
10112
19
37
857611836
61816968
9692
8
21057
9203
587425686
1173
378327460
416604996
333408610
184089570
4348
304665268
4
4
7040
12598
532974978
27720
30757
33
263393436
729961488
4065
791182246
18
8051
7
7601
8
8
4
40
35
45
1134192
748139080
50
334733358
31566
18385
472748260
30699
16942
50
30620
896481636
27209
892661152
755527788
3
28939
337662112
46
45
24578
423731980
3
388177108
648645888
17043
12
33
19248
20600
741308640
7
782750700
7828
437354080
170564752
182
772571746
18
48
31733
28204
15335
8
31087
41
48140758
8
804901116
24
30528
14
31858
4
31811
727208826
38
18
85301598
428651686
47
67400340
5296
27181
20
339617460
12192
4
877112946
464918280
25604
27939996
18
47
10
12730
12620
226868772
380482900
642264892
832260178
3
35
3
3119
10385
17693
7865
264214956
24030
19208
21893
20
7
3009
3
41
12463
12619
198772336
588792222
12800
12
4
27337
3
874838290
31413
20976
7497
42
579982722
39
761855878
262678218
28
9662
48323838
7998
41
482210472
614549556
12
8527
31367
45
17071
5629768
33
44
697909756
37
7574
12622
693630138
16749
11
1365
3309
38747322
196184082
497791312
680107038
3
18419
3
46
739432740
43
8812
20198076
44
729906292
44
501014146
452688436
7794
17936
33
956012646
10135
4058
21665
42
657890482
39
1613
22
30644
115048266
6
42
709059760
15699
546717180
14954166
40065078
31535
394098
38
45907338
31220
812270382
258161202
3594
863398342
37891378
19289
4558
386383006
54463726
38
46
4091
23579
678578572
28991
629083966
21687
6608
9461
28372
7674
5
146386300
818054286
21367
32
274083702
20
591996616
13
47
30255
139700130
31732
34
5
55099636
23
33
417381846
3
569935756
930845578
12
23761
29568
11333
40
3222
23080
37
26839
874747702
24
22023
128417388
19
21285
70075140
550805062
160792768
10
622535442
582510322
6223
50
487717056
735290190
612
987370696
73382232
4179
150583396
16858
14733
2943
606867802
4
20545
3976
29
679974898
22250
23
721345900
825449328
26
20106
3
259
816610260
337873882
22
27231
2833
31
12788
95970232
13921
6
250419786
9053
9447
324648172
18253
48
773592942
47
256558762
10
18
571852558
30396
23751
24962
46
38
14
974571496
29
32
8407
870331530
11283
655729902
44
7514
28
155615026
2259
10612
52499136
510415512
4674
48
12
43
80216550
503619370
729397266
409
30
27650
297623202
30260
390509116
684062206
648818886
197747782
20
22
27807
10
335977372
893530180
957990876
4845
21
836115586
651679696
4
24892
96634848
21763
37325376
9643
8
739219306
22
741419382
3
30
602139436
178451218
923696170
21
902956822
38
5908
555404476
8
4
5
976163328
258836796
399441838
896395236
3
8685
357782542
171673288
13
9438
30305
8472
8531
35
623485516
30552
17
198171432
150823740
1511
19156
13
807901378
302371422
31617
7755
18109
531835206
28262
758547636
189916932
653
23594
34
630265606
17330
13
28297
39
13648
15
22684
299260626
558462226
25675
3
10554
21110
278552940
10043
4439
26631
7532
937337976
740
896361408
11
23
7165
23
31929
30594
22081
44
533510820
112
34
7865
487
48
19409
9873
41
15
9142
27883
17
20739
448659006
20105
23
7
609443842
31
30
15
234465156
199649032
316663732
29032
23
44
29
6
22077
938178120
16471
37
7
28
19229
18
50114088
6
720736030
21
14
39
358622716
7
11892
31768
25526
6177
143232412
7
2707
3170
616387902
23
396786120
46
12198
4524
644176776
3986
643998966
6
373842162
849433872
676403886
28617
20289
22
5081
7
6689
41
949192912
23826
30
201743340
32
4777
1804
29898
247960188
142883788
10
370018996
18773
30
3
861930340
199994722
530789460
43
10127
42
6645
8
18323302
4
146579968
7
469587972
5171
20
17
18
40
38
26
23
18129
24175
5
6634
23
15896
435088210
285975748
730891800
23
684956170
53783346
736255468
723146112
152960902
3
13304
5948
267007486
18
19
7
26
8
22
48
557360676
521467248
713
142294692
18
41
8
34
5
30019
31298
46
1072
558739416
17
21646
265407462
673181526
32
3825
41
962025372
4730
817018416
50
19
322192608
85490400
3
377846766
370724928
205419816
28693
422232060
337657588
35
8416
25279
319822798
337786626
20
45
48
31382
691952668
28886
3637
14
5
22
21136
5
3827
902906196
31561
7
40
31581
1678
30677
17
13292
23
20
23
29
18
8062
37
96823248
2491
9264
13
17711
13977
147
6817
10
240236712
20
170626
2759
47
17534
23336
135175426
364737520
28672
920526922
341616336
30
30495
45
26700
223314270
37
81392032
5
122285242
50
13310
18390
15180
806897676
35
31259
10184
810288402
25957
619419790
32
526
29268
6
40
30331
32
525390988
40
5036
11064
475122148
46
12
818429712
795622392
64632
2885
15506920
3
12
823296036
953612056
22
39
26979
18
197225932
42
18837
3
289033582
14734
856324018
11748
177468142
638879880
43
44
991038412
32
21
5
23
35705080
865902318
327084268
29761
23
3094
23968
3265
24395
8563
3170
21611
25675
29882
785589190
150930580
630318238
342369072
39
18
528842568
11
4103
6628
14762
25367
6523
7186
10
23
39
4488
19485
28125
368824258
5
13
28
384045552
833505372
30452418
4473
30840
585901320
24471
50
744618106
11
748613796
6055
6202
23633
6041
63595768
41
32
10428
454076472
533012442
9866
46
23454
15672
19
10
22074
10103
295805532
764456752
24
691
7283
13789
27730
15971
610471972
19690
18
23808
5456920
496499710
26
40
397625982
43
29506
3
3
315196728
864729378
471679156
14
589841100
33
287350408
581204202
660252178
32
10
11940
17214
343337016
21984
15672
23
40
12
667002312
697778928
50224900
26
767196498
18518
20086
769255480
8365
12887
48
9678
12
50
255790416
29
13157730
4
198414186
580533228
12708
755066772
19616
14391
10441
46
72287086
33
312158226
967141612
908467710
3
18
34
9302
475511526
3
116798202
104656576
15
31801
920043616
7953
22
24815
27364
10
479851122
40
4016
6292
395183962
6
456734196
491406076
25151
8410
50
34
29
407379172
617438232
347676378
24129
24
7
689216652
14109
3657
679958568
723197310
15059
6
31
472
880617808
19
9953
31
7313
7
8
2204
2010
3111
12354
661041238
14941
800869962
17
18
28
20876
45
19
3
14915
15468
3030
29606
39
39
28
1178
14
22
487311196
18
38
991834618
17605
39
21
262675428
40
29794
687065292
50
18579
9883
22
15309
440683888
20
806889756
18072
6884
8
124709638
469651102
130557838
22
6425
6901
7
566199870
10284
712244526
33
41
3
22
7
6261
3
3797
6
629713822
18
957457342
41
568245948
3
9629
964751970
103094712
235154026
22
312277780
348003702
38
6584
6
11553
5
379386880
29612
921015526
23289
14824
23
5268
42
19926
3
857407218
945754938
157492102
34
19103
2853
3
146823216
3
7597
718211208
28241206
14
231400248
21
203419002
6
312976896
3
24
34
24877
924665740
104527068
8
28356
17569
7
446100462
39
915123870
16329
671795980
40728108
13486
7538
3584
234044692
378442300
14062
38
210556398
27252
27153
41
10820646
30
517782172
4981
12933
7
17543
26667
30
6
411578052
4
278008608
35
5
252788638
1939
41
8497
24
9336
7
716103126
12432
42
32
247893432
29010
871669572
172151478
30
4
33
64383706
14275
44
2186
21930
117206818
28
967
11
8
13
19
18202
14045
378506130
45
31
815900662
50
10
12671
3
383535040
88196280
11947
2860
28744
33
12
30866
8
330186480
9258
998588962
853732602
513
21184
24401
21474
28245
17203
10
27268
13
711347620
23
47
18352
62710882
8
155312620
35
621494256
20398
9052
32
133631922
280109476
611965456
45
21
29308
13
979336180
29547
466857576
564811072
361071708
35
221383146
3528
970711966
30870
19434
22
290363392
27011
28013
48
15
3
796226590
327248652
12075
19001
30339
8656
854585298
20859
930226248
3621
32
19025
39
4855
23761
3282
34
50
4
3694
26774
2760
18
10711
23073
11791
41
825806520
3403
25078
19
7093
552081888
8992
571378978
589068982
30
19589
38
564636436
186290968
33
916254942
674872242
1719
13606
110035126
126993498
37462566
40
41
18709
233898306
2753
3173
29
892856856
881571772
15394
676587478
26191
5
3
27386
30671
70537948
19
17
789121846
26
20930410
3
420801690
29
19703
708975606
911135886
21851
3
4582
160081122
247230586
15423
38
30
19910
548804940
29
25899
25514
857074038
88281420
11
1759
31
27839
33
47
2856
22
35
103495938
46
132039408
50
179044296
41
19
30833
236949066
249200338
172463910
248270926
7
26
15826
24
29
312449772
41
41
32
10
23
10086
50
747585022
281290432
13
40
112851138
31910
750157468
16643
892342152
319752396
40
6509
31
17938
11
362475730
741168580
213388806
17
15
9942
8469
14
21500
29640
28
250855822
3
3
154495552
4
1890
6
690550810
5
737539992
885972132
128594580
635510440
10770
17175
44
7
539906316
50
16350
15349
8
15
213521082
2721
13
33
2067
7
34
327832366
25028
539670906
27157
10409
286894822
689666770
569156896
23196
34
23794
31051
446752080
26591
29853202
494117446
41
16850
3121
530494008
15
29634
32
44
4672
26066
339612876
3
8
17710
570918940
12
7386
50
15698
844479940
29
29
46
3
597728388
20406
57030802
131933838
45
34
27724
34
30053
237672780
3
7008
13
23616
16471
33
944741190
28
22
16567
27849
16446
643993816
18887
17201
804386682
42
30
3815
211302136
153532342
27167
625789402
13308
606831142
15762
753185610
44
35
17
8
16355
13208
4191828
13809
19584
11816
41
18
20
48
405017398
41
804588502
3
1019
856329712
73637440
7934
33
367467270
4
3
40
26
30544
10
23
21845
47
29967
30070
902462506
18970
6277
838058256
33
14145
41
16143
20
100344172
178839202
34
20413
727948300
976794256
3
17
4399
216638860
21
29694
38549506
29
8658
119670672
660200292
19239
2876
38
497162290
41
938107098
483126400
11
10
663216148
12092
754053358
106535136
28044
35
50
14992
26
521810322
7572
33
21
32
22
17528
24
784959556
656
16452898
10086
6
23666
17743
40
15143
16687
5661612
3134
5
561567498
10
18170
114
46
7023
17423
14839
10295
3
19413
845028138
546918942
596942476
707897550
322703256
13176
356483466
31
9546
8113
140405886
648808480
10631
19544
22684
4
47
12415
40
5126
14403
12631
31
443127312
6918
22299
904640742
3254
19
595643496
446355388
763701622
29
970868076
390781626
761864380
28908498
46
1393
21
17197
45
47941612
22376
30500
6
21346
8317
29
43
371908842
3222
12314
28442
87216096
376035196
13
98781972
3
217951396
651843502
3
4
6
602970210
11
2430
31274
7
819
752448742
10
25062
4
7
3
130668370
21100
242508016
48
46202808
37
1279
709922062
23483
618987838
31781
2996
5
43
28328
161988978
12138
21517
21427
12552
47
11819
50
185788282
23
16373
650524332
589410138
8058
9159
22897
68477530
20
207093342
11943
393841078
11840
3339
3630
994859752
35
19221
550549770
18742
1114
50
47
4
23
988566570
20720
24328
658811032
698700180
496975306
382855002
48
746023318
29431
15
28
22743
27087
886825888
12301
18437
11064
173090496
278155378
25147
30
499
4
18857
550672036
51628872
40
23475
616584382
48
3
877610146
3
87160530
26300
873641232
4
43
417275122
6313
19
875246290
242590812
18149
2218
7
24
25183
19
803783346
576233322
972169828
41
248317392
2978
11767
46
6
12
18320
164
38
962680132
13741
30
4
640402336
50
7
29230
12872
5
47
579792502
26925
403482622
19042
698803618
664801908
6
493289806
31799
6
25943412
233492998
15913
21769
8
27432
20
28
39
22937
45910558
25008
417944436
760452360
20
44
876212082
23
492373876
495352530
5980
44
407872770
1375
19471
4758
855049420
16354
45
494466082
23
54855946
28531
5527
35
23
14067
28
34
142660212
18
687303052
9524
13682
9730
6844
774
3
3656382
486
27054
16070
4100
33
686414682
9346
132
13903
4
42
233902816
7647
17
27525
6840
24
78083010
567952536
18
769125816
115708920
5
881745922
346411510
754098688
17
5147
12
19
156113230
108122556
5
148645350
691192638
940571850
31096
3
136773820
29365
433611592
427991568
9682
807896650
245808748
243344376
288233136
26372
680794198
165723706
17
151
11375
8
3
31067
8972
26554
35
249860310
25767
3
46
23024
98618608
30018
62125770
39
9116
12538
345493876
3173
94114858
22
12106
3
20
25824
18
20011
616834212
655895266
704490690
33
3
864900540
5091
546158806
617318830
425056516
48
30100
17
573960310
42
23
843162478
292955880
4004
28972
970179072
366
29009
774928108
22128
29537620
3
20
27965
26890
13599
27330
14433
17363
674967496
12650
17
5
5
20737
622468942
18989
868887856
483985932
28783
3133
915588150
21
20
42
26
47
41
18962
711698188
10560
50
50
8
30
5453
4563
3348
48
28794
28019
538901346
8
5117
3
361011318
23
47
404979352
3
28
759454866
694370476
29
14929
914576328
25639
220832346
819957568
7
364030572
411750232
421562638
177477238
6
7952
423722236
30719
939253078
704859148
30781
12806
1988
452
763188210
1454
30338
914222538
12
44
4
79102150
495526938
15
23
30612
28262
5437
5839
39
24
226534288
26885
583544980
601055152
31530
8461
8502
10
407795820
38
10456
39
7
516107410
46
573277516
6118
384513990
18408
314201868
451189102
639122610
162274840
7
31
30140
15871
324608830
17128
45
48
40
19147
47
4004
367861708
6
14533
44
41
505633968
4284
19
27022
997
935580312
46
38
214521232
632
39
12
13
5
11
142289170
4
10
167856252
895687738
6
17459
24301
46
3803
851934778
583812940
41
21095
22405
971822286
2078
279254046
236106552
9451
20
969171058
5383
31
5200
24
234440988
769802716
836827728
7
25819
13771
45
15755
903193482
771023052
30180
42
5120
19
12982
13
25728
331550430
801
208116840
3088
876220026
5662
19028
5
380257078
44
16454
1112
744399528
5427
3
4
680229102
852065740
31
3
608408430
30078
15118
948096892
21675
8
922146372
17
990037548
33
9447
801323238
27261
67594002
19
704352888
37
782238700
23990
46
22
30
938494510
51138468
980354872
24301
341638528
1180
28
999930286
1992
743691072
20577
3
987303166
729970186
17744
171367908
430
21456
20823
505591732
32
2065
266550550
15
3
3836
28
332479800
24
318807336
575859000
13
26
190149832
921784792
605961568
160403796
1373
45
563696950
14
906777180
5351
15145
683300752
6003
11
42
28
5
48
20
18
32
33
342867486
21
21152
24
3
543686412
10246
24614
10
749641732
352186492
27220
315202668
3
98680366
286627528
50
252
247494622
11
977665326
19
414717552
643220158
268062342
27349
4
696443986
353544496
37
867249040
84808522
20
385542120
4614
600960916
890987806
48
30679
310522950
24
712907406
6
537143302
37
21388
864241056
3
268940562
737935920
37
17
5
16650
3
20497
24043
19899
865182426
30653
41
631895782
450829566
829138002
15
22
109752970
457607502
34
464253538
594489508
11428
42
507477078
26410
826547152
6127
902069026
6855
847402696
4
22
45
29207
22665
25004
211490022
197387110
3441
25426
23475
44
36773520
3
982638108
30007
29034
27508
4
25045
19
13576710
718258186
16994
85908342
41
17485
407275260
5323
21
762706960
889997928
13429
114733378
15419
29826
23603
444362418
959414908
43
29798
39
31975
3
15
711970018
901718598
12691
18100
43518132
864719688
24782
236622432
22977
20
767039058
303442552
20
26823
45
8
46
2247
45
8
15469
5
8803
48
11541
157695400
40
23644
37
30
24168
470399256
515562108
5170
272524560
39
336968980
657127908
10
775359036
349739572
28
195871902
207283926
8397
7590
26
375475950
121939912
75777348
226770126
245935636
5
849033298
37
357136180
1391
144327838
3
19920
41
216862962
48
21598
19267
7691
30120
242333742
358055782
12297
567738070
45
16934
388681980
21718
26024
21012
27242
756444642
7
612180460
3
103528150
47
39
11746
30
11
6941
711943650
22334
35998300
37
26968
7
30236
28
938151258
23985
11
580635966
796011372
14013
187831492
46
4
972396702
33
35
31030
11
17
916214842
31
763951120
299143980
2451
44
303902110
24059
28
868723758
827688492
46
26
33
19439
15
6161
20656
6
14505
629710708
48
38
38
232143930
3
18666
697848352
45
752876416
6446
2892
554075392
19716
43
40
335681638
857512030
26258
694627732
24727
18353
17661990
15019
107434132
21
631224556
794833788
3438780
24746002
22664
4
4062
25996
9465
635743798
79573518
13493
578558722
13497
29900
671224320
43
42
13
10859
460847998
35
24
29540
28
24262500
12
488020570
17475
3
24
561697138
12657
20
15
23011
898518192
31
16854
881084106
164898736
50
21065
31151
938279998
221527672
25096
666660648
39
376256658
11
764404252
625421052
507751780
428008656
6514
3
29
20
31297
228767242
887720386
8
233304648
3
24
19587
17489400
585169312
24
5
16200
5
17
28787
3
5015
871480030
196878972
43
566825842
28827
262552348
19731
149029240
10
679012422
46
683148072
590461426
20372
31
4
29
5
394024138
929146522
617770476
50
239996358
15388446
183346660
1647
13
45
28378
7
5924
3638
612075948
864429372
959280352
382810452
35
22648
3
5
18
22
26
23076
29008
15840
446319846
16022
168166440
17537
118
34
180064080
671460696
311790858
16414578
250224312
20
916570890
2973
4
23837
772917418
324811110
284193586
50
779004462
337822938
227054836
11505
40
351096582
611351926
25499
25086
22
233445370
855892528
27570
609105658
27926
229433598
798058606
695066242
1572
590784706
208032442
865695922
48775848
48
24
43
16075
12626
4156
19
20092602
394873980
18265
369103180
12978
10
5874
924565266
33
18712
7827
26
11968
29795
13
605471902
29069
7
401892150
250283322
455720790
13
7643
35
6
40
5860
506
26129
31
9382
53181570
786338400
813236370
595758112
287759472
7
6
4
716523616
14
26711
12
46
608728578
29741
557551608
13570
833902602
10997
23513
13782
13
42
37
38
963572940
319526130
3
3
984869316
259918458
17148
5877
556903410
6
290747298
27627
12
20965
32
10763
42
42
22480
5
13
834946998
18
42
31
37
26159
11994
19
19329
50
694469142
351403290
12465
300801966
24
13
7
24804
740465688
75688168
33
27790
20636
35
16999
7
4
4394
89129950
26178
20
364240108
902204392
464486680
30244
14990
3
21
47
1460
14059
8831
79816192
29
10732
25442
7
8
491582172
14
20303
1905
8603
8562166
19565
38
44
50
28
381205858
481414948
29456
946256710
20
154212958
464713756
5
6
26
33
14395
583006968
693759168
809412390
481794216
12323
277112622
35
69638346
116296546
839105650
240
13650
12823
889459198
31107
740251332
628965348
45
3766
558136488
944030140
10
64201408
20458
5024
24364
25734
4
315874266
22
5653
30
10878
15692
29287
124943656
536414190
8327
34
38
991170502
5
15070
865989870
9658
4
22754
387003160
12863
974223168
15607
7
853663716
7
4
24777
444683116
7
6863
931817296
13275
7065
23
828229486
46
599417778
356179170
55125138
26
30
2636
874666702
10672
27453
10258
15
815891602
725395266
31
16020
581193208
994456620
4
18180
3
20459
3
20
3
10
904113562
270983986
24
22709
962940070
34
42
603107038
8098
11
66916188
45
27351
10
4
160496520
745455370
231235056
974912268
7
43
19173
450599242
930993112
23
17443
579292710
18
3
920912410
4988
5
24823
15
32
475271688
918722508
43
3559
11320
7
28862
3
295443880
19428
307748068
616391118
486221316
10810
47
131845978
17806
3755
31942680
21
657003238
9584
975239700
8343
19
10273
22947
2441
728
4117
875842500
14737
21194
318972052
424209010
6953
854
3
957630118
24
41
8
7
10
105407316
17
974
673288396
652904766
338740858
192716452
16370
768452160
626663788
330212500
15
3945
26435
3
39
3
13367
787297872
29
6
47
28
6425
425301228
20
324329376
21290
26087
844791340
560099626
23
19964
31
29710
905953780
4
1684
5
555491868
45
761364832
6667
9006
799778170
186297288
4
20
13
664625980
28
28885
23708
22072
10
17
6
26850
697468426
30
868567026
907004616
676162672
979647342
586355520
17335
232509520
28047
4847
27098
38
38
12
29098
670946668
732086880
12216
18170
27667
35
287072236
19
846113422
443932506
7
3
8239
50
13
767
14372
26
252179422
42
976862836
676644978
24
475479240
528637090
24
30789
5
21786
29761
292544586
281497008
24376
45
11740
298007110
1603
157701168
658
41
1735
702425466
394615666
62431392
2361
20
23134
23
19979
14309
574537080
33614962
58297320
380075722
543642198
149036316
18901
666496120
526774990
650
3
17158
6101
227036670
966661066
9525
17927
24355
252712566
6802
15968
10938
415277430
17
564530502
3
47
23765
915824176
39
5823
4269
584641960
698377679
26085
31188
3
11365
7656
26314
7
42
28948
379661716
4740
743045856
5629
7
50
13051
14473
478602300
26762
508688142
45
4747
4119
35
10
137983800
14
6319
50
355345432
17
48
26
149462502
5261
770121922
23161
44
26479128
42
40
535222740
316731738
62768910
861371980
17279
7
2177
3
5540
2830
6437
42
20
12096
635140312
30
582235216
9619
316485172
4340
142295382
358629252
14941
200685958
741371460
29915
12
30
24949
17
18
3148
608482168
29
17
495769666
810540346
48836968
43
905902396
33
29047
41
31356
26562
8206
7974
21
723648906
24
983526600
3
136392330
417823696
7
996967500
41
634668030
65299612
1173
9801202
19
111224260
42
329920792
1498
45
26
16320
42
23
280069552
5436
15
4209
18589
20
718165998
882973968
111740542
973535308
40
20
6025
6845
527807436
29
13262
3
25915
660041452
523848238
430444770
48
50
13
18
327317742
8
218863158
40
344167266
13300
553016310
4697
18
21
8
784069396
3483
739
20
17632
1627
24
4451
591849748
536870910
996728686
18506
764368290
1133
6994
23132
11506
498393696
24042
894912252
7
43
4695
4836
329538346
26
3
35710858
15
730364808
6618
13561
81279012
329030322
44
217694688
20
914481382
25007992
480065352
3
3
5
21
14258
578888046
6
27466
17087
29701
35
7
254728240
18
495824332
948613048
47
29
37
4797
47
787129038
50
32
724226310
28
22694
834402096
971564592
188827038
555228562
22004
43
495404670
19
743442280
920223652
20564
10077
3
39
292
17273
18268
31939
3748
27497
184319518
17
29
4445
813251296
23
810962010
775876830
568290682
24005
44
332155726
16628
37
21005
5930
8988
446872482
5
639453610
33
299512330
162620836
38711472
8593
880689252
11
18078
949587822
797147712
327
42
3
47
6
15804
22403
365
593221062
5695
12364590
16831900
31710
39
5048
476
546700078
18725
40
15494
3
24386
7005
11
3
24
748582740
24106
23667
361822386
599267398
350834746
424413306
7
21
308076550
603962070
4
478260526
753194202
305543728
24
13820
48
28451
776369332
966680608
19744
3094
810034440
3
31159
7
160483260
657157902
17358
6
169484788
662466498
14210
107838958
875597910
6
474998130
5
34
3
41
975434638
534811746
10
101342496
26
29
16639
26016
5
27359
20057
141205860
287261758
419379390
894924412
65767626
130737442
48
48
5717
23
3416
11326632
23495
10365
27958
10
6
13
50
616857958
1420
177852592
16076
48
24668
28133
733429522
302474602
974397972
30864
472932678
29684
27769
20464
522168262
25825098
13692
977040900
3508
31354
24
828785620
346278018
50
755620140
3725
28
310247836
24
28770
906279132
16805
7
13141
120841530
35
16582
660257286
42
7
23256
26
18
19
21517
169963392
11
14707
6
31579
519968022
19359676
18
3
25174
22984
27892
24745
131139186
39096832
743057620
17213
848931510
4
21258022
218
21815
6
6
31788
506367906
560264590
42
665543140
35
7390
792618262
15025
32
42
24979780
46
589797250
14
42488166
11
280135158
17217
962046400
14722
18
9340
400535466
13172
19556
7634
262648846
977914876
11894
5345188
609
717
886252326
16521
10
38
8403
6737
42
5334
30
15
750458248
972314508
698779482
29
11159
7686
61
4
580978972
28966
38
12
47593110
19
65925412
42
34
191440656
180151816
953905816
7221
12
340995942
153805746
2572
9674
55325658
64355068
857936346
550187698
93648808
26866
418235130
14973
14510
724078650
14558196
5871
17
924819526
32
23
23277
42
3
967288642
640807486
994176670
28232
630898426
45
13810
291010296
234395172
7199
80981808
15
4
20
46
362366856
353105196
261155728
20
557173516
26782
7
104330398
23873
27079
33
638852992
8
20261
42
531224926
80345776
10
37
996351406
26163
2297
611556766
7
3738
11758402
2748
38
388053612
980497018
12112
784638708
53774796
70145380
7
48
4
31
3
509958922
540
11610
446797002
40
9610
588121462
7
39
7886
15
4411
127516408
9865
16758526
13749
313782220
34
29581
3795
27524
662832646
17386
9643
7969
21
29459
7077
1240
308868556
9480
6
20861
31
26398
956233650
12
3227
6
6035
29989
23627
30703
869495410
873723760
18
14232
703
478912336
11
4067
11
725517730
229787020
106312992
32520118
6948
43
15934
26554
195844338
535783866
13270
608040702
406560906
13
481230106
8
35
6
846961678
19
594973186
7
28
47
35
95
26
21
4
14723
13552
11629
20274
7
3
28332
324869602
31257
13424
17425
13
45
479963086
27928
713187598
35
27971
16718
30
29466
6676
24342
302876136
28649
18227
7
6
176041726
1695
345328006
28
312085242
23
30857
19846
16911
32
25300
634907502
4
43
4600
171775716
20665
15107
557743918
7
8
55582258
31317
922802400
22
50
3
163330200
50
909380890
24265
34
96645298
17509
11694
25328
32
54533956
11
24891
939879370
284858536
41
4247
28790
22328
519231970
434451810
338450460
844882140
31152
7
15
23
10
1604
2415
7157
28
273455598
17
16194
981128590
541135158
4
535329736
13046
18416
19711
690450456
3
25343
32
16837
18811882
839662072
700762792
299899512
379618162
48
15053
47
713599962
25732
690706836
835070080
557489928
104531500
20794
33
399252030
28664
31436
568672042
11
7
22756
26
638122452
22
542136820
739
16621
822625518
46
877881802
559868862
204562120
629289042
581277426
186282210
429999628
36176680
20367
4
35
19
170002882
40757106
267367648
161713900
21037
929698590
642819580
539696370
3687
23311
7
5
915900876
624288882
1076
18
14
153092628
20424
35
4124
658350466
11037
4
228915496
6431
48
449098240
14
3958
20867
3
126575166
35
24821
58306902
22
6908
851152978
294652036
984610410
26051
513011748
37
739852818
182215446
13777
989087860
252977362
393311656
645651658
9534
22
136411236
6
704228928
22
7
40
8792
374262000
40
417638932
4
20836
570702408
4
5
9120
14
24
24229
28
13
29
21
7
3169
30
21
751214146
558288810
40
18543
422293908
8167
3
206557008
2854
24472
20
1692
14314
349010770
21
366600370
38102092
15907
426298750
808736866
32
715161526
15
486845278
8451
42
4
11
273514468
59081730
341664510
7
3243
844352146
31608
30
32
23709
4
863
29356
541709212
20726
7
4595
24596
48
10799
889797280
2027
639158136
13
69745872
16577
20860
30
800158132
134140758
152608680
11762938
30949
652192282
669525588
802081780
8338
6904788
25406
897697752
366374562
3765
3
754651102
718322182
28967
17
30
520123630
11
7
3418
14
33
24891
731405166
22
303736912
15
635518810
406560702
14495
18335
7449
871549518
245677128
18045
683
13413
4507
17
323213256
606
892591728
9606
396802312
5263
23594
30074
4
108707578
14059
9353
748232196
11791
6
39
25972
655436878
29
42
338955942
44
6182
88242682
17405
429941166
2925
22563
3934
15132
13253
21347
973145376
48
44
1311
907312732
20450872
15
15
18386
19
5614
21690
130732542
397450138
43
3
16037
510270780
4
26
46
12
22
30764
28664
16151
25894
15
18397
108105418
23650
11292
13
2993
24385
48
8936
451679718
756459202
328384758
30319
19
18854
183510622
19935
29396
259084348
20386
29098
730019362
721964430
31
776863158
3266
942816532
141576820
578962902
30052
29
24910
3038
21092
21173
22
18044
7
15258
6874
629159898
29089
22527
18
3318
170838432
38
7296
20650
956215206
7081
24
19
7
1313
776762358
16677
10867
879228010
27606
154781350
1168
14687
50
3
1383
27632
972312220
13
925152270
5116
585542928
11930
23319
258921370
10632
635834500
47
347850858
3945
778819126
811722948
2400
198271068
14
969957486
27080
13437
726968400
16518
48
13
28464
263680068
8
837153856
26290
744466662
47
18861
975926502
39
17
46
15
5
9757
20894500
4
8564
764886010
50
441237828
12506
31
7303
965072298
726158268
20442
870088528
109157328
20909
26
30002
4691
11461
11023
17751
21981
893992638
1012
859151122
4772
6757
929662428
17
19817
163259148
593236432
803808078
232914676
289429758
28
10
6040842
32
7264
23
17
320942616
826204960
263980710
132236542
274860252
20501
4634
14439
48
960
7
8594
419467900
1620
692640076
6289
47
5525
782604396
40
332006028
908743530
26174
8402
22815
32
19275
31
80505048
494033178
5
99775468
48
4712
396409336
19177
19913
124031992
398543238
39
31697928
31944
338130912
19317
6972
335444952
118670626
25498
6946
50
130857172
44
223276522
864417078
12
32
22540
15
22816
18603
711879610
566231820
759449146
45
3
3
25565
8
4
818909460
31
39
14
22197
160209912
44
651818928
527372556
81353430
45
30727
242508982
10545
6
10926
6
6545
12661
38
6079
10815
610483270
5024
577104216
13
26109
5695
26049
415463626
15531
47
434713678
50
19
27112
22247
18
190706386
772
22150
28
13866912
43
24094
647404138
6148
978
17
213616632
35
24465
39
250341126
222100932
11615
8770
17785
983183262
42
215045266
9104
14629
18241
6
826662538
39
275266972
3
370106292
7981
822552922
858792420
20
21037
9527
16349
10310
21993
18107
14
452445900
6
872144716
8
13
30695
486
26072
31
47370682
31622
228588868
393803028
552453312
39
26497
310152892
27633292
534032646
878659120
20889
516060906
154863618
20439
34
3646
29326
5
20168
25666
5838
18065
19
757237290
20768
7
18592
6
603154272
41
967914432
26642
962248428
47
14612
28909
176690970
24293
2941
2097
314307588
859240488
24
24
11149
645787896
337753732
766943152
3
453703728
15
28
231831892
20
1889
15056
10
764628366
24475
30
296622846
23166
589233298
746263576
224858328
2522
227210778
15945
445018786
347703840
210321538
569736762
813791506
13424
27041
2828
432466828
50
674108710
18466
39
180769876
255575736
22910
19801
261241390
23587
15714
42
967258056
28
28528
8218
329470306
6
200787592
43
12273772
338699196
567948700
799035646
43
34
35096740
22
44
26862
853107862
23288
372503400
13589
31
134123788
813423730
6
765678288
21621
5
34
21
15023
18
19
12
103377642
44
48
22036
11996
7618
8
836251302
39
45
159429832
63405582
4
805267258
3
16541218
527725242
4
441152752
473110402
637057110
71984290
11282
735307336
5
32
706875496
7
20
16754
17
20822
900578932
7
569727160
241935348
20
28959708
465593872
92393016
20753
405828106
7031
33
199134756
28430
20
48
21
27383
46
739568376
18498
11
27227
536330616
29998
8
38503840
21840
118041940
102190288
5
29
24835
12
4193506
107410110
8215
7325
27395
24013
24
5868
992511690
11710
38
278
621131236
17
3
25200
26886
17181
31
7
722475106
175103196
914014920
16219
18
333945076
3
833752650
759343312
636251998
398620576
658621782
17613
859277142
3
8
5
3
21
16999
7
24745
471639190
48
10
17674
23462
155160042
6362
417098476
30026
625990726
937268502
5888
24322
898725102
832983342
732112488
26
965375796
740377530
1423
42
13
11
45
20
3
886267270
12140
143278830
5
33
437547922
6107778
28267
96556818
135190290
23706
24153
70059046
958616046
679934700
9897
19704
27539
18
20
631899250
769726230
928991890
36418650
47
20
11
8
571759158
12
965388712
37
37
612903162
23741
18
319494388
7
2026
22
43
13887
19693
13249
22032
18877
48
465964752
31
5
14270
39
15807
658281442
15178
8
15846
607628652
37
24366168
30
24072
17092650
14270
5
876829318
83766502
17
5094
733766796
44
358367406
764468388
19
518978790
17
66474648
984493870
87214876
20
15769
979334658
26078
8
9656
23032
516000892
10
18180
5134
4
3
652803232
156042112
46
12595
361691590
44
556400028
39
463676076
598076386
23
26716
10
5
30
44
22450
3
18
32
420372040
34
508
473958466
22026
916959586
10849
4714
24
11260
395611120
263128212
27229
29261
41
677751558
839553228
10901
19
44
501857490
18
230655148
23
24
8
28
12
46
500934078
34
116008362
8799
39
37
10031
25960
9314
97048432
4193
200568732
21546
17847
6286
3166
32
22237
457395928
34
751264138
402658950
22098
27847
7
38
11647
3
31217
25679
284677320
18
42
24505
26834
7
6
20404
22
385681782
30624
31779
50
26
924690772
15799
28
25911
642752688
3
470166216
13
50
860481436
19
22
897112648
26
20133
30974
15
14
22
44753518
10328
11541
21
499288090
21
40
530312940
4
38
4
934299648
5
659545920
7688
31839
13124
27647
30
14580
13
24006
19142
29
29
16905
9217
170422918
15
48
255116752
485347306
30422
18991
19
5
633
396727782
604634268
201142852
23580280
47
3
21
33
425195776
6244
886903738
7873
367335280
15530
32
815166600
267059940
3
736872118
21
26
47
8671
815362548
11
21815
31237
27072
802796442
45136476
37
26462
28
557920798
5
18738
27040
237351678
720183180
18
14791
688001080
28
9108
11282
137
747528420
39
4394
703093366
42
757535040
793684018
273176092
591088528
37
19938
23
45
33
6
1563
13
38
31092
558723228
347412996
43813876
5468
4
710878402
960556326
16017
15359
39
655929778
26935
216967032
26649
799617036
6396
7
8842
41
3
371794788
671064348
3
380004472
16634
334668702
25958
22633
684976516
19
20940
446616228
321329382
24766
18
889733122
40
946453020
841321036
40
986850232
4
246608308
27608
10812
962426616
26
26765
14
5
2033
24
20564
26386
22853
25560
6
6021
37
26
19969
29876
736189836
9994
809610792
8
6350
3
14
48
13238
26
50
22820
300850228
40117248
33
38
64809336
25670
15912
7
31
251071278
12
3224
10662
3
827604052
21023
11
30867
13968
24
874107348
28645
32
12391
674903562
7306
13
305627092
11461
19577
11852
4
3
14387
845557596
765285330
1232
1566
3
358762600
27338
55379640
13
544046266
676477512
46
3
29923
44
6
790752508
28890708
20
4
31
14055
292658808
69555612
39
10132
11183
141051978
760040782
13008
6
11049
31
45
50
470587968
573207498
636820198
31239
18617
3
26016
110476422
271633950
7936596
148852266
8
12854
4838
16595
802
778018312
17674
22126
42
32
11
6
169735426
6171508
9057
22
21495
13513
34
46
43
123401580
6986
766137960
516350532
24
27172
15
642718440
26
31515
96275988
20593
19582
48
18092
28944
11
27697
536195632
947668038
200826970
4
880532416
171618310
5
11917000
20
170643358
27447
7
22761
28921
41
17485
25459
232352362
21
295832700
937294978
13
44
7585
47
34
806929456
665754030
317734380
469291410
17
843768196
11
141460210
30605
758091306
38
17525
13653
481574458
676576758
2984
933740580
208
967179726
12
19
24126
17
6
20
28
948192826
23
348601528
42
3
47
26
285479772
8
38
38
39
8
8
17777
24
34
6413
47
532467846
609983052
263229796
547868778
12290
13195
2143
16068
150691992
44
2945
4329
32
24093
989822818
8899
7821
550646806
792546438
30
82831186
6
7
26960
31
34
115113390
791828142
28605
6
24792
360854806
9570
492037498
47
341376966
10015
39
32
30
33
388461888
6
24
402495558
18
553352338
11349
5629060
923540902
705860226
3
541757452
16649
34
463228272
50
33
836343840
38309850
2178
26601
11975
20035
19308
8224
21640
413402686
32
469837216
149292768
7447
50
39
26105
13646
5
29445
45
34
251540620
449708200
647326260
47
7491
3750
4
20471
83819698
5
25333
18702
5
20981
5608
5122
218277066
48
268125058
518082246
908485240
10798
28409
4
15124
535253140
561665032
15
9295
3615
17
8402
476453386
6
13282
18
18592
15133680
14436
867591706
7644
950953896
21
4843
22
136054782
23
17
16019
40
961713148
23
31
41
527723326
26317
25435
26
11257
47
3
42
109112188
26
11
588914698
24174
463767630
17330
28861
27648
30
409170822
10
569920006
26512
350841628
31445
2044
775409910
575858202
34
19549
14215
14671
3
46
6722
4
29443
7
9098
28957
176952538
37
6
12
5
504341418
596775166
194295966
2950
5
28047
945051378
37
11371
30
18
31559
684508440
170716306
432618750
37
22705
336075202
6766
47
258180826
34
16659
3
814403878
541245388
20171
42
141386302
6498
188499850
19
14653
2830
3768
44
28955
63822288
81455836
22
35
7
997733152
3970
362914402
26335692
5
8617
195582010
24528
26
777318888
20567
673541982
7766
35
248548476
30
44
112318468
243239988
579767602
33
19638
110114628
150498252
718948912
45
18
23075
6760
458533246
18801
18
394320700
702596226
28
29
11
37
5
997204366
190351998
22519
31853
3
20032
11
584123092
44
292840522
3845
24621
556462788
11872
7
48
690245190
20
30
35
38
18987
10284
11548
17114
28
963940582
7264
9112
17838
15
409001602
142904962
45
383542812
830
31767
33
102143158
21411
14245
42
124410730
