1
1
1
1021
0
493953261
302225629
1
354627322
1
128087550
798212544
683524195
255102543
174026046
136356322
539883674
148020964
373543399
1
88827706
31275041
181
659
7040
0
704834363
469124134
2364
133
919
125385353
300104077
1
1
2290
179
1
20
3669
884195902
867708563
248
1
1
1433
319720633
602427451
360
365940276
1
214176768
47299
727571553
8354962
166247652
1318
1
1896
1
27644100
467358495
77
1
413727074
284382333
358632263
281011516
35
1
35255816
1
651953502
60143370
1
353564310
1
1547
1
109292665
134669068
2316919
1
3468
1
1
668367082
7431431
794340889
58
360
865246474
1
465
194
244466449
727847476
1
3770323
1
