YES
XDLLL
DXLLL
WWXLL
WWWXL
WWWWX
YES
XDDDDDDDDDD
DXDDDDDDDDD
DDXDDDDDDDD
DDDXDDDDDDD
DDDDXDDDDDD
DDDDDXDDDDD
DDDDDDXDDDD
DDDDDDDXDLL
DDDDDDDDXLL
DDDDDDDWWXL
DDDDDDDWWWX
YES
XDDDDDDDDLL
DXLLLLLLLLL
DWXLLLLLLLL
DWWXLLLLLLL
DWWWXLLLLLL
DWWWWXLLLLL
DWWWWWXLLLL
DWWWWWWXLLL
DWWWWWWWXLL
WWWWWWWWWXL
WWWWWWWWWWX
YES
XDDDDDDDDDD
DXDDDDDDDDD
DDXDDDDDDDD
DDDXLLLLLLL
DDDWXLLLLLL
DDDWWXLLLLL
DDDWWWXLLLL
DDDWWWWXLLL
DDDWWWWWXLL
DDDWWWWWWXL
DDDWWWWWWWX
NO
YES
XDDDDDDDDDD
DXDDDDDDDDD
DDXDDDDDDDD
DDDXDDDDDDD
DDDDXDDDDDD
DDDDDXDDLLL
DDDDDDXLLLL
DDDDDDWXLLL
DDDDDWWWXLL
DDDDDWWWWXL
DDDDDWWWWWX
YES
XDDDDDDDDDD
DXDDDDDDDDD
DDXDLLLLLLL
DDDXLLLLLLL
DDWWXLLLLLL
DDWWWXLLLLL
DDWWWWXLLLL
DDWWWWWXLLL
DDWWWWWWXLL
DDWWWWWWWXL
DDWWWWWWWWX
YES
XDDDDDDDD
DXDDDDDDD
DDXDDDDDD
DDDXDDDDD
DDDDXDDDL
DDDDDXLLL
DDDDDWXLL
DDDDDWWXL
DDDDWWWWX
YES
XDDDDDDDD
DXDDDDDDD
DDXDDLLLL
DDDXLLLLL
DDDWXLLLL
DDWWWXLLL
DDWWWWXLL
DDWWWWWXL
DDWWWWWWX
YES
XDDDDDDDDDD
DXDDDDDDDDD
DDXDDLLLLLL
DDDXLLLLLLL
DDDWXLLLLLL
DDWWWXLLLLL
DDWWWWXLLLL
DDWWWWWXLLL
DDWWWWWWXLL
DDWWWWWWWXL
DDWWWWWWWWX
YES
XDDDDDLLLLL
DXLLLLLLLLL
DWXLLLLLLLL
DWWXLLLLLLL
DWWWXLLLLLL
DWWWWXLLLLL
WWWWWWXLLLL
WWWWWWWXLLL
WWWWWWWWXLL
WWWWWWWWWXL
WWWWWWWWWWX
YES
XDDDDDDDDDD
DXDDDDDDDDD
DDXDDDDDDDD
DDDXDDDDDDD
DDDDXDDDDDD
DDDDDXDDDDD
DDDDDDXDDDD
DDDDDDDXDDD
DDDDDDDDXDL
DDDDDDDDDXL
DDDDDDDDWWX
YES
XDDDDDDDDDD
DXDDDDDDDDD
DDXDDDDDDDD
DDDXDDDDDDD
DDDDXDDDDDD
DDDDDXDDDDD
DDDDDDXDDDD
DDDDDDDXDDL
DDDDDDDDXLL
DDDDDDDDWXL
DDDDDDDWWWX
YES
XDDDDDDDDDD
DXDDDDDDDDD
DDXDDDDDDDD
DDDXDDDDDDD
DDDDXDDDLLL
DDDDDXLLLLL
DDDDDWXLLLL
DDDDDWWXLLL
DDDDWWWWXLL
DDDDWWWWWXL
DDDDWWWWWWX
NO
YES
XDDDDDDDD
DXDDDDDDD
DDXDDDDDD
DDDXDDDDD
DDDDXDDDD
DDDDDXDDD
DDDDDDXDD
DDDDDDDXL
DDDDDDDWX
YES
XDDDDDDDDDD
DXDDDDDDDDD
DDXDDDDDDDD
DDDXDDDDDDD
DDDDXDDDDDD
DDDDDXDDDDD
DDDDDDXDDDD
DDDDDDDXLLL
DDDDDDDWXLL
DDDDDDDWWXL
DDDDDDDWWWX
YES
XDDDDDDDD
DXDDDDDDD
DDXDDDDDL
DDDXLLLLL
DDDWXLLLL
DDDWWXLLL
DDDWWWXLL
DDDWWWWXL
DDWWWWWWX
YES
XDDDDDDDD
DXLLLLLLL
DWXLLLLLL
DWWXLLLLL
DWWWXLLLL
DWWWWXLLL
DWWWWWXLL
DWWWWWWXL
DWWWWWWWX
YES
XDDDDDDDD
DXDDDDDDD
DDXDDDDDD
DDDXDDDDD
DDDDXLLLL
DDDDWXLLL
DDDDWWXLL
DDDDWWWXL
DDDDWWWWX
YES
XDDDDDDDDDD
DXDDDDDLLLL
DDXLLLLLLLL
DDWXLLLLLLL
DDWWXLLLLLL
DDWWWXLLLLL
DDWWWWXLLLL
DWWWWWWXLLL
DWWWWWWWXLL
DWWWWWWWWXL
DWWWWWWWWWX
YES
XDDDDDDDDDD
DXDDDDDDDDD
DDXDDDDDDDD
DDDXDDDDDDD
DDDDXDDDDDL
DDDDDXLLLLL
DDDDDWXLLLL
DDDDDWWXLLL
DDDDDWWWXLL
DDDDDWWWWXL
DDDDWWWWWWX
YES
XDDDDDD
DXDDDDD
DDXDDDD
DDDXDDD
DDDDXDD
DDDDDXL
DDDDDWX
YES
XDDDDDDDD
DXDDDDDLL
DDXLLLLLL
DDWXLLLLL
DDWWXLLLL
DDWWWXLLL
DDWWWWXLL
DWWWWWWXL
DWWWWWWWX
YES
XDDDDDDDDDD
DXDDDDDDDDD
DDXDDDDDDDD
DDDXDDDDDDD
DDDDXDDDDLL
DDDDDXLLLLL
DDDDDWXLLLL
DDDDDWWXLLL
DDDDDWWWXLL
DDDDWWWWWXL
DDDDWWWWWWX
NO
YES
XDDDDDDDD
DXDDDDDDD
DDXDDDDDD
DDDXDDDDD
DDDDXDDDD
DDDDDXDDL
DDDDDDXLL
DDDDDDWXL
DDDDDWWWX
NO
YES
XDDDDDDDD
DXDDDDDDD
DDXDDDDLL
DDDXLLLLL
DDDWXLLLL
DDDWWXLLL
DDDWWWXLL
DDWWWWWXL
DDWWWWWWX
YES
XDDDD
DXDDD
DDXDD
DDDXL
DDDWX
YES
XDDDDDDDDDD
DXDDDDLLLLL
DDXLLLLLLLL
DDWXLLLLLLL
DDWWXLLLLLL
DDWWWXLLLLL
DWWWWWXLLLL
DWWWWWWXLLL
DWWWWWWWXLL
DWWWWWWWWXL
DWWWWWWWWWX
YES
XDDDDDDDDDD
DXDDLLLLLLL
DDXLLLLLLLL
DDWXLLLLLLL
DWWWXLLLLLL
DWWWWXLLLLL
DWWWWWXLLLL
DWWWWWWXLLL
DWWWWWWWXLL
DWWWWWWWWXL
DWWWWWWWWWX
YES
XDDDDDDDDDD
DXDDDDDDDDD
DDXDDDDDDDD
DDDXDDDDDDD
DDDDXDDDDDD
DDDDDXDDDDD
DDDDDDXDDDL
DDDDDDDXLLL
DDDDDDDWXLL
DDDDDDDWWXL
DDDDDDWWWWX
YES
XDL
DXL
WWX
YES
XDDDDDD
DXDDDLL
DDXLLLL
DDWXLLL
DDWWXLL
DWWWWXL
DWWWWWX
YES
XDDLLLLLL
DXLLLLLLL
DWXLLLLLL
WWWXLLLLL
WWWWXLLLL
WWWWWXLLL
WWWWWWXLL
WWWWWWWXL
WWWWWWWWX
YES
XDDDDDDDD
DXDDDDDDD
DDXDDDDDD
DDDXDDDDL
DDDDXLLLL
DDDDWXLLL
DDDDWWXLL
DDDDWWWXL
DDDWWWWWX
YES
XDDDDDDDDDD
DXDLLLLLLLL
DDXLLLLLLLL
DWWXLLLLLLL
DWWWXLLLLLL
DWWWWXLLLLL
DWWWWWXLLLL
DWWWWWWXLLL
DWWWWWWWXLL
DWWWWWWWWXL
DWWWWWWWWWX
YES
XDDDDDDDD
DXDDDDDDD
DDXDDDDDD
DDDXDDDDD
DDDDXDLLL
DDDDDXLLL
DDDDWWXLL
DDDDWWWXL
DDDDWWWWX
YES
XDDDDDDDDDD
DXDDDDDDDDD
DDXDDDDDDDD
DDDXDLLLLLL
DDDDXLLLLLL
DDDWWXLLLLL
DDDWWWXLLLL
DDDWWWWXLLL
DDDWWWWWXLL
DDDWWWWWWXL
DDDWWWWWWWX
YES
XDLLLLL
DXLLLLL
WWXLLLL
WWWXLLL
WWWWXLL
WWWWWXL
WWWWWWX
YES
XLLLLLL
WXLLLLL
WWXLLLL
WWWXLLL
WWWWXLL
WWWWWXL
WWWWWWX
YES
XLL
WXL
WWX
YES
XDDDDDDDDDD
DXDDDDDDDLL
DDXLLLLLLLL
DDWXLLLLLLL
DDWWXLLLLLL
DDWWWXLLLLL
DDWWWWXLLLL
DDWWWWWXLLL
DDWWWWWWXLL
DWWWWWWWWXL
DWWWWWWWWWX
YES
XDDDDDD
DXDLLLL
DDXLLLL
DWWXLLL
DWWWXLL
DWWWWXL
DWWWWWX
YES
XDD
DXL
DWX
YES
XLLLL
WXLLL
WWXLL
WWWXL
WWWWX
YES
XDDDDDDDDDD
DXDDDDDDDDD
DDXDDDDDDDD
DDDXDDDDDDD
DDDDXDDDDDD
DDDDDXDDDDD
DDDDDDXDDLL
DDDDDDDXLLL
DDDDDDDWXLL
DDDDDDWWWXL
DDDDDDWWWWX
YES
XDDDDDDDDDD
DXDDDDDDDDD
DDXDDDDDDDD
DDDXDDDDDDD
DDDDXDDDDDD
DDDDDXDDDDD
DDDDDDXDDDD
DDDDDDDXDDD
DDDDDDDDXLL
DDDDDDDDWXL
DDDDDDDDWWX
YES
XDDDD
DXDDD
DDXDL
DDDXL
DDWWX
YES
XDDDDDDDD
DXDDDDDDD
DDXDDDLLL
DDDXLLLLL
DDDWXLLLL
DDDWWXLLL
DDWWWWXLL
DDWWWWWXL
DDWWWWWWX
YES
XLLLLLLLL
WXLLLLLLL
WWXLLLLLL
WWWXLLLLL
WWWWXLLLL
WWWWWXLLL
WWWWWWXLL
WWWWWWWXL
WWWWWWWWX
YES
XDDDDDDDD
DXDDDDDDD
DDXLLLLLL
DDWXLLLLL
DDWWXLLLL
DDWWWXLLL
DDWWWWXLL
DDWWWWWXL
DDWWWWWWX
YES
XDDDDDD
DXDDDDD
DDXLLLL
DDWXLLL
DDWWXLL
DDWWWXL
DDWWWWX
YES
XDDDDDD
DXDDDDD
DDXDDDD
DDDXDDD
DDDDXLL
DDDDWXL
DDDDWWX
YES
XDDDDDDDDDD
DXDDDDDDDDD
DDXDDDDDDDL
DDDXLLLLLLL
DDDWXLLLLLL
DDDWWXLLLLL
DDDWWWXLLLL
DDDWWWWXLLL
DDDWWWWWXLL
DDDWWWWWWXL
DDWWWWWWWWX
YES
XDDDD
DXDDD
DDXLL
DDWXL
DDWWX
YES
XDDDDDDDDDD
DXDDDDDDDDD
DDXDDDDDDDD
DDDXDDDDDDD
DDDDXDDDDDD
DDDDDXDDDDD
DDDDDDXDLLL
DDDDDDDXLLL
DDDDDDWWXLL
DDDDDDWWWXL
DDDDDDWWWWX
YES
XDDLLLL
DXLLLLL
DWXLLLL
WWWXLLL
WWWWXLL
WWWWWXL
WWWWWWX
YES
XDDDDDDDDDD
DXDDDDDDDDD
DDXDDDDDDDD
DDDXDDDDDDD
DDDDXDDDDDD
DDDDDXLLLLL
DDDDDWXLLLL
DDDDDWWXLLL
DDDDDWWWXLL
DDDDDWWWWXL
DDDDDWWWWWX
YES
XDDDDDDDDDD
DXDDDDDDDDD
DDXDDDDDDDD
DDDXDDDDDDD
DDDDXDDDDDD
DDDDDXDDDDD
DDDDDDXDDDD
DDDDDDDXDDD
DDDDDDDDXDD
DDDDDDDDDXL
DDDDDDDDDWX
YES
XDDDDDDDD
DXDDDDLLL
DDXLLLLLL
DDWXLLLLL
DDWWXLLLL
DDWWWXLLL
DWWWWWXLL
DWWWWWWXL
DWWWWWWWX
YES
XDDDDDDDDDD
DXDDDDDDDDD
DDXDDDDDDDD
DDDXDDDDDLL
DDDDXLLLLLL
DDDDWXLLLLL
DDDDWWXLLLL
DDDDWWWXLLL
DDDDWWWWXLL
DDDWWWWWWXL
DDDWWWWWWWX
YES
XDDDDDDDD
DXDDDDDDD
DDXDDDDDD
DDDXDDDDD
DDDDXDDLL
DDDDDXLLL
DDDDDWXLL
DDDDWWWXL
DDDDWWWWX
YES
XDDDDDD
DXDDDDD
DDXDDDD
DDDXDLL
DDDDXLL
DDDWWXL
DDDWWWX
YES
XDDDDDD
DXDDDDD
DDXDDDD
DDDXLLL
DDDWXLL
DDDWWXL
DDDWWWX
YES
XDDDDDDDD
DXDDDDDDD
DDXDDDDDD
DDDXLLLLL
DDDWXLLLL
DDDWWXLLL
DDDWWWXLL
DDDWWWWXL
DDDWWWWWX
YES
XDDDDDD
DXDDDDD
DDXDDDL
DDDXLLL
DDDWXLL
DDDWWXL
DDWWWWX
YES
XDDDD
DXDLL
DDXLL
DWWXL
DWWWX
YES
XLLLLLLLLLL
WXLLLLLLLLL
WWXLLLLLLLL
WWWXLLLLLLL
WWWWXLLLLLL
WWWWWXLLLLL
WWWWWWXLLLL
WWWWWWWXLLL
WWWWWWWWXLL
WWWWWWWWWXL
WWWWWWWWWWX
YES
XDDDDLL
DXLLLLL
DWXLLLL
DWWXLLL
DWWWXLL
WWWWWXL
WWWWWWX
YES
XDDDDDDDL
DXLLLLLLL
DWXLLLLLL
DWWXLLLLL
DWWWXLLLL
DWWWWXLLL
DWWWWWXLL
DWWWWWWXL
WWWWWWWWX
YES
XDDDDDDDD
DXDDDDDDD
DDXDDDDDD
DDDXDLLLL
DDDDXLLLL
DDDWWXLLL
DDDWWWXLL
DDDWWWWXL
DDDWWWWWX
YES
XDDDDDDDDDD
DXDDDLLLLLL
DDXLLLLLLLL
DDWXLLLLLLL
DDWWXLLLLLL
DWWWWXLLLLL
DWWWWWXLLLL
DWWWWWWXLLL
DWWWWWWWXLL
DWWWWWWWWXL
DWWWWWWWWWX
NO
YES
XDDLLLLLLLL
DXLLLLLLLLL
DWXLLLLLLLL
WWWXLLLLLLL
WWWWXLLLLLL
WWWWWXLLLLL
WWWWWWXLLLL
WWWWWWWXLLL
WWWWWWWWXLL
WWWWWWWWWXL
WWWWWWWWWWX
YES
XDDDDDD
DXDDDDD
DDXDDLL
DDDXLLL
DDDWXLL
DDWWWXL
DDWWWWX
YES
XDDDDDDDDDD
DXDDDDDDDDD
DDXDDDDDDDD
DDDXDDDDDDD
DDDDXDDDDDD
DDDDDXDDDDD
DDDDDDXLLLL
DDDDDDWXLLL
DDDDDDWWXLL
DDDDDDWWWXL
DDDDDDWWWWX
YES
XDDLL
DXLLL
DWXLL
WWWXL
WWWWX
YES
XDDDDDDLL
DXLLLLLLL
DWXLLLLLL
DWWXLLLLL
DWWWXLLLL
DWWWWXLLL
DWWWWWXLL
WWWWWWWXL
WWWWWWWWX
YES
XDDDDDDDD
DXDLLLLLL
DDXLLLLLL
DWWXLLLLL
DWWWXLLLL
DWWWWXLLL
DWWWWWXLL
DWWWWWWXL
DWWWWWWWX
YES
XDLLLLLLLLL
DXLLLLLLLLL
WWXLLLLLLLL
WWWXLLLLLLL
WWWWXLLLLLL
WWWWWXLLLLL
WWWWWWXLLLL
WWWWWWWXLLL
WWWWWWWWXLL
WWWWWWWWWXL
WWWWWWWWWWX
YES
XDDDDDDLLLL
DXLLLLLLLLL
DWXLLLLLLLL
DWWXLLLLLLL
DWWWXLLLLLL
DWWWWXLLLLL
DWWWWWXLLLL
WWWWWWWXLLL
WWWWWWWWXLL
WWWWWWWWWXL
WWWWWWWWWWX
YES
XDDDDDD
DXDDDDD
DDXDDDD
DDDXDDL
DDDDXLL
DDDDWXL
DDDWWWX
YES
XDDDDDDDDDD
DXDDDDDDDDD
DDXDDDDDDDD
DDDXDDDDDDD
DDDDXDDDDDD
DDDDDXDLLLL
DDDDDDXLLLL
DDDDDWWXLLL
DDDDDWWWXLL
DDDDDWWWWXL
DDDDDWWWWWX
YES
XDLLLLLLL
DXLLLLLLL
WWXLLLLLL
WWWXLLLLL
WWWWXLLLL
WWWWWXLLL
WWWWWWXLL
WWWWWWWXL
WWWWWWWWX
YES
XDDDD
DXDDL
DDXLL
DDWXL
DWWWX
YES
XDDDDDLLL
DXLLLLLLL
DWXLLLLLL
DWWXLLLLL
DWWWXLLLL
DWWWWXLLL
WWWWWWXLL
WWWWWWWXL
WWWWWWWWX
YES
XDDDDDDDD
DXDDDDDDD
DDXDDDDDD
DDDXDDDDD
DDDDXDDDD
DDDDDXDLL
DDDDDDXLL
DDDDDWWXL
DDDDDWWWX
YES
XDDDDDDDDDD
DXLLLLLLLLL
DWXLLLLLLLL
DWWXLLLLLLL
DWWWXLLLLLL
DWWWWXLLLLL
DWWWWWXLLLL
DWWWWWWXLLL
DWWWWWWWXLL
DWWWWWWWWXL
DWWWWWWWWWX
YES
XDDDDDDDDDD
DXDDDDDDDDD
DDXDDDDDDDD
DDDXDDDDLLL
DDDDXLLLLLL
DDDDWXLLLLL
DDDDWWXLLLL
DDDDWWWXLLL
DDDWWWWWXLL
DDDWWWWWWXL
DDDWWWWWWWX
YES
XDDDDDDDDDD
DXDDDDDDLLL
DDXLLLLLLLL
DDWXLLLLLLL
DDWWXLLLLLL
DDWWWXLLLLL
DDWWWWXLLLL
DDWWWWWXLLL
DWWWWWWWXLL
DWWWWWWWWXL
DWWWWWWWWWX
YES
XDDDDDDDD
DXDDDDDDD
DDXDDDDDD
DDDXDDDDD
DDDDXDDDD
DDDDDXLLL
DDDDDWXLL
DDDDDWWXL
DDDDDWWWX
YES
XDDDDDDDD
DXDDDDDDD
DDXDDDDDD
DDDXDDDLL
DDDDXLLLL
DDDDWXLLL
DDDDWWXLL
DDDWWWWXL
DDDWWWWWX
YES
XDDDDDDDDDD
DXDDDDDDDDD
DDXLLLLLLLL
DDWXLLLLLLL
DDWWXLLLLLL
DDWWWXLLLLL
DDWWWWXLLLL
DDWWWWWXLLL
DDWWWWWWXLL
DDWWWWWWWXL
DDWWWWWWWWX
YES
XDDDDDDDDDD
DXDDDDDDDDD
DDXDDDDDDDD
DDDXDDDDDDD
DDDDXDDLLLL
DDDDDXLLLLL
DDDDDWXLLLL
DDDDWWWXLLL
DDDDWWWWXLL
DDDDWWWWWXL
DDDDWWWWWWX
YES
XDDDDDDDDDD
DXDDDDDDDDD
DDXDDDDDDDD
DDDXDDLLLLL
DDDDXLLLLLL
DDDDWXLLLLL
DDDWWWXLLLL
DDDWWWWXLLL
DDDWWWWWXLL
DDDWWWWWWXL
DDDWWWWWWWX
YES
XDDDDDDDDDD
DXDDDDDDDDD
DDXDDDDDDDD
DDDXDDDDDDD
DDDDXDDDDDD
DDDDDXDDDLL
DDDDDDXLLLL
DDDDDDWXLLL
DDDDDDWWXLL
DDDDDWWWWXL
DDDDDWWWWWX
NO
YES
XDDDDDDDDDD
DXDDDDDDDDD
DDXDDDDDDDD
DDDXDDDDDDD
DDDDXDDDDDD
DDDDDXDDDDL
DDDDDDXLLLL
DDDDDDWXLLL
DDDDDDWWXLL
DDDDDDWWWXL
DDDDDWWWWWX
