-1.01983965 1.11453243
-1.04617716 2.34652886
-0.07968654 3.73208262
1.85994827 4.92023509
4.68340046 5.63985689
7.86025174 5.43857250
11.45944848 4.42659305
14.94703247 2.84834759
17.50567745 1.64659492
19.15956984 0.53233207

-0.83173191 2.21460671
-0.83693174 3.86498242
0.09968395 5.18075863
1.88417559 5.96169037
4.09007635 5.83907414
6.70114658 4.80157066
9.08823359 2.79061024
11.47457156 0.52624337
13.54036144 -1.85930880
16.05223081 -3.45047051
18.23456293 -4.11947032
19.90269709 -3.92729193
20.82050556 -3.07957015
20.82522058 -1.82175055

