0.0000000000 0.0000000000
0.0000000000 0.0000000000
0.0000000000 0.0000000000
0.0000000000 0.0000000000
0.0000000000 0.0000000000
0.0000000000 0.0000000000
0.0000000000 0.0000000000
0.0000000000 0.0000000000
0.0000000000 0.0000000000

-697.7192478400 816.2926008400
-615.2692825900 865.4515325900
-532.8193173000 914.6104643000
-450.3693520000 963.7693960000
-367.9193867000 1012.9283277000
-285.4694214100 1062.0872594100
-203.0194561600 1111.2461911600

-2260.2479194470 -3154.7435983078
-2084.3148004086 -3266.4703087553
-1920.2986892811 -3370.0299363879
-1767.7592478172 -3465.7422175038
-1626.2644371542 -3553.9205046962
-1495.3905178462 -3634.8717668996
-1374.7220498974 -3708.8965894394
-1263.8518927991 -3776.2891740858
-1162.3812055693 -3837.3373391126
-1069.9194467958 -3892.3225193609
-986.0843746835 -3941.5197663089
-910.5020471051 -3985.1977481479
-842.8068216570 -4023.6187498655
-782.6413557204 -4057.0386733371
-729.6566065284 -4085.7070374268
-683.5118312389 -4109.8669780973
-643.8745870158 -4129.7552485331
-610.4207311180 -4145.6022192755
-582.8344209981 -4157.6318783736
-560.8081144115 -4166.0618315514
-544.0425695379 -4171.1033023952
-532.2468451170 -4172.9611325635
-525.1383005995 -4171.8337820226
-522.4425963174 -4167.9133293128
-523.8936936748 -4161.3854718491
-529.2338553637 -4152.4295262639
-538.2136456095 -4141.2184287973
-550.5919304484 -4127.9187357456
-566.1358780469 -4112.6906239770
-584.6209590665 -4095.6878915294
-605.8309470862 -4077.0579583064
-629.5579190908 -4056.9418668923
-655.6022560421 -4035.4742835129
-683.7726435472 -4012.7834991767
-713.8860726488 -3988.9914310386
-745.7678407636 -3964.2136240456
-779.2515528071 -3938.5592529382
-814.1791225503 -3912.1311247104
-850.4007742733 -3885.0256816658
-887.7750447968 -3857.3330052593
-926.1687860067 -3829.1368209936
-965.4571680249 -3800.5145047523
-1005.5236832411 -3771.5370911328
-1046.2601515064 -3742.2692846202
-1087.5667269182 -3712.7694749027
-1129.3519068140 -3683.0897583946
-1171.5325438634 -3653.2759693702
-1214.0338625331 -3623.3677265330
-1256.7894816558 -3593.3985054476
-1299.7414450848 -3563.3957564109
-1342.8402611502 -3533.3811064240
-1386.0449435141 -3503.3707250803
-1429.3230109180 -3473.3760218921
-1472.6502753131 -3443.4050012927
-1516.0099034703 -3413.4647126472
-1559.3898933076 -3383.5647003787
-1602.7790018695 -3353.7200437912
-1646.1628615324 -3323.9527525771
-1689.5215120316 -3294.2919740684
-1732.8281247114 -3264.7738377923
-1776.0483718560 -3235.4412800918
-1819.1401040305 -3206.3439154700
-1862.0531750202 -3177.5379501073
-1904.7293409564 -3149.0861242634
-1947.1021989389 -3121.0576733402
-1989.0971478894 -3093.5283009653
-2030.6313625535 -3066.5801599410
-2071.6137756305 -3040.3018384525
-2111.9450651184 -3014.7883498727
-2151.5176451206 -2990.1411250820
-2190.2156590166 -2966.4680065816
-2227.9149742878 -2943.8832439140
-2264.4831785303 -2922.5074900476
-2299.7795763342 -2902.4677984888
-2333.6551868077 -2883.8976209479
-2365.9527415885 -2866.9368054324
-2396.5066832289 -2851.7315946764
-2425.1431638714 -2838.4346248334
-2451.6800441514 -2827.2049243819
-2475.9268922826 -2818.2079132007
-2497.6849832865 -2811.6154017838
-2516.7472983404 -2807.6055905681
-2532.8985242209 -2806.3630693559
-2545.9150528275 -2808.0788168148
-2555.5649807706 -2812.9502000439
-2561.6081090150 -2821.1809741943
-2563.7959425689 -2832.9812821363
-2561.8716902121 -2848.5676541669
-2555.5702642565 -2868.1630077505
-2544.6182803354 -2891.9966472894
-2528.7340572166 -2920.3042639191
-2507.6276166359 -2953.3279353256
-2481.0006831492 -2991.3161255817

4278.3789960604 1130.2745416534
4313.5715770917 1033.2084359718
4342.8671613231 952.4070797857
4366.7469273026 886.5433147451
4385.6715778964 834.3464573196
4400.0813402892 794.6022987990
4410.3959659836 766.1531052933
4417.0147308007 747.8976177334
4420.3164348793 738.7910518710
4420.6594026763 737.8450982794
4418.3814829661 744.1279223533
4413.8000488408 756.7641643097
4407.2119977100 774.9349391877
4398.8937513007 797.8778368493
4389.1012556573 824.8869219792
4378.0699811410 855.3127340857
4366.0149224303 888.5622875007
4353.1305985205 924.0990713799
4339.5910527238 961.4430497035
4325.5498526689 1000.1706612763
4311.1400903012 1039.9148197280
4296.4743818824 1080.3649135136
4281.6448679906 1121.2668059139
4266.7232135200 1162.4228350353
4251.7606076811 1203.6918138109
4236.7877640000 1244.9890300000
4221.8149203189 1286.2862461891
4206.8523144800 1327.5552249647
4191.9306600094 1368.7112540861
4177.1011461176 1409.6131464863
4162.4354376988 1450.0632402720
4148.0256753311 1489.8073987237
4133.9844752762 1528.5350102965
4120.4449294795 1565.8789886201
4107.5606055697 1601.4157724993
4095.5055468590 1634.6653259143
4084.4742723427 1665.0911380208
4074.6817766993 1692.1002231507
4066.3635302900 1715.0431208123
4059.7754791592 1733.2138956903
4055.1940450339 1745.8501376467
4052.9161253237 1752.1329617206
4053.2590931207 1751.1870081290
4056.5607971993 1742.0804422666
4063.1795620164 1723.8249547067
4073.4941877108 1695.3757612010
4087.9039501036 1655.6316026804
4106.8286006973 1603.4347452549
4130.7083666769 1537.5709802143
4160.0039509083 1456.7696240282
4195.1965319396 1359.7035183466

-4807.4929684216 2644.9525133078
-4678.0720501513 2515.0306328134
-4600.4194991892 2437.0775045168
-4574.5353155351 2411.0931284179
-4600.4194991892 2437.0775045168
-4678.0720501513 2515.0306328134
-4807.4929684216 2644.9525133078

-4283.0497833579 2662.6136535915
-4181.0782463672 1961.9233706565
-4159.2287200654 1059.3568770883
-4179.6256510983 74.7267235377
-4216.0357108574 -926.0475455662
-4259.2112283209 -1921.6555704191
-4311.4003673852 -2868.4686641180
-4366.4940608365 -3669.2477430589

-591.5375683216 -3651.4956043415

0.0000000000 0.0000000000

-591.5202894998 -30.2837668769
-138.5461187199 431.9317995417
291.1292004875 875.1645063725
697.6473679720 1299.3536691005
1081.1493336735 1704.4384029961
1441.7753030663 2090.3576165250
1779.6647426588 2457.0500047541
2094.9563855490 2804.4540427511
2387.7882370340 3132.5079789815
2658.2975802761 3441.1498287020
2906.6209820231 3730.3173673512
3132.8942983834 3999.9481239402
3337.2526806562 4249.9793744411
3519.8305812162 4480.3481351770
3680.7617594517 4690.9911562126
3820.1792877584 4881.8449147467
3938.2155575854 5052.8456085081
4035.0022855355 5203.9291491548
4110.6705195192 5335.0311556778
4165.3506449607 5446.0869478107
4199.1723910573 5537.0315394454
4212.2648370910 5607.7996320555
4204.7564187918 5658.3256081270
4176.7749347531 5688.5435245992
4128.4475528976 5698.3871063143
4059.9008169949 5687.7897394788
3971.2606532290 5656.6844651363
3862.6523768154 5605.0039726527
3734.2006986684 5532.6805932153
3586.0297321169 5439.6462933456
3418.2629996690 5325.8326684287
3231.0234398241 5191.1709362573
3024.4334139332 5035.5919305941
2798.6147131054 4859.0260947513
2553.6885651608 4661.4034751897
2289.7756416296 4442.6537151367
2006.9960647957 4202.7060482256
1705.4694147855 3941.4892921560
1385.3147366997 3658.9318423769
1046.6505477886 3354.9616657928
689.5948446709 3029.5062944936
314.2651105923 2682.4928195102
-79.2216772726 2313.8478845953
-490.7490404800 1923.4976800307
-920.2009919351 1511.3679364628
-1367.4620284730 1077.3839187653
-1832.4171234002 621.4704199323

3854.5991671751 0.0000000000

2108.1009561568 1834.2478979989
2333.3094643358 2123.8642006516
2548.7674321886 2400.9413880603
2754.5720901536 2665.6044977748
2950.8201814557 2917.9779407924
3137.6079621062 3158.1855015575
3315.0312009029 3386.3503379624
3483.1851794304 3602.5949813466
3642.1646920595 3807.0413364970
3792.0640459476 3999.8106816481
3932.9770610389 4181.0236684818
4064.9970700637 4350.8003221273
4188.2169185391 4509.2600411616
4302.7289647687 4656.5215976088
4408.6250798424 4792.7031369405
4505.9966476370 4917.9221780759
4594.9345648156 5032.2956133816
4675.5292408277 5135.9397086716
4747.8705979096 5228.9701032073
4812.0480710839 5311.5018096977
4868.1506081598 5383.6492142990
4916.2666697332 5445.5260766151
4956.4842291861 5497.2455296972
4988.8907726875 5538.9200800441
5013.5732991925 5570.6616076017
5030.6183204431 5592.5813657638
5040.1118609675 5604.7899813714
5042.1394580806 5607.3974547128
5036.7861618839 5600.5131595241
5024.1365352651 5584.2458429885
5004.2746538988 5558.7036257369
4977.2841062458 5523.9940018475
4943.2479935536 5480.2238388460
4902.2489298563 5427.4993777056
4854.3690419743 5365.9262328467
4799.6899695147 5295.6093921375
4738.2928648709 5216.6532168934
4670.2583932231 5129.1614418773
4595.6667325378 5033.2371752995
4514.5975735682 4928.9828988178
4427.1301198539 4816.5004675375
4333.3430877210 4695.8911100112
4233.3147062821 4567.2554282391
4127.1227174366 4430.6933976686
4014.8443758700 4286.3043671949
3896.5564490545 4134.1870591603
3772.3352172490 3974.4395693547
3642.2564734987 3807.1593670155
3506.3955236353 3632.4432948274
3364.8271862772 3450.3875689226
3217.6257928291 3261.0877788808
3064.8651874824 3064.6388877291
2906.6187272149 2861.1352319419
2742.9592817910 2650.6705214412
2573.9592337616 2433.3378395965
2399.6904784641 2209.2296432246
2220.2244240224 1978.4377625898
2035.6319913469 1741.0534014037
1845.9836141346 1497.1671368257
1651.3492388689 1246.8689194622
1451.7983248199 990.2480733673
1247.3998440440 727.3932960425
1038.2222813842 458.3926584368
824.3336344702 183.3336049464
605.8014137178 -97.6970465849
382.6926423298 -384.6131048657
155.0738562951 -677.3290051574
-76.9888956105 -975.7598092740
-313.4300518251 -1279.8212055819

-3747.3057655000 -4303.7322338284
-3747.3074670768 -4303.7282077467
-3747.3099181408 -4303.7224083117
-3747.3130549360 -4303.7149863758
-3747.3168165400 -4303.7060860869
-3747.3211448640 -4303.6958448881
-3747.3259846528 -4303.6843935182
-3747.3312834848 -4303.6718560114
-3747.3369917720 -4303.6583496972
-3747.3430627600 -4303.6439852007
-3747.3494525280 -4303.6288664425
-3747.3561199888 -4303.6130906384
-3747.3630268888 -4303.5967482999
-3747.3701378080 -4303.5799232339
-3747.3774201600 -4303.5626925427
-3747.3848441920 -4303.5451266240
-3747.3923829848 -4303.5272891711
-3747.4000124528 -4303.5092371726
-3747.4077113440 -4303.4910209127
-3747.4154612400 -4303.4726839709
-3747.4232465560 -4303.4542632222
-3747.4310545408 -4303.4357888371
-3747.4388752768 -4303.4172842816
-3747.4467016800 -4303.3987663169
-3747.4545295000 -4303.3802450000
-3747.4623573200 -4303.3617236831
-3747.4701837232 -4303.3432057184
-3747.4780044592 -4303.3247011629
-3747.4858124440 -4303.3062267778
-3747.4935977600 -4303.2878060291
-3747.5013476560 -4303.2694690873
-3747.5090465472 -4303.2512528274
-3747.5166760152 -4303.2332008289
-3747.5242148080 -4303.2153633760
-3747.5316388400 -4303.1977974573
-3747.5389211920 -4303.1805667661
-3747.5460321112 -4303.1637417001
-3747.5529390112 -4303.1473993616
-3747.5596064720 -4303.1316235575
-3747.5659962400 -4303.1165047993
-3747.5720672280 -4303.1021403028
-3747.5777755152 -4303.0886339886
-3747.5830743472 -4303.0760964818
-3747.5879141360 -4303.0646451119
-3747.5922424600 -4303.0544039131
-3747.5960040640 -4303.0455036242
-3747.5991408592 -4303.0380816883
-3747.6015919232 -4303.0322822533
-3747.6032935000 -4303.0282561716


8294.1354974889 4683.0816706586

-0.3757328101 3.1194488345
-1.3505445822 3.9938322557
-2.3061074830 4.5509549943
-3.2270852825 4.8461476363
-4.1011286927 4.9280314873
-4.9184295439 4.8386006683
-5.6710829095 4.6134042157
-6.3521992285 4.2819145717
-6.9547414048 3.8682089052
-7.4701560309 3.3920926668
-7.8870018371 2.8706966481
-8.1898411836 2.3203811518
-8.3585559214 1.7586305668
-8.3680591838 1.2056610134
-8.1882631077 0.6856318427
-7.7841663100 0.2274934552
-7.1159766661 -0.1344407117
-6.1392301282 -0.3601123127
-4.8048920596 -0.4034617639
-3.0594391267 -0.2122537438
-0.8449239869 0.2720437693

19.0372261313 14.8594968988
18.1843802659 16.2990729540
17.3321752522 17.7391219386

6.7954976908 10.5006140086
-4.2609677111 5.6555207802
-15.2598092099 0.6133623502

19.3838684429 -43.2613168494
27.8395843584 -59.0169321864
38.4314014957 -56.9662068740
49.3261546795 -44.4021629875
59.4901897082 -26.5950236257
68.5583628091 -6.8087521679
76.2670328681 13.3984969896
81.3919698981 32.5891811765
81.5846604418 47.8246087828
73.5377890573 54.2530117590
53.0451238360 45.0371581499

-3.7975322103 0.6242317789
-3.3999680763 0.4126104915
-2.5603704770 0.4692961767
-1.4663504889 0.7029454017
-0.2531341689 1.0411817518
0.9956527016 1.4315055375
2.2419823039 1.8451101953
3.4537426909 2.2779972997
4.5547811895 2.7248071805
5.4164701465 3.1649805559
5.8574061719 3.5603989052

8.6837406565 16.5804506446
8.4737515803 16.5012161888
8.2221779510 16.4317860030
7.9323425168 16.3713125729
7.6074295942 16.3189864986
7.2504850680 16.2740364942
6.8644163914 16.2357293874
6.4519925853 16.2033701181
6.0158442385 16.1763017379
5.5584635071 16.1539054087
5.0822041145 16.1356004011
4.5892813507 16.1208440925
4.0817720719 16.1091319645
3.5616146997 16.0999976001
3.0306092204 16.0930126789
2.4904171838 16.0877869718
1.9425617016 16.0839683328
1.3884274452 16.0812426876
0.8292606429 16.0793340171
0.2661690755 16.0780043316
-0.2998779300 16.0770536290
-0.8680495104 16.0763198226
-1.4376532809 16.0756786041
-2.0081353576 16.0750431523
-2.5790803716 16.0743633876
-3.1502112561 16.0736234609
-3.7213848259 16.0728289933
-4.2925300850 16.0719525405
-4.8634989009 16.0709021041
-5.4340122630 16.0695390182
-6.0036542343 16.0676839911
-6.5718709465 16.0651186084
-7.1379703203 16.0615858432
-7.7011219607 16.0567902716
-8.2603571089 16.0503981797
-8.8145686178 16.0420376219
-9.3625109384 16.0312984556
-9.9028001111 16.0177323627
-10.4339137601 16.0008528644
-10.9541910903 15.9801353312
-11.4618328843 15.9550169893
-11.9549015006 15.9248969264
-12.4313208729 15.8891360954
-12.8888765082 15.8470573169
-13.3252154867 15.7979452819
-13.7378464609 15.7410465534
-14.1241396554 15.6755695679
-14.4813268661 15.6006846363
-14.8065014604 15.5155239453
-15.0966183766 15.4191815576
-15.3484941237 15.3107134131
-15.5588067814 15.1891373288

731.7010066550 1407.2132026770
769.4647245550 1246.5045394735
817.6346957839 1040.7371412839
872.0953469632 807.7119772674
929.7614322938 560.7797776623
988.5780335982 308.8410335995
1047.5205603483 56.3459969123
1106.3314243856 -195.5927595324
1163.9745608222 -442.5250086244
1218.3835770860 -675.5502839646
1266.4617529792 -881.3178800472
1304.0820407227 -1042.0268524460

15.6031521692 -72.4285606913

27.1056600881 32.7053548795

-14.3290280325 2.8033419033
-14.4309711994 7.1764731036
-14.8712107368 11.2513443137
-15.6229038393 15.0425409105
-16.6603659602 18.5642518125
-17.9590664846 21.8302648155
-19.4956236461 24.8539613092
-21.2477985281 27.6483102788
-23.1944879528 30.2258614850
-25.3157160144 32.5987377017
-27.5926239500 34.7786258737
-30.0074579711 36.7767670462
-32.5435545813 38.6039449047
-35.1853227926 40.2704727636
-37.9182225136 41.7861788477
-40.7287382119 43.1603897436
-43.6043467673 44.4019119600
-46.5334782153 45.5190116454
-49.5054678750 46.5193926918
-52.5104981773 47.4101737187
-55.5395284201 48.1978648015
-58.5842107602 48.8883452791
-61.6367910986 49.4868445180
-64.6899942318 49.9979280299
-67.7368937642 50.4254917107
-70.7707687666 50.7727669804
-73.7849507992 51.0423391232
-76.7726663560 51.2361800703
-79.7268806314 51.3556953928
-82.6401484790 51.4017836827
-85.5044775104 51.3749051985
-88.3112067244 51.2751559365
-91.0509022738 51.1023432599
-93.7132703724 50.8560597407
-96.2870861572 50.5357527204
-98.7601366217 50.1407880071
-101.1191754614 49.6705069417
-103.3498876993 49.1242766864
-105.4368621581 48.5015340090
-107.3635701282 47.8018230850
-109.1123488719 47.0248279510
-110.6643888725 46.1704002763
-111.9997239742 45.2385830907
-113.0972237450 44.2296310526
-113.9345875503 43.1440277772
-114.4883399443 41.9825006742
-114.7338270764 40.7460336796
-114.6452138837 39.4358782098
-114.1954818926 38.0535626110
-113.3564274938 36.6009003370
-112.0986605872 35.0799970465
-110.3916035159 33.4932567840
-108.2034902280 31.8433873789
-105.5013656171 30.1334051764
-102.2510850042 28.3666391962
-98.4173137318 26.5467347999
-93.9635268473 24.6776569334
-88.8520088568 22.7636930037
-83.0438535354 20.8094554371
-76.4989637830 18.8198839607
-69.1760515157 16.8002476435
-61.0326375858 14.7561467258
-52.0250517259 12.6935142632
-42.1084325099 10.6186176086
-31.2367273294 8.5380597497
-19.3626923824 6.4587805199
-6.4378926697 4.3880576969

-132.9672830046 -73.0944002796
-73.9069312387 -85.1941474417
-9.2054241907 -92.8661761887
54.8197772970 -97.6352867774
109.1411623657 -96.6645528350
132.9570390301 -85.8572357577
93.0360261140 -60.7817999870


17.7572094961 -176.1250545331
6.1587097728 -42.9272416367
-5.5905827603 94.2431627415
-16.8320396647 227.6062343838

6.1563293609 -4.1840048631
5.8822902829 -3.4732529691
5.5402345705 -2.7552307462
5.1492330977 -2.0270907034
4.7247065815 -1.2871258235
4.2785208865 -0.5344561686
3.8192805745 0.2315518221
3.3531102203 1.0122130331
2.8851672317 1.8105327232
2.4214686451 2.6317395922
1.9702565382 3.4832766430
1.5427325998 4.3746121331
1.1534053713 5.3170770333

-196.8998012260 -52.1727294923
-179.4276753249 -31.5284228147
-164.0530714928 -13.0665480705
-150.6535474629 3.3350868611
-139.1103444932 17.7951523119
-129.3083873516 30.4287968116
-121.1362842998 41.3476470714
-114.4863270741 50.6598079667
-109.2544908646 58.4698625164
-105.3404342901 64.8788718602
-102.6474993705 69.9843752314
-101.0827114932 73.8803899266
-100.5567793759 76.6574112698
-100.9840950211 78.4024125711
-102.2827336634 79.1988450771
-104.3744537071 79.1266379137
-107.1846966504 78.2621980172
-110.6425869951 76.6784100512
-114.6809321351 74.4446363065
-119.2362222203 71.6267165793
-124.2486299860 68.2869680190
-129.6620105382 64.4841849396
-135.4239010777 60.2736385800
-141.4855205426 55.7070767956
-147.8017691323 50.8327236562
-154.3312276646 45.6952789094
-161.0361566827 40.3359172509
-167.8824951789 34.7922873051
-174.8398587088 29.0985101606
-181.8815364838 23.2851771888
-188.9844866545 17.3793466580
-196.1293281502 11.4045382048
-203.3003253323 5.3807232379
-210.4853557549 -0.6756929637
-217.6758314059 -6.7519071454
-224.8664633429 -12.8387894409
-232.0544084932 -18.9309262370
-239.2367130993 -25.0257085059
-246.4073637793 -31.1203432907
-253.5565056426 -37.2095801101
-260.6704751629 -43.2849887818
-267.7318570729 -49.3347548583
-274.7195139246 -55.3436087498
-281.6086012126 -61.2927959365
-288.3705756360 -67.1600625131
-294.9731999270 -72.9196473932
-301.3805458390 -78.5422777529
-307.5529960894 -83.9951661985
-313.4472456730 -89.2420089160
-319.0163027807 -94.2429844121
-324.2094894612 -98.9547526288
-328.9724421089 -103.3304543029
-333.2471118314 -107.3197104916
-336.9717647313 -110.8686222130
-340.0809821269 -113.9197701695
-342.5056607259 -116.4122145317
-344.1730127647 -118.2814947661
-345.0065661223 -119.4596294972
-344.9261644123 -119.8751163952
-343.8479670599 -119.4529320837
-341.6844493658 -118.1145320633
-338.3444025599 -115.7778506477
-333.7329338469 -112.3573009102
-327.7514664449 -107.7637746377
-320.2977396191 -101.9046422918
-311.2658087098 -94.6837529757
-300.5460451582 -86.0014344047
-288.0251365270 -75.7544928818
-273.5860865204 -63.8362132753

-0.7349877986 4.3283397236
-0.0576737738 4.9833780160
0.5454212145 5.5387984748
1.0796172869 5.9945258339
1.5500410155 6.3503863042
1.9616398995 6.6060979626
2.3191978279 6.7612612862
2.6273514854 6.8153499366
2.8906076410 6.7677018991
3.1133612312 6.6175110819
3.2999141350 6.3638194729
3.4544945128 6.0055099437
3.5812765697 5.5412997774
3.6844005898 4.9697349801
3.7679930830 4.2891854168
3.8361868817 3.4978407952
3.8931410324 2.5937074979
3.9430603325 1.5746062471
3.9902143775 0.4381705679

-89.3142878485 33.2687835900
-92.9666848075 40.4421026817
-97.8259371543 49.9813091148
-103.5684291808 61.2545406570
-109.9209551925 73.7279010056
-116.6607195058 86.9654597884
-123.6153364416 100.6292525681
-130.6628303065 114.4792808517
-137.7316352896 128.3735121420
-144.8002785701 142.2676110741
-151.8395111793 156.1076747788
-158.7696688420 169.7418379792
-165.4606771577 182.9202695270
-171.7320516799 195.2951723604
-177.3528979335 206.4207834957
-182.0419114202 215.7533740245
-185.4673776215 222.6512491127

0.4224651831 -2.3187103805
0.5741146748 -2.4176316186
0.8481739068 -2.4819958029
1.1714261034 -2.5308237904
1.5035285533 -2.5757247615
1.8342204369 -2.6201869647
2.1380859762 -2.6674538223
2.3568278275 -2.7280976289
2.3992691011 -2.8200822115

-1.4693936232 -1.0120382658
-1.3070305415 -1.4183146112
-1.1373358457 -1.6671404973
-0.9700401022 -1.7747894108
-0.8138704598 -1.7560465665
-0.6766933623 -1.6242169322
-0.5656889125 -1.3911482118
-0.4875592066 -1.0672760459
-0.4487695690 -0.6616996625
-0.4558165794 -0.1822955734
-0.5155109910 0.3641262427

-3310.0692283572 1102.0451561813
-3296.9949062512 1103.1521621083
-3277.2266756877 1106.1860404292
-3251.0746034986 1111.0596988766
-3218.8414033420 1117.6880582683
-3180.8224357028 1125.9880525077
-3137.3057078925 1135.8786285848
-3088.5718740495 1147.2807465765
-3034.8942351398 1160.1173796483
-2976.5387389566 1174.3135140546
-2913.7639801212 1189.7961491399
-2846.8212000829 1206.4942973406
-2775.9542871199 1224.3389841855
-2701.3997763392 1243.2632482982
-2623.3868496777 1263.2021413983
-2542.1373359022 1284.0927283038
-2457.8657106106 1305.8740869330
-2370.7790962323 1328.4873083074
-2281.0772620292 1351.8754965546
-2188.9526240969 1375.9837689117
-2094.5902453655 1400.7592557297
-1998.1678356015 1426.1511004776
-1899.8557514090 1452.1104597483
-1799.8169962320 1478.5905032652
-1698.2072203563 1505.5464138899
-1595.1747209131 1532.9353876313
-1490.8604418816 1560.7166336576
-1385.3979740939 1588.8513743097
-1278.9135552398 1617.3028451187
-1171.5260698739 1646.0362948273
-1063.3470494239 1675.0189854174
-954.4806722019 1704.2201921458
-845.0237634187 1733.6112035899
-735.0657952042 1763.1653217108
-624.6888866346 1792.8578619375
-513.9678037722 1822.6661532879
-402.9699597232 1852.5695385423
-291.7554147274 1882.5493745068
-180.3768763046 1912.5890324317
-68.8796995079 1942.6738987145
42.6981125933 1972.7913761856
154.3259078729 2002.9308867260
265.9803824440 2033.0838775249
377.6455710449 2063.2438404315
489.3127818954 2093.4064084734
600.9790703340 2123.5700780658
712.6382412770 2153.7348301999
824.2768327971 2183.8990738089
935.8740259211 2214.0592696044
1047.4016458299 2244.2098853886
1158.8241630609 2274.3433846586
1270.0986941126 2304.4502224214
1381.1750017629 2334.5188433027
1491.9954952495 2364.5356805683
1602.4952303793 2394.4851555685
1712.6019095980 2424.3496773983
1822.2358820365 2454.1096426784
1931.3101435432 2483.7434354076
2039.7303367072 2513.2274268603
2147.3947508745 2542.5359755121
2254.1943221611 2571.6414269852
2360.0126334625 2600.5141140073
2464.7259144610 2629.1223563797
2568.2030416317 2657.4324609532
2670.3055382472 2685.4087216078
2770.8875743814 2713.0134192376
2869.7959669125 2740.2068217378
2966.8701795258 2766.9471839941
3061.9423227156 2793.1907478746
3154.8371537869 2818.8917422217
3245.3720768574 2844.0023828471
3333.3571428581 2868.4728725257
3418.5950495350 2892.2514009917
3500.8811414497 2915.2841449348
3580.0034099804 2937.5152679967
3655.7424933225 2958.8869207686
3727.8716764892 2979.3392407886
3796.1568913123 2998.8103525393
3860.3567164423 3017.2363674463
3920.2223773492 3034.5513838764
3975.4977463225 3050.6874871360
4025.9193424720 3065.5747494698
4071.2163317276 3079.1412300596
4111.1105268401 3091.3129750235
4145.3163873809 3102.0140174147
4173.5410197426 3111.1663772205
4195.4841771392 3118.6900613621
4210.8382596060 3124.5030636933

0.8652134149 -1.9242857624
0.6646046153 -1.9028012833
0.4620183238 -1.6670686303
0.2674419274 -1.3243172510
0.0833823576 -0.9438878191
-0.0926288727 -0.5581198475
-0.2534175938 -0.1836163066
-0.3781505107 0.1344688357
-0.4369914319 0.3136794528

2417.8686188620 1029.6068206466
2436.8614208243 976.3682882276
2463.0811758634 911.9679294970
2492.4585829937 843.1378138368
2522.5870222128 773.5445089129
2552.7580130553 704.1358284214
2582.0422891679 637.3789587679
2607.8727674599 578.8145769842

17.0553261863 22.7525821610
17.0125723572 22.6886259806
16.9551381063 22.5729539669
16.8837648223 22.4082216385
16.7991746890 22.1970145245
16.7020706854 21.9418481645
16.5931365856 21.6451681088
16.4730369588 21.3093499178
16.3424171694 20.9366991629
16.2019033770 20.5294514257
16.0521025362 20.0897722983
15.8936023966 19.6197573835
15.7269715033 19.1214322945
15.5527591961 18.5967526551
15.3714956101 18.0476040995
15.1836916756 17.4758022726
14.9898391178 16.8830928296
14.7904104571 16.2711514364
14.5858590088 15.6415837695
14.3766188834 14.9959255156
14.1631049864 14.3356423723
13.9457130183 13.6621300476
13.7248194746 12.9767142601
13.5007816458 12.2806507388
13.2739376171 11.5751252236
13.0446062689 10.8612534646
12.8130872761 10.1400812228
12.5796611085 9.4125842699
12.3445890306 8.6796683878
12.1081131010 7.9421693697
11.8704561731 7.2008530191
11.6318218937 6.4564151506
11.3923947038 5.7094815898
11.1523398369 4.9606081733
10.9118033186 4.2102807494
10.6709119646 3.4589151784
10.4297733776 2.7068573339
10.1884759399 1.9543831050
9.9470887957 1.2016984035
9.7056617863 0.4489391910
9.4642249667 -0.3038282351
9.2227839020 -1.0565826771
8.9813469949 -1.8092501155
8.7399412275 -2.5616865212
8.4986126860 -3.3136778598
8.2574266271 -4.0649401008
8.0164674967 -4.8151192207
7.7758389372 -5.5637912049
7.5356637908 -6.3104620479
7.2960841012 -7.0545677539
7.0572611147 -7.7954743373
6.8193752808 -8.5324778225
6.5826262527 -9.2648042439
6.3472328876 -9.9916096465
6.1134332466 -10.7119800854
5.8814845954 -11.4249316262
5.6516634038 -12.1294103449
5.4242653462 -12.8242923277
5.1996053015 -13.5083836714
4.9780173532 -14.1804204832
4.7598547895 -14.8390688809
4.5454901030 -15.4829249924
4.3353149912 -16.1105149564
4.1297403562 -16.7202949220
3.9291963048 -17.3106510485
3.7341321486 -17.8798995061
3.5450164039 -18.4262864751
3.3623367917 -18.9479881465
3.1866002379 -19.4431107218
3.0183328730 -19.9096904128
2.8580800323 -20.3456934420
2.7064062560 -20.7490160423
2.5638952890 -21.1174844570
2.4311500809 -21.4488549400
2.3087927863 -21.7408137557
2.1974647644 -21.9909771789
2.0978265794 -22.1968914951

96.9823785735 60.9113617904
96.7555994078 60.7982222509
96.4479333939 60.7220791763
96.0626436239 60.6811632704
95.6029253882 60.6737481404
95.0719061725 60.6981502897
94.4726456545 60.7527291108
93.8081357005 60.8358868775
93.0813003612 60.9460687357
92.2949958677 61.0817626941
91.4520106271 61.2414996133
90.5550652170 61.4238531940
89.6068123803 61.6274399643
88.6098370193 61.8509192645
87.5666561884 62.0929932317
86.4797190878 62.3524067812
85.3514070545 62.6279475865
84.1840335538 62.9184460564
82.9798441694 63.2227753095
81.7410165921 63.5398511452
80.4696606079 63.8686320103
79.1678180842 64.2081189619
77.8374629543 64.5573556238
76.4805012004 64.9154281373
75.0987708343 65.2814651033
73.6940418754 65.6546375164
72.2680163264 66.0341586861
70.8223281457 66.4192841463
69.3585432152 66.8093115463
67.8781593053 67.2035805226
66.3826060343 67.6014725445
64.8732448221 68.0024107280
63.3513688391 68.4058596093
61.8182029472 68.8113248667
60.2749036353 69.2183529763
58.7225589483 69.6265307815
57.1621884114 70.0354849486
55.5947429534 70.4448812724
54.0211048376 70.8544237794
52.4420876146 71.2638535563
50.8584361247 71.6729472052
49.2708266024 72.0815147843
47.6798669723 72.4893970447
46.0860974978 72.8964617075
44.4899920498 73.3025984686
42.8919604289 73.7077123887
41.2923523694 74.1117154083
39.6914640014 74.5145160076
38.0895474569 74.9160075756
36.4868237672 75.3160566954
34.8834982503 75.7144928982
33.2797767220 76.1111010976
31.6758806824 76.5056170415
30.0720602047 76.8977252888
28.4686040910 77.2870588680
26.8658474926 77.6731998379
25.2641774700 78.0556802229
23.6640370019 78.4339830209
22.0659278716 78.8075431439
20.4704127578 79.1757482383
18.8781167635 79.5379393758
17.2897285478 79.8934116262
15.7060011735 80.2414145280
14.1277527516 80.5811524752
12.5558669363 80.9117850345
10.9912933106 81.2324272068
9.4350476904 81.5421496443
7.8882123655 81.8399788304
6.3519362948 82.1248972307
4.8274352640 82.3958434197
3.3159920146 82.6517121881
1.8189563515 82.8913546340
0.3377452311 83.1135782410
-1.1261571634 83.3171469448
-2.5711993595 83.5007811911
-3.9957625418 83.6631579856
-5.3981605062 83.8029109378
-6.7766396209 83.9186302988
-8.1293787921 84.0088629949
-9.4544894353 84.0721126571
-10.7500154490 84.1068396470
-12.0139331926 84.1114610799
-13.2441514665 84.0843508457
-14.4385114952 84.0238396266
-15.5947869112 83.9282149143
-16.7106837418 83.7957210242
-17.7838403967 83.6245591089
-18.8118276572 83.4128871703
-19.7921486664 83.1588200700
-20.7222389205 82.8604295398
-21.5994662607 82.5157441900
-22.4211308659 82.1227495182
-23.1844652468 81.6793879160
-23.8866342394 81.1835586765

3471.0124340197 -2050.8683174952
3450.5096112515 -2063.6195344651
3418.9417969572 -2072.2735230405
3377.2771598155 -2077.1294998409
3326.4392905486 -2078.4756066178
3267.3072039075 -2076.5889050280
3200.7153411147 -2071.7353703123
3127.4535729066 -2064.1698835777
3048.2672033665 -2054.1362222775
2963.8569748192 -2041.8670483353
2874.8790741775 -2027.5838931406
2781.9451413090 -2011.4971383263
2685.6222802812 -1993.8059907479
2586.4330748087 -1974.6984493329
2484.8556100087 -1954.3512602605
2381.3235039488 -1932.9298549497
2276.2259549714 -1910.5882619536
2169.9078155934 -1887.4689778914
2062.6697135510 -1863.7027715697
1954.7682617714 -1839.4083744273
1846.4164485678 -1814.6919687408
1737.7844242767 -1789.6463015708
1629.0012368466 -1764.3490985417
1520.1589732583 -1738.8602891387
1411.3226565080 -1713.2181080919
1302.5496958192 -1687.4373169699
1193.9141505906 -1661.5150095545
1085.5236137694 -1635.4412403822
977.5264833338 -1609.2072809080
870.1144573537 -1582.8101474925
763.5233701176 -1556.2548861798
658.0334881847 -1529.5557579882
553.9696216172 -1502.7368908037
451.7011671459 -1475.8326601654
351.6421246015 -1448.8879240129
254.2511023738 -1421.9581742691
160.0313182935 -1395.1096386549
69.5305986520 -1368.4193514110
-16.6586234520 -1341.9752038535
-97.8993099175 -1315.8759814216
-173.5098193751 -1290.2313914171
-242.7639087642 -1265.1620841706
-304.8907347288 -1240.7996694619
-359.0748548376 -1217.2867294491
-404.4562286422 -1194.7768289834
-440.1302185941 -1173.4345239361
-465.1475908382 -1153.4353679931
-478.5145159006 -1134.9659182527
-479.1925692864 -1118.2237398789

-1.3338219446 0.8584466698

1.1018472094 -1.7970707584
1.1726236114 -1.7880196013
1.2806973908 -1.7867355050
1.4168448206 -1.7929831554
1.5732487276 -1.8063463446
1.7434880819 -1.8262602600
1.9225121421 -1.8520712240
2.1065713908 -1.8831505758
2.2930299107 -1.9191003071
2.4799229051 -1.9600366736
2.6652428986 -2.0067800956
2.8462670274 -2.0608136314
3.0191679028 -2.1241384584

-1720.4830171374 3069.1133162864
-1681.5911745088 3905.2046299922
-1642.6993296696 4741.2959317075

-218.3125195863 133.8646540196
-169.3582482889 101.2639600615
-118.9921492704 67.7439117124
-70.0332418998 35.2123168809

1450.2379688553 7619.0261240116
1368.2178611733 7706.2744293917
1278.1444928364 7778.5949887618
1180.4965889613 7836.5649866841
1075.7387097647 7880.7491851316
964.3212866792 7911.6999046540
846.6806621128 7929.9570041321
723.2391332986 7936.0478590101
594.4050007467 7930.4873378837
460.5726218826 7913.7777773191
322.1224705438 7886.4089547705
179.4212031041 7848.8580594619
32.8217321105 7801.5896610955
-117.3366915451 7745.0556762536
-270.7283867471 7679.6953323688
-427.0411392112 7605.9351291498
-585.9760859066 7524.1887973788
-747.2475850374 7434.8572550342
-910.5830694890 7338.3285607480
-1075.7228813277 7234.9778646924
-1242.4200845676 7125.1673571016
-1410.4402529993 7009.2462147942
-1579.5612294030 6887.5505462700
-1749.5728519405 6760.4033362402
-1920.2766429499 6628.1143908168
-2091.4854547550 6490.9802850694
-2263.0230664769 6349.2843152718
-2434.7237252294 6203.2964589320
-2606.4316245398 6053.2733466557
-2778.0003124506 5899.4582510441
-2949.2920216058 5742.0810991780
-3120.1769138632 5581.3585167677
-3290.5322327304 5417.4939136820
-3460.2413583904 5250.6776222075
-3629.1927624052 5081.0871008293
-3797.2788624890 4908.8872173211
-3964.3947820382 4734.2306251640
-4130.4370242597 4557.2582464315
-4295.3020764125 4378.0998719843
-4458.8849653262 4196.8748859424
-4621.0777902616 4013.6931160105
-4781.7682625647 3828.6558046883
-4940.8382827849 3641.8566893758
-5098.1625846202 3453.3831727476
-5253.6074712677 3263.3175594339
-5407.0296640018 3071.7383317162
-5558.2752758550 2878.7214360032
-5707.1789161016 2684.3415532331
-5853.5629246604 2488.6733296436
-5997.2367301707 2291.7925489061
-6137.9963216399 2093.7772317260
-6275.6238212414 1894.7086540523
-6409.8871448677 1694.6722795519
-6540.5397371140 1493.7586057348
-6667.3203681777 1292.0639259692
-6789.9529813899 1089.6910116371
-6908.1465815401 886.7497199579
-7021.5951556250 683.3575336891
-7129.9776190504 479.6400391477
-7232.9577815734 275.7313489104
-7330.1843283698 71.7744752528
-7421.2908125401 -132.0783400344
-7505.8956561371 -335.6653343032
-7583.6021574299 -538.8149665418
-7653.9985026264 -741.3456895632
-7716.6577806813 -943.0657482293
-7771.1380001410 -1143.7730004848
-7816.9821072261 -1343.2547583774
-7853.7180045530 -1541.2876465951
-7880.8585700483 -1737.6374763689
-7897.9016757298 -1932.0591328656
-7904.3302061175 -2124.2964744401
-7899.6120761128 -2314.0822423257
-7883.2002482321 -2501.1379795274
-7854.5327491259 -2685.1739578412
-7813.0326853423 -2865.8891120604
-7758.1082583196 -3042.9709805496
-7689.1527786046 -3216.0956514714
-7605.5446793104 -3384.9277140378
-7506.6475288326 -3549.1202142391
-7391.8100428505 -3708.3146145670
-7260.3660956420 -3862.1407573095
-7111.6347307454 -4010.2168310441

47.0357564350 50.2597657358
15.0554154807 38.7450866639

3.5425173000 -1.7813331437
3.6579877132 -1.3452878110
3.6768339963 -0.9669660431
3.6141795765 -0.6418859306
3.4837524864 -0.3657309947
3.2979011191 -0.1343729449
3.0676173413 0.0560983492
2.8025709570 0.2093353377
2.5111617556 0.3286810410
2.2005985449 0.4171026998
1.8770183386 0.4771104038
1.5456614768 0.5106653165
1.2111157101 0.5190908584
0.8776288615 0.5030094711
0.5494659522 0.4623287102
0.2312659761 0.3962864651
-0.0716467262 0.3035430559
-0.3530208760 0.1822945386
-0.6055066405 0.0303837182
-0.8205403936 -0.1546042638
-0.9882695327 -0.3752654962
-1.0975038554 -0.6343185540
-1.1356839777 -0.9345601618
-1.0888605726 -1.2788318982
-0.9416805009 -1.6699951261
-0.6773773810 -2.1109119829
-0.2777650578 -2.6044308300


-929.2349750672 1470.1724588188
-397.6158006200 1195.9703169285
149.6460921756 913.6958617382
681.2748475117 639.4880385146

-349.9278430091 117.4929657157
-348.5166910780 116.2863801830
-346.4787490541 114.5527074143
-343.8482835819 112.3209213981
-340.6585981027 109.6191770994
-336.9420328547 106.4748104594
-332.7299648730 102.9143383958
-328.0528079894 98.9634588024
-322.9400128329 94.6470505497
-317.4200668288 89.9891734842
-311.5204941999 85.0130684291
-305.2678559652 79.7411571838
-298.6877499409 74.1950425244
-291.8048107399 68.3955082031
-284.6427097718 62.3625189487
-277.2241552428 56.1152204667
-269.5708921562 49.6719394389
-261.7037023115 43.0501835237
-253.6424043052 36.2666413564
-245.4058535301 29.3371825487
-237.0119421758 22.2768576893
-228.4775992279 15.0998983435
-219.8187904688 7.8197170539
-211.0505184768 0.4489073400
-202.1868226263 -7.0007563011
-193.2407790876 -14.5183183949
-184.2245008263 -22.0936424889
-175.1491376036 -29.7174111522
-166.0248759750 -37.3811259749
-156.8609392898 -45.0771075669
-147.6655876903 -52.7984955568
-138.4461181094 -60.5392485897
-129.2088642681 -68.2941443230
-119.9591966695 -76.0587794202
-110.7015225890 -83.8295695368
-101.4392860488 -91.6037492889
-92.1749677459 -99.3793721560
-82.9100847127 -107.1553099872
-73.6451865501 -114.9312284907
-64.3807041494 -122.7066256743
-55.1180102019 -130.4801724837
-45.8594400473 -138.2497202953
-36.6082920921 -146.0123013180
-27.3688278921 -153.7641286780
-18.1462721793 -161.5005964486
-8.9468128735 -169.2162796617
0.2223989121 -176.9049343153
9.3532488672 -184.5594973761
18.4366594833 -192.1720867823
27.4625900517 -199.7340014445
36.4200366633 -207.2357212467
45.2970322076 -214.6669070474
54.0806463728 -222.0164006794
62.7569856449 -229.2722249504
71.3111933079 -236.4215836433
79.7274494437 -243.4508615164
87.9889709316 -250.3456243034
96.0780114485 -257.0906187138
103.9758614687 -263.6697724326
111.6628482638 -270.0661941205
119.1183359027 -276.2621734145
126.3207252517 -282.2391809269
133.2474539742 -287.9778682464
139.8749965308 -293.4580679375
146.1788641792 -298.6587935406
152.1336049744 -303.5582395724
157.7128037684 -308.1337815253
162.8890822103 -312.3619758681
167.6340987464 -316.2185600455
171.9185486198 -319.6784524783
175.7121638711 -322.7157525636
178.9837133375 -325.3037406745
181.7010026536 -327.4148781601
183.8308742509 -329.0208073458
185.3392073578 -330.0923515332

-0.7975341940 0.4631025153

1371.9596934461 -2213.1738522316
1320.4340039829 -2074.2694363253
1261.0172704964 -1881.7223866463
1195.9893262788 -1651.7934245532
1127.2435143910 -1397.8145049324
1056.2866792727 -1130.1888174752
984.2391420987 -856.3907906331
911.8345836162 -580.9661124731
839.4147153912 -305.5342016162
767.0423964536 -31.4240876491
695.1434397445 237.1236021749
624.5299414873 492.9394553151
556.4004321136 725.9252864260
492.3399050765 923.0541403076
434.3198262663 1068.3702929503

-1.5601694863 -0.9382201818
-2.1651333000 0.1474458677
-2.7448391807 1.1900576471
-3.2995247665 2.1898847405
-3.8294265945 3.1471958171
-4.3347801012 4.0622586313
-4.8158196228 4.9353400221
-5.2727783953 5.7667059132
-5.7058885553 6.5566213128
-6.1153811402 7.3053503130
-6.5014860883 8.0131560901
-6.8644322398 8.6803009042
-7.2044473363 9.3070460986
-7.5217580221 9.8936521002
-7.8165898441 10.4403784190
-8.0891672520 10.9474836476
-8.3397135995 11.4152254614
-8.5684511439 11.8438606182
-8.7756010467 12.2336449579
-8.9613833745 12.5848334023
-9.1260170990 12.8976799550
-9.2697200973 13.1724377008
-9.3927091530 13.4093588059
-9.4951999560 13.6086945173
-9.5774071032 13.7706951627
-9.6395440991 13.8956101504
-9.6818233560 13.9836879685
-9.7044561950 14.0351761854
-9.7076528457 14.0503214488
-9.6916224475 14.0293694858
-9.6565730496 13.9725651029
-9.6027116118 13.8801521851
-9.5302440047 13.7523736960
-9.4393750106 13.5894716775
-9.3303083239 13.3916872495
-9.2032465518 13.1592606094
-9.0583912143 12.8924310321
-8.8959427455 12.5914368696
-8.7161004939 12.2565155507
-8.5190627227 11.8879035805
-8.3050266111 11.4858365405
-8.0741882539 11.0505490879
-7.8267426633 10.5822749555
-7.5628837685 10.0812469513
-7.2828044170 9.5476969582
-6.9866963750 8.9818559337
-6.6747503282 8.3839539094
-6.3471558821 7.7542199910
-6.0041015632 7.0928823575
-5.6457748196 6.4001682614
-5.2723620213 5.6763040279
-4.8840484615 4.9215150547
-4.4810183568 4.1360258117
-4.0634548485 3.3200598405
-3.6315400029 2.4738397543
-3.1854548123 1.5975872372
-2.7253791958 0.6915230441

17.9745508406 -58.9393813530
4.7314607175 -58.2917014421
-8.6028719839 -57.4092744415

-14.7884388333 -73.7701428912
-24.3709102189 -126.7933407402
-28.9802360927 -162.2556659996
-29.7014148352 -183.2570159734
-27.4904932513 -192.5937612465
-23.1747425573 -192.7587002551
-17.4529415377 -185.9409920006
-10.8958616895 -174.0260535340
-3.9471688369 -158.5954010936
3.0747094276 -140.9264132299
9.9720956134 -121.9920975895
16.6548618876 -102.4620904875
23.0931413588 -82.7183439448
29.1852779123 -62.9736991849
34.6530600720 -43.5397235061
39.0560086462 -24.9810915335
41.8107731748 -8.1523190584
42.1985288559 5.7936359310
39.3679035060 15.4026870796
32.3363085628 18.9185593267
19.9906201703 14.2822956485

82.2859374325 -6.2628807845
129.7453369038 -23.5302530767
172.8901145806 -34.0316160869
211.9772201940 -38.5847148084
247.2560127308 -37.9500863073
278.9675674034 -32.8315522908
307.3438278990 -23.8768701541
332.6065679273 -11.6786014172
354.9661207508 3.2247204102
374.6198328911 20.3470093798
391.7502027466 39.2524810829
406.5226833732 59.5527416519
419.0831709575 80.9028679285
429.5552764599 102.9962123059
438.0375892713 125.5576991544
444.6012676855 148.3355103147
449.2883766361 171.0913050993
452.1113639715 193.5894420953
453.0538827665 215.5859429389
452.0728812461 236.8180209095
449.1016234947 256.9948399955
444.0531848242 275.7898600310
436.8240013316 292.8348096054
427.2971793226 307.7151143456
415.3454097357 319.9665139863
400.8334403409 329.0725945734
383.6201238877 334.4629992285
363.5600916342 335.5121311196
340.5051112189 331.5382095185
314.3051858527 321.8025782405
284.8094448530 305.5091947518
251.8668672431 281.8042492346
215.3268722233 249.7758777855
175.0398034657 208.4539443641
130.8573285364 156.8098734032
82.6327702257 93.7565201010

23.6777388752 8.2228784534
23.9176301098 7.8865429548
24.1579776451 7.5433137016
24.3984677763 7.1941054034
24.6388286864 6.8397562206
24.8788284718 6.4810277729
25.1182724580 6.1186052959
25.3569995235 5.7530980892
25.5948770566 5.3850405144
25.8317941002 5.0148939858
26.0676522525 4.6430506546
26.3023541426 4.2698397523
26.5357899169 3.8955376019
26.7678230714 3.5203818000
26.9982776434 3.1445888708
27.2269285451 2.7683733902
27.4534956957 2.3919661109
27.6776414000 2.0156293043
27.8989698703 1.6396686974
28.1170278663 1.2644422686
28.3313057717 0.8903665375
28.5412387394 0.5179210108
28.7462077403 0.1476513277
28.9455404633 -0.2198284998
29.1385120625 -0.5838344697
29.3243457672 -0.9436114091
29.5022133786 -1.2983320965
29.6712356727 -1.6470966024
29.8304827280 -1.9889317857
29.9789741945 -2.3227909035
30.1156795142 -2.6475533068
30.2395181030 -2.9620241982
30.3493595035 -3.2649344388
30.4440235111 -3.5549403913
30.5222802818 -3.8306237921
30.5828504222 -4.0904916462
30.6244050670 -4.3329761397
30.6455659451 -4.5564345668
30.6449054363 -4.7591492678
30.6209466204 -4.9393275773
30.5721633200 -5.0951017795
30.4969801376 -5.2245290700
30.3937724884 -5.3255915228
30.2608666289 -5.3961960619
30.0965396820 -5.4341744364
29.8990196599 -5.4372831985
29.6664854833 -5.4032036851

-184.8283138806 -522.7687089675
-11.2206485043 -398.1493319343
214.5133875668 -238.0852234746
473.6613920755 -55.3223487096
751.6545860804 140.2218416810
1038.0678139826 341.4584114226
1326.6195436539 544.1269384591
1615.1718936150 746.7954569403
1901.7179377106 948.0673165412
2180.1083381463 1143.7173959198
2440.0501340058 1326.6920590043
2667.1067411175 1487.1091551903
2842.6979520290 1612.2580193808

-2.3472928784 -5.7444667471
-5.7484887704 -7.7867696858
-8.6442089316 -9.4045220457
-11.0509934655 -10.6310816343
-12.9849118204 -11.4983929944
-14.4615449983 -12.0370102521
-15.4959664361 -12.2761230247
-16.1027215400 -12.2435857936
-16.2958058833 -11.9659511937
-16.0886421209 -11.4685077035
-15.4940557204 -10.7753222564
-14.5242496804 -9.9092883161
-13.1907784784 -8.8921799631
-11.5045215874 -7.7447125308
-9.4756569983 -6.4866102816
-7.1136352969 -5.1366815386
-4.4271549532 -3.7129015657
-1.4241395802 -2.2325033221

528.3733084785 222.9057514600
510.3225313413 211.3625699983
486.0288599455 196.0420495473
457.1406360946 177.9475093615
425.0540230299 157.9277030320
390.9130054128 136.6768185155
355.6093892840 114.7344782018
319.7828019442 92.4857391147
283.8206913741 70.1610939027
247.8582924285 47.8365996545
212.0130489423 25.5907355817
176.6540487054 3.6567060325
142.4025571415 -17.5777175250
110.1320179934 -37.5701975710
80.9680534564 -55.6238307440
56.2884642211 -70.8871479109
37.7232294927 -82.3541141968


-122.8144219208 -52.5811166595
-237.5028013424 -100.0601632429
-343.4056815309 -141.8169457038
-440.8923159169 -178.1472430112
-530.3238844399 -209.3390097048
-612.0534917450 -235.6723787068
-686.4261652151 -257.4196644254
-753.7788528200 -274.8453661860
-814.4404207609 -288.2061720338
-868.7316508865 -297.7509629614
-916.9652378528 -303.7208176184
-959.4457859950 -306.3490175741
-996.4698058761 -305.8610532157
-1028.3257104695 -302.4746303786
-1055.2938109300 -296.3996778232
-1077.6463118965 -287.8383556972
-1095.6473062647 -276.9850651441
-1109.5527693565 -264.0264592570
-1119.6105524017 -249.1414556148
-1126.0603752361 -232.5012506886
-1129.1338181022 -214.2693364698
-1129.0543124250 -194.6015197536
-1126.0371304127 -173.6459446083
-1120.2893733137 -151.5431186933
-1112.0099581367 -128.4259442513
-1101.3896026181 -104.4197548120
-1088.6108081987 -79.6423589206
-1073.8478407596 -54.2040925587
-1057.2667088620 -28.2078823963
-1039.0251392628 -1.7493226231
-1019.2725495504 25.0832310810
-998.1500178987 52.2085458123
-975.7902502363 79.5523679233
-952.3175456560 107.0472438589
-927.8477618062 134.6322951366
-902.4882835269 162.2529342881
-876.3380004620 189.8605050032
-849.4873032377 217.4118257299
-822.0181135754 244.8686121793
-794.0039718021 272.1967518847
-765.5102154572 299.3654054891
-736.5942934474 326.3459181657
-707.3062673975 353.1105439742
-677.6895487082 379.6310169979
-647.7818992850 405.8770405672
-617.6166843215 431.8147966184
-587.2243165521 457.4055852114
-556.6337923058 482.6046816868
-525.8742075903 507.3604542391
-494.9761600857 531.6137372770
-463.9729783232 555.2974226665
-432.9017561724 578.3362172633
-401.8041983452 600.6465167037
-370.7272981888 622.1363547061
-339.7238748695 642.7053981719
-308.8529968367 662.2449680254
-278.1803153159 680.6380730129
-247.7783275058 697.7594487127
-217.7265851679 713.4755972844
-188.1118608626 727.6448255377
-159.0282812731 740.1172801397
-130.5774348668 750.7349794993
-102.8684594407 759.3318422773
-76.0181138084 765.7337126812
-50.1508369077 769.7583828074
-25.3987968599 771.2156123309
-1.9019319547 769.9071458433
20.1920149007 765.6267281230
40.7274670530 758.1601175986
59.5409893358 747.2850982346
76.4612668972 732.7714900448
91.3090870092 714.3811584094
103.8973233627 691.8680223507
114.0309224473 664.9780618994
121.5068916871 633.4493246678
126.1142890640 597.0119317277
127.6342140066 555.3880828798
125.8397993594 508.2920613867
120.4962042815 455.4302382363
111.3606079438 396.5010759874
98.1822039183 331.1951322490
80.7021951683 259.1950628322
58.6537895618 180.1756246135
31.7621958420 93.8036781392

871.3920303024 -1408.1524839698
880.1558524145 -1388.8259776325
882.2211377052 -1361.4508263926
878.4198823973 -1327.4772191877
869.5263409463 -1288.2068933602
856.2559622623 -1244.7941254151
839.2638927796 -1198.2472541502
819.1428371079 -1149.4311072433
796.4199747033 -1099.0710138414
771.5525547682 -1047.7596763246
744.9219019668 -995.9692281328
716.8263693143 -944.0723222201
687.4761268581 -892.3769294538
656.9960975365 -841.1761270386
625.4427411637 -790.8044719143
592.8317632346 -741.6858875330
559.1667073582 -694.3646820181
524.4613234030 -649.5220553005
488.7546869849 -607.9839879645
452.1208371476 -570.7248570246
414.6748632086 -538.8690784907
376.5768055016 -513.6918516624
338.0342166667 -496.6194905531
299.3038895831 -489.2295627285
260.6930545894 -493.2509375343
222.5602299396 -510.5637919994
185.3158398516 -543.1995977087

-4.8165291499 15.1326154384
-11.9643057533 18.6392196980
-14.3739411823 17.8385205322
-11.0634262340 12.4922752765

25.3772300214 -48.0419653209



-442.4335537569 153.7090954797
-396.5747170645 131.0155506212
-337.9348316570 102.0159803253
-271.5634792085 69.2029432113
-201.2477563324 34.4454436165
-129.5122745807 -1.0110684033
-57.6191604426 -36.5446970725
14.1159627416 -71.9995505740
84.4302513369 -106.7504161180
150.7983766475 -139.5485266303
209.4325249164 -168.5215607541
255.2823973265 -191.1736428508

6.2347720770 -9.3483331244
4.7974418496 -13.1461926013
2.5868184812 -14.7959800495
0.0332569695 -14.6602424584
-2.5164720247 -13.0196476299
-4.7642063014 -10.0703146109
-6.4138485810 -5.9297329989
-7.1218654550 -0.6546569223

-321.9011358476 205.8655760218
-210.9533464138 141.0744102593
-128.8936155964 149.7180532839
-50.0900148071 192.3458437472
37.2359323440 248.3944403752
148.3264291982 308.9459832777
317.2349861285 357.7080618800

-1925.2012421516 -1673.0427068106
-2224.6177636890 -1747.1490217452
-2539.3853767672 -1818.5554250158
-2847.6392148157 -1884.6347701189

-7001.0131222658 872.0840839966
-7078.9242049712 536.3545817966
-7172.8354379370 137.1786957722
-7272.5422707010 -284.6525028720
-7372.9122403556 -708.8996505581
-7472.6795153764 -1130.4184883764
-7566.8324073772 -1528.3449582873
-7645.2871624220 -1861.2632891800

2.7329799061 -0.9399878109
4.2905427256 -8.4253681413
5.0859997218 -15.0072237780

3207.3187020449 -6115.7843690700
-859.4311199690 -6116.6158049033
-4926.1810851736 -6117.4473408372

-5.9765172894 -6.6383145950
-3.2081151803 -8.5105292189
-0.6171788411 -10.2747981731
1.7944469546 -11.9277552101
4.0248960739 -13.4659851319
6.0722812675 -14.8860234037
7.9346944076 -16.1843557813
9.6102067214 -17.3574179530
11.0968690203 -18.4015951940
12.3927119251 -19.3132220339
13.4957460861 -20.0885819370
14.4039623990 -20.7239069932
15.1153322168 -21.2153776219
15.6278075566 -21.5591222860
15.9393213027 -21.7512172164
16.0477874044 -21.7876861473
15.9511010708 -21.6645000607
15.6471389597 -21.3775769412
15.1337593641 -20.9227815387
14.4088023925 -20.2959251411
13.4700901471 -19.4927653542
12.3154268962 -18.5090058908
10.9425992435 -17.3402963670
9.3493762936 -15.9822321056
7.5335098128 -14.4303539474
5.4927343870 -12.6801480694
3.2247675748 -10.7270458087
0.7273100583 -8.5664234940
-2.0019542110 -6.1936022821
-4.9653578691 -3.6038480014

-170.5138055028 -84.3504920557
-165.9548915976 -80.0376994947
-159.5340228662 -73.9846999642
-151.5483583837 -66.4693504308
-142.2692397177 -57.7453551804
-131.9421909287 -48.0422658183
-120.7869185701 -37.5654812692
-108.9973116878 -26.4962477770
-96.7414418205 -14.9916589050
-84.1615629997 -3.1846555357
-71.3741117491 8.8159741293
-58.4697070854 20.9255945691
-45.5131505174 33.0837229436
-32.5434260462 45.2540290933
-19.5737000525 57.4243353660
-6.6166264790 69.5826661363
6.2893261528 81.6928935207
19.0798718142 93.6947369549
31.6649069692 105.5037631931
43.9285105743 117.0113863089
55.7289440789 128.0848676951
66.8986514248 138.5673160635
77.2442590466 148.2776874454
86.5465758718 157.0107851912
94.5605933204 164.5372599707
101.0154853053 170.6036097731
105.6146082323 174.9321799068

37.7498362327 -16.2905997517

-37.0252311990 -78.0931336596
-28.6588462426 -80.8548453707
-20.4151408624 -83.6707291459
-12.2946179251 -86.5376261186
-4.2978424012 -89.4524209396
3.5745567534 -92.4120370794
11.3218848118 -95.4134320475
18.9433795917 -98.4535925411
26.4382098796 -101.5295295353
33.8054739684 -104.6382733288
41.0441983117 -107.7768685581
48.1533363005 -110.9423691944
55.1317671613 -114.1318335371
61.9782949798 -117.3423192181
68.6916478488 -120.5708782301
75.2704771399 -123.8145519928
81.7133568973 -127.0703664693
88.0187833518 -130.3353273450
94.1851745498 -133.6064152803
100.2108700952 -136.8805812481
106.0941309985 -140.1547419644
111.8331396270 -143.4257754225
117.4259997515 -146.6905165359
122.8707366833 -149.9457528990
128.1652974939 -153.1882206690
133.3075513122 -156.4146005745
138.2952896920 -159.6215140539
143.1262270433 -162.8055195263
147.7980011203 -165.9631087961
152.3081735610 -169.0907035928
156.6542304713 -172.1846522447
160.8335830474 -175.2412264875
164.8435682319 -178.2566184049
168.6814493974 -181.2269375003
172.3444170532 -184.1482078968
175.8295895692 -187.0163656631
179.1340139154 -189.8272562611
182.2546664091 -192.5766321134
185.1884534699 -195.2601502860
187.9322123772 -197.8733702819
190.4827120273 -200.4117519434
192.8366536882 -202.8706534572
194.9906717496 -205.2453294591
196.9413344649 -207.5309292342
198.6851446857 -209.7224950087
200.2185405844 -211.8149603281
201.5378963658 -213.8031485196
202.6395229658 -215.6817712334
203.5196687358 -217.4454270596
204.1745201125 -219.0886002171
204.6002022729 -220.6056593108
204.7927797726 -221.9908561535
204.7482571691 -223.2383246497
204.4625796279 -224.3420797373
203.9316335123 -225.2960163850
203.1512469568 -226.0939086413
202.1171904237 -226.7294087346
200.8251772438 -227.1960462183
199.2708641401 -227.4872271615
197.4498517353 -227.5962333814
195.3576850448 -227.5162217155
192.9898539518 -227.2402233304
190.3417936696 -226.7611430676
187.4088851867 -226.0717588214
184.1864556987 -225.1647209489
180.6697790253 -224.0325517105
176.8540760138 -222.6676447376
172.7345149281 -221.0622645279
168.3062118260 -219.2085459653
163.5642309223 -217.0984938645
158.5035849407 -214.7239825366
153.1192354525 -212.0767553780
147.4060932048 -209.1484244778
141.3590184368 -205.9304702450
134.9728211854 -202.4142410537
128.2422615801 -198.5909529051
121.1620501281 -194.4516891060
113.7268479894 -189.9873999617
105.9312672423 -185.1889024847
97.7698711400 -180.0468801156
89.2371743584 -174.5518824582
80.3276432349 -168.6943250258

-6.2288310214 -1.9827721898
-5.9416605251 -1.5092851642
-5.5765440202 -0.8880509386
-5.1657528693 -0.1744674517
-4.7330274077 0.5890960078
-4.2936015977 1.3733097514
-3.8543709497 2.1619327765
-3.4178044036 2.9501713204
-2.9940697064 3.7279666081
-2.6021049458 4.4725342884
-2.2694340257 5.1481059031
-2.0321393249 5.7059028805

401.0655016154 2600.2289764936
-1188.1295649405 -550.7971290806

-2.0157368876 5.8065345168
-3.4833334867 7.1877979534
-5.1807573373 5.4913792536
-6.7945673585 2.3794849656
-8.2234341906 -1.1588775204
-9.4272993580 -4.7269268566
-10.0660904264 -7.8746362237
-9.5006430504 -9.5568633398
-6.8375558989 -8.0650799246

-40.4873772245 -23.7612802827
-48.8115600672 -30.3336834141
-48.7086179732 -29.3404966453
-44.2386181719 -23.8682423510
-38.1291150708 -16.1829787611
-31.8114710004 -7.7041001246
-25.8500312899 1.0571546301
-21.5442972942 9.7688571736
-21.5400230405 17.4374115976
-29.8326963350 22.2842848866

-435.2305674250 -81.5070480235

456.2426767956 -1381.6325243766
477.7961020308 -1324.3061347065
507.7012069844 -1245.1887476346
544.4428895699 -1148.2339218742
586.6575643354 -1036.9998002068
633.1331624637 -914.6491094823
682.8091317724 -783.9491606190
734.7764367138 -647.2718486034
788.2775583746 -506.5936524903
842.7064944765 -363.4956354030
897.6087593758 -219.1634445328
952.6813840635 -74.3873111397
1007.7729161653 70.4379494482
1062.8454765927 215.2134822377
1117.7474844508 359.5432706936
1172.1758422098 502.6358823489
1225.6759357051 643.3044688051
1277.6416341378 779.9667657318
1327.3152900739 910.6450928673
1373.7877394451 1032.9663540177
1415.9983015481 1144.1620370578
1452.7347790449 1241.0682139306
1482.6334579632 1320.1255406474
1504.1791076955 1377.3792572879

-181.7659679892 172.9771870802
-294.4248144808 204.5066615832
-353.1448290155 198.6658226230
-370.5269622455 170.3272219350
-356.9927151735 130.8347682699
-320.6164720210 88.4067643585
-266.9505178961 49.0042513667
-199.1203896963 17.9367069838
-118.5995756780 1.9059245543

759.2520229801 -635.0246249830
753.7555558751 -630.5039219610
748.1201077210 -625.0273570813
742.3543696669 -618.6440066243
736.4667609883 -611.4016510017
730.4654291016 -603.3467747547
724.3582495809 -594.5245665513
718.1528261765 -584.9789191837
711.8564908356 -574.7524295659
705.4763037257 -563.8863987301
699.0190532613 -552.4208318233
692.4912561339 -540.3944381037
685.8991573467 -527.8446309357
679.2487302541 -514.8075277856
672.5456766070 -501.3179502157
665.7954266059 -487.4094238782
659.0031389622 -473.1141785081
652.1737009705 -458.4631479155
645.3117285930 -443.4859699763
638.4215665609 -428.2109866218
631.5072884950 -412.6652438275
624.5726970516 -396.8744915991
617.6213240998 -380.8631839579
610.6564309399 -364.6544789230
603.6810085753 -348.2702384921
596.6977780547 -331.7310286197
589.7091909086 -315.0561191931
582.7174297166 -298.2634840072
575.7244088549 -281.3698007409
568.7317755037 -264.3904509378
561.7409110342 -247.3395200028
554.7529329714 -230.2297972348
547.7686978576 -213.0727759386
540.7888055845 -195.8786537179
533.8136062377 -178.6563331773
526.8432114725 -161.4134236127
519.8775145937 -144.1562452320
512.9162284446 -126.8898404460
505.9589614802 -109.6180067401
499.0053726614 -92.3433986665
492.0554422609 -75.0678253136
485.1097507824 -57.7928730200
478.1695342406 -40.5206304842
471.2365661718 -23.2541465963
464.3130450989 -5.9976265277
457.4015288616 11.2434922658
450.5048995480 28.4625087633
443.6263443080 45.6514441331
436.7693443045 62.8010345830
429.9376680050 79.9007274651
423.1353669124 96.9386790037
416.3667727326 113.9017528939
409.6364954288 130.7755193965
402.9494218442 147.5442547295
396.3107147001 164.1909406467
389.7258118522 180.6972641357
383.2004257257 197.0436171977
376.7405428805 213.2090966827
370.3524236697 229.1715041642
364.0426019689 244.9073458418
357.8178849581 260.3918324656
351.6853529451 275.5988792748
345.6523592193 290.5011059495
339.7265299321 305.0698365707
333.9157639951 319.2750995874
328.2282329963 333.0856277900
322.6723811276 346.4688582875
317.2569251234 359.3909324883
311.9908542083 371.8166960842
306.8834300511 383.7096990365
301.9441867257 395.0321955644
297.1829306765 405.7451441346
292.6097406883 415.8082074524
288.2349678596 425.1797524542
284.0692355793 433.8168503006
280.1234395061 441.6752763705
276.4087475498 448.7095102557
272.9365998546 454.8727357567
269.7187087848 460.1168408781
266.7670589114 464.3924178250

21.0744825945 -68.4319258650
30.9034638874 -99.4171116639
45.7194037253 -117.0380083663
59.6504516279 -120.9261049852
65.9190085141 -108.3364829419
54.5871533665 -74.6205375883

5448.7798069836 6982.1323716898
5039.4341502177 7000.5879982521
4488.0104016856 7026.0918531805
3829.8842309654 7056.9650163651
3095.3752681122 7091.7559952365
2309.7471035460 7129.2407250322
1493.2072879564 7168.4225693617
660.9073322565 7208.5323216672
-177.0572922291 7249.0282105695
-1015.6471503176 7289.5959480210
-1853.5951554576 7330.1789773579
-2685.8286589989 7370.6367330459
-3502.2189710969 7410.6012778025
-4287.5813616000 7449.4772551318
-5021.6750603418 7486.4418840263
-5679.2032573165 7520.4449575234
-6229.8131028262 7550.2088421540
-6638.0957076149 7574.2284776875


458.2128072531 -1306.2860153650

-1985.2164545269 -857.6700572735
-1970.6105652098 -868.3153508533
-1949.7812301095 -883.4513377404
-1923.4189797178 -902.5794429037
-1892.1737499582 -925.2304202806
-1856.6548821853 -950.9643527762
-1817.4311231852 -979.3706522638
-1775.0306251752 -1010.0680595849
-1729.9409458042 -1042.7046445490
-1682.6090481523 -1076.9578059338
-1633.4413007308 -1112.5342714852
-1582.8034774826 -1149.1700979168
-1531.0207577816 -1186.6306709106
-1478.3777264333 -1224.7107051167
-1425.1183736744 -1263.2342441531
-1371.4460951725 -1302.0546606058
-1317.5236920268 -1341.0546560288
-1263.4733707672 -1380.1462609435
-1209.3767433536 -1419.2708348378
-1155.2748271685 -1458.3990661554
-1101.1777768966 -1497.5236225761
-1047.1257642931 -1536.6151577202
-993.1995556729 -1575.6149962272
-939.5205119183 -1614.4351337668
-886.2505884796 -1652.9582370400
-833.5923353758 -1691.0376437794
-781.7888971946 -1728.4973627492
-731.1240130919 -1765.1320737454
-681.9220167925 -1800.7071275961
-634.5478365899 -1834.9585461607
-589.4069953459 -1867.5930223311
-546.9456104914 -1898.2879200304
-507.6503940255 -1926.6912742141
-472.0486525161 -1952.4217908693
-440.7082871000 -1975.0688470150
-414.2377934821 -1994.1924907022
-393.2862619364 -2009.3234410136
-378.5433773054 -2019.9630880640

-260.8752718355 791.2310453590
-427.9990040337 855.0714656942
-607.9873990207 923.8200622991
-787.9757918477 992.5686630748
-955.0904152451 1056.4227195541


437.2075134543 480.4436547493
417.8040083098 555.1165449800
389.4972104730 586.1610524735
353.8639645145 583.7710555858
312.3444135825 556.7783261103
266.2413696232 512.6526756196
216.7190830302 457.5022737920
164.8004887713 396.0744714605
111.3596447161 331.7585868147
57.0929287660 266.6009866389
2.3645969671 201.4761553434
-52.9938257467 137.2716880057
-109.2637817662 76.0689070656
-166.6392393269 21.2995731237
-225.1930443098 -22.2439511240
-284.8685099932 -48.4073559629
-345.4764312823 -49.6741026547
-406.6937712847 -17.1653496377

-0.1649708643 -1.2734978105
-0.8626313073 -0.9492255508
-1.5483270880 -0.4929032368
-2.1778672312 0.0163089870
-2.6692202128 0.5322943980
-2.8564376787 0.9616749117
-2.4886518745 1.1361062295

-6.8924378190 1.7836983661
-13.2932014138 14.2931217972
-19.5508790403 26.6732751888
-23.6164407827 36.4090685116
-21.0065387491 37.7692532874

0.6220659205 -8.0173406059
2.4518096962 -15.0124876095
4.3651618848 -21.6616312155
6.3551977520 -27.9749385673
8.4151882211 -33.9623722652
10.5385976769 -39.6336898809
12.7190816121 -44.9984434690
14.9504841054 -50.0659790801
17.2268351176 -54.8454362779
19.5423475925 -59.3457476661
21.8914143481 -63.5756384279
24.2686047435 -67.5436258870
26.6686611039 -71.2580190943
29.0864948891 -74.7269184512
31.5171825854 -77.9582153764
33.9559613050 -80.9595920292
36.3982240731 -83.7385211006
38.8395147833 -86.3022656865
41.2755228032 -88.6578792597
43.7020772109 -90.8122057580
46.1151406434 -92.7718798087
48.5108027395 -94.5433271121
50.8852731617 -96.1327650089
53.2348741810 -97.5462032564
55.5560328143 -98.7894450454
57.8452725043 -99.8680882856
60.0992043370 -100.7875271945
62.3145177963 -101.5529542221
64.4879710603 -102.1693623468
66.6163808495 -102.6415477774
68.6966118441 -102.9741130952
70.7255656950 -103.1714708696
72.7001696603 -103.2378477762
74.6173649057 -103.1772892454
76.4740945181 -102.9936646628
78.2672912854 -102.6906731357
79.9938653043 -102.2718498377
81.6506914837 -101.7405729282
83.2345970157 -101.1000710411
84.7423488879 -100.3534313254
86.1706415153 -99.5036080083
87.5160845657 -98.5534314481
88.7751910535 -97.5056176282
89.9443657711 -96.3627780429
91.0198941208 -95.1274299123
91.9979314042 -93.8020066646
92.8744926157 -92.3888686150
93.6454427808 -90.8903137743
94.3064878651 -89.3085887144
94.8531662758 -87.6458994259
95.2808409636 -85.9044221000
95.5846921274 -84.0863137770
95.7597105129 -82.1937228050
95.8006912929 -80.2287990609
95.7022285081 -78.1937038921
95.4587100443 -76.0906197434
95.0643131170 -73.9217594422
94.5130002334 -71.6893751188
93.7985155984 -69.3957667487
92.9143819322 -67.0432903046
91.8538976651 -64.6343655168
90.6101344779 -62.1714832395
89.1759351560 -59.6572124274
87.5439117266 -57.0942067304
85.7064438502 -54.4852107156
83.6556774415 -51.8330657273
81.3835234925 -49.1407154002
78.8816570765 -46.4112108386
76.1415165124 -43.6477154777
73.1543026693 -40.8535096416
69.9109783951 -38.0319948158
66.4022680531 -35.1866976475
62.6186571541 -32.3212736909
58.5503920695 -29.4395109119
54.1874798164 -26.5453329677
49.5196879046 -23.6428022744
44.5365442352 -20.7361228761
39.2273370468 -17.8296431300
33.5811148979 -14.9278582174
27.5866866843 -12.0354124938
21.2326216831 -9.1571016881
14.5072496207 -6.2978749616
7.3986607591 -3.4628368362

-156.1257306397 538.4661961055
-379.7739001458 709.0297899380
-586.8429472216 873.3748144676
-777.6885200177 1031.0474837844
-952.6478497507 1181.5914504499
-1112.0404045189 1324.5462850557
-1256.1686000102 1459.4459579051
-1385.3185649200 1585.8173308618
-1499.7609580453 1703.1786673644
-1599.7518332060 1811.0381683839
-1685.5335474103 1908.8925417134
-1757.3357070456 1996.2256114326
-1815.3761463642 2072.5069737100
-1859.8619321595 2137.1907043153
-1890.9903883017 2189.7141223473
-1908.9501337231 2229.4966137646
-1913.9221275082 2255.9385173783
-1906.0807149419 2268.4200750464
-1885.5946686787 2266.3004469359
-1852.6282196085 2248.9167919042
-1807.3420724767 2215.5834123205
-1749.8944018537 2165.5909620034
-1680.4418246187 2098.2057154074
-1599.1403457027 2012.6688957492
-1506.1462744115 1908.1960594102
-1401.6171092058 1783.9765337026
-1285.7123893391 1639.1729049103
-1158.5945122407 1472.9205534183
-1020.4295159697 1284.3272327148
-871.3878264563 1072.4726890690
-711.6449695923 836.4083187571
-541.3822485188 575.1568598077
-360.7873867126 287.7121153702
-170.0551376674 -26.9612940462
30.6121378666 -369.9281520522

-9.2965692394 -20.9726019843
-6.1012292220 -23.9597831124
-2.1200671450 -27.4091964875
2.1543766169 -31.0144011510
6.4683561522 -34.6310864372
10.7588155454 -38.2167638991
14.8021272073 -41.5908631479
18.1362460998 -44.4101345683

-2948.3814656623 3032.5557338982
-2454.6369634186 2767.4249629837
-1960.8927930726 2502.2943442888


