0.0000000000 0.0000000000
0.0000000000 0.0000000000
0.0000000000 0.0000000000
0.0000000000 0.0000000000
0.0000000000 0.0000000000
0.0000000000 0.0000000000
0.0000000000 0.0000000000
0.0000000000 0.0000000000
0.0000000000 0.0000000000
0.0000000000 0.0000000000
0.0000000000 0.0000000000
0.0000000000 0.0000000000
0.0000000000 0.0000000000
0.0000000000 0.0000000000
0.0000000000 0.0000000000

-4177.5352616364 897.6141068182
-4285.0450952727 886.3544206364
-4392.5549289091 875.0947344545
-4500.0647625455 863.8350482727
-4607.5745961818 852.5753620909
-4715.0844298182 841.3156759091
-4822.5942634545 830.0559897273
-4930.1040970909 818.7963035455
-5037.6139307273 807.5366173636
-5145.1237643636 796.2769311818

-3118.8215201585 3476.6858593733
-3072.5853105345 3452.1978033173
-3044.8024261483 3404.2664576065
-3039.6124137320 3355.0032314819
-3057.1398813255 3326.7101028429
-3101.9737649232 3345.7997598547

-2986.9244412602 -4140.3241933321
-2982.2142348465 -4117.4806651977
-2984.9812498100 -4130.9001161975
-2992.4584711872 -4167.1630953316
-3002.9856900000 -4218.2179320000
-3013.5129088128 -4269.2727686684
-3020.9901301900 -4305.5357478025
-3023.7571451535 -4318.9551988023
-3019.0469387398 -4296.1116706679

4514.9677810000 -559.1091850000
4515.1528930000 -589.0726450000
4515.2145970000 -599.0604650000
4515.1528930000 -589.0726450000
4514.9677810000 -559.1091850000

-1094.6852592947 1625.9228834803

406.5532848426 4204.8892835865
411.1261685314 4201.8067516206
410.5873904240 4195.1633080131
399.7640418952 4181.3553746636
366.0078325879 4151.5718351542

0.0000000000 0.0000000000

-1670.4324037601 779.4206108568
-1271.7595998079 1141.2264049236
-923.5122679049 1437.3981612656
-625.5500553160 1670.1922998467
-377.7469446019 1841.8276612971
-179.9916550153 1954.4869169056
-32.1880125904 2010.3180641660
65.7447188300 2011.4360095290
113.8715542595 1959.9242391314
112.2415614121 1857.8365771714
60.8877020442 1707.1990302440
-40.1732481491 1510.0117143234
-190.9406894128 1268.2508591493
-391.4300855124 983.8708825473
-641.6727368114 658.8065246733
-941.7154268818 294.9750293571
-1291.6199313852 -105.7216433450
-1691.4623792369 -541.3945925050

5.4948229304 0.0000000000
24.9595030998 0.0000000000
-49.6702905069 0.0000000000
-205.1129243115 0.0000000000
-429.8576491715 0.0000000000
-714.1646004098 0.0000000000
-1050.0647978437 0.0000000000
-1431.3601458149 0.0000000000
-1853.6234332183 0.0000000000
-2314.1983335316 0.0000000000
-2738.8266760576 0.0000000000
-3125.1434052758 0.0000000000
-3470.4921942664 0.0000000000
-3770.4458315265 0.0000000000

1655.6087731459 -4905.6017386448
1776.6270054821 -4995.0375500553
1783.9586188377 -5000.4558143086
1689.6230265951 -4930.7392094161
1504.0370536872 -4793.5860563229
1236.0149365959 -4595.5103189053
892.7683233500 -4341.8416039699
479.9062735229 -4036.7251612519
1.4352582307 -3683.1218834134
-540.2408398697 -3282.8083060424
-1059.9149533484 -2898.7548032479

4203.2425703423 -776.8110260577
4203.1799713587 -776.8054545712
4203.1016698630 -776.7984855167
4203.0144471510 -776.7907224488
4202.9223720000 -776.7825275000
4202.8302968490 -776.7743325512
4202.7430741370 -776.7665694833
4202.6647726413 -776.7596004288
4202.6021736577 -776.7540289423

1948.3529580000 3014.7859660000
1874.8161580000 2927.4123870000

-515.4880788088 -2965.5904270147
-490.5748119103 -3077.9415068088
-463.4540177882 -3197.5566411471
-434.4573809265 -3324.1485897941
-403.9165858088 -3457.4301125147
-372.1633169191 -3597.1139690735
-339.5292587412 -3742.9129192353
-306.3460957588 -3894.5397227647
-272.9455124559 -4051.7071394265
-239.6591933162 -4214.1279289853
-206.8188228235 -4381.5148512059
-174.7560854618 -4553.5806658529
-143.8026657147 -4730.0381326912
-114.2902480662 -4910.6000114853


-379.5696033892 -1803.5059626277

5367.6814432155 2181.5064885933

-3.2342655916 -1.4309697372
-4.6406050074 -1.0456420165
-6.0826674134 -0.7337342736

-39.8698876501 -16.2227233240
-40.9416832147 -18.4949284845
-42.1525670429 -21.0729363498
-43.2373502812 -23.3235593382

1464.9475596103 -2292.5926744350
1254.2905142298 -2053.9552741940
981.0666603516 -1743.2181387496
666.7104941105 -1385.0816089474
327.8932902810 -998.7570610044
-23.4768977246 -597.9669065064
-380.2552378575 -190.9445924063
-737.0324168869 219.8241050893
-1088.4014437889 624.3606429840
-1427.2174865152 1014.4315743252
-1741.5724916536 1376.3144875277
-2014.7951844299 1690.7980063755
-2225.4510687097 1933.1817900235


-73.0215733130 -35.5288349076
-73.6396573296 -39.8776893012
-76.4158327910 -44.3959915875
-81.1391215459 -49.0402154682
-87.6289774494 -53.7654052978
-95.7350065568 -58.5208314850
-105.3358996751 -63.2408191935
-116.3348059360 -67.8218140575
-128.6315424237 -72.0485142769
-141.8224817385 -75.3089581528
-154.3394325758 -77.4361474944
-165.7183414325 -78.8346755494
-175.8060817532 -79.6545199250
-184.4770990658 -79.9538994810
-191.5926970589 -79.7510977085
-196.9908603282 -79.0422132374
-200.4826953135 -77.8086606498
-201.8508992027 -76.0208514657
-200.8490025423 -73.6402041109

9.6403851837 -3.9300503532
12.1348683789 -1.2780720701
14.1305636922 1.0073877993
15.6260839216 2.9282245970
16.6197731491 4.4867207479
17.1096205621 5.6856775758
17.0931331944 6.5286144762
16.5671399664 7.0200846256
15.5274739060 7.1662066606
13.9684219870 6.9756338356
11.8816886045 6.4615221846
9.3854442634 5.7193033160
6.6020333015 4.8469679525
3.6538000564 3.9425068166
0.6630888659 3.1039106309
-2.2477559321 2.4291701178

-13.3343392786 -10.5617694914
-12.9624543975 -9.1088793323
-11.6554226391 -6.5294337922
-9.4494890795 -3.3157820635
-6.3221272821 -0.4214185288
-2.9312188078 1.4159851156

95.8680463529 100.8484583239
165.7254600594 184.1395187341
215.8376972719 256.0208134900
248.4656239904 317.0573527581
265.6945441053 367.7235518150
269.4507666551 408.3914283888
261.5269857054 439.3158256790
243.6220154224 460.6171223297
217.4037197826 472.2646992332
184.6071681582 474.0723165931
147.1755783916 465.7348065522
107.4144247615 446.9617710600
68.0293804264 417.7434352945
31.8717079139 378.6039831780
1.5111076398 330.5487197499
-20.9621928646 274.7433686569
-33.8309790168 212.2532758253
-35.5550200727 143.9559311041
-24.6163130938 70.5529939287

-884.5453690659 -1606.9780927061

-9.4161334248 -135.1187905314
-4.4561306685 -136.0045852610
2.3778216845 -137.2927287463
10.6940674429 -138.8993533695
20.1531241124 -140.7517485590
30.4676816431 -142.7883665833
41.4025999185 -144.9588341282
52.7749028852 -147.2239792670
64.4537608762 -149.5559121544
76.3604014486 -151.9384258820
88.3692483581 -154.5001066272
100.1502792213 -157.0150508454
111.6257330179 -159.4660035546
122.6655593711 -161.8251140716
133.0875034625 -164.0535214272
142.6571231856 -166.1012719810
151.0877948874 -167.9072920342
158.0407158353 -169.3993761089
163.1249054514 -170.4941810950

-7642.4551181827 -30.3801790177
-6910.4978129626 1227.6649156279
-6025.5292672285 2760.4598697586
-5051.6811580258 4453.8296539592
-4163.8670115115 5995.2187982013
-3416.8757334629 7285.5962130306

11.2187630001 -4.2324153492
10.9514699085 -6.9000703962
10.1250669498 -9.3206358920
8.8441475809 -11.3861391493
7.2184677205 -12.9907540535
5.3601251024 -14.0339806226
3.3788655786 -14.4153910726
1.3828274692 -14.0250482733
-0.5165152097 -12.7359178308
-2.1988496731 -10.3996656508
-3.5306165158 -6.8447459778

34.6720409731 21.1623861615
32.4275455541 10.5206253046

-1889.9991866312 1685.4431311689
-2004.2682851667 1731.5720333670
-2121.7236700111 1774.2872417324


-8.6732213402 0.3685217617


-77.4592075189 -23.0825373644
-96.0840646648 -1.4067801970
-111.6064001750 17.8143089098
-123.9771575420 34.6440404537
-133.1400853122 49.1584177987
-139.0302632911 61.4501515397
-141.5723465908 71.6344465968
-140.6786118201 79.8575710916
-136.2471793417 86.3098961297
-128.1615975839 91.2462301283
-116.5231754254 95.0881481570
-101.7703152769 98.3970747370
-84.3414195493 101.7344343899
-64.6748906534 105.6616516371

435.3692161111 -1911.6261721617
372.4203267743 -1910.7849006835
294.7725100847 -1934.2364661598
207.9076830106 -1974.2921608257
116.0439782558 -2024.7479800743
22.1454113273 -2080.8892706163
-72.0431077234 -2139.5029829546
-165.7914916119 -2198.8917209177
-258.2974302621 -2258.3500938881
-347.5008399711 -2316.5097715700
-430.0142554709 -2370.6507808680
-501.1582418372 -2416.6038833226

48.8112953162 -869.5519286629

9.0651638039 -29.0459672268
10.2171740628 -28.9104533851
11.5483423954 -28.8318567131
12.8124286963 -28.9263488064
13.8947206812 -29.1791929684
14.6834087276 -29.6304376607
15.0216168536 -30.3521178104


956.0878810343 2778.4873873930
854.2199341930 2795.3514881472
810.4903395367 2775.9876123570
824.4401600245 2719.6694492924
895.4738293022 2625.4835098653
1022.7890717578 2492.2473617331
1202.7799364522 2320.1941130806
1424.5479837236 2114.6166668092
1677.1947739098 1880.8079258203
1949.8218673491 1624.0607930154
2231.5308243794 1349.6681712959
2511.4232053388 1062.9229635631
2778.6005705654 769.1180727185
3022.1644803972 473.5464016635
3231.2164951723 181.5008532996
3394.8581752287 -101.7256694719
3502.1910809046 -370.8402637496
3543.7103081858 -620.9523840972

-12.1289351318 3.7719366503
-9.7277982732 10.0961765593
-14.3713804138 19.9138618080

9.7581268949 -12.6252679407
10.6034289940 -10.9525419884
11.4633660992 -8.9109620496

-105.1347117991 97.3171217405
-106.9731814918 96.8627065584
-110.2282400503 96.4067982984
-114.7686271900 95.9423948357
-120.5139458708 95.4507959319
-127.3073341766 94.4252695017
-132.9037680429 93.3420061380
-137.2291521124 92.2222994764

0.3826405825 0.1122136886

0.0896119728 5.0945351727
3.4991054913 4.0264786935
2.9768243192 3.4556351750
-1.3109808450 3.3972455503
-9.2560304081 4.0078284605
-13.4872609303 4.4865551688
-13.9378368469 4.6363307500
-10.4526278847 4.4042813373

1.6725430164 -0.7089362080
1.3194816606 0.1587946903
0.9109889788 1.2224859380
0.6005405197 2.1047268226

5.5679979718 -13.7199321108
1.4868459859 -13.8243285877
-3.2424506880 -13.6846699537
-7.8296935056 -13.0697857794
-11.6139326607 -12.0900788243

7.4249420139 3.8512289707

4.1795906218 -13.1092108647
4.9355036254 -11.8307354460
5.4457538100 -10.4170665125
5.7349638084 -8.8973378729
5.8212126501 -7.3005064049
5.7160993041 -5.6601903777
5.4285454850 -4.0262246773
4.9893364081 -2.4816578758
4.4855382924 -1.1015845563
3.9946887476 0.0943653920
3.5625170417 1.0995150373
3.2216753903 1.9024935275
3.0016932391 2.4852009177
2.9330880759 2.8230895425
3.0492088136 2.8855837460
3.3871550669 2.6363893231


-41.4530286870 6.4757775604
-39.2189725046 3.1315223838
-35.8033127728 -0.7858645845
-31.5335084409 -5.0769112906
-26.7370184579 -9.5421456806
-21.7413017731 -13.9820957005
-16.8738173358 -18.1972892963
-12.4620240950 -21.9882544141

-134.1555697516 -837.5068459987

-0.2756114613 75.6946568875
-50.6613764008 100.1017392675
-89.3535356938 125.8731958632
-117.0135602471 151.9872724009
-134.2712145386 177.2966165174
-141.7987062064 200.4743078932
-140.4323295654 219.9857945145
-131.3240563721 234.1478206475
-116.0265563642 241.3253373674
-96.3835744723 240.1838541376
-74.2685550823 229.7967209088
-51.3775694530 209.5533349253
-29.1721791213 178.9981618109
-8.9181051432 137.7050146333
8.2495615782 85.2045001730
21.2670774891 20.9482326500

-62.6058654383 -24.1074467522
-93.3741125418 -13.7982049194
-98.0599174532 13.1351511968
-77.5347243598 37.0880631395
-42.2745733973 37.5560658045

-1720.1917719671 4189.3253079515
-2670.8023881609 2776.2808795129

-1.6095734930 -0.5806580085

-1817.5352124998 3545.1591960148
704.0380575642 1854.7157942941

12.1598297457 19.9407373472
-5.6729820149 -9.6727261829
-30.4673327877 -56.0570839626
-39.6170331082 -72.9089791229

10.2265280206 1.1577725686
10.0171266538 0.6964958289
9.9722444064 0.3504749999
10.0560364557 0.1020734138
10.2388636733 -0.0613270210
10.4953850084 -0.1459584924
10.7971951703 -0.1486964997
11.0808195408 -0.0656863276
11.2807659528 0.0506961101
11.3798348065 0.1670783816
11.3602023916 0.2656744715
11.1967396740 0.3314214718
10.8565211221 0.3482520039
10.2988558531 0.2977797712
9.4753509214 0.1587340042


1617.6899289348 831.7642119610
1188.0997524843 595.7573043555
679.6019038270 289.1424732273
134.0071222690 -50.6383427926
-424.6345389017 -402.0495324322
-976.6418736831 -747.3237003409
-1510.4826733433 -1076.2500379171
-1996.9457607501 -1362.6217847722
-2389.0687027795 -1564.3153149282

804.5411292573 -906.0389698036
698.8384290671 -622.1983481267
573.2034298835 -267.6306304935
417.3004245629 59.7770720803
281.3297177396 316.4576784447

-13.2148197519 2.4556096778

-8.2099987156 8.7895267778
108.2286844241 -66.4620517962

-2248.1312071188 -544.0677059790
-648.7057570299 -1525.7916318804
950.4477280902 -2507.7148564006

235.6472871393 36.8206281467
147.2358177371 -18.5614148055
36.8207571076 -88.0240242538
-81.0157932598 -165.1966988654
-176.8487524002 -228.2888069817

-1.3587296014 0.9063730065
-1.3635576273 0.6022075099
-1.3460163504 0.3547018767
-1.3071894120 0.1923393872

147.5094663606 -40.9697191112
193.2072097756 159.5822278658

2.2663092242 14.0147878603
5.0732647037 14.1454739271
6.5850427948 13.3479976281
7.1858477142 11.9500276733
7.1911101519 10.2083692590
6.8471760981 8.3094858610
6.3305186176 6.3711815728
5.7459099731 4.4505654727
5.1357521612 2.5865629344
4.5456919662 0.8740863086
4.0757852456 -0.5177223586
3.8912192391 -1.3468772454
4.2244570023 -1.2993877327
5.3758709394 0.0104084898

-0.0162216968 0.5346119647
-0.3355964557 0.8018046596


-2.5659110624 3.5617029790
-2.0195783441 6.6464647002
0.1371637172 7.5097605647
1.3595332532 5.4918340007

-373.8515305627 129.4237658117
-425.0134137968 96.4661706651
-397.7063217956 98.0898912327
-309.0588254478 110.0004882364
-186.9946040052 78.7476965585

265.6155510610 -206.6936742132
485.4037694912 -234.5769416419
631.1756751739 -116.2936657864
642.6079203991 79.8511755865
516.4506012963 202.1985219159
295.7818410597 187.5736512641

-0.4522128823 -1.3247692103
-0.1016153907 -1.8865100638
0.1584499765 -1.6667877488
-0.1902419362 -0.9825697379
-1.2184580278 -0.6729972648

3.1793187539 2.6103057589
2.8757986071 0.2154875998
3.1531221884 -2.3443056472
3.6552932732 -4.3261601319
4.1111701890 -5.4546853865
4.3348650234 -5.2968364617

-1171.3478769314 1266.3333843318
-1091.7384342118 1261.9677501011
-983.2466132757 1255.5546378715
-850.0045225898 1247.3869736624
-695.5085616412 1237.7126179442
-522.6194209251 1226.7343656323
-333.5620819338 1214.6099460712
-129.9258171469 1201.4520229913
87.3358099650 1187.3281942940
298.0077610713 1167.3281810161
495.0543496489 1148.2940716109
677.5220122056 1130.2934647995
843.8214761996 1113.4390245618
991.7277600664 1097.8884803497
1118.3801732344 1083.8446271287
1220.2823161382 1071.5553253912
1293.3020802317 1061.3135011619

-883.8965367743 -944.6883268065
-883.0663448466 -1084.4805948996
-882.2585179302 -1267.2769872837
-881.4904988122 -1480.8335650070
-880.7923479510 -1716.9744903257
-880.3150588052 -1971.5909595673
-880.1203615827 -2207.7721585945
-880.0604068569 -2421.4875900314
-880.1276094040 -2604.6402149085
-880.3390650870 -2745.0649492055

-66.5292178347 -53.1711821773
-65.5406707790 -51.9267569039


-37.6669865213 35.7797943587
-31.4785969735 34.1867909928
-24.7330104538 32.2704016367

-47.3231527162 190.1518688153
-84.2769642990 340.1259767033
-108.2611696823 455.6760879505
-119.6750921718 536.6543867247
-119.0532813037 582.8711643549
-107.1474835624 594.0751747432
-85.0905341274 569.9213522088
-54.7754089736 509.9202876118
-21.2036667597 423.5691544238
10.1328416971 322.4933953959
33.7422655797 218.3184532795
44.1327540709 122.6697708256
35.8124563536 47.1727907855


-146.2621770034 15.9952390805
-136.0429013657 -26.8857562288
-125.0563774958 -78.6007824069
-119.9493335939 -128.5712481696
-115.7686243388 -169.6836570002


655.7954836029 -181.6545371811
491.1556087509 -96.0669171220
276.0604089767 15.6372191653
24.4306539670 146.2522495188
-255.3811944629 291.4548006387
-535.3050787049 436.4434573084
-787.0468695284 566.8445932083
-1002.2541051177 678.3348350398
-1167.0060157857 763.7085606410

-969.4878143748 1140.9417167320
-743.1816164920 1309.3389787395
-535.8167679198 1446.0643635353
-346.7191702790 1553.2021866272
-175.3486710068 1632.6961925176
-21.3177959298 1686.3665372277
115.5808609965 1715.9367105502
235.3333151846 1723.0785368646
337.6398699020 1709.4924216982
421.8128143204 1677.0622397288
486.6177888151 1628.1838395502
530.0881277165 1566.5319119502
549.7869882512 1498.8634450640
545.8642390073 1437.2055859722
525.2844488190 1393.4132167869
495.8813133326 1372.6657338033
462.7016634977 1376.7577376426
428.8786625037 1406.6137665838
396.5294998498 1463.0466040867

18.8940885698 -57.5245700521
-0.3208471928 -50.2000442504
-23.3088219947 -45.2319685846
-44.3931243824 -43.9963001978

22.6483030533 -13.1786713838
37.4907905121 12.9865265207
52.1685019594 35.9264754226

3.7473969296 -12.5332837934
5.8102000812 -28.4139078847
11.1741689179 -41.3980974336
19.0813004792 -50.9623867557
28.3124540227 -56.5551151589
37.1627289190 -57.9998154611
44.0386063125 -55.7387195264
47.8978536028 -50.4317899307
48.0983647580 -42.6285558743
44.1784005079 -32.7225787199
35.7368201948 -20.9884040471
22.3770187216 -7.6191568758

304.0454263867 139.4123958262
296.2729279637 136.1519923193
287.5177206002 131.9486361394
278.2956837424 127.2523285564
268.9211284934 122.3452585232
259.5876517650 117.3408421535
250.4576440586 112.4071740337
241.8443624932 107.7571083492
234.2732703507 103.7559863509
228.4792860289 100.9295440159

653.5218813616 -806.9282736291
626.7151380357 -689.2429701301
589.8824060216 -543.7589120113
546.0245978117 -379.3169877558
500.9385264993 -232.0995524489
462.4016333751 -104.5222557088
433.7454618056 -5.8242964511

-575.5737258294 -339.0266434997
-411.3307903772 -364.4773064954
-227.2067329726 -370.3521424239
-61.1226051544 -356.9966037917

-20.0356422386 -26.0687082975
15.7383493349 -19.0579457700

13.6732554030 -34.9025990350

-1.9215181073 -0.4358392757

165.3821368324 117.7482566275
-113.2224054092 -235.9911441544

3130.3097467777 -1583.1092585283
2079.6564616348 -1744.3720597275
767.7493184270 -1945.8034396497
-282.8897972305 -2107.1698934774

-11.8474141566 49.1042857493
-59.4862646668 79.3904967203
-107.4819339411 109.7599134523

3.3371497335 279.1791159497
-7.9020268085 420.6742718987
1.4373236919 488.0343105387
24.2079345249 484.3191215415
49.8066514206 411.6865334960
58.8351333658 274.2747217107

