38 2
39 1
40 0
65 66
64 67
63 68
62 69
61 70
60 71
59 72
58 73
57 74
56 75
55 76
54 77
53 78
52 79
51 80
50 81
49 82
48 83
47 84
46 85
45 86
44 87
43 88
42 89
41 90
28 29
27 30
26 31
25 32
24 33
23 34
22 35
21 36
20 37
19 38
18 39
17 40
16 41
15 42
14 43
13 44
12 45
11 46
10 47
9 48
8 49
7 50
6 51
5 52
4 53
3 54
2 55
1 56
0 57
86 85
87 84
88 83
89 82
90 81
91 80
16 32
42 70
42 44
41 45
40 46
39 47
38 48
37 49
36 50
35 51
34 52
33 53
32 54
31 55
30 56
29 57
28 58
27 59
26 60
25 61
24 62
23 63
22 64
21 65
20 66
19 67
18 68
17 69
16 70
15 71
14 72
13 73
12 74
11 75
10 76
9 77
8 78
7 79
6 80
5 81
4 82
3 83
2 84
1 85
0 86
88 87
45 44
46 43
47 42
90 91
89 92
88 93
87 94
86 95
85 96
84 97
24 5
55 63
54 67
46 79
29 28
30 27
31 26
32 25
33 24
34 23
35 22
36 21
37 20
38 19
39 18
40 17
41 16
42 15
43 14
44 13
45 12
46 11
47 10
48 9
49 8
50 7
51 6
52 5
53 4
54 3
55 2
56 1
57 0
63 73
62 74
61 75
60 76
59 77
58 78
19 18
20 17
21 16
23 14
24 13
25 12
26 11
28 10
29 9
30 8
31 7
32 5
33 4
34 3
35 2
36 0
57 58
56 59
55 61
54 62
53 63
51 64
50 65
49 66
48 67
46 68
45 69
44 70
43 71
42 72
41 73
40 74
39 75
37 76
1 2
0 3
5 4
6 7
8 9
16 15
17 13
18 11
19 10
26 25
28 27
29 23
31 22
32 21
33 20
35 34
36 37
40 39
44 43
45 42
47 46
49 48
50 41
52 38
54 55
57 58
56 59
53 60
62 61
63 64
65 67
71 70
74 73
75 72
77 76
80 79
83 78
85 84
86 69
26 25
27 24
28 23
29 22
30 21
32 20
33 19
34 18
35 17
36 16
37 15
38 14
40 13
41 12
42 11
43 9
44 8
45 7
46 5
47 3
48 1
49 0
74 75
72 76
71 77
70 78
69 79
68 80
67 81
66 82
65 83
64 84
62 85
61 86
60 87
59 88
58 89
57 90
56 91
55 92
54 93
53 94
52 95
51 96
50 97
42 41
43 40
44 39
45 37
46 36
47 35
48 33
49 32
50 31
52 30
53 29
54 28
55 27
56 26
57 25
58 24
59 22
60 21
61 20
62 19
63 18
64 17
65 16
66 15
67 14
68 13
69 12
71 11
73 10
74 9
75 8
76 7
77 6
78 5
79 4
80 3
81 2
82 1
83 0
86 90
85 91
84 92
1 0
2 4
5 6
11 13
10 14
9 15
16 17
8 18
19 20
7 21
23 22
26 27
30 31
29 32
36 37
35 38
33 39
40 41
46 48
49 50
45 51
55 56
54 57
58 59
53 60
52 61
63 64
44 65
66 67
43 68
69 71
74 75
76 77
73 78
72 79
80 83
28 84
86 87
88 90
25 91
93 92
2 0
14 11
29 4
33 41
46 47
45 62
71 68
40 20
41 19
42 18
43 17
44 16
45 15
46 14
47 13
48 12
49 11
50 10
51 9
52 8
53 7
54 6
55 5
56 4
57 3
58 2
59 1
60 0
68 69
67 70
66 71
65 72
64 73
63 74
62 75
61 76
0 2
3 4
5 6
10 9
12 7
15 14
16 13
19 18
20 17
23 24
22 25
26 27
28 29
33 34
40 41
39 42
47 48
51 52
53 54
50 55
46 56
45 57
43 58
38 59
36 60
62 63
61 64
35 65
31 66
68 69
67 70
21 72
75 74
76 73
80 79
83 78
84 77
90 91
89 92
88 93
87 94
63 62
64 61
65 60
88 87
89 86
90 85
91 84
92 83
93 82
94 81
95 80
96 79
97 78
98 77
99 76
45 46
44 47
43 48
1 3
5 6
9 7
13 12
15 14
16 11
17 10
21 23
24 25
20 26
28 30
27 31
18 32
35 37
42 43
41 47
40 48
38 49
34 50
51 53
60 61
62 63
64 65
56 66
68 67
70 71
69 72
75 77
80 81
79 83
78 84
88 89
87 91
92 95
85 96
98 97
11 14
23 19
25 16
31 15
50 53
47 54
45 55
67 69
70 71
58 72
40 84
85 90
38 48
37 49
36 50
35 51
34 52
33 53
32 54
31 55
30 56
29 57
28 58
27 59
26 60
25 61
24 62
23 63
22 64
21 65
20 66
19 67
18 68
17 69
16 70
15 71
14 72
13 73
12 74
11 75
10 76
9 77
8 78
7 79
6 80
5 81
4 82
3 83
2 84
1 85
0 86
90 89
91 88
92 87
37 36
38 35
39 34
41 33
44 32
46 31
48 30
49 29
51 27
53 26
54 25
55 24
56 22
57 21
58 20
59 19
60 18
61 17
62 16
64 15
65 14
67 12
68 11
69 10
70 8
71 5
72 4
73 3
74 2
75 0
83 84
82 85
80 87
79 90
77 91
76 92
51 52
50 53
49 54
48 55
47 56
46 57
45 58
2 1
3 0
6 7
9 8
11 10
14 15
20 22
17 24
16 25
13 29
35 40
41 47
34 49
53 55
52 56
33 58
63 65
68 72
61 73
75 76
60 78
85 83
86 81
89 88
91 87
94 79
19 20
14 24
9 25
5 27
3 32
1 37
57 55
58 54
65 51
66 48
69 41
70 40
72 39
73 38
29 30
28 31
27 32
26 33
25 34
24 35
23 36
22 37
21 38
20 39
19 40
18 41
17 42
2 1
3 0
7 6
8 5
12 11
14 13
15 10
19 17
22 21
25 24
26 23
27 20
28 16
30 29
32 31
37 36
38 35
39 34
43 41
44 40
45 33
46 9
55 56
54 57
52 58
50 59
61 62
60 63
64 65
49 66
48 67
47 68
72 71
75 73
77 76
79 78
80 70
81 82
84 83
35 32
36 31
37 30
38 27
39 26
40 25
41 24
42 23
44 22
46 21
47 20
49 19
51 17
52 16
53 15
54 13
55 12
56 11
58 9
59 7
60 6
61 4
62 3
63 2
65 1
66 0
79 80
77 81
76 83
75 84
73 85
71 86
70 87
69 88
67 89
58 57
59 56
60 55
61 54
62 53
63 52
64 51
65 50
66 49
67 48
68 47
69 46
70 45
71 44
72 43
6 11
5 13
16 14
27 22
32 49
54 63
53 70
25 30
24 31
23 32
22 33
21 34
20 35
19 36
18 37
17 38
16 39
15 40
14 41
13 42
12 43
11 44
10 45
9 46
8 47
7 48
6 49
5 50
4 51
3 52
2 53
1 54
0 55
70 69
71 68
72 67
73 66
74 65
75 64
76 63
77 62
78 61
79 60
80 59
81 58
82 57
83 56
11 47
10 48
9 49
8 50
7 51
6 52
5 53
4 54
3 55
2 56
1 57
0 58
79 78
80 77
81 76
82 75
83 74
84 73
85 72
86 71
87 70
88 69
89 68
90 67
91 66
92 65
93 64
94 63
95 62
96 61
97 60
98 59
57 58
56 59
55 60
54 61
53 62
52 63
51 64
50 65
49 66
48 67
47 68
46 69
45 70
44 71
43 72
42 73
22 49
21 50
20 51
19 52
18 53
17 54
16 55
15 56
14 57
13 58
12 59
11 60
10 61
9 62
8 63
7 64
6 65
5 66
4 67
3 68
2 69
1 70
0 71
82 81
83 80
84 79
85 78
86 77
87 76
88 75
89 74
90 73
91 72
32 17
33 16
34 15
35 14
36 13
37 12
38 11
39 10
40 9
41 8
42 7
43 6
44 5
45 4
46 3
47 2
48 1
49 0
66 67
65 68
64 69
63 70
62 71
61 72
60 73
59 74
58 75
57 76
56 77
55 78
54 79
53 80
52 81
51 82
50 83
2 1
5 6
4 7
3 8
13 12
14 11
15 10
16 9
19 17
20 21
22 23
29 30
28 31
26 33
25 34
35 36
24 37
39 38
43 44
47 48
45 49
50 51
41 52
53 54
55 56
40 57
64 65
63 66
62 67
71 72
78 79
75 80
69 82
68 83
86 87
84 88
59 89
58 90
68 69
27 48
17 55
16 59
15 64
13 66
3 81
40 41
39 42
38 43
37 44
36 45
35 46
34 47
33 48
32 49
31 50
30 51
29 52
28 53
27 54
26 55
25 56
24 57
23 58
22 59
21 60
20 61
19 62
18 63
17 64
16 65
15 66
14 67
13 68
12 69
2 1
5 4
6 3
9 8
10 7
11 0
15 14
19 18
20 17
22 21
23 16
24 13
25 12
29 30
28 31
27 32
33 34
35 36
26 37
40 39
41 38
44 43
45 42
49 50
51 52
48 53
56 58
55 59
54 60
63 64
65 66
67 68
62 69
71 72
77 78
79 80
81 82
76 83
84 85
86 87
88 89
74 90
73 91
70 92
61 93
47 94
46 95
97 96
1 0
2 3
5 4
8 7
9 6
11 10
13 12
14 15
16 17
18 19
23 22
24 20
28 27
30 26
31 25
36 35
39 34
40 33
41 32
42 43
48 47
50 49
51 46
52 45
55 56
54 57
53 59
61 62
60 63
68 67
69 66
70 65
71 72
74 73
75 76
77 78
30 31
29 32
28 33
27 34
26 35
25 36
24 37
23 38
22 39
21 40
20 41
19 42
18 43
17 44
16 45
26 24
28 18
29 17
30 16
31 15
32 13
33 12
35 11
36 9
37 8
38 7
41 6
44 5
47 3
49 1
50 0
63 66
62 67
61 68
60 70
57 72
56 75
54 79
51 80
0 2
4 3
10 12
13 17
22 24
20 26
31 32
33 34
30 35
29 36
28 37
19 38
9 39
43 44
42 45
47 48
53 55
51 56
50 58
40 61
62 63
8 65
67 68
69 70
6 73
75 74
81 80
82 79
85 83
86 78
87 76
89 88
92 90
94 95
93 96
0 1
5 3
7 6
8 2
10 9
12 11
13 14
16 15
17 18
22 20
24 23
25 26
32 31
33 30
36 35
37 34
39 38
41 40
42 29
43 28
44 27
46 45
47 48
50 49
52 51
53 54
55 57
58 59
61 62
60 63
66 65
69 70
72 73
74 75
77 79
76 80
82 83
71 84
67 85
5 6
16 15
20 13
24 21
32 26
38 42
45 46
50 51
55 57
54 58
48 60
37 62
78 67
83 86
82 90
3 0
4 5
10 9
12 6
15 16
21 22
17 24
14 25
13 27
31 30
33 29
36 34
37 38
42 41
47 46
49 48
50 43
53 52
58 57
63 62
65 55
68 54
70 39
73 74
77 78
75 80
72 82
71 84
87 86
89 88
26 28
33 35
20 43
17 52
53 59
8 62
87 84
3 2
7 0
11 8
12 13
22 23
36 37
35 44
34 48
33 49
52 54
50 59
31 60
62 66
68 73
26 75
20 76
16 17
15 18
14 19
13 20
12 21
11 22
10 23
9 24
8 25
7 26
6 27
5 28
4 29
5 6
4 7
3 8
9 10
11 12
2 14
1 16
17 18
19 20
0 21
22 23
25 26
27 29
24 30
33 31
34 35
36 37
40 41
43 44
48 49
50 51
46 52
45 53
42 54
39 55
38 56
60 59
61 58
62 57
64 63
67 68
66 69
65 70
71 73
77 79
82 83
74 84
85 86
91 89
92 87
94 93
1 0
3 2
6 5
8 7
9 4
11 10
12 13
16 15
17 14
19 18
21 20
22 23
25 24
30 29
31 28
33 32
35 34
36 27
40 39
42 41
43 38
46 45
47 44
48 37
50 49
55 54
57 56
58 53
59 52
63 62
64 61
65 60
67 66
68 51
70 69
72 71
73 26
75 74
76 77
80 79
82 78
84 83
85 86
89 88
90 87
39 38
40 37
41 36
42 35
43 34
44 32
45 31
46 30
47 29
48 28
49 27
50 26
51 25
52 24
53 23
54 22
55 21
56 20
57 19
58 18
60 17
61 16
62 15
63 14
64 13
66 12
67 11
68 10
69 9
71 8
72 6
73 5
74 4
75 3
76 2
77 1
78 0
88 89
87 90
86 91
85 92
84 94
83 95
81 96
80 97
79 99
1 0
5 3
6 2
8 9
7 11
12 13
18 19
17 21
16 22
15 23
26 27
30 31
32 33
34 35
37 38
36 39
28 40
24 41
14 42
44 43
46 45
47 48
49 50
52 53
51 54
58 59
60 61
62 63
57 64
67 68
65 69
71 72
76 77
75 78
73 79
70 84
85 86
87 88
56 89
55 90
91 92
36 35
37 34
38 33
39 32
40 31
41 30
42 29
43 28
44 27
45 26
46 25
47 24
48 23
49 22
50 21
51 20
52 19
53 18
54 17
55 16
56 15
57 14
58 13
59 12
60 11
61 10
62 9
63 8
64 7
65 6
66 5
67 4
68 3
69 2
70 1
71 0
82 88
81 89
80 90
79 91
78 92
77 93
76 94
75 95
74 96
73 97
72 98
0 1
2 3
5 4
8 9
10 13
7 14
17 18
19 20
16 21
15 22
6 23
25 26
27 28
24 29
30 31
36 35
38 37
39 32
40 41
43 44
45 46
47 48
42 49
52 53
54 55
51 56
50 57
59 60
58 61
62 63
65 67
64 68
70 69
73 72
74 71
77 75
78 79
3 2
4 1
5 0
45 47
44 49
43 50
42 52
40 53
39 54
38 55
37 56
36 57
34 58
33 60
32 61
31 62
30 64
29 65
28 66
27 67
26 68
25 69
24 70
21 71
20 74
19 75
18 76
17 77
16 79
15 80
14 81
13 82
12 83
11 84
7 85
6 86
8 13
3 15
29 25
30 22
33 21
38 18
51 43
54 52
68 64
73 71
75 70
78 69
79 42
92 40
94 95
33 34
32 35
31 36
30 37
29 38
28 39
27 40
26 41
25 42
24 43
23 44
22 45
21 46
20 47
19 48
18 49
17 50
16 51
15 52
14 53
13 54
12 55
11 56
10 57
9 58
3 2
12 9
13 8
18 15
19 6
20 4
24 22
27 26
34 32
35 29
37 25
40 39
41 38
42 1
48 45
51 49
53 43
57 56
59 58
61 60
63 55
66 65
70 69
72 68
74 73
77 76
78 64
79 0
85 86
81 87
88 90
92 91
95 96
94 97
8 4
26 18
27 17
30 28
31 9
37 35
38 33
50 43
60 2
61 64
72 75
67 77
79 83
33 32
34 31
35 30
36 29
37 28
38 27
39 26
40 25
41 24
42 23
43 22
44 21
45 20
46 19
47 18
48 17
49 16
50 15
51 14
52 13
53 12
54 11
55 10
56 9
57 8
1 0
2 3
7 6
9 8
11 4
13 12
14 15
18 17
20 19
22 21
24 16
27 25
29 28
33 32
34 30
36 37
39 38
42 43
45 44
47 46
49 50
52 51
55 54
56 53
57 58
59 60
66 67
65 68
63 70
62 72
3 2
7 6
8 5
10 4
15 14
17 16
18 13
21 20
23 22
24 19
25 11
27 0
29 28
31 30
36 35
37 33
38 32
44 42
50 48
52 46
53 45
55 40
56 39
57 58
64 63
65 62
67 61
71 70
72 69
73 60
74 59
76 77
75 79
81 82
80 83
84 85
88 87
93 92
94 91
96 95
97 90
17 29
50 67
16 82
1 2
0 3
60 38
61 37
62 36
63 35
64 34
65 33
66 32
67 31
68 30
69 29
70 28
71 27
72 26
73 25
74 24
75 23
76 22
77 21
78 20
79 19
80 18
81 17
82 16
83 15
84 14
85 13
86 12
87 11
88 10
89 9
90 8
91 7
92 6
93 5
94 4
2 3
4 9
11 13
22 21
36 34
37 30
43 41
53 51
54 46
72 62
78 17
85 14
20 21
19 22
18 23
44 43
45 42
46 41
47 40
48 39
49 38
50 37
51 36
52 35
53 34
54 33
55 32
56 31
57 30
58 29
23 22
24 21
25 20
26 19
27 18
28 17
29 16
30 15
31 14
33 32
34 31
35 30
36 28
37 27
38 26
39 25
40 24
41 22
42 21
43 20
44 19
45 18
46 17
47 16
48 15
49 14
50 13
52 12
53 11
54 10
56 9
57 8
60 7
61 6
62 5
63 3
64 2
65 1
67 0
80 81
79 82
78 83
76 84
75 85
74 86
73 87
71 89
70 90
69 91
68 93
55 56
54 57
53 58
52 59
51 60
50 61
49 62
48 63
47 64
46 65
45 66
44 67
43 68
42 69
41 70
40 71
39 72
38 73
37 74
2 1
6 7
16 9
26 23
35 32
41 37
44 43
45 28
46 22
52 50
53 49
55 21
60 59
65 62
66 61
67 56
68 18
7 42
6 43
5 44
4 45
3 46
2 47
1 48
0 49
60 59
61 58
62 57
63 56
64 55
65 54
66 53
67 52
68 51
69 50
2 1
3 0
36 41
35 42
34 43
33 44
32 45
31 46
30 47
29 48
28 49
27 50
26 51
25 52
24 53
23 54
22 55
21 56
20 57
19 58
18 59
17 60
16 61
15 62
14 63
13 64
12 65
11 66
10 67
9 68
8 69
7 70
6 71
5 72
4 73
36 41
35 43
32 44
30 52
28 54
19 58
18 60
17 61
16 62
14 65
11 67
5 69
17 16
8 43
7 44
6 45
5 46
4 47
3 48
2 49
1 50
0 51
74 73
75 72
76 71
77 70
78 69
79 68
80 67
81 66
82 65
83 64
84 63
85 62
86 61
87 60
88 59
89 58
90 57
91 56
92 55
93 54
94 53
95 52
7 8
6 9
5 10
4 11
3 12
2 13
1 14
0 15
62 43
63 42
64 41
65 40
66 39
67 38
68 37
69 36
70 35
71 34
72 33
73 32
74 31
75 30
76 29
77 28
78 27
79 26
80 25
81 24
82 23
83 22
84 21
85 20
86 19
87 18
88 17
89 16
16 17
15 18
14 19
13 20
12 21
11 22
10 23
9 24
8 25
7 26
6 27
5 28
4 29
19 17
20 16
21 15
22 12
23 11
24 9
25 8
26 7
27 6
29 5
30 2
31 1
32 0
57 58
56 59
53 60
52 62
48 63
47 64
46 65
45 66
44 67
43 68
42 70
41 72
38 73
37 74
36 75
35 76
34 77
33 78
44 45
43 46
42 47
41 48
40 49
39 50
38 51
37 52
36 53
35 54
34 55
33 56
32 57
31 58
30 59
29 60
28 61
27 62
26 63
25 64
24 65
23 66
22 67
21 68
20 69
19 70
18 71
17 72
16 73
15 74
14 75
13 76
12 77
11 78
10 79
9 80
8 81
7 82
6 83
5 84
4 85
3 86
2 87
21 15
31 5
56 62
53 70
40 71
37 74
35 75
34 76
33 77
15 16
14 17
13 18
10 19
9 22
8 23
7 29
6 30
4 31
3 32
2 33
0 34
62 60
64 59
67 58
68 57
71 56
72 55
73 53
74 52
76 50
79 49
80 48
81 47
82 46
83 45
84 43
86 42
87 41
89 40
90 38
91 36
92 35
30 29
45 36
62 32
70 0
12 9
48 34
68 66
0 1
2 3
5 6
11 13
10 14
17 18
16 19
15 20
9 21
22 23
8 25
27 28
26 29
30 31
4 32
33 34
37 35
39 38
41 42
40 43
46 45
48 44
50 49
52 51
55 54
56 53
58 57
63 64
62 67
69 70
61 71
72 74
59 75
78 77
80 79
82 81
83 76
85 84
88 87
91 89
93 94
40 22
43 21
45 17
63 67
55 82
34 30
36 29
37 28
38 24
39 23
40 22
43 20
44 19
45 18
46 16
47 15
48 11
51 7
52 5
53 3
54 2
57 1
76 77
75 78
74 79
73 80
71 81
70 82
68 83
67 85
66 86
65 87
64 88
61 89
60 90
59 91
4 5
8 11
12 13
15 18
22 24
25 28
20 29
19 30
7 34
1 37
42 43
45 47
41 50
53 56
58 59
60 61
57 63
51 69
75 76
77 80
70 81
39 84
88 85
6 7
5 8
4 9
3 10
2 11
1 12
0 13
68 41
69 40
70 39
71 38
72 37
73 36
74 35
75 34
76 33
77 32
78 31
79 30
80 29
81 28
82 27
83 26
84 25
85 24
86 23
87 22
88 21
89 20
90 19
91 18
92 17
93 16
94 15
95 14
22 19
34 25
40 38
49 48
53 44
57 54
65 64
69 60
70 41
71 15
72 8
78 76
82 0
83 84
2 4
19 12
34 7
50 46
57 39
84 83
85 63
39 81
23 22
24 21
25 20
26 19
27 18
28 17
29 16
30 15
31 14
32 13
33 12
34 11
35 10
36 9
37 8
38 7
39 6
40 5
41 4
42 3
43 2
44 1
45 0
47 78
46 79
4 3
5 2
6 0
12 11
13 10
14 9
18 17
21 20
22 19
23 16
26 25
28 24
29 15
32 30
33 8
34 7
35 36
38 37
40 41
39 42
44 43
45 46
47 48
51 50
52 49
56 55
57 54
60 59
63 62
65 64
66 58
67 68
70 72
69 73
42 39
44 38
47 30
48 28
58 27
60 22
62 21
63 18
66 12
67 9
69 7
70 5
76 3
77 2
87 88
86 89
84 90
4 5
2 6
1 9
0 11
13 12
23 22
26 25
28 27
29 24
30 21
31 20
32 19
36 35
37 34
39 38
40 33
41 18
42 17
47 45
48 44
50 43
51 16
53 52
54 15
56 55
57 14
59 60
61 62
58 64
66 65
69 67
74 73
76 75
77 72
79 78
81 80
83 82
85 71
86 70
